#
# There is insufficient memory for the Java Runtime Environment to continue.
# Native memory allocation (mmap) failed to map 67108864 bytes for G1 virtual space
# Possible reasons:
#   The system is out of physical RAM or swap space
#   The process is running with CompressedOops enabled, and the Java Heap may be blocking the growth of the native heap
# Possible solutions:
#   Reduce memory load on the system
#   Increase physical memory or swap space
#   Check if swap backing store is full
#   Decrease Java heap size (-Xmx/-Xms)
#   Decrease number of Java threads
#   Decrease Java thread stack sizes (-Xss)
#   Set larger code cache with -XX:ReservedCodeCacheSize=
#   JVM is running with Unscaled Compressed Oops mode in which the Java heap is
#     placed in the first 4GB address space. The Java Heap base address is the
#     maximum limit for the native heap growth. Please use -XX:HeapBaseMinAddress
#     to set the Java Heap base and to place the Java Heap above 4GB virtual address.
# This output file may be truncated or incomplete.
#
#  Out of Memory Error (os_windows.cpp:3559), pid=2900, tid=12392
#
# JRE version:  (17.0.7+7) (build )
# Java VM: OpenJDK 64-Bit Server VM (17.0.7+7, mixed mode, sharing, tiered, compressed oops, compressed class ptrs, g1 gc, windows-amd64)
# No core dump will be written. Minidumps are not enabled by default on client versions of Windows
#

---------------  S U M M A R Y ------------

Command Line: org.codehaus.groovy.tools.GroovyStarter --main groovy.ui.GroovyMain C:\Users\W I N D O W S\Katalon Studio\coba_1\Libs\TempTestCase1744345047876.groovy

Host: Intel(R) Core(TM) i5-5200U CPU @ 2.20GHz, 4 cores, 3G,  Windows 10 , 64 bit Build 19041 (10.0.19041.5678)
Time: Fri Apr 11 11:17:36 2025 SE Asia Standard Time elapsed time: 0.041926 seconds (0d 0h 0m 0s)

---------------  T H R E A D  ---------------

Current thread (0x00000218452c7270):  JavaThread "Unknown thread" [_thread_in_vm, id=12392, stack(0x000000da8c500000,0x000000da8c600000)]

Stack: [0x000000da8c500000,0x000000da8c600000]
Native frames: (J=compiled Java code, j=interpreted, Vv=VM code, C=native code)
V  [jvm.dll+0x67754a]
V  [jvm.dll+0x834304]
V  [jvm.dll+0x835aae]
V  [jvm.dll+0x836113]
V  [jvm.dll+0x24696f]
V  [jvm.dll+0x6743f9]
V  [jvm.dll+0x668c8a]
V  [jvm.dll+0x3061bb]
V  [jvm.dll+0x30d6a6]
V  [jvm.dll+0x35cece]
V  [jvm.dll+0x35d0ff]
V  [jvm.dll+0x2dd048]
V  [jvm.dll+0x2ddfb4]
V  [jvm.dll+0x8066d1]
V  [jvm.dll+0x36ac91]
V  [jvm.dll+0x7e5cec]
V  [jvm.dll+0x3ed56f]
V  [jvm.dll+0x3ef0a1]
C  [jli.dll+0x528b]
C  [ucrtbase.dll+0x21bb2]
C  [KERNEL32.DLL+0x17374]
C  [ntdll.dll+0x4cc91]


---------------  P R O C E S S  ---------------

Threads class SMR info:
_java_thread_list=0x00007ffa83397018, length=0, elements={
}

Java Threads: ( => current thread )

Other Threads:
  0x00000218453088d0 GCTaskThread "GC Thread#0" [stack: 0x000000da8c600000,0x000000da8c700000] [id=9224]
  0x00000218453114d0 ConcurrentGCThread "G1 Main Marker" [stack: 0x000000da8c700000,0x000000da8c800000] [id=11988]
  0x0000021845311de0 ConcurrentGCThread "G1 Conc#0" [stack: 0x000000da8c800000,0x000000da8c900000] [id=11976]

[error occurred during error reporting (printing all threads), id 0xc0000005, EXCEPTION_ACCESS_VIOLATION (0xc0000005) at pc=0x00007ffa82b6daf7]

VM state: not at safepoint (not fully initialized)

VM Mutex/Monitor currently owned by a thread:  ([mutex/lock_event])
[0x00000218451bfc20] Heap_lock - owner thread: 0x00000218452c7270

Heap address: 0x00000000c1200000, size: 1006 MB, Compressed Oops mode: 32-bit

CDS archive(s) mapped at: [0x0000000000000000-0x0000000000000000-0x0000000000000000), size 0, SharedBaseAddress: 0x0000000800000000, ArchiveRelocationMode: 0.
Narrow klass base: 0x0000000000000000, Narrow klass shift: 0, Narrow klass range: 0x0

GC Precious Log:
<Empty>

Heap:
 garbage-first heap   total 0K, used 0K [0x00000000c1200000, 0x0000000100000000)
  region size 1024K, 0 young (0K), 0 survivors (0K)

[error occurred during error reporting (printing heap information), id 0xc0000005, EXCEPTION_ACCESS_VIOLATION (0xc0000005) at pc=0x00007ffa82f50db9]

GC Heap History (0 events):
No events

Dll operation events (1 events):
Event: 0.021 Loaded shared library C:\Users\W I N D O W S\.katalon\packages\Katalon_Studio_Windows_64-9.5.0\Katalon_Studio_Windows_64-9.5.0\jre\bin\java.dll

Deoptimization events (0 events):
No events

Classes unloaded (0 events):
No events

Classes redefined (0 events):
No events

Internal exceptions (0 events):
No events

VM Operations (0 events):
No events

Events (0 events):
No events


Dynamic libraries:
0x00007ff6a72e0000 - 0x00007ff6a72ee000 	C:\Users\W I N D O W S\.katalon\packages\Katalon_Studio_Windows_64-9.5.0\Katalon_Studio_Windows_64-9.5.0\jre\bin\java.exe
0x00007ffae2390000 - 0x00007ffae2588000 	C:\Windows\SYSTEM32\ntdll.dll
0x00007ffae2280000 - 0x00007ffae2342000 	C:\Windows\System32\KERNEL32.DLL
0x00007ffadfb80000 - 0x00007ffadfe76000 	C:\Windows\System32\KERNELBASE.dll
0x00007ffae0140000 - 0x00007ffae0240000 	C:\Windows\System32\ucrtbase.dll
0x00007ffacbe70000 - 0x00007ffacbe89000 	C:\Users\W I N D O W S\.katalon\packages\Katalon_Studio_Windows_64-9.5.0\Katalon_Studio_Windows_64-9.5.0\jre\bin\VCRUNTIME140.dll
0x00007ffacbe50000 - 0x00007ffacbe67000 	C:\Users\W I N D O W S\.katalon\packages\Katalon_Studio_Windows_64-9.5.0\Katalon_Studio_Windows_64-9.5.0\jre\bin\jli.dll
0x00007ffae1060000 - 0x00007ffae11fd000 	C:\Windows\System32\USER32.dll
0x00007ffae02d0000 - 0x00007ffae02f2000 	C:\Windows\System32\win32u.dll
0x00007ffae03b0000 - 0x00007ffae03db000 	C:\Windows\System32\GDI32.dll
0x00007ffadff50000 - 0x00007ffae006a000 	C:\Windows\System32\gdi32full.dll
0x00007ffae0070000 - 0x00007ffae010d000 	C:\Windows\System32\msvcp_win.dll
0x00007fface6c0000 - 0x00007fface95a000 	C:\Windows\WinSxS\amd64_microsoft.windows.common-controls_6595b64144ccf1df_6.0.19041.4355_none_60b8b9eb71f62e16\COMCTL32.dll
0x00007ffae0da0000 - 0x00007ffae0e3e000 	C:\Windows\System32\msvcrt.dll
0x00007ffae0d70000 - 0x00007ffae0d9f000 	C:\Windows\System32\IMM32.DLL
0x00007ffacbfe0000 - 0x00007ffacbfec000 	C:\Users\W I N D O W S\.katalon\packages\Katalon_Studio_Windows_64-9.5.0\Katalon_Studio_Windows_64-9.5.0\jre\bin\vcruntime140_1.dll
0x00007ffab0f00000 - 0x00007ffab0f91000 	C:\Users\W I N D O W S\.katalon\packages\Katalon_Studio_Windows_64-9.5.0\Katalon_Studio_Windows_64-9.5.0\jre\bin\msvcp140.dll
0x00007ffa82880000 - 0x00007ffa834c8000 	C:\Users\W I N D O W S\.katalon\packages\Katalon_Studio_Windows_64-9.5.0\Katalon_Studio_Windows_64-9.5.0\jre\bin\server\jvm.dll
0x00007ffae1950000 - 0x00007ffae19ff000 	C:\Windows\System32\ADVAPI32.dll
0x00007ffae2170000 - 0x00007ffae220f000 	C:\Windows\System32\sechost.dll
0x00007ffae0910000 - 0x00007ffae0a33000 	C:\Windows\System32\RPCRT4.dll
0x00007ffae0110000 - 0x00007ffae0137000 	C:\Windows\System32\bcrypt.dll
0x00007ffacc750000 - 0x00007ffacc777000 	C:\Windows\SYSTEM32\WINMM.dll
0x00007ffadbaf0000 - 0x00007ffadbaf9000 	C:\Windows\SYSTEM32\WSOCK32.dll
0x00007ffad78f0000 - 0x00007ffad78fa000 	C:\Windows\SYSTEM32\VERSION.dll
0x00007ffae2210000 - 0x00007ffae227b000 	C:\Windows\System32\WS2_32.dll
0x00007ffadd8a0000 - 0x00007ffadd8b2000 	C:\Windows\SYSTEM32\kernel.appcore.dll
0x00007ffadb870000 - 0x00007ffadb87a000 	C:\Users\W I N D O W S\.katalon\packages\Katalon_Studio_Windows_64-9.5.0\Katalon_Studio_Windows_64-9.5.0\jre\bin\jimage.dll
0x00007ffac4690000 - 0x00007ffac4874000 	C:\Windows\SYSTEM32\DBGHELP.DLL
0x00007ffac1b10000 - 0x00007ffac1b44000 	C:\Windows\SYSTEM32\dbgcore.DLL
0x00007ffae0240000 - 0x00007ffae02c2000 	C:\Windows\System32\bcryptPrimitives.dll
0x00007ffacd2e0000 - 0x00007ffacd305000 	C:\Users\W I N D O W S\.katalon\packages\Katalon_Studio_Windows_64-9.5.0\Katalon_Studio_Windows_64-9.5.0\jre\bin\java.dll

dbghelp: loaded successfully - version: 4.0.5 - missing functions: none
symbol engine: initialized successfully - sym options: 0x614 - pdb path: .;C:\Users\W I N D O W S\.katalon\packages\Katalon_Studio_Windows_64-9.5.0\Katalon_Studio_Windows_64-9.5.0\jre\bin;C:\Windows\SYSTEM32;C:\Windows\WinSxS\amd64_microsoft.windows.common-controls_6595b64144ccf1df_6.0.19041.4355_none_60b8b9eb71f62e16;C:\Users\W I N D O W S\.katalon\packages\Katalon_Studio_Windows_64-9.5.0\Katalon_Studio_Windows_64-9.5.0\jre\bin\server

VM Arguments:
java_command: org.codehaus.groovy.tools.GroovyStarter --main groovy.ui.GroovyMain C:\Users\W I N D O W S\Katalon Studio\coba_1\Libs\TempTestCase1744345047876.groovy
java_class_path (initial): ;C:\Users\W I N D O W S\.katalon\packages\Katalon_Studio_Windows_64-9.5.0\Katalon_Studio_Windows_64-9.5.0\plugins\org.codehaus.groovy_3.0.17.v202303311542-e2303\lib\groovy-3.0.17-indy.jar;C:\Users\W I N D O W S\.katalon\packages\Katalon_Studio_Windows_64-9.5.0\Katalon_Studio_Windows_64-9.5.0\plugins\org.codehaus.groovy_3.0.17.v202303311542-e2303\lib\groovy-3.0.17-javadoc.jar;C:\Users\W I N D O W S\.katalon\packages\Katalon_Studio_Windows_64-9.5.0\Katalon_Studio_Windows_64-9.5.0\plugins\org.codehaus.groovy_3.0.17.v202303311542-e2303\lib\groovy-3.0.17-sources.jar;C:\Users\W I N D O W S\.katalon\packages\Katalon_Studio_Windows_64-9.5.0\Katalon_Studio_Windows_64-9.5.0\plugins\org.codehaus.groovy_3.0.17.v202303311542-e2303\lib\groovy-test-3.0.17-indy.jar;C:\Users\W I N D O W S\.katalon\packages\Katalon_Studio_Windows_64-9.5.0\Katalon_Studio_Windows_64-9.5.0\plugins\org.codehaus.groovy_3.0.17.v202303311542-e2303\lib\groovy-test-3.0.17-javadoc.jar;C:\Users\W I N D O W S\.katalon\packages\Katalon_Studio_Windows_64-9.5.0\Katalon_Studio_Windows_64-9.5.0\plugins\org.codehaus.groovy_3.0.17.v202303311542-e2303\lib\groovy-test-3.0.17-sources.jar;C:\Users\W I N D O W S\.katalon\packages\Katalon_Studio_Windows_64-9.5.0\Katalon_Studio_Windows_64-9.5.0\plugins\org.codehaus.groovy_3.0.17.v202303311542-e2303\lib\ivy-2.5.1-javadoc.jar;C:\Users\W I N D O W S\.katalon\packages\Katalon_Studio_Windows_64-9.5.0\Katalon_Studio_Windows_64-9.5.0\plugins\org.codehaus.groovy_3.0.17.v202303311542-e2303\lib\ivy-2.5.1-sources.jar;C:\Users\W I N D O W S\.katalon\packages\Katalon_Studio_Windows_64-9.5.0\Katalon_Studio_Windows_64-9.5.0\plugins\org.codehaus.groovy_3.0.17.v202303311542-e2303\lib\ivy-2.5.1.jar;C:\Users\W I N D O W S\.katalon\packages\Katalon_Studio_Windows_64-9.5.0\Katalon_Studio_Windows_64-9.5.0\plugins\com.kms.katalon.core_1.0.0.202405290758.jar;C:\Users\W I N D O W S\.katalon\packages\Katalon_Studio_Windows_64-9.5.0\Katalon_Studio_Windows_64-9.5.0\plugins\n
Launcher Type: SUN_STANDARD

[Global flags]
     intx CICompilerCount                          = 3                                         {product} {ergonomic}
     uint ConcGCThreads                            = 1                                         {product} {ergonomic}
     uint G1ConcRefinementThreads                  = 4                                         {product} {ergonomic}
   size_t G1HeapRegionSize                         = 1048576                                   {product} {ergonomic}
    uintx GCDrainStackTargetSize                   = 64                                        {product} {ergonomic}
   size_t InitialHeapSize                          = 67108864                                  {product} {ergonomic}
   size_t MarkStackSize                            = 4194304                                   {product} {ergonomic}
   size_t MaxHeapSize                              = 1054867456                                {product} {ergonomic}
   size_t MinHeapDeltaBytes                        = 1048576                                   {product} {ergonomic}
   size_t MinHeapSize                              = 8388608                                   {product} {ergonomic}
    uintx NonNMethodCodeHeapSize                   = 5832780                                {pd product} {ergonomic}
    uintx NonProfiledCodeHeapSize                  = 122912730                              {pd product} {ergonomic}
    uintx ProfiledCodeHeapSize                     = 122912730                              {pd product} {ergonomic}
    uintx ReservedCodeCacheSize                    = 251658240                              {pd product} {ergonomic}
     bool SegmentedCodeCache                       = true                                      {product} {ergonomic}
   size_t SoftMaxHeapSize                          = 1054867456                             {manageable} {ergonomic}
     bool UseCompressedClassPointers               = true                           {product lp64_product} {ergonomic}
     bool UseCompressedOops                        = true                           {product lp64_product} {ergonomic}
     bool UseG1GC                                  = true                                      {product} {ergonomic}
     bool UseLargePagesIndividualAllocation        = false                                  {pd product} {ergonomic}

Logging:
Log output configuration:
 #0: stdout all=warning uptime,level,tags
 #1: stderr all=off uptime,level,tags

Environment Variables:
PATH=C:/Users/W I N D O W S/.katalon/packages/Katalon_Studio_Windows_64-9.5.0/Katalon_Studio_Windows_64-9.5.0/jre/bin/server;C:/Users/W I N D O W S/.katalon/packages/Katalon_Studio_Windows_64-9.5.0/Katalon_Studio_Windows_64-9.5.0/jre/bin;C:\Program Files\Eclipse Adoptium\jdk-17.0.3.7-hotspot\bin;C:\Program Files (x86)\Intel\iCLS Client\;C:\Program Files\Intel\iCLS Client\;C:\Program Files (x86)\Common Files\Oracle\Java\javapath;C:\Windows\system32;C:\Windows;C:\Windows\System32\Wbem;C:\Windows\System32\WindowsPowerShell\v1.0\;C:\Windows\System32\OpenSSH\;C:\Program Files (x86)\Intel\Intel(R) Management Engine Components\DAL;C:\Program Files\Intel\Intel(R) Management Engine Components\DAL;C:\Program Files (x86)\Intel\Intel(R) Management Engine Components\IPT;C:\Program Files\Intel\Intel(R) Management Engine Components\IPT;D:\flutter\flutter\flutter_windows_2.10.5-stable\flutter\bin;C:\Program Files\Git\cmd;C:\xampp\php;C:\ProgramData\ComposerSetup\bin;D:\chromedriver-win64;C:\Users\W I N D O W S\AppData\Local\Programs\Python\Python312\Scripts\;C:\Users\W I N D O W S\AppData\Local\Programs\Python\Python312\;C:\Users\W I N D O W S\AppData\Local\Programs\Python\Launcher\;C:\Users\W I N D O W S\AppData\Local\Microsoft\WindowsApps;C:\Users\W I N D O W S\AppData\Local\GitHubDesktop\bin;C:\Users\W I N D O W S\AppData\Roaming\Composer\vendor\bin;C:\Users\W I N D O W S\AppData\Local\Programs\Microsoft VS Code\bin;D:\flutter\flutter\flutter_windows_2.10.5-stable\flutter\bin;;C:\Users\W I N D O W S\.katalon\packages\Katalon_Studio_Windows_64-9.5.0\Katalon_Studio_Windows_64-9.5.0;
USERNAME=W I N D O W S
OS=Windows_NT
PROCESSOR_IDENTIFIER=Intel64 Family 6 Model 61 Stepping 4, GenuineIntel
TMP=C:\Users\WINDOW~1\AppData\Local\Temp
TEMP=C:\Users\WINDOW~1\AppData\Local\Temp



---------------  S Y S T E M  ---------------

OS:
 Windows 10 , 64 bit Build 19041 (10.0.19041.5678)
OS uptime: 0 days 3:08 hours

CPU: total 4 (initial active 4) (2 cores per cpu, 2 threads per core) family 6 model 61 stepping 4 microcode 0x2d, cx8, cmov, fxsr, ht, mmx, 3dnowpref, sse, sse2, sse3, ssse3, sse4.1, sse4.2, popcnt, lzcnt, tsc, tscinvbit, avx, avx2, aes, erms, clmul, bmi1, bmi2, adx, fma, vzeroupper, clflush

Memory: 4k page, system-wide physical 4018M (273M free)
TotalPageFile size 9870M (AvailPageFile size 18M)
current process WorkingSet (physical memory assigned to process): 10M, peak: 10M
current process commit charge ("private bytes"): 51M, peak: 115M

vm_info: OpenJDK 64-Bit Server VM (17.0.7+7) for windows-amd64 JRE (17.0.7+7), built on Apr 18 2023 22:10:42 by "temurin" with MS VC++ 16.7 (VS2019)

END.
