#
# There is insufficient memory for the Java Runtime Environment to continue.
# Native memory allocation (malloc) failed to allocate 2224656 bytes. Error detail: Chunk::new
# Possible reasons:
#   The system is out of physical RAM or swap space
#   This process is running with CompressedOops enabled, and the Java Heap may be blocking the growth of the native heap
# Possible solutions:
#   Reduce memory load on the system
#   Increase physical memory or swap space
#   Check if swap backing store is full
#   Decrease Java heap size (-Xmx/-Xms)
#   Decrease number of Java threads
#   Decrease Java thread stack sizes (-Xss)
#   Set larger code cache with -XX:ReservedCodeCacheSize=
#   JVM is running with Unscaled Compressed Oops mode in which the Java heap is
#     placed in the first 4GB address space. The Java Heap base address is the
#     maximum limit for the native heap growth. Please use -XX:HeapBaseMinAddress
#     to set the Java Heap base and to place the Java Heap above 4GB virtual address.
# This output file may be truncated or incomplete.
#
#  Out of Memory Error (arena.cpp:191), pid=12176, tid=12216
#
# JRE version: OpenJDK Runtime Environment Temurin-17.0.14+7 (17.0.14+7) (build 17.0.14+7)
# Java VM: OpenJDK 64-Bit Server VM Temurin-17.0.14+7 (17.0.14+7, mixed mode, tiered, compressed oops, compressed class ptrs, g1 gc, windows-amd64)
# No core dump will be written. Minidumps are not enabled by default on client versions of Windows
#

---------------  S U M M A R Y ------------

Command Line: -Dgroovy.home=C:\Users\W I N D O W S/.groovy -Djava.system.class.loader=groovy.lang.GroovyClassLoader -Xmx2048m -Dfile.encoding=UTF-8 -XX:+ShowCodeDetailsInExceptionMessages org.codehaus.groovy.tools.GroovyStarter --classpath C:\Users\W I N D O W S\Katalon Studio\coba_1\bin\keyword;C:\Users\W I N D O W S\Katalon Studio\coba_1\Keywords;C:\Users\W I N D O W S\Katalon Studio\coba_1\bin\listener;C:\Users\W I N D O W S\Katalon Studio\coba_1\Test Listeners;C:\Users\W I N D O W S\Katalon Studio\coba_1\bin\lib;C:\Users\W I N D O W S\Katalon Studio\coba_1\Libs;C:\Users\W I N D O W S\Katalon Studio\coba_1\bin\groovy;C:\Users\W I N D O W S\Katalon Studio\coba_1\Include\scripts\groovy;C:\Users\W I N D O W S\.katalon\packages\KS-10.1.1\plugins\com.kms.katalon.core_1.0.0.202503120557.jar;C:\Users\W I N D O W S\.katalon\packages\KS-10.1.1\configuration\resources\lib\aalto-xml-1.0.0.jar;C:\Users\W I N D O W S\.katalon\packages\KS-10.1.1\configuration\resources\lib\aspectjweaver-1.9.1.jar;C:\Users\W I N D O W S\.katalon\packages\KS-10.1.1\configuration\resources\lib\aws-2.20.3-fat.jar;C:\Users\W I N D O W S\.katalon\packages\KS-10.1.1\configuration\resources\lib\bcpkix-jdk15on-1.64.jar;C:\Users\W I N D O W S\.katalon\packages\KS-10.1.1\configuration\resources\lib\bcprov-jdk15on-1.64.jar;C:\Users\W I N D O W S\.katalon\packages\KS-10.1.1\configuration\resources\lib\browsermob-core-2.1.5.jar;C:\Users\W I N D O W S\.katalon\packages\KS-10.1.1\configuration\resources\lib\byte-buddy-1.14.3.jar;C:\Users\W I N D O W S\.katalon\packages\KS-10.1.1\configuration\resources\lib\byte-buddy-agent-1.14.3.jar;C:\Users\W I N D O W S\.katalon\packages\KS-10.1.1\configuration\resources\lib\cglib-3.2.10.jar;C:\Users\W I N D O W S\.katalon\packages\KS-10.1.1\configuration\resources\lib\commons-codec-1.10.jar;C:\Users\W I N D O W S\.katalon\packages\KS-10.1.1\configuration\resources\lib\commons-collections4-4.1.jar;C:\Users\W I N D O W S\.katalon\packages\KS-10.1.1\configuration\resources\lib\commons-validator-1.6.jar;C:\Users\W I N D O W S\.katalon\packages\KS-10.1.1\configuration\resources\lib\curvesapi-1.04.jar;C:\Users\W I N D O W S\.katalon\packages\KS-10.1.1\configuration\resources\lib\dnsjava-3.6.2.jar;C:\Users\W I N D O W S\.katalon\packages\KS-10.1.1\configuration\resources\lib\groovy-3.0.17.jar;C:\Users\W I N D O W S\.katalon\packages\KS-10.1.1\configuration\resources\lib\jackson-coreutils-2.0.jar;C:\Users\W I N D O W S\.katalon\packages\KS-10.1.1\configuration\resources\lib\jackson-coreutils-equivalence-1.0.jar;C:\Users\W I N D O W S\.katalon\packages\KS-10.1.1\configuration\resources\lib\java-client-9.2.3.jar;C:\Users\W I N D O W S\.katalon\packages\KS-10.1.1\configuration\resources\lib\javax.servlet-api_3.1.0.jar;C:\Users\W I N D O W S\.katalon\packages\KS-10.1.1\configuration\resources\lib\jna-5.12.1.jar;C:\Users\W I N D O W S\.katalon\packages\KS-10.1.1\configuration\resources\lib\jna-platform-5.12.1.jar;C:\Users\W I N D O W S\.katalon\packages\KS-10.1.1\configuration\resources\lib\json-schema-core-1.2.14.jar;C:\Users\W I N D O W S\.katalon\packages\KS-10.1.1\configuration\resources\lib\json-schema-validator-2.2.14.jar;C:\Users\W I N D O W S\.katalon\packages\KS-10.1.1\configuration\resources\lib\jzlib-1.1.3.jar;C:\Users\W I N D O W S\.katalon\packages\KS-10.1.1\configuration\resources\lib\kat-server.jar;C:\Users\W I N D O W S\.katalon\packages\KS-10.1.1\configuration\resources\lib\littleproxy-1.1.0-beta-bmp-17.jar;C:\Users\W I N D O W S\.katalon\packages\KS-10.1.1\configuration\resources\lib\log4j-1.2-api-2.17.1.jar;C:\Users\W I N D O W S\.katalon\packages\KS-10.1.1\configuration\resources\lib\log4j-api-2.17.1.jar;C:\Users\W I N D O W S\.katalon\packages\KS-10.1.1\configuration\resources\lib\log4j-core-2.17.1.jar;C:\Users\W I N D O W S\.katalon\packages\KS-10.1.1\configuration\resources\lib\mitm-2.1.5.jar;C:\Users\W I N D O W S\.katalon\packages\KS-10.1.1\configuration\resources\lib\mockito-core-5.2.0.jar;C:\Users\W I N D O W S\.katalon\packages\KS-10.1.1\configuration\resources\lib\mockito-inline-5.2.0.jar;C:\Users\W I N D O W S\.katalon\packages\KS-10.1.1\configuration\resources\lib\netty-all-4.1.109.Final.jar;C:\Users\W I N D O W S\.katalon\packages\KS-10.1.1\configuration\resources\lib\objenesis-3.3.jar;C:\Users\W I N D O W S\.katalon\packages\KS-10.1.1\configuration\resources\lib\poi-3.17.jar;C:\Users\W I N D O W S\.katalon\packages\KS-10.1.1\configuration\resources\lib\poi-ooxml-3.17.jar;C:\Users\W I N D O W S\.katalon\packages\KS-10.1.1\configuration\resources\lib\poi-ooxml-schemas-3.17.jar;C:\Users\W I N D O W S\.katalon\packages\KS-10.1.1\configuration\resources\lib\proxy-vole-1.1.5-jar-with-dependencies.jar;C:\Users\W I N D O W S\.katalon\packages\KS-10.1.1\configuration\resources\lib\repackaged-sikuli-api-1.0.2-standalone.jar;C:\Users\W I N D O W S\.katalon\packages\KS-10.1.1\configuration\resources\lib\selenium-server-4.22.0.jar;C:\Users\W I N D O W S\.katalon\packages\KS-10.1.1\configuration\resources\lib\selenium-shutterbug-1.1.jar;C:\Users\W I N D O W S\.katalon\packages\KS-10.1.1\configuration\resources\lib\slf4j-api-1.7.25.jar;C:\Users\W I N D O W S\.katalon\packages\KS-10.1.1\configuration\resources\lib\soap-builder-1.0.0.jar;C:\Users\W I N D O W S\.katalon\packages\KS-10.1.1\configuration\resources\lib\soap-common-1.0.0.jar;C:\Users\W I N D O W S\.katalon\packages\KS-10.1.1\configuration\resources\lib\soap-legacy-1.0.0.jar;C:\Users\W I N D O W S\.katalon\packages\KS-10.1.1\configuration\resources\lib\spring-context-5.3.19.jar;C:\Users\W I N D O W S\.katalon\packages\KS-10.1.1\configuration\resources\lib\stax2-api-4.0.0.jar;C:\Users\W I N D O W S\.katalon\packages\KS-10.1.1\configuration\resources\lib\su.jar;C:\Users\W I N D O W S\.katalon\packages\KS-10.1.1\configuration\resources\lib\swagger-parser-1.0.67-fat.jar;C:\Users\W I N D O W S\.katalon\packages\KS-10.1.1\configuration\resources\lib\testng-7.8.0.jar;C:\Users\W I N D O W S\.katalon\packages\KS-10.1.1\configuration\resources\lib\uri-template-0.1.jar;C:\Users\W I N D O W S\.katalon\packages\KS-10.1.1\configuration\resources\lib\wadl.jar;C:\Users\W I N D O W S\.katalon\packages\KS-10.1.1\configuration\resources\lib\xmlbeans-3.1.0.jar;C:\Users\W I N D O W S\.katalon\packages\KS-10.1.1\plugins\net.sf.supercsv.super-csv_2.1.0.jar;C:\Users\W I N D O W S\.katalon\packages\KS-10.1.1\plugins\org.apache.commons.commons-io_2.15.1.jar;C:\Users\W I N D O W S\.katalon\packages\KS-10.1.1\plugins\org.apache.commons.lang_2.6.0.jar;C:\Users\W I N D O W S\.katalon\packages\KS-10.1.1\plugins\com.google.gson_2.10.1.v20230109-0753.jar;C:\Users\W I N D O W S\.katalon\packages\KS-10.1.1\plugins\org.jsoup_1.14.3.jar;C:\Users\W I N D O W S\.katalon\packages\KS-10.1.1\plugins\org.apache.commons.dbutils_1.6.0.jar;C:\Users\W I N D O W S\.katalon\packages\KS-10.1.1\plugins\com.oracle.jdbc.ojdbc7_12.1.0.2.jar;C:\Users\W I N D O W S\.katalon\packages\KS-10.1.1\plugins\org.postgresql.jdbc_42.7.3.jar;c:\Users\W I N D O W S\.katalon\packages\KS-10.1.1\plugins\org.eclipse.osgi_3.18.300.v20230220-1352.jar;C:\Users\W I N D O W S\.katalon\packages\KS-10.1.1\plugins\com.kms.katalon.constant_1.0.0.202503120557.jar;C:\Users\W I N D O W S\.katalon\packages\KS-10.1.1\plugins\org.eclipse.persistence.eclipselink_2.7.11.jar;C:\Users\W I N D O W S\.katalon\packages\KS-10.1.1\plugins\com.kms.katalon.selenium-standalone_1.0.0.202503120557.jar;C:\Users\W I N D O W S\.katalon\packages\KS-10.1.1\plugins\atu.testrecorder.screen-recorder_2.1.0.jar;C:\Users\W I N D O W S\.katalon\packages\KS-10.1.1\plugins\com.google.guava_32.0.0.jre.jar;C:\Users\W I N D O W S\.katalon\packages\KS-10.1.1\plugins\com.kms.katalon.util_1.0.0.202503120557.jar;C:\Users\W I N D O W S\.katalon\packages\KS-10.1.1\plugins\org.apache.httpcomponents.httpclient_4.5.14.v20221207-1049.jar;C:\Users\W I N D O W S\.katalon\packages\KS-10.1.1\plugins\org.apache.httpcomponents.httpcore_4.4.16.v20221207-1049.jar;C:\Users\W I N D O W S\.katalon\packages\KS-10.1.1\plugins\org.apache.httpcomponents.httpmime_4.5.13.jar;C:\Users\W I N D O W S\.katalon\packages\KS-10.1.1\plugins\org.apache.commons.lang3_3.14.0.jar;C:\Users\W I N D O W S\.katalon\packages\KS-10.1.1\plugins\org.greenrobot.eventbus_3.1.1.jar;C:\Users\W I N D O W S\.katalon\packages\KS-10.1.1\plugins\net.bytebuddy.byte-buddy_1.14.15.jar;C:\Users\W I N D O W S\.katalon\packages\KS-10.1.1\plugins\org.junit_4.13.2.v20211018-1956.jar;C:\Users\W I N D O W S\.katalon\packages\KS-10.1.1\plugins\com.fasterxml.jackson.core.jackson-databind_2.17.2.jar;C:\Users\W I N D O W S\.katalon\packages\KS-10.1.1\plugins\com.fasterxml.jackson.core.jackson-core_2.17.2.jar;C:\Users\W I N D O W S\.katalon\packages\KS-10.1.1\plugins\com.fasterxml.jackson.core.jackson-annotations_2.17.2.jar;C:\Users\W I N D O W S\.katalon\packages\KS-10.1.1\plugins\ch.qos.logback.classic_1.2.13.jar;C:\Users\W I N D O W S\.katalon\packages\KS-10.1.1\plugins\ch.qos.logback.core_1.2.13.jar;C:\Users\W I N D O W S\.katalon\packages\KS-10.1.1\plugins\slf4j.api_1.7.36.jar;C:\Users\W I N D O W S\.katalon\packages\KS-10.1.1\plugins\org.fusesource.jansi_1.17.1.jar;C:\Users\W I N D O W S\.katalon\packages\KS-10.1.1\plugins\com.kms.katalon.netlightbody_1.0.0.202503120557.jar;C:\Users\W I N D O W S\.katalon\packages\KS-10.1.1\plugins\com.kms.katalon.poi_1.0.0.202503120557.jar;C:\Users\W I N D O W S\.katalon\packages\KS-10.1.1\plugins\org.apache.commons.commons-text_1.10.0.jar;C:\Users\W I N D O W S\.katalon\packages\KS-10.1.1\plugins\com.kms.katalon.proxyvole_1.0.0.202503120557.jar;C:\Users\W I N D O W S\.katalon\packages\KS-10.1.1\plugins\com.microsoft.sqlserver.mssql-jdbc_6.2.2.jre8.jar;C:\Users\W I N D O W S\.katalon\packages\KS-10.1.1\plugins\com.github.kklisura.cdt.java-client_2.1.0.jar;C:\Users\W I N D O W S\.katalon\packages\KS-10.1.1\plugins\javax.websocket-api_1.1.0.jar;C:\Users\W I N D O W S\.katalon\packages\KS-10.1.1\plugins\org.glassfish.tyrus.container-grizzly-client_1.13.1.jar;C:\Users\W I N D O W S\.katalon\packages\KS-10.1.1\plugins\org.glassfish.grizzly.http-server_2.3.25.jar;C:\Users\W I N D O W S\.katalon\packages\KS-10.1.1\plugins\org.glassfish.grizzly.framework_2.3.25.jar;C:\Users\W I N D O W S\.katalon\packages\KS-10.1.1\plugins\org.glassfish.grizzly.http_2.3.25.jar;C:\Users\W I N D O W S\.katalon\packages\KS-10.1.1\plugins\org.glassfish.tyrus.client_1.13.1.jar;C:\Users\W I N D O W S\.katalon\packages\KS-10.1.1\plugins\org.glassfish.tyrus.core_1.13.1.jar;C:\Users\W I N D O W S\.katalon\packages\KS-10.1.1\plugins\org.glassfish.tyrus.spi_1.13.1.jar;C:\Users\W I N D O W S\.katalon\packages\KS-10.1.1\plugins\javassist_3.28.0.GA.jar;C:\Users\W I N D O W S\.katalon\packages\KS-10.1.1\plugins\graphql-java_22.3.0.jar;C:\Users\W I N D O W S\.katalon\packages\KS-10.1.1\plugins\org.glassfish.jaxb.runtime_2.3.6.jar;C:\Users\W I N D O W S\.katalon\packages\KS-10.1.1\plugins\org.glassfish.jaxb.txw2_2.3.6.jar;C:\Users\W I N D O W S\.katalon\packages\KS-10.1.1\plugins\org.dom4j_2.1.4.jar;C:\Users\W I N D O W S\.katalon\packages\KS-10.1.1\plugins\com.kms.katalon.groovy-extended_1.0.0.202503120557.jar;C:\Users\W I N D O W S\.katalon\packages\KS-10.1.1\plugins\com.sun.activation.javax.activation_1.2.0.jar;C:\Users\W I N D O W S\.katalon\packages\KS-10.1.1\plugins\jakarta.xml.bind-api_2.3.3.jar;C:\Users\W I N D O W S\.katalon\packages\KS-10.1.1\plugins\com.sun.xml.bind.jaxb-impl_2.3.6.jar;C:\Users\W I N D O W S\.katalon\packages\KS-10.1.1\plugins\org.eclipse.jface_3.29.0.v20230214-1401.jar;C:\Users\W I N D O W S\.katalon\packages\KS-10.1.1\plugins\com.kms.katalon.logging_1.0.0.202503120557.jar;C:\Users\W I N D O W S\.katalon\packages\KS-10.1.1\plugins\json_20240303.0.0.jar;C:\Users\W I N D O W S\.katalon\packages\KS-10.1.1\plugins\assertj-core_3.25.3.jar;C:\Users\W I N D O W S\.katalon\packages\KS-10.1.1\plugins\com.networknt.json-schema-validator_1.0.66.jar;C:\Users\W I N D O W S\.katalon\packages\KS-10.1.1\plugins\com.kms.katalon.network.apache_1.0.0.202503120557.jar;C:\Users\W I N D O W S\.katalon\packages\KS-10.1.1\plugins\java-dataloader_3.3.0.jar;C:\Users\W I N D O W S\.katalon\packages\KS-10.1.1\plugins\org.apache.commons.logging_1.2.0.v20180409-1502.jar;C:\Users\W I N D O W S\.katalon\packages\KS-10.1.1\plugins\org.hamcrest.core_1.3.0.v20180420-1519.jar;C:\Users\W I N D O W S\.katalon\packages\KS-10.1.1\plugins\org.beanshell.bsh_2.0.0.0b4.jar;C:\Users\W I N D O W S\.katalon\packages\KS-10.1.1\plugins\org.apache.ant.launcher_1.9.6.jar;C:\Users\W I N D O W S\.katalon\packages\KS-10.1.1\plugins\com.kms.katalon.core.appium_1.0.0.202503120557.jar;C:\Users\W I N D O W S\.katalon\packages\KS-10.1.1\plugins\com.kms.katalon.api_1.0.0.202503120557.jar;C:\Users\W I N D O W S\.katalon\packages\KS-10.1.1\plugins\org.eclipse.equinox.common_3.17.100.v20230202-1341.jar;C:\Users\W I N D O W S\.katalon\packages\KS-10.1.1\plugins\com.kms.katalon.platform.core_1.0.0.202503120557.jar;C:\Users\W I N D O W S\.katalon\packages\KS-10.1.1\plugins\com.kms.katalon.common_1.0.0.202503120557.jar;C:\Users\W I N D O W S\.katalon\packages\KS-10.1.1\plugins\com.kms.katalon.session.core_1.0.0.202503120557.jar;C:\Users\W I N D O W S\.katalon\packages\KS-10.1.1\plugins\org.eclipse.e4.core.contexts_1.11.0.v20220716-0839.jar;C:\Users\W I N D O W S\.katalon\packages\KS-10.1.1\plugins\javax.inject_1.0.0.v20220405-0441.jar;C:\Users\W I N D O W S\.katalon\packages\KS-10.1.1\plugins\org.eclipse.e4.core.di_1.8.300.v20220817-1539.jar;C:\Users\W I N D O W S\.katalon\packages\KS-10.1.1\plugins\com.kms.katalon.network.core_1.0.0.202503120557.jar;C:\Users\W I N D O W S\.katalon\packages\KS-10.1.1\plugins\com.kms.katalon.execution.core_1.0.0.202503120557.jar;C:\Users\W I N D O W S\.katalon\packages\KS-10.1.1\plugins\org.eclipse.equinox.registry_3.11.200.v20220817-1601.jar;C:\Users\W I N D O W S\.katalon\packages\KS-10.1.1\plugins\dev.failsafe_3.3.2.jar;C:\Users\W I N D O W S\.katalon\packages\KS-10.1.1\plugins\com.fasterxml.jackson.datatype.jackson-datatype-jsr310_2.17.2.jar;C:\Users\W I N D O W S\.katalon\packages\KS-10.1.1\plugins\org.eclipse.e4.core.di.annotations_1.7.200.v20220613-1008.jar;C:\Users\W I N D O W S\.katalon\packages\KS-10.1.1\plugins\com.kms.katalon.core.webui_1.0.0.202503120557.jar;C:\Users\W I N D O W S\.katalon\packages\KS-10.1.1\plugins\org.eclipse.e4.core.services_2.3.400.v20220915-1347.jar;C:\Users\W I N D O W S\.katalon\packages\KS-10.1.1\plugins\com.kms.katalon.core.mobile_1.0.0.202503120557.jar;C:\Users\W I N D O W S\.katalon\packages\KS-10.1.1\plugins\org.apache.commons.commons-validator_1.7.0.jar;C:\Users\W I N D O W S\.katalon\packages\KS-10.1.1\plugins\com.kms.katalon.core.cucumber_1.0.0.202503120557.jar;C:\Users\W I N D O W S\.katalon\packages\KS-10.1.1\plugins\io.cucumber.core_3.0.3.jar;C:\Users\W I N D O W S\.katalon\packages\KS-10.1.1\plugins\io.cucumber.datatable_1.1.15.jar;C:\Users\W I N D O W S\.katalon\packages\KS-10.1.1\plugins\io.cucumber.datatable-dependencies_1.1.15.jar;C:\Users\W I N D O W S\.katalon\packages\KS-10.1.1\plugins\io.cucumber.expressions_5.0.19.jar;C:\Users\W I N D O W S\.katalon\packages\KS-10.1.1\plugins\io.cucumber.gherkin_5.0.0.jar;C:\Users\W I N D O W S\.katalon\packages\KS-10.1.1\plugins\io.cucumber.html_0.2.7.jar;C:\Users\W I N D O W S\.katalon\packages\KS-10.1.1\plugins\io.cucumber.java_3.0.3.jar;C:\Users\W I N D O W S\.katalon\packages\KS-10.1.1\plugins\io.cucumber.tag-expressions_1.1.1.jar;C:\Users\W I N D O W S\.katalon\packages\KS-10.1.1\plugins\io.cucumber.junit_3.0.3.jar;C:\Users\W I N D O W S\.katalon\packages\KS-10.1.1\plugins\com.kms.katalon.core.webservice_1.0.0.202503120557.jar;C:\Users\W I N D O W S\.katalon\packages\KS-10.1.1\plugins\wsdl4j_1.6.2.jar;C:\Users\W I N D O W S\.katalon\packages\KS-10.1.1\plugins\com.google.oauth-client.google-oauth-client_1.22.0.jar;C:\Users\W I N D O W S\.katalon\packages\KS-10.1.1\plugins\com.google.http-client.google-http-client_1.22.0.jar;C:\Users\W I N D O W S\.katalon\packages\KS-10.1.1\plugins\com.kms.katalon.preferences_1.0.0.202503120557.jar;C:\Users\W I N D O W S\.katalon\packages\KS-10.1.1\plugins\org.apache.xmlbeans_3.1.0.jar;C:\Users\W I N D O W S\.katalon\packages\KS-10.1.1\plugins\com.kms.katalon.entity_1.0.0.202503120557.jar;C:\Users\W I N D O W S\.katalon\packages\KS-10.1.1\plugins\jakarta.xml.ws-api_2.3.3.jar;C:\Users\W I N D O W S\.katalon\packages\KS-10.1.1\plugins\javax.xml.soap-api_1.4.0.jar;C:\Users\W I N D O W S\.katalon\packages\KS-10.1.1\plugins\com.atlassian.oai.swagger-request-validator-core_2.38.0.jar;C:\Users\W I N D O W S\.katalon\packages\KS-10.1.1\plugins\io.swagger.compat-spec-parser_1.0.67.jar;C:\Users\W I N D O W S\.katalon\packages\KS-10.1.1\plugins\io.swagger.core.v3.swagger-annotations_2.2.14.jar;C:\Users\W I N D O W S\.katalon\packages\KS-10.1.1\plugins\io.swagger.core.v3.swagger-core_2.2.14.jar;C:\Users\W I N D O W S\.katalon\packages\KS-10.1.1\plugins\io.swagger.core.v3.swagger-models_2.2.14.jar;C:\Users\W I N D O W S\.katalon\packages\KS-10.1.1\plugins\io.swagger.parser.v3.swagger-parser-core_2.1.16.jar;C:\Users\W I N D O W S\.katalon\packages\KS-10.1.1\plugins\io.swagger.parser.v3.swagger-parser-v2-converter_2.1.16.jar;C:\Users\W I N D O W S\.katalon\packages\KS-10.1.1\plugins\com.github.java-json-tools.btf_1.3.0.jar;C:\Users\W I N D O W S\.katalon\packages\KS-10.1.1\plugins\com.fasterxml.jackson.dataformat.jackson-dataformat-yaml_2.17.1.jar;C:\Users\W I N D O W S\.katalon\packages\KS-10.1.1\plugins\org.yaml.snakeyaml_2.2.0.jar;C:\Users\W I N D O W S\.katalon\packages\KS-10.1.1\plugins\com.github.java-json-tools.msg-simple_1.2.0.jar;C:\Users\W I N D O W S\.katalon\packages\KS-10.1.1\plugins\jackson-core-asl_1.9.13.jar;C:\Users\W I N D O W S\.katalon\packages\KS-10.1.1\plugins\joda-time_2.10.5.jar;C:\Users\W I N D O W S\.katalon\packages\KS-10.1.1\plugins\javax.mail-api_1.6.2.jar;C:\Users\W I N D O W S\.katalon\packages\KS-10.1.1\plugins\com.googlecode.libphonenumber_8.11.1.jar;C:\Users\W I N D O W S\.katalon\packages\KS-10.1.1\plugins\com.google.guava.failureaccess_1.0.1.jar;C:\Users\W I N D O W S\.katalon\packages\KS-10.1.1\plugins\io.swagger.parser.v3.swagger-parser_2.1.16.jar;C:\Users\W I N D O W S\.katalon\packages\KS-10.1.1\plugins\io.swagger.parser.v3.swagger-parser-v3_2.1.16.jar;C:\Users\W I N D O W S\.katalon\packages\KS-10.1.1\plugins\io.swagger.parser_1.0.67.jar;C:\Users\W I N D O W S\.katalon\packages\KS-10.1.1\plugins\com.narupley.not-going-to-be-commons-ssl_0.3.20.jar;C:\Users\W I N D O W S\.katalon\packages\KS-10.1.1\plugins\com.kms.katalon.core.windows_1.0.0.202503120557.jar;C:\Users\W I N D O W S\.katalon\packages\KS-10.1.1\plugins\com.sun.jna_5.13.0.jar;C:\Users\W I N D O W S\.katalon\packages\KS-10.1.1\plugins\com.sun.jna.platform_5.13.0.jar;C:\Users\W I N D O W S\.katalon\packages\KS-10.1.1\plugins\com.kms.katalon.core.testng_1.0.0.202503120557.jar;C:\Users\W I N D O W S\.katalon\packages\KS-10.1.1\configuration\org.eclipse.osgi\33\0\.cp\resources\basic-report\katalon-studio-report-plugin.jar;C:\Users\W I N D O W S\.katalon\packages\KS-10.1.1\plugins\org.codehaus.groovy_3.0.17.v202303311542-e2303\lib\groovy-3.0.17-indy.jar;C:\Users\W I N D O W S\.katalon\packages\KS-10.1.1\plugins\org.codehaus.groovy_3.0.17.v202303311542-e2303\lib\ivy-2.5.1.jar --main groovy.ui.GroovyMain --encoding UTF-8 --indy C:\Users\W I N D O W S\Katalon Studio\coba_1\Libs\TempTestSuite1744273817151.groovy

Host: Intel(R) Core(TM) i5-5200U CPU @ 2.20GHz, 4 cores, 3G,  Windows 10 , 64 bit Build 19041 (10.0.19041.5438)
Time: Thu Apr 10 15:30:48 2025 SE Asia Standard Time elapsed time: 29.010230 seconds (0d 0h 0m 29s)

---------------  T H R E A D  ---------------

Current thread (0x0000025c4fb4d6a0):  JavaThread "C2 CompilerThread0" daemon [_thread_in_native, id=12216, stack(0x000000f6e2300000,0x000000f6e2400000)]


Current CompileTask:
C2:  29010 4925   !   4       jdk.internal.loader.URLClassPath$JarLoader::getResource (354 bytes)

Stack: [0x000000f6e2300000,0x000000f6e2400000]
Native frames: (J=compiled Java code, j=interpreted, Vv=VM code, C=native code)
V  [jvm.dll+0x682eb9]
V  [jvm.dll+0x8399c8]
V  [jvm.dll+0x83b473]
V  [jvm.dll+0x83bae3]
V  [jvm.dll+0x24715f]
V  [jvm.dll+0xace44]
V  [jvm.dll+0xad4dc]
V  [jvm.dll+0x365b5e]
V  [jvm.dll+0x1baa69]
V  [jvm.dll+0x2182a7]
V  [jvm.dll+0x21758f]
V  [jvm.dll+0x1a3150]
V  [jvm.dll+0x22799c]
V  [jvm.dll+0x225afb]
V  [jvm.dll+0x7ef128]
V  [jvm.dll+0x7e948c]
V  [jvm.dll+0x681d97]
C  [ucrtbase.dll+0x21bb2]
C  [KERNEL32.DLL+0x17374]
C  [ntdll.dll+0x4cc91]


---------------  P R O C E S S  ---------------

Threads class SMR info:
_java_thread_list=0x0000025c578e4fe0, length=20, elements={
0x0000025c3647f670, 0x0000025c4fb24620, 0x0000025c4fb260e0, 0x0000025c4f8e5030,
0x0000025c4f8e59f0, 0x0000025c4fb47bb0, 0x0000025c4fb4c210, 0x0000025c4fb4d6a0,
0x0000025c4fb59870, 0x0000025c4f8edfc0, 0x0000025c4fded320, 0x0000025c54bb0f80,
0x0000025c557eba80, 0x0000025c54efcb30, 0x0000025c54efd040, 0x0000025c54efacd0,
0x0000025c54efd550, 0x0000025c54efeea0, 0x0000025c54eff8c0, 0x0000025c56d925c0
}

Java Threads: ( => current thread )
  0x0000025c3647f670 JavaThread "main" [_thread_in_native, id=10348, stack(0x000000f6e1600000,0x000000f6e1700000)]
  0x0000025c4fb24620 JavaThread "Reference Handler" daemon [_thread_blocked, id=13872, stack(0x000000f6e1d00000,0x000000f6e1e00000)]
  0x0000025c4fb260e0 JavaThread "Finalizer" daemon [_thread_blocked, id=1756, stack(0x000000f6e1e00000,0x000000f6e1f00000)]
  0x0000025c4f8e5030 JavaThread "Signal Dispatcher" daemon [_thread_blocked, id=13168, stack(0x000000f6e1f00000,0x000000f6e2000000)]
  0x0000025c4f8e59f0 JavaThread "Attach Listener" daemon [_thread_blocked, id=3252, stack(0x000000f6e2000000,0x000000f6e2100000)]
  0x0000025c4fb47bb0 JavaThread "Service Thread" daemon [_thread_blocked, id=5524, stack(0x000000f6e2100000,0x000000f6e2200000)]
  0x0000025c4fb4c210 JavaThread "Monitor Deflation Thread" daemon [_thread_blocked, id=10932, stack(0x000000f6e2200000,0x000000f6e2300000)]
=>0x0000025c4fb4d6a0 JavaThread "C2 CompilerThread0" daemon [_thread_in_native, id=12216, stack(0x000000f6e2300000,0x000000f6e2400000)]
  0x0000025c4fb59870 JavaThread "C1 CompilerThread0" daemon [_thread_blocked, id=7308, stack(0x000000f6e2400000,0x000000f6e2500000)]
  0x0000025c4f8edfc0 JavaThread "Sweeper thread" daemon [_thread_blocked, id=3304, stack(0x000000f6e2500000,0x000000f6e2600000)]
  0x0000025c4fded320 JavaThread "Common-Cleaner" daemon [_thread_blocked, id=5716, stack(0x000000f6e2600000,0x000000f6e2700000)]
  0x0000025c54bb0f80 JavaThread "Notification Thread" daemon [_thread_blocked, id=9352, stack(0x000000f6e2900000,0x000000f6e2a00000)]
  0x0000025c557eba80 JavaThread "ForkJoinPool.commonPool-worker-1" daemon [_thread_blocked, id=8928, stack(0x000000f6e2d00000,0x000000f6e2e00000)]
  0x0000025c54efcb30 JavaThread "HttpClient-1-SelectorManager" daemon [_thread_in_native, id=11648, stack(0x000000f6e2e00000,0x000000f6e2f00000)]
  0x0000025c54efd040 JavaThread "Driver Service Executor" daemon [_thread_blocked, id=10724, stack(0x000000f6e3000000,0x000000f6e3100000)]
  0x0000025c54efacd0 JavaThread "Driver Service Executor" daemon [_thread_blocked, id=11164, stack(0x000000f6e3100000,0x000000f6e3200000)]
  0x0000025c54efd550 JavaThread "UrlChecker-2" daemon [_thread_blocked, id=13148, stack(0x000000f6e3200000,0x000000f6e3300000)]
  0x0000025c54efeea0 JavaThread "JdkHttpClient-0-0" daemon [_thread_blocked, id=13820, stack(0x000000f6e3500000,0x000000f6e3600000)]
  0x0000025c54eff8c0 JavaThread "JdkHttpClient-0-1" daemon [_thread_blocked, id=14132, stack(0x000000f6e3600000,0x000000f6e3700000)]
  0x0000025c56d925c0 JavaThread "C2 CompilerThread1" daemon [_thread_in_native, id=15204, stack(0x000000f6e2800000,0x000000f6e2900000)]

Other Threads:
  0x0000025c4f8cd380 VMThread "VM Thread" [stack: 0x000000f6e1c00000,0x000000f6e1d00000] [id=10272]
  0x0000025c54788c80 WatcherThread [stack: 0x000000f6e2a00000,0x000000f6e2b00000] [id=7256]
  0x0000025c364e6900 GCTaskThread "GC Thread#0" [stack: 0x000000f6e1700000,0x000000f6e1800000] [id=14024]
  0x0000025c541cbe40 GCTaskThread "GC Thread#1" [stack: 0x000000f6e2700000,0x000000f6e2800000] [id=684]
  0x0000025c54d462d0 GCTaskThread "GC Thread#2" [stack: 0x000000f6e2b00000,0x000000f6e2c00000] [id=11768]
  0x0000025c558aebc0 GCTaskThread "GC Thread#3" [stack: 0x000000f6e2c00000,0x000000f6e2d00000] [id=11524]
  0x0000025c364f8760 ConcurrentGCThread "G1 Main Marker" [stack: 0x000000f6e1800000,0x000000f6e1900000] [id=6528]
  0x0000025c364f9960 ConcurrentGCThread "G1 Conc#0" [stack: 0x000000f6e1900000,0x000000f6e1a00000] [id=4956]
  0x0000025c4f727e90 ConcurrentGCThread "G1 Refine#0" [stack: 0x000000f6e1a00000,0x000000f6e1b00000] [id=11840]
  0x0000025c4f7290a0 ConcurrentGCThread "G1 Service" [stack: 0x000000f6e1b00000,0x000000f6e1c00000] [id=14268]

Threads with active compile tasks:
C2 CompilerThread0    29061 4925   !   4       jdk.internal.loader.URLClassPath$JarLoader::getResource (354 bytes)
C2 CompilerThread1    29061 4991       4       groovyjarjarantlr4.v4.runtime.atn.LexerATNSimulator::closure (258 bytes)

VM state: not at safepoint (normal execution)

VM Mutex/Monitor currently owned by a thread: None

Heap address: 0x0000000080000000, size: 2048 MB, Compressed Oops mode: 32-bit

CDS archive(s) not mapped
Compressed class space mapped at: 0x0000000100000000-0x0000000140000000, reserved size: 1073741824
Narrow klass base: 0x0000000000000000, Narrow klass shift: 3, Narrow klass range: 0x140000000

GC Precious Log:
 CPUs: 4 total, 4 available
 Memory: 4018M
 Large Page Support: Disabled
 NUMA Support: Disabled
 Compressed Oops: Enabled (32-bit)
 Heap Region Size: 1M
 Heap Min Capacity: 8M
 Heap Initial Capacity: 64M
 Heap Max Capacity: 2G
 Pre-touch: Disabled
 Parallel Workers: 4
 Concurrent Workers: 1
 Concurrent Refinement Workers: 4
 Periodic GC: Disabled

Heap:
 garbage-first heap   total 95232K, used 47182K [0x0000000080000000, 0x0000000100000000)
  region size 1024K, 15 young (15360K), 6 survivors (6144K)
 Metaspace       used 43550K, committed 44096K, reserved 1114112K
  class space    used 4761K, committed 4992K, reserved 1048576K

Heap Regions: E=young(eden), S=young(survivor), O=old, HS=humongous(starts), HC=humongous(continues), CS=collection set, F=free, OA=open archive, CA=closed archive, TAMS=top-at-mark-start (previous, next)
|   0|0x0000000080000000, 0x0000000080100000, 0x0000000080100000|100%|HS|  |TAMS 0x0000000080100000, 0x0000000080000000| Complete 
|   1|0x0000000080100000, 0x0000000080200000, 0x0000000080200000|100%|HS|  |TAMS 0x0000000080200000, 0x0000000080100000| Complete 
|   2|0x0000000080200000, 0x0000000080300000, 0x0000000080300000|100%|HC|  |TAMS 0x0000000080300000, 0x0000000080200000| Complete 
|   3|0x0000000080300000, 0x0000000080400000, 0x0000000080400000|100%|HC|  |TAMS 0x0000000080400000, 0x0000000080300000| Complete 
|   4|0x0000000080400000, 0x0000000080500000, 0x0000000080500000|100%| O|  |TAMS 0x0000000080500000, 0x0000000080400000| Untracked 
|   5|0x0000000080500000, 0x0000000080600000, 0x0000000080600000|100%| O|  |TAMS 0x0000000080600000, 0x0000000080500000| Untracked 
|   6|0x0000000080600000, 0x0000000080700000, 0x0000000080700000|100%| O|  |TAMS 0x0000000080700000, 0x0000000080600000| Untracked 
|   7|0x0000000080700000, 0x0000000080800000, 0x0000000080800000|100%| O|  |TAMS 0x0000000080800000, 0x0000000080700000| Untracked 
|   8|0x0000000080800000, 0x0000000080900000, 0x0000000080900000|100%| O|  |TAMS 0x0000000080900000, 0x0000000080800000| Untracked 
|   9|0x0000000080900000, 0x0000000080a00000, 0x0000000080a00000|100%| O|  |TAMS 0x0000000080a00000, 0x0000000080900000| Untracked 
|  10|0x0000000080a00000, 0x0000000080b00000, 0x0000000080b00000|100%| O|  |TAMS 0x0000000080b00000, 0x0000000080a00000| Untracked 
|  11|0x0000000080b00000, 0x0000000080c00000, 0x0000000080c00000|100%|HS|  |TAMS 0x0000000080c00000, 0x0000000080b00000| Complete 
|  12|0x0000000080c00000, 0x0000000080d00000, 0x0000000080d00000|100%| O|  |TAMS 0x0000000080d00000, 0x0000000080c00000| Untracked 
|  13|0x0000000080d00000, 0x0000000080e00000, 0x0000000080e00000|100%| O|  |TAMS 0x0000000080e00000, 0x0000000080d00000| Untracked 
|  14|0x0000000080e00000, 0x0000000080f00000, 0x0000000080f00000|100%| O|  |TAMS 0x0000000080f00000, 0x0000000080e00000| Untracked 
|  15|0x0000000080f00000, 0x0000000081000000, 0x0000000081000000|100%| O|  |TAMS 0x0000000081000000, 0x0000000080f00000| Untracked 
|  16|0x0000000081000000, 0x0000000081100000, 0x0000000081100000|100%| O|  |TAMS 0x0000000081100000, 0x0000000081000000| Untracked 
|  17|0x0000000081100000, 0x0000000081200000, 0x0000000081200000|100%| O|  |TAMS 0x0000000081200000, 0x0000000081100000| Untracked 
|  18|0x0000000081200000, 0x0000000081300000, 0x0000000081300000|100%| O|  |TAMS 0x0000000081300000, 0x0000000081200000| Untracked 
|  19|0x0000000081300000, 0x0000000081400000, 0x0000000081400000|100%| O|  |TAMS 0x0000000081400000, 0x0000000081300000| Untracked 
|  20|0x0000000081400000, 0x0000000081500000, 0x0000000081500000|100%| O|  |TAMS 0x0000000081500000, 0x0000000081400000| Untracked 
|  21|0x0000000081500000, 0x0000000081600000, 0x0000000081600000|100%| O|  |TAMS 0x0000000081600000, 0x0000000081500000| Untracked 
|  22|0x0000000081600000, 0x0000000081700000, 0x0000000081700000|100%| O|  |TAMS 0x0000000081700000, 0x0000000081600000| Untracked 
|  23|0x0000000081700000, 0x0000000081800000, 0x0000000081800000|100%| O|  |TAMS 0x0000000081800000, 0x0000000081700000| Untracked 
|  24|0x0000000081800000, 0x0000000081900000, 0x0000000081900000|100%| O|  |TAMS 0x0000000081800000, 0x0000000081800000| Untracked 
|  25|0x0000000081900000, 0x0000000081a00000, 0x0000000081a00000|100%| O|  |TAMS 0x0000000081900000, 0x0000000081900000| Untracked 
|  26|0x0000000081a00000, 0x0000000081b00000, 0x0000000081b00000|100%| O|  |TAMS 0x0000000081a00000, 0x0000000081a00000| Untracked 
|  27|0x0000000081b00000, 0x0000000081c00000, 0x0000000081c00000|100%| O|  |TAMS 0x0000000081c00000, 0x0000000081b00000| Untracked 
|  28|0x0000000081c00000, 0x0000000081d00000, 0x0000000081d00000|100%| O|  |TAMS 0x0000000081d00000, 0x0000000081c00000| Untracked 
|  29|0x0000000081d00000, 0x0000000081e00000, 0x0000000081e00000|100%| O|  |TAMS 0x0000000081e00000, 0x0000000081d00000| Untracked 
|  30|0x0000000081e00000, 0x0000000081f00000, 0x0000000081f00000|100%| O|  |TAMS 0x0000000081f00000, 0x0000000081e00000| Untracked 
|  31|0x0000000081f00000, 0x0000000082000000, 0x0000000082000000|100%| O|  |TAMS 0x0000000081ff5800, 0x0000000081f00000| Untracked 
|  32|0x0000000082000000, 0x0000000082099600, 0x0000000082100000| 59%| O|  |TAMS 0x0000000082000000, 0x0000000082000000| Untracked 
|  33|0x0000000082100000, 0x0000000082100000, 0x0000000082200000|  0%| F|  |TAMS 0x0000000082100000, 0x0000000082100000| Untracked 
|  34|0x0000000082200000, 0x0000000082200000, 0x0000000082300000|  0%| F|  |TAMS 0x0000000082200000, 0x0000000082200000| Untracked 
|  35|0x0000000082300000, 0x0000000082300000, 0x0000000082400000|  0%| F|  |TAMS 0x0000000082300000, 0x0000000082300000| Untracked 
|  36|0x0000000082400000, 0x0000000082400000, 0x0000000082500000|  0%| F|  |TAMS 0x0000000082400000, 0x0000000082400000| Untracked 
|  37|0x0000000082500000, 0x0000000082500000, 0x0000000082600000|  0%| F|  |TAMS 0x0000000082500000, 0x0000000082500000| Untracked 
|  38|0x0000000082600000, 0x0000000082600000, 0x0000000082700000|  0%| F|  |TAMS 0x0000000082600000, 0x0000000082600000| Untracked 
|  39|0x0000000082700000, 0x0000000082700000, 0x0000000082800000|  0%| F|  |TAMS 0x0000000082700000, 0x0000000082700000| Untracked 
|  40|0x0000000082800000, 0x0000000082800000, 0x0000000082900000|  0%| F|  |TAMS 0x0000000082800000, 0x0000000082800000| Untracked 
|  41|0x0000000082900000, 0x0000000082900000, 0x0000000082a00000|  0%| F|  |TAMS 0x0000000082900000, 0x0000000082900000| Untracked 
|  42|0x0000000082a00000, 0x0000000082a7a2f8, 0x0000000082b00000| 47%| S|CS|TAMS 0x0000000082a00000, 0x0000000082a00000| Complete 
|  43|0x0000000082b00000, 0x0000000082c00000, 0x0000000082c00000|100%| S|CS|TAMS 0x0000000082b00000, 0x0000000082b00000| Complete 
|  44|0x0000000082c00000, 0x0000000082d00000, 0x0000000082d00000|100%| S|CS|TAMS 0x0000000082c00000, 0x0000000082c00000| Complete 
|  45|0x0000000082d00000, 0x0000000082e00000, 0x0000000082e00000|100%| S|CS|TAMS 0x0000000082d00000, 0x0000000082d00000| Complete 
|  46|0x0000000082e00000, 0x0000000082f00000, 0x0000000082f00000|100%| S|CS|TAMS 0x0000000082e00000, 0x0000000082e00000| Complete 
|  47|0x0000000082f00000, 0x0000000083000000, 0x0000000083000000|100%| S|CS|TAMS 0x0000000082f00000, 0x0000000082f00000| Complete 
|  48|0x0000000083000000, 0x0000000083000000, 0x0000000083100000|  0%| F|  |TAMS 0x0000000083000000, 0x0000000083000000| Untracked 
|  49|0x0000000083100000, 0x0000000083100000, 0x0000000083200000|  0%| F|  |TAMS 0x0000000083100000, 0x0000000083100000| Untracked 
|  50|0x0000000083200000, 0x0000000083200000, 0x0000000083300000|  0%| F|  |TAMS 0x0000000083200000, 0x0000000083200000| Untracked 
|  51|0x0000000083300000, 0x0000000083300000, 0x0000000083400000|  0%| F|  |TAMS 0x0000000083300000, 0x0000000083300000| Untracked 
|  52|0x0000000083400000, 0x0000000083400000, 0x0000000083500000|  0%| F|  |TAMS 0x0000000083400000, 0x0000000083400000| Untracked 
|  53|0x0000000083500000, 0x0000000083500000, 0x0000000083600000|  0%| F|  |TAMS 0x0000000083500000, 0x0000000083500000| Untracked 
|  54|0x0000000083600000, 0x0000000083600000, 0x0000000083700000|  0%| F|  |TAMS 0x0000000083600000, 0x0000000083600000| Untracked 
|  55|0x0000000083700000, 0x0000000083700000, 0x0000000083800000|  0%| F|  |TAMS 0x0000000083700000, 0x0000000083700000| Untracked 
|  56|0x0000000083800000, 0x0000000083800000, 0x0000000083900000|  0%| F|  |TAMS 0x0000000083800000, 0x0000000083800000| Untracked 
|  57|0x0000000083900000, 0x0000000083900000, 0x0000000083a00000|  0%| F|  |TAMS 0x0000000083900000, 0x0000000083900000| Untracked 
|  58|0x0000000083a00000, 0x0000000083a00000, 0x0000000083b00000|  0%| F|  |TAMS 0x0000000083a00000, 0x0000000083a00000| Untracked 
|  59|0x0000000083b00000, 0x0000000083b00000, 0x0000000083c00000|  0%| F|  |TAMS 0x0000000083b00000, 0x0000000083b00000| Untracked 
|  60|0x0000000083c00000, 0x0000000083c00000, 0x0000000083d00000|  0%| F|  |TAMS 0x0000000083c00000, 0x0000000083c00000| Untracked 
|  61|0x0000000083d00000, 0x0000000083d00000, 0x0000000083e00000|  0%| F|  |TAMS 0x0000000083d00000, 0x0000000083d00000| Untracked 
|  62|0x0000000083e00000, 0x0000000083e00000, 0x0000000083f00000|  0%| F|  |TAMS 0x0000000083e00000, 0x0000000083e00000| Untracked 
|  63|0x0000000083f00000, 0x0000000083f00000, 0x0000000084000000|  0%| F|  |TAMS 0x0000000083f00000, 0x0000000083f00000| Untracked 
|  64|0x0000000084000000, 0x0000000084000000, 0x0000000084100000|  0%| F|  |TAMS 0x0000000084000000, 0x0000000084000000| Untracked 
|  65|0x0000000084100000, 0x0000000084100000, 0x0000000084200000|  0%| F|  |TAMS 0x0000000084100000, 0x0000000084100000| Untracked 
|  66|0x0000000084200000, 0x0000000084200000, 0x0000000084300000|  0%| F|  |TAMS 0x0000000084200000, 0x0000000084200000| Untracked 
|  67|0x0000000084300000, 0x0000000084300000, 0x0000000084400000|  0%| F|  |TAMS 0x0000000084300000, 0x0000000084300000| Untracked 
|  68|0x0000000084400000, 0x0000000084400000, 0x0000000084500000|  0%| F|  |TAMS 0x0000000084400000, 0x0000000084400000| Untracked 
|  69|0x0000000084500000, 0x0000000084500000, 0x0000000084600000|  0%| F|  |TAMS 0x0000000084500000, 0x0000000084500000| Untracked 
|  70|0x0000000084600000, 0x0000000084600000, 0x0000000084700000|  0%| F|  |TAMS 0x0000000084600000, 0x0000000084600000| Untracked 
|  71|0x0000000084700000, 0x0000000084700000, 0x0000000084800000|  0%| F|  |TAMS 0x0000000084700000, 0x0000000084700000| Untracked 
|  72|0x0000000084800000, 0x0000000084800000, 0x0000000084900000|  0%| F|  |TAMS 0x0000000084800000, 0x0000000084800000| Untracked 
|  73|0x0000000084900000, 0x0000000084900000, 0x0000000084a00000|  0%| F|  |TAMS 0x0000000084900000, 0x0000000084900000| Untracked 
|  74|0x0000000084a00000, 0x0000000084a00000, 0x0000000084b00000|  0%| F|  |TAMS 0x0000000084a00000, 0x0000000084a00000| Untracked 
|  75|0x0000000084b00000, 0x0000000084b00000, 0x0000000084c00000|  0%| F|  |TAMS 0x0000000084b00000, 0x0000000084b00000| Untracked 
|  76|0x0000000084c00000, 0x0000000084c00000, 0x0000000084d00000|  0%| F|  |TAMS 0x0000000084c00000, 0x0000000084c00000| Untracked 
|  77|0x0000000084d00000, 0x0000000084d00000, 0x0000000084e00000|  0%| F|  |TAMS 0x0000000084d00000, 0x0000000084d00000| Untracked 
|  78|0x0000000084e00000, 0x0000000084e00000, 0x0000000084f00000|  0%| F|  |TAMS 0x0000000084e00000, 0x0000000084e00000| Untracked 
|  79|0x0000000084f00000, 0x0000000084f00000, 0x0000000085000000|  0%| F|  |TAMS 0x0000000084f00000, 0x0000000084f00000| Untracked 
|  80|0x0000000085000000, 0x0000000085000000, 0x0000000085100000|  0%| F|  |TAMS 0x0000000085000000, 0x0000000085000000| Untracked 
|  81|0x0000000085100000, 0x0000000085100000, 0x0000000085200000|  0%| F|  |TAMS 0x0000000085100000, 0x0000000085100000| Untracked 
|  82|0x0000000085200000, 0x0000000085200000, 0x0000000085300000|  0%| F|  |TAMS 0x0000000085200000, 0x0000000085200000| Untracked 
|  83|0x0000000085300000, 0x0000000085300000, 0x0000000085400000|  0%| F|  |TAMS 0x0000000085300000, 0x0000000085300000| Untracked 
|  84|0x0000000085400000, 0x0000000085500000, 0x0000000085500000|100%| E|  |TAMS 0x0000000085400000, 0x0000000085400000| Complete 
|  85|0x0000000085500000, 0x0000000085600000, 0x0000000085600000|100%| E|CS|TAMS 0x0000000085500000, 0x0000000085500000| Complete 
|  86|0x0000000085600000, 0x0000000085700000, 0x0000000085700000|100%| E|CS|TAMS 0x0000000085600000, 0x0000000085600000| Complete 
|  87|0x0000000085700000, 0x0000000085800000, 0x0000000085800000|100%| E|CS|TAMS 0x0000000085700000, 0x0000000085700000| Complete 
|  88|0x0000000085800000, 0x0000000085900000, 0x0000000085900000|100%| E|CS|TAMS 0x0000000085800000, 0x0000000085800000| Complete 
|  89|0x0000000085900000, 0x0000000085a00000, 0x0000000085a00000|100%| E|CS|TAMS 0x0000000085900000, 0x0000000085900000| Complete 
|  90|0x0000000085a00000, 0x0000000085b00000, 0x0000000085b00000|100%| E|CS|TAMS 0x0000000085a00000, 0x0000000085a00000| Complete 
|  91|0x0000000085b00000, 0x0000000085c00000, 0x0000000085c00000|100%| E|CS|TAMS 0x0000000085b00000, 0x0000000085b00000| Complete 
|  92|0x0000000085c00000, 0x0000000085d00000, 0x0000000085d00000|100%| E|CS|TAMS 0x0000000085c00000, 0x0000000085c00000| Complete 

Card table byte_map: [0x0000025c48de0000,0x0000025c491e0000] _byte_map_base: 0x0000025c489e0000

Marking Bits (Prev, Next): (CMBitMap*) 0x0000025c364e7e30, (CMBitMap*) 0x0000025c364e7e70
 Prev Bits: [0x0000025c495e0000, 0x0000025c4b5e0000)
 Next Bits: [0x0000025c4b5e0000, 0x0000025c4d5e0000)

Polling page: 0x0000025c345a0000

Metaspace:

Usage:
  Non-class:     37.88 MB used.
      Class:      4.65 MB used.
       Both:     42.53 MB used.

Virtual space:
  Non-class space:       64.00 MB reserved,      38.19 MB ( 60%) committed,  1 nodes.
      Class space:        1.00 GB reserved,       4.88 MB ( <1%) committed,  1 nodes.
             Both:        1.06 GB reserved,      43.06 MB (  4%) committed. 

Chunk freelists:
   Non-Class:  9.48 MB
       Class:  10.95 MB
        Both:  20.44 MB

MaxMetaspaceSize: unlimited
CompressedClassSpaceSize: 1.00 GB
Initial GC threshold: 21.00 MB
Current GC threshold: 59.00 MB
CDS: off
MetaspaceReclaimPolicy: balanced
 - commit_granule_bytes: 65536.
 - commit_granule_words: 8192.
 - virtual_space_node_default_size: 8388608.
 - enlarge_chunks_in_place: 1.
 - new_chunks_are_fully_committed: 0.
 - uncommit_free_chunks: 1.
 - use_allocation_guard: 0.
 - handle_deallocations: 1.


Internal statistics:

num_allocs_failed_limit: 6.
num_arena_births: 646.
num_arena_deaths: 0.
num_vsnodes_births: 2.
num_vsnodes_deaths: 0.
num_space_committed: 689.
num_space_uncommitted: 0.
num_chunks_returned_to_freelist: 6.
num_chunks_taken_from_freelist: 1663.
num_chunk_merges: 6.
num_chunk_splits: 1123.
num_chunks_enlarged: 760.
num_inconsistent_stats: 0.

CodeHeap 'non-profiled nmethods': size=120000Kb used=2313Kb max_used=2624Kb free=117686Kb
 bounds [0x0000025c414b0000, 0x0000025c41750000, 0x0000025c489e0000]
CodeHeap 'profiled nmethods': size=120000Kb used=7594Kb max_used=8722Kb free=112406Kb
 bounds [0x0000025c399e0000, 0x0000025c3a270000, 0x0000025c40f10000]
CodeHeap 'non-nmethods': size=5760Kb used=2322Kb max_used=2362Kb free=3437Kb
 bounds [0x0000025c40f10000, 0x0000025c41180000, 0x0000025c414b0000]
 total_blobs=5081 nmethods=4246 adapters=747
 compilation: enabled
              stopped_count=0, restarted_count=0
 full_count=0

Compilation events (20 events):
Event: 28.938 Thread 0x0000025c4fb59870 5054       2       org.codehaus.groovy.ast.NodeMetaDataHandler::getNodeMetaData (21 bytes)
Event: 28.938 Thread 0x0000025c4fb59870 nmethod 5054 0x0000025c39afb310 code [0x0000025c39afb4c0, 0x0000025c39afb658]
Event: 28.939 Thread 0x0000025c4fb59870 5055       2       org.apache.groovy.parser.antlr4.AstBuilder::visit (15 bytes)
Event: 28.939 Thread 0x0000025c4fb59870 nmethod 5055 0x0000025c39afaf10 code [0x0000025c39afb0c0, 0x0000025c39afb248]
Event: 28.940 Thread 0x0000025c4fb59870 5056       2       groovyjarjarantlr4.v4.runtime.tree.AbstractParseTreeVisitor::visitChildren (69 bytes)
Event: 28.940 Thread 0x0000025c4fb59870 nmethod 5056 0x0000025c39afa990 code [0x0000025c39afab60, 0x0000025c39afad88]
Event: 28.941 Thread 0x0000025c4fb59870 5057       2       org.codehaus.groovy.util.ListHashMap::get (65 bytes)
Event: 28.941 Thread 0x0000025c4fb59870 nmethod 5057 0x0000025c39afa310 code [0x0000025c39afa4e0, 0x0000025c39afa7d8]
Event: 28.942 Thread 0x0000025c4fb59870 5058       1       org.apache.groovy.parser.antlr4.GroovyParser$GroovyParserRuleContext::setMetaDataMap (6 bytes)
Event: 28.942 Thread 0x0000025c4fb59870 nmethod 5058 0x0000025c414ecd10 code [0x0000025c414ecea0, 0x0000025c414ecfb8]
Event: 28.943 Thread 0x0000025c4fb59870 5060       2       org.codehaus.groovy.ast.expr.VariableExpression::transformExpression (2 bytes)
Event: 28.943 Thread 0x0000025c4fb59870 nmethod 5060 0x0000025c39dbc610 code [0x0000025c39dbc7a0, 0x0000025c39dbc8b8]
Event: 28.943 Thread 0x0000025c4fb59870 5061       2       org.codehaus.groovy.ast.MethodNode::isAbstract (17 bytes)
Event: 28.944 Thread 0x0000025c4fb59870 nmethod 5061 0x0000025c39dbc290 code [0x0000025c39dbc420, 0x0000025c39dbc538]
Event: 28.961 Thread 0x0000025c4fb59870 5062       2       java.net.URI::toUpper (19 bytes)
Event: 28.962 Thread 0x0000025c4fb59870 nmethod 5062 0x0000025c39dbbf10 code [0x0000025c39dbc0a0, 0x0000025c39dbc1d8]
Event: 28.974 Thread 0x0000025c4fb59870 5063       1       org.codehaus.groovy.control.CompilerConfiguration::getOptimizationOptions (5 bytes)
Event: 28.974 Thread 0x0000025c4fb59870 nmethod 5063 0x0000025c414ec610 code [0x0000025c414ec7a0, 0x0000025c414ec878]
Event: 28.977 Thread 0x0000025c4fb59870 5064       2       java.lang.Boolean::equals (29 bytes)
Event: 28.978 Thread 0x0000025c4fb59870 nmethod 5064 0x0000025c39dbba90 code [0x0000025c39dbbc20, 0x0000025c39dbbdf8]

GC Heap History (20 events):
Event: 5.511 GC heap before
{Heap before GC invocations=8 (full 0):
 garbage-first heap   total 65536K, used 47084K [0x0000000080000000, 0x0000000100000000)
  region size 1024K, 23 young (23552K), 1 survivors (1024K)
 Metaspace       used 22361K, committed 22592K, reserved 1114112K
  class space    used 2337K, committed 2432K, reserved 1048576K
}
Event: 5.519 GC heap after
{Heap after GC invocations=9 (full 0):
 garbage-first heap   total 65536K, used 25462K [0x0000000080000000, 0x0000000100000000)
  region size 1024K, 2 young (2048K), 2 survivors (2048K)
 Metaspace       used 22361K, committed 22592K, reserved 1114112K
  class space    used 2337K, committed 2432K, reserved 1048576K
}
Event: 5.637 GC heap before
{Heap before GC invocations=9 (full 0):
 garbage-first heap   total 65536K, used 47990K [0x0000000080000000, 0x0000000100000000)
  region size 1024K, 24 young (24576K), 2 survivors (2048K)
 Metaspace       used 22416K, committed 22656K, reserved 1114112K
  class space    used 2341K, committed 2432K, reserved 1048576K
}
Event: 5.643 GC heap after
{Heap after GC invocations=10 (full 0):
 garbage-first heap   total 65536K, used 25698K [0x0000000080000000, 0x0000000100000000)
  region size 1024K, 2 young (2048K), 2 survivors (2048K)
 Metaspace       used 22416K, committed 22656K, reserved 1114112K
  class space    used 2341K, committed 2432K, reserved 1048576K
}
Event: 6.366 GC heap before
{Heap before GC invocations=10 (full 0):
 garbage-first heap   total 65536K, used 49250K [0x0000000080000000, 0x0000000100000000)
  region size 1024K, 26 young (26624K), 2 survivors (2048K)
 Metaspace       used 24098K, committed 24320K, reserved 1114112K
  class space    used 2510K, committed 2624K, reserved 1048576K
}
Event: 6.375 GC heap after
{Heap after GC invocations=11 (full 0):
 garbage-first heap   total 78848K, used 26956K [0x0000000080000000, 0x0000000100000000)
  region size 1024K, 3 young (3072K), 3 survivors (3072K)
 Metaspace       used 24098K, committed 24320K, reserved 1114112K
  class space    used 2510K, committed 2624K, reserved 1048576K
}
Event: 7.909 GC heap before
{Heap before GC invocations=11 (full 0):
 garbage-first heap   total 78848K, used 62796K [0x0000000080000000, 0x0000000100000000)
  region size 1024K, 38 young (38912K), 3 survivors (3072K)
 Metaspace       used 29369K, committed 29760K, reserved 1114112K
  class space    used 3072K, committed 3264K, reserved 1048576K
}
Event: 7.921 GC heap after
{Heap after GC invocations=12 (full 0):
 garbage-first heap   total 78848K, used 29625K [0x0000000080000000, 0x0000000100000000)
  region size 1024K, 5 young (5120K), 5 survivors (5120K)
 Metaspace       used 29369K, committed 29760K, reserved 1114112K
  class space    used 3072K, committed 3264K, reserved 1048576K
}
Event: 8.221 GC heap before
{Heap before GC invocations=12 (full 0):
 garbage-first heap   total 78848K, used 63417K [0x0000000080000000, 0x0000000100000000)
  region size 1024K, 35 young (35840K), 5 survivors (5120K)
 Metaspace       used 30493K, committed 30912K, reserved 1114112K
  class space    used 3147K, committed 3328K, reserved 1048576K
}
Event: 8.239 GC heap after
{Heap after GC invocations=13 (full 0):
 garbage-first heap   total 78848K, used 30552K [0x0000000080000000, 0x0000000100000000)
  region size 1024K, 1 young (1024K), 1 survivors (1024K)
 Metaspace       used 30493K, committed 30912K, reserved 1114112K
  class space    used 3147K, committed 3328K, reserved 1048576K
}
Event: 8.379 GC heap before
{Heap before GC invocations=13 (full 0):
 garbage-first heap   total 78848K, used 62296K [0x0000000080000000, 0x0000000100000000)
  region size 1024K, 32 young (32768K), 1 survivors (1024K)
 Metaspace       used 30551K, committed 30976K, reserved 1114112K
  class space    used 3153K, committed 3328K, reserved 1048576K
}
Event: 8.382 GC heap after
{Heap after GC invocations=14 (full 0):
 garbage-first heap   total 78848K, used 30501K [0x0000000080000000, 0x0000000100000000)
  region size 1024K, 1 young (1024K), 1 survivors (1024K)
 Metaspace       used 30551K, committed 30976K, reserved 1114112K
  class space    used 3153K, committed 3328K, reserved 1048576K
}
Event: 9.080 GC heap before
{Heap before GC invocations=14 (full 0):
 garbage-first heap   total 78848K, used 64293K [0x0000000080000000, 0x0000000100000000)
  region size 1024K, 34 young (34816K), 1 survivors (1024K)
 Metaspace       used 32398K, committed 32768K, reserved 1114112K
  class space    used 3350K, committed 3520K, reserved 1048576K
}
Event: 9.087 GC heap after
{Heap after GC invocations=15 (full 0):
 garbage-first heap   total 78848K, used 31947K [0x0000000080000000, 0x0000000100000000)
  region size 1024K, 3 young (3072K), 3 survivors (3072K)
 Metaspace       used 32398K, committed 32768K, reserved 1114112K
  class space    used 3350K, committed 3520K, reserved 1048576K
}
Event: 9.887 GC heap before
{Heap before GC invocations=15 (full 0):
 garbage-first heap   total 78848K, used 63691K [0x0000000080000000, 0x0000000100000000)
  region size 1024K, 34 young (34816K), 3 survivors (3072K)
 Metaspace       used 34412K, committed 34816K, reserved 1114112K
  class space    used 3564K, committed 3776K, reserved 1048576K
}
Event: 9.898 GC heap after
{Heap after GC invocations=16 (full 0):
 garbage-first heap   total 95232K, used 33643K [0x0000000080000000, 0x0000000100000000)
  region size 1024K, 4 young (4096K), 4 survivors (4096K)
 Metaspace       used 34412K, committed 34816K, reserved 1114112K
  class space    used 3564K, committed 3776K, reserved 1048576K
}
Event: 10.445 GC heap before
{Heap before GC invocations=16 (full 0):
 garbage-first heap   total 95232K, used 66411K [0x0000000080000000, 0x0000000100000000)
  region size 1024K, 37 young (37888K), 4 survivors (4096K)
 Metaspace       used 35583K, committed 35968K, reserved 1114112K
  class space    used 3721K, committed 3904K, reserved 1048576K
}
Event: 10.460 GC heap after
{Heap after GC invocations=17 (full 0):
 garbage-first heap   total 95232K, used 36035K [0x0000000080000000, 0x0000000100000000)
  region size 1024K, 6 young (6144K), 6 survivors (6144K)
 Metaspace       used 35583K, committed 35968K, reserved 1114112K
  class space    used 3721K, committed 3904K, reserved 1048576K
}
Event: 12.429 GC heap before
{Heap before GC invocations=18 (full 0):
 garbage-first heap   total 95232K, used 75971K [0x0000000080000000, 0x0000000100000000)
  region size 1024K, 45 young (46080K), 6 survivors (6144K)
 Metaspace       used 43019K, committed 43520K, reserved 1114112K
  class space    used 4690K, committed 4928K, reserved 1048576K
}
Event: 12.451 GC heap after
{Heap after GC invocations=19 (full 0):
 garbage-first heap   total 95232K, used 38990K [0x0000000080000000, 0x0000000100000000)
  region size 1024K, 6 young (6144K), 6 survivors (6144K)
 Metaspace       used 43019K, committed 43520K, reserved 1114112K
  class space    used 4690K, committed 4928K, reserved 1048576K
}

Dll operation events (8 events):
Event: 0.024 Loaded shared library C:\Users\W I N D O W S\.katalon\packages\KS-10.1.1\jre\bin\java.dll
Event: 0.645 Loaded shared library C:\Users\W I N D O W S\.katalon\packages\KS-10.1.1\jre\bin\net.dll
Event: 0.650 Loaded shared library C:\Users\W I N D O W S\.katalon\packages\KS-10.1.1\jre\bin\nio.dll
Event: 0.672 Loaded shared library C:\Users\W I N D O W S\.katalon\packages\KS-10.1.1\jre\bin\zip.dll
Event: 1.838 Loaded shared library C:\Users\W I N D O W S\.katalon\packages\KS-10.1.1\jre\bin\verify.dll
Event: 2.397 Loaded shared library C:\Users\W I N D O W S\.katalon\packages\KS-10.1.1\jre\bin\jimage.dll
Event: 8.839 Loaded shared library C:\Users\W I N D O W S\.katalon\packages\KS-10.1.1\jre\bin\extnet.dll
Event: 11.875 Loaded shared library C:\Users\W I N D O W S\.katalon\packages\KS-10.1.1\jre\bin\sunmscapi.dll

Deoptimization events (20 events):
Event: 28.426 Thread 0x0000025c3647f670 Uncommon trap: trap_request=0xffffff45 fr.pc=0x0000025c4152dbfc relative=0x000000000000025c
Event: 28.426 Thread 0x0000025c3647f670 Uncommon trap: reason=unstable_if action=reinterpret pc=0x0000025c4152dbfc method=java.lang.String.getChars(II[CI)V @ 23 c2
Event: 28.426 Thread 0x0000025c3647f670 DEOPT PACKING pc=0x0000025c4152dbfc sp=0x000000f6e16fbd70
Event: 28.426 Thread 0x0000025c3647f670 DEOPT UNPACKING pc=0x0000025c40f669a3 sp=0x000000f6e16fbd30 mode 2
Event: 28.491 Thread 0x0000025c3647f670 Uncommon trap: trap_request=0xffffff45 fr.pc=0x0000025c41717c3c relative=0x000000000000011c
Event: 28.491 Thread 0x0000025c3647f670 Uncommon trap: reason=unstable_if action=reinterpret pc=0x0000025c41717c3c method=java.lang.AbstractStringBuilder.appendChars(Ljava/lang/String;II)V @ 4 c2
Event: 28.491 Thread 0x0000025c3647f670 DEOPT PACKING pc=0x0000025c41717c3c sp=0x000000f6e16fcc90
Event: 28.491 Thread 0x0000025c3647f670 DEOPT UNPACKING pc=0x0000025c40f669a3 sp=0x000000f6e16fcc20 mode 2
Event: 28.847 Thread 0x0000025c3647f670 DEOPT PACKING pc=0x0000025c3a17959c sp=0x000000f6e16fc2e0
Event: 28.847 Thread 0x0000025c3647f670 DEOPT UNPACKING pc=0x0000025c40f67143 sp=0x000000f6e16fb7e0 mode 0
Event: 28.850 Thread 0x0000025c3647f670 DEOPT PACKING pc=0x0000025c3a17959c sp=0x000000f6e16fc2e0
Event: 28.851 Thread 0x0000025c3647f670 DEOPT UNPACKING pc=0x0000025c40f67143 sp=0x000000f6e16fb7e0 mode 0
Event: 28.856 Thread 0x0000025c3647f670 DEOPT PACKING pc=0x0000025c3a17959c sp=0x000000f6e16fc3e0
Event: 28.856 Thread 0x0000025c3647f670 DEOPT UNPACKING pc=0x0000025c40f67143 sp=0x000000f6e16fb8e0 mode 0
Event: 28.884 Thread 0x0000025c3647f670 DEOPT PACKING pc=0x0000025c3a13c7c9 sp=0x000000f6e16fcbd0
Event: 28.884 Thread 0x0000025c3647f670 DEOPT UNPACKING pc=0x0000025c40f67143 sp=0x000000f6e16fc0a0 mode 0
Event: 28.908 Thread 0x0000025c3647f670 DEOPT PACKING pc=0x0000025c3a17959c sp=0x000000f6e16fc070
Event: 28.908 Thread 0x0000025c3647f670 DEOPT UNPACKING pc=0x0000025c40f67143 sp=0x000000f6e16fb570 mode 0
Event: 28.921 Thread 0x0000025c3647f670 DEOPT PACKING pc=0x0000025c3a17959c sp=0x000000f6e16fbe80
Event: 28.921 Thread 0x0000025c3647f670 DEOPT UNPACKING pc=0x0000025c40f67143 sp=0x000000f6e16fb380 mode 0

Classes loaded (20 events):
Event: 12.499 Loading class java/util/concurrent/CompletableFuture$UniApply
Event: 12.499 Loading class java/util/concurrent/CompletableFuture$UniApply done
Event: 28.338 Loading class sun/net/ConnectionResetException
Event: 28.339 Loading class sun/net/ConnectionResetException done
Event: 28.341 Loading class java/util/concurrent/CompletionException
Event: 28.341 Loading class java/util/concurrent/CompletionException done
Event: 28.365 Loading class java/net/InetAddress$CachedLocalHost
Event: 28.365 Loading class java/net/InetAddress$CachedLocalHost done
Event: 28.366 Loading class java/util/TreeMap$EntrySpliterator
Event: 28.366 Loading class java/util/TreeMap$EntrySpliterator done
Event: 28.368 Loading class java/util/stream/SortedOps$SizedRefSortingSink
Event: 28.368 Loading class java/util/stream/SortedOps$SizedRefSortingSink done
Event: 28.386 Loading class sun/misc/SharedSecrets
Event: 28.386 Loading class sun/misc/SharedSecrets done
Event: 28.386 Loading class java/lang/Throwable$WrappedPrintWriter
Event: 28.386 Loading class java/lang/Throwable$PrintStreamOrWriter
Event: 28.386 Loading class java/lang/Throwable$PrintStreamOrWriter done
Event: 28.386 Loading class java/lang/Throwable$WrappedPrintWriter done
Event: 28.388 Loading class java/util/concurrent/ConcurrentHashMap$EntrySpliterator
Event: 28.388 Loading class java/util/concurrent/ConcurrentHashMap$EntrySpliterator done

Classes unloaded (0 events):
No events

Classes redefined (0 events):
No events

Internal exceptions (20 events):
Event: 12.077 Thread 0x0000025c54efd550 Exception <a 'java/net/ConnectException'{0x0000000083c6fc40}: Connection refused: getsockopt> (0x0000000083c6fc40) 
thrown [s\src\hotspot\share\prims\jni.cpp, line 535]
Event: 12.077 Thread 0x0000025c54efd550 Exception <a 'java/net/SocketException'{0x0000000083c6ff78}: Socket is not connected: shutdown> (0x0000000083c6ff78) 
thrown [s\src\hotspot\share\prims\jni.cpp, line 535]
Event: 12.096 Thread 0x0000025c54efd550 Exception <a 'java/net/ConnectException'{0x0000000083c70f10}: Connection refused: getsockopt> (0x0000000083c70f10) 
thrown [s\src\hotspot\share\prims\jni.cpp, line 535]
Event: 12.096 Thread 0x0000025c54efd550 Exception <a 'java/net/SocketException'{0x0000000083c71248}: Socket is not connected: shutdown> (0x0000000083c71248) 
thrown [s\src\hotspot\share\prims\jni.cpp, line 535]
Event: 12.127 Thread 0x0000025c54efd550 Exception <a 'java/net/ConnectException'{0x0000000083c72110}: Connection refused: getsockopt> (0x0000000083c72110) 
thrown [s\src\hotspot\share\prims\jni.cpp, line 535]
Event: 12.127 Thread 0x0000025c54efd550 Exception <a 'java/net/SocketException'{0x0000000083c72448}: Socket is not connected: shutdown> (0x0000000083c72448) 
thrown [s\src\hotspot\share\prims\jni.cpp, line 535]
Event: 12.204 Thread 0x0000025c3647f670 Exception <a 'java/lang/NoSuchMethodError'{0x0000000083cee6e0}: 'double java.lang.invoke.DirectMethodHandle$Holder.invokeVirtual(java.lang.Object, java.lang.Object)'> (0x0000000083cee6e0) 
thrown [s\src\hotspot\share\interpreter\linkResolver.cpp, line 759]
Event: 12.205 Thread 0x0000025c3647f670 Exception <a 'java/lang/NoSuchMethodError'{0x0000000083cf5120}: 'float java.lang.invoke.DirectMethodHandle$Holder.invokeVirtual(java.lang.Object, java.lang.Object)'> (0x0000000083cf5120) 
thrown [s\src\hotspot\share\interpreter\linkResolver.cpp, line 759]
Event: 12.209 Thread 0x0000025c3647f670 Exception <a 'java/lang/NoSuchMethodError'{0x0000000083cfe388}: 'long java.lang.invoke.DirectMethodHandle$Holder.invokeVirtual(java.lang.Object, java.lang.Object)'> (0x0000000083cfe388) 
thrown [s\src\hotspot\share\interpreter\linkResolver.cpp, line 759]
Event: 12.267 Thread 0x0000025c3647f670 Exception <a 'java/lang/NoSuchMethodError'{0x000000008343e490}: 'java.lang.Object java.lang.invoke.DirectMethodHandle$Holder.newInvokeSpecial(java.lang.Object, java.lang.Object, int, int)'> (0x000000008343e490) 
thrown [s\src\hotspot\share\interpreter\linkResolver.cpp, line 759]
Event: 12.268 Thread 0x0000025c3647f670 Exception <a 'java/lang/NoSuchMethodError'{0x0000000083442718}: 'java.lang.Object java.lang.invoke.DirectMethodHandle$Holder.invokeSpecial(java.lang.Object, java.lang.Object, java.lang.Object, int, int)'> (0x0000000083442718) 
thrown [s\src\hotspot\share\interpreter\linkResolver.cpp, line 759]
Event: 12.270 Thread 0x0000025c3647f670 Exception <a 'java/lang/NoSuchMethodError'{0x000000008344e0f0}: 'void java.lang.invoke.DirectMethodHandle$Holder.invokeStatic(java.lang.Object, java.lang.Object, int)'> (0x000000008344e0f0) 
thrown [s\src\hotspot\share\interpreter\linkResolver.cpp, line 759]
Event: 12.323 Thread 0x0000025c3647f670 Exception <a 'java/lang/NoSuchMethodError'{0x00000000833b48b0}: 'void java.lang.invoke.DirectMethodHandle$Holder.invokeStatic(java.lang.Object, java.lang.Object, java.lang.Object, java.lang.Object, java.lang.Object, java.lang.Object, java.lang.Object)'> (0x00000000833b48b0) 
thrown [s\src\hotspot\share\interpreter\linkResolver.cpp, line 759]
Event: 12.370 Thread 0x0000025c54efeea0 Exception <a 'java/lang/NoSuchMethodError'{0x00000000831b31e8}: 'java.lang.Object java.lang.invoke.DirectMethodHandle$Holder.invokeSpecial(java.lang.Object, java.lang.Object, java.lang.Object, java.lang.Object, int)'> (0x00000000831b31e8) 
thrown [s\src\hotspot\share\interpreter\linkResolver.cpp, line 759]
Event: 12.370 Thread 0x0000025c54efeea0 Exception <a 'java/lang/NoSuchMethodError'{0x00000000831b68f0}: 'java.lang.Object java.lang.invoke.Invokers$Holder.linkToTargetMethod(java.lang.Object, java.lang.Object, int, java.lang.Object)'> (0x00000000831b68f0) 
thrown [s\src\hotspot\share\interpreter\linkResolver.cpp, line 759]
Event: 12.479 Thread 0x0000025c54efeea0 Exception <a 'java/lang/NoSuchMethodError'{0x0000000085cb9970}: 'int java.lang.invoke.DirectMethodHandle$Holder.invokeSpecialIFC(java.lang.Object, java.lang.Object, java.lang.Object, java.lang.Object, java.lang.Object)'> (0x0000000085cb9970) 
thrown [s\src\hotspot\share\interpreter\linkResolver.cpp, line 759]
Event: 28.339 Thread 0x0000025c54efcb30 Exception <a 'sun/net/ConnectionResetException'{0x0000000085c90d10}: Connection reset> (0x0000000085c90d10) 
thrown [s\src\hotspot\share\prims\jni.cpp, line 535]
Event: 28.386 Thread 0x0000025c3647f670 Exception <a 'java/lang/ClassNotFoundException'{0x0000000085a6db70}: sun/misc/SharedSecrets> (0x0000000085a6db70) 
thrown [s\src\hotspot\share\classfile\systemDictionary.cpp, line 256]
Event: 28.399 Thread 0x0000025c3647f670 Exception <a 'java/lang/ClassNotFoundException'{0x00000000859313f8}: com/kms/katalon/core/model/FailureHandlingBeanInfo> (0x00000000859313f8) 
thrown [s\src\hotspot\share\classfile\systemDictionary.cpp, line 256]
Event: 28.406 Thread 0x0000025c3647f670 Exception <a 'java/lang/ClassNotFoundException'{0x000000008595c188}: com/kms/katalon/core/model/FailureHandlingCustomizer> (0x000000008595c188) 
thrown [s\src\hotspot\share\classfile\systemDictionary.cpp, line 256]

VM Operations (20 events):
Event: 11.568 Executing VM operation: HandshakeAllThreads
Event: 11.568 Executing VM operation: HandshakeAllThreads done
Event: 11.568 Executing VM operation: Cleanup
Event: 11.568 Executing VM operation: Cleanup done
Event: 11.819 Executing VM operation: HandshakeAllThreads
Event: 11.819 Executing VM operation: HandshakeAllThreads done
Event: 11.916 Executing VM operation: HandshakeAllThreads
Event: 11.916 Executing VM operation: HandshakeAllThreads done
Event: 12.177 Executing VM operation: HandshakeAllThreads
Event: 12.177 Executing VM operation: HandshakeAllThreads done
Event: 12.178 Executing VM operation: HandshakeAllThreads
Event: 12.178 Executing VM operation: HandshakeAllThreads done
Event: 12.180 Executing VM operation: HandshakeAllThreads
Event: 12.180 Executing VM operation: HandshakeAllThreads done
Event: 12.429 Executing VM operation: G1CollectForAllocation
Event: 12.451 Executing VM operation: G1CollectForAllocation done
Event: 13.464 Executing VM operation: Cleanup
Event: 13.464 Executing VM operation: Cleanup done
Event: 28.509 Executing VM operation: Cleanup
Event: 28.510 Executing VM operation: Cleanup done

Memory protections (0 events):
No events

Nmethod flushes (20 events):
Event: 11.074 Thread 0x0000025c4f8edfc0 flushing  nmethod 0x0000025c3a14a790
Event: 11.074 Thread 0x0000025c4f8edfc0 flushing  nmethod 0x0000025c3a15b790
Event: 11.074 Thread 0x0000025c4f8edfc0 flushing  nmethod 0x0000025c3a15c290
Event: 11.074 Thread 0x0000025c4f8edfc0 flushing  nmethod 0x0000025c3a15c810
Event: 11.074 Thread 0x0000025c4f8edfc0 flushing  nmethod 0x0000025c3a160790
Event: 11.074 Thread 0x0000025c4f8edfc0 flushing  nmethod 0x0000025c3a171a10
Event: 11.074 Thread 0x0000025c4f8edfc0 flushing osr nmethod 0x0000025c3a177e90
Event: 11.074 Thread 0x0000025c4f8edfc0 flushing  nmethod 0x0000025c3a179c90
Event: 11.074 Thread 0x0000025c4f8edfc0 flushing  nmethod 0x0000025c3a190990
Event: 11.074 Thread 0x0000025c4f8edfc0 flushing  nmethod 0x0000025c3a190e10
Event: 11.074 Thread 0x0000025c4f8edfc0 flushing  nmethod 0x0000025c3a19cd90
Event: 11.074 Thread 0x0000025c4f8edfc0 flushing  nmethod 0x0000025c3a19d410
Event: 11.074 Thread 0x0000025c4f8edfc0 flushing  nmethod 0x0000025c3a1b9910
Event: 11.074 Thread 0x0000025c4f8edfc0 flushing  nmethod 0x0000025c3a1bb490
Event: 11.074 Thread 0x0000025c4f8edfc0 flushing  nmethod 0x0000025c3a1ef290
Event: 11.075 Thread 0x0000025c4f8edfc0 flushing  nmethod 0x0000025c3a228c90
Event: 11.075 Thread 0x0000025c4f8edfc0 flushing  nmethod 0x0000025c3a229590
Event: 11.075 Thread 0x0000025c4f8edfc0 flushing  nmethod 0x0000025c3a22cf10
Event: 11.075 Thread 0x0000025c4f8edfc0 flushing  nmethod 0x0000025c3a22dc90
Event: 11.075 Thread 0x0000025c4f8edfc0 flushing  nmethod 0x0000025c3a230b90

Events (20 events):
Event: 1.584 Thread 0x0000025c4fb4d6a0 Thread added: 0x0000025c542de9f0
Event: 4.651 Thread 0x0000025c542de9f0 Thread exited: 0x0000025c542de9f0
Event: 4.809 Thread 0x0000025c4fb59870 Thread added: 0x0000025c55f0c6e0
Event: 4.987 Thread 0x0000025c55f0c6e0 Thread exited: 0x0000025c55f0c6e0
Event: 5.132 Thread 0x0000025c4fb59870 Thread added: 0x0000025c55d25640
Event: 11.446 Thread 0x0000025c3647f670 Thread added: 0x0000025c557eba80
Event: 11.949 Thread 0x0000025c3647f670 Thread added: 0x0000025c54efcb30
Event: 12.041 Thread 0x0000025c3647f670 Thread added: 0x0000025c54efe480
Event: 12.045 Thread 0x0000025c3647f670 Thread added: 0x0000025c54efd040
Event: 12.046 Thread 0x0000025c3647f670 Thread added: 0x0000025c54efacd0
Event: 12.061 Thread 0x0000025c54efd040 Thread added: 0x0000025c54efd550
Event: 12.179 Thread 0x0000025c54efd550 Thread added: 0x0000025c54efe990
Event: 12.348 Thread 0x0000025c3647f670 Thread added: 0x0000025c54efeea0
Event: 12.483 Thread 0x0000025c54efcb30 Thread added: 0x0000025c54eff8c0
Event: 17.183 Thread 0x0000025c54efe990 Thread exited: 0x0000025c54efe990
Event: 17.626 Thread 0x0000025c55d25640 Thread exited: 0x0000025c55d25640
Event: 28.338 Thread 0x0000025c54efe480 Thread exited: 0x0000025c54efe480
Event: 28.443 Thread 0x0000025c4fb59870 Thread added: 0x0000025c56d925c0
Event: 28.774 Thread 0x0000025c56d925c0 Thread exited: 0x0000025c56d925c0
Event: 28.813 Thread 0x0000025c4fb59870 Thread added: 0x0000025c56d925c0


Dynamic libraries:
0x00007ff6ea940000 - 0x00007ff6ea94e000 	C:\Users\W I N D O W S\.katalon\packages\KS-10.1.1\jre\bin\javaw.exe
0x00007ffdf32f0000 - 0x00007ffdf34e8000 	C:\Windows\SYSTEM32\ntdll.dll
0x00007ffdf1b70000 - 0x00007ffdf1c32000 	C:\Windows\System32\KERNEL32.DLL
0x00007ffdf0e50000 - 0x00007ffdf114f000 	C:\Windows\System32\KERNELBASE.dll
0x00007ffdf0c70000 - 0x00007ffdf0d70000 	C:\Windows\System32\ucrtbase.dll
0x00007ffde8570000 - 0x00007ffde8587000 	C:\Users\W I N D O W S\.katalon\packages\KS-10.1.1\jre\bin\jli.dll
0x00007ffdf30d0000 - 0x00007ffdf326d000 	C:\Windows\System32\USER32.dll
0x00007ffdf0ae0000 - 0x00007ffdf0b02000 	C:\Windows\System32\win32u.dll
0x00007ffdf3270000 - 0x00007ffdf329b000 	C:\Windows\System32\GDI32.dll
0x00007ffdf1180000 - 0x00007ffdf129a000 	C:\Windows\System32\gdi32full.dll
0x00007ffdf0a40000 - 0x00007ffdf0add000 	C:\Windows\System32\msvcp_win.dll
0x00007ffde8550000 - 0x00007ffde856e000 	C:\Users\W I N D O W S\.katalon\packages\KS-10.1.1\jre\bin\VCRUNTIME140.dll
0x00007ffdde5e0000 - 0x00007ffdde87a000 	C:\Windows\WinSxS\amd64_microsoft.windows.common-controls_6595b64144ccf1df_6.0.19041.4355_none_60b8b9eb71f62e16\COMCTL32.dll
0x00007ffdf24d0000 - 0x00007ffdf256e000 	C:\Windows\System32\msvcrt.dll
0x00007ffdf1310000 - 0x00007ffdf133f000 	C:\Windows\System32\IMM32.DLL
0x00007ffde8540000 - 0x00007ffde854c000 	C:\Users\W I N D O W S\.katalon\packages\KS-10.1.1\jre\bin\vcruntime140_1.dll
0x00007ffdd8580000 - 0x00007ffdd860d000 	C:\Users\W I N D O W S\.katalon\packages\KS-10.1.1\jre\bin\msvcp140.dll
0x00007ffd978e0000 - 0x00007ffd9854b000 	C:\Users\W I N D O W S\.katalon\packages\KS-10.1.1\jre\bin\server\jvm.dll
0x00007ffdf1c40000 - 0x00007ffdf1cef000 	C:\Windows\System32\ADVAPI32.dll
0x00007ffdf1d70000 - 0x00007ffdf1e0f000 	C:\Windows\System32\sechost.dll
0x00007ffdf18f0000 - 0x00007ffdf1a13000 	C:\Windows\System32\RPCRT4.dll
0x00007ffdf1150000 - 0x00007ffdf1177000 	C:\Windows\System32\bcrypt.dll
0x00007ffdf2460000 - 0x00007ffdf24cb000 	C:\Windows\System32\WS2_32.dll
0x00007ffdeff20000 - 0x00007ffdeff6b000 	C:\Windows\SYSTEM32\POWRPROF.dll
0x00007ffdde930000 - 0x00007ffdde957000 	C:\Windows\SYSTEM32\WINMM.dll
0x00007ffde8180000 - 0x00007ffde818a000 	C:\Windows\SYSTEM32\VERSION.dll
0x00007ffdefd90000 - 0x00007ffdefda2000 	C:\Windows\SYSTEM32\UMPDC.dll
0x00007ffdee810000 - 0x00007ffdee822000 	C:\Windows\SYSTEM32\kernel.appcore.dll
0x00007ffdec5c0000 - 0x00007ffdec5ca000 	C:\Users\W I N D O W S\.katalon\packages\KS-10.1.1\jre\bin\jimage.dll
0x00007ffdda1b0000 - 0x00007ffdda394000 	C:\Windows\SYSTEM32\DBGHELP.DLL
0x00007ffdd6b60000 - 0x00007ffdd6b94000 	C:\Windows\SYSTEM32\dbgcore.DLL
0x00007ffdf0d70000 - 0x00007ffdf0df2000 	C:\Windows\System32\bcryptPrimitives.dll
0x00007ffdea650000 - 0x00007ffdea675000 	C:\Users\W I N D O W S\.katalon\packages\KS-10.1.1\jre\bin\java.dll
0x00007ffdead40000 - 0x00007ffdead58000 	C:\Users\W I N D O W S\.katalon\packages\KS-10.1.1\jre\bin\zip.dll
0x00007ffdf2960000 - 0x00007ffdf30cd000 	C:\Windows\System32\SHELL32.dll
0x00007ffdeea10000 - 0x00007ffdef1b4000 	C:\Windows\SYSTEM32\windows.storage.dll
0x00007ffdf2600000 - 0x00007ffdf2955000 	C:\Windows\System32\combase.dll
0x00007ffdf03c0000 - 0x00007ffdf03eb000 	C:\Windows\SYSTEM32\Wldp.dll
0x00007ffdf1550000 - 0x00007ffdf161d000 	C:\Windows\System32\OLEAUT32.dll
0x00007ffdf2290000 - 0x00007ffdf233d000 	C:\Windows\System32\SHCORE.dll
0x00007ffdf25a0000 - 0x00007ffdf25f5000 	C:\Windows\System32\shlwapi.dll
0x00007ffdf08c0000 - 0x00007ffdf08e5000 	C:\Windows\SYSTEM32\profapi.dll
0x00007ffdeab70000 - 0x00007ffdeab89000 	C:\Users\W I N D O W S\.katalon\packages\KS-10.1.1\jre\bin\net.dll
0x00007ffde5940000 - 0x00007ffde5a4a000 	C:\Windows\SYSTEM32\WINHTTP.dll
0x00007ffdf0120000 - 0x00007ffdf018c000 	C:\Windows\system32\mswsock.dll
0x00007ffdeab20000 - 0x00007ffdeab36000 	C:\Users\W I N D O W S\.katalon\packages\KS-10.1.1\jre\bin\nio.dll
0x00007ffdeabb0000 - 0x00007ffdeabc0000 	C:\Users\W I N D O W S\.katalon\packages\KS-10.1.1\jre\bin\verify.dll
0x00007ffdeabc0000 - 0x00007ffdeabc9000 	C:\Users\W I N D O W S\.katalon\packages\KS-10.1.1\jre\bin\extnet.dll
0x00007ffdefdf0000 - 0x00007ffdefeba000 	C:\Windows\SYSTEM32\DNSAPI.dll
0x00007ffdefdb0000 - 0x00007ffdefdeb000 	C:\Windows\SYSTEM32\IPHLPAPI.DLL
0x00007ffdf32a0000 - 0x00007ffdf32a8000 	C:\Windows\System32\NSI.dll
0x0000000074320000 - 0x0000000074346000 	C:\Program Files\Bonjour\mdnsNSP.dll
0x00007ffddc290000 - 0x00007ffddc29a000 	C:\Windows\System32\rasadhlp.dll
0x00007ffddc3d0000 - 0x00007ffddc450000 	C:\Windows\System32\fwpuclnt.dll
0x00007ffdf0320000 - 0x00007ffdf0338000 	C:\Windows\SYSTEM32\CRYPTSP.dll
0x00007ffdef9d0000 - 0x00007ffdefa08000 	C:\Windows\system32\rsaenh.dll
0x00007ffdf0840000 - 0x00007ffdf086e000 	C:\Windows\SYSTEM32\USERENV.dll
0x00007ffdf0310000 - 0x00007ffdf031c000 	C:\Windows\SYSTEM32\CRYPTBASE.dll
0x00007ffde6d90000 - 0x00007ffde6da7000 	C:\Windows\SYSTEM32\dhcpcsvc6.DLL
0x00007ffde7d20000 - 0x00007ffde7d3d000 	C:\Windows\SYSTEM32\dhcpcsvc.DLL
0x00007ffdeabd0000 - 0x00007ffdeabde000 	C:\Users\W I N D O W S\.katalon\packages\KS-10.1.1\jre\bin\sunmscapi.dll
0x00007ffdf0b10000 - 0x00007ffdf0c6c000 	C:\Windows\System32\CRYPT32.dll
0x00007ffdf0430000 - 0x00007ffdf0457000 	C:\Windows\SYSTEM32\ncrypt.dll
0x00007ffdf03f0000 - 0x00007ffdf042b000 	C:\Windows\SYSTEM32\NTASN1.dll
0x00007ffdeaaa0000 - 0x00007ffdeaaa7000 	C:\Windows\system32\wshunix.dll
0x00007ffdc05c0000 - 0x00007ffdc05d7000 	C:\Windows\system32\napinsp.dll
0x00007ffdc05a0000 - 0x00007ffdc05bb000 	C:\Windows\system32\pnrpnsp.dll
0x00007ffdecec0000 - 0x00007ffdeced5000 	C:\Windows\system32\wshbth.dll
0x00007ffdea870000 - 0x00007ffdea88d000 	C:\Windows\system32\NLAapi.dll
0x00007ffdc0580000 - 0x00007ffdc0592000 	C:\Windows\System32\winrnr.dll

dbghelp: loaded successfully - version: 4.0.5 - missing functions: none
symbol engine: initialized successfully - sym options: 0x614 - pdb path: .;C:\Users\W I N D O W S\.katalon\packages\KS-10.1.1\jre\bin;C:\Windows\SYSTEM32;C:\Windows\WinSxS\amd64_microsoft.windows.common-controls_6595b64144ccf1df_6.0.19041.4355_none_60b8b9eb71f62e16;C:\Users\W I N D O W S\.katalon\packages\KS-10.1.1\jre\bin\server;C:\Program Files\Bonjour

VM Arguments:
jvm_args: -Dgroovy.home=C:\Users\W I N D O W S/.groovy -Djava.system.class.loader=groovy.lang.GroovyClassLoader -Xmx2048m -Dfile.encoding=UTF-8 -XX:+ShowCodeDetailsInExceptionMessages 
java_command: org.codehaus.groovy.tools.GroovyStarter --classpath C:\Users\W I N D O W S\Katalon Studio\coba_1\bin\keyword;C:\Users\W I N D O W S\Katalon Studio\coba_1\Keywords;C:\Users\W I N D O W S\Katalon Studio\coba_1\bin\listener;C:\Users\W I N D O W S\Katalon Studio\coba_1\Test Listeners;C:\Users\W I N D O W S\Katalon Studio\coba_1\bin\lib;C:\Users\W I N D O W S\Katalon Studio\coba_1\Libs;C:\Users\W I N D O W S\Katalon Studio\coba_1\bin\groovy;C:\Users\W I N D O W S\Katalon Studio\coba_1\Include\scripts\groovy;C:\Users\W I N D O W S\.katalon\packages\KS-10.1.1\plugins\com.kms.katalon.core_1.0.0.202503120557.jar;C:\Users\W I N D O W S\.katalon\packages\KS-10.1.1\configuration\resources\lib\aalto-xml-1.0.0.jar;C:\Users\W I N D O W S\.katalon\packages\KS-10.1.1\configuration\resources\lib\aspectjweaver-1.9.1.jar;C:\Users\W I N D O W S\.katalon\packages\KS-10.1.1\configuration\resources\lib\aws-2.20.3-fat.jar;C:\Users\W I N D O W S\.katalon\packages\KS-10.1.1\configuration\resources\lib\bcpkix-jdk15on-1.64.jar;C:\Users\W I N D O W S\.katalon\packages\KS-10.1.1\configuration\resources\lib\bcprov-jdk15on-1.64.jar;C:\Users\W I N D O W S\.katalon\packages\KS-10.1.1\configuration\resources\lib\browsermob-core-2.1.5.jar;C:\Users\W I N D O W S\.katalon\packages\KS-10.1.1\configuration\resources\lib\byte-buddy-1.14.3.jar;C:\Users\W I N D O W S\.katalon\packages\KS-10.1.1\configuration\resources\lib\byte-buddy-agent-1.14.3.jar;C:\Users\W I N D O W S\.katalon\packages\KS-10.1.1\configuration\resources\lib\cglib-3.2.10.jar;C:\Users\W I N D O W S\.katalon\packages\KS-10.1.1\configuration\resources\lib\commons-codec-1.10.jar;C:\Users\W I N D O W S\.katalon\packages\KS-10.1.1\configuration\resources\lib\commons-collections4-4.1.jar;C:\Users\W I N D O W S\.katalon\packages\KS-10.1.1\configuration\resources\lib\commons-validator-1.6.jar;C:\Users\W I N D O W S\.katalon\packages\KS-10.1.1\configuration\resources\lib\curvesapi-1.04.jar;C:\Users\W I N D O W S\.katalon\packages\KS-1
java_class_path (initial): C:\Users\W I N D O W S\Katalon Studio\coba_1\bin\keyword;C:\Users\W I N D O W S\Katalon Studio\coba_1\bin\listener;C:\Users\W I N D O W S\Katalon Studio\coba_1\bin\lib;C:\Users\W I N D O W S\Katalon Studio\coba_1\bin\groovy;C:\Users\W I N D O W S\Katalon Studio\coba_1\bin;C:\Users\W I N D O W S\.katalon\packages\KS-10.1.1\plugins\com.kms.katalon.core_1.0.0.202503120557.jar;C:\Users\W I N D O W S\.katalon\packages\KS-10.1.1\configuration\resources\lib\aalto-xml-1.0.0.jar;C:\Users\W I N D O W S\.katalon\packages\KS-10.1.1\configuration\resources\lib\aspectjweaver-1.9.1.jar;C:\Users\W I N D O W S\.katalon\packages\KS-10.1.1\configuration\resources\lib\aws-2.20.3-fat.jar;C:\Users\W I N D O W S\.katalon\packages\KS-10.1.1\configuration\resources\lib\bcpkix-jdk15on-1.64.jar;C:\Users\W I N D O W S\.katalon\packages\KS-10.1.1\configuration\resources\lib\bcprov-jdk15on-1.64.jar;C:\Users\W I N D O W S\.katalon\packages\KS-10.1.1\configuration\resources\lib\browsermob-core-2.1.5.jar;C:\Users\W I N D O W S\.katalon\packages\KS-10.1.1\configuration\resources\lib\byte-buddy-1.14.3.jar;C:\Users\W I N D O W S\.katalon\packages\KS-10.1.1\configuration\resources\lib\byte-buddy-agent-1.14.3.jar;C:\Users\W I N D O W S\.katalon\packages\KS-10.1.1\configuration\resources\lib\cglib-3.2.10.jar;C:\Users\W I N D O W S\.katalon\packages\KS-10.1.1\configuration\resources\lib\commons-codec-1.10.jar;C:\Users\W I N D O W S\.katalon\packages\KS-10.1.1\configuration\resources\lib\commons-collections4-4.1.jar;C:\Users\W I N D O W S\.katalon\packages\KS-10.1.1\configuration\resources\lib\commons-validator-1.6.jar;C:\Users\W I N D O W S\.katalon\packages\KS-10.1.1\configuration\resources\lib\curvesapi-1.04.jar;C:\Users\W I N D O W S\.katalon\packages\KS-10.1.1\configuration\resources\lib\dnsjava-3.6.2.jar;C:\Users\W I N D O W S\.katalon\packages\KS-10.1.1\configuration\resources\lib\groovy-3.0.17.jar;C:\Users\W I N D O W S\.katalon\packages\KS-10.1.1\configuration\resource
Launcher Type: SUN_STANDARD

[Global flags]
     intx CICompilerCount                          = 3                                         {product} {ergonomic}
     uint ConcGCThreads                            = 1                                         {product} {ergonomic}
     uint G1ConcRefinementThreads                  = 4                                         {product} {ergonomic}
   size_t G1HeapRegionSize                         = 1048576                                   {product} {ergonomic}
    uintx GCDrainStackTargetSize                   = 64                                        {product} {ergonomic}
   size_t InitialHeapSize                          = 67108864                                  {product} {ergonomic}
   size_t MarkStackSize                            = 4194304                                   {product} {ergonomic}
   size_t MaxHeapSize                              = 2147483648                                {product} {command line}
   size_t MaxNewSize                               = 1287651328                                {product} {ergonomic}
   size_t MinHeapDeltaBytes                        = 1048576                                   {product} {ergonomic}
   size_t MinHeapSize                              = 8388608                                   {product} {ergonomic}
    uintx NonNMethodCodeHeapSize                   = 5832780                                {pd product} {ergonomic}
    uintx NonProfiledCodeHeapSize                  = 122912730                              {pd product} {ergonomic}
    uintx ProfiledCodeHeapSize                     = 122912730                              {pd product} {ergonomic}
    uintx ReservedCodeCacheSize                    = 251658240                              {pd product} {ergonomic}
     bool SegmentedCodeCache                       = true                                      {product} {ergonomic}
     bool ShowCodeDetailsInExceptionMessages       = true                                   {manageable} {command line}
   size_t SoftMaxHeapSize                          = 2147483648                             {manageable} {ergonomic}
     bool UseCompressedClassPointers               = true                           {product lp64_product} {ergonomic}
     bool UseCompressedOops                        = true                           {product lp64_product} {ergonomic}
     bool UseG1GC                                  = true                                      {product} {ergonomic}
     bool UseLargePagesIndividualAllocation        = false                                  {pd product} {ergonomic}

Logging:
Log output configuration:
 #0: stdout all=warning uptime,level,tags
 #1: stderr all=off uptime,level,tags

Environment Variables:
PATH=C:/Users/W I N D O W S/.katalon/packages/KS-10.1.1/jre/bin/server;C:/Users/W I N D O W S/.katalon/packages/KS-10.1.1/jre/bin;C:\Program Files\Eclipse Adoptium\jdk-17.0.3.7-hotspot\bin;C:\Program Files (x86)\Intel\iCLS Client\;C:\Program Files\Intel\iCLS Client\;C:\Program Files (x86)\Common Files\Oracle\Java\javapath;C:\Windows\system32;C:\Windows;C:\Windows\System32\Wbem;C:\Windows\System32\WindowsPowerShell\v1.0\;C:\Windows\System32\OpenSSH\;C:\Program Files (x86)\Intel\Intel(R) Management Engine Components\DAL;C:\Program Files\Intel\Intel(R) Management Engine Components\DAL;C:\Program Files (x86)\Intel\Intel(R) Management Engine Components\IPT;C:\Program Files\Intel\Intel(R) Management Engine Components\IPT;D:\flutter\flutter\flutter_windows_2.10.5-stable\flutter\bin;C:\Program Files\Git\cmd;C:\xampp\php;C:\ProgramData\ComposerSetup\bin;D:\chromedriver-win64;C:\Users\W I N D O W S\AppData\Local\Programs\Python\Python312\Scripts\;C:\Users\W I N D O W S\AppData\Local\Programs\Python\Python312\;C:\Users\W I N D O W S\AppData\Local\Programs\Python\Launcher\;C:\Users\W I N D O W S\AppData\Local\Microsoft\WindowsApps;C:\Users\W I N D O W S\AppData\Local\GitHubDesktop\bin;C:\Users\W I N D O W S\AppData\Roaming\Composer\vendor\bin;C:\Users\W I N D O W S\AppData\Local\Programs\Microsoft VS Code\bin;D:\flutter\flutter\flutter_windows_2.10.5-stable\flutter\bin;;C:\Users\W I N D O W S\.katalon\packages\KS-10.1.1;
USERNAME=W I N D O W S
OS=Windows_NT
PROCESSOR_IDENTIFIER=Intel64 Family 6 Model 61 Stepping 4, GenuineIntel
TMP=C:\Users\WINDOW~1\AppData\Local\Temp
TEMP=C:\Users\WINDOW~1\AppData\Local\Temp



Periodic native trim disabled


---------------  S Y S T E M  ---------------

OS:
 Windows 10 , 64 bit Build 19041 (10.0.19041.5438)
OS uptime: 0 days 6:38 hours

CPU: total 4 (initial active 4) (2 cores per cpu, 2 threads per core) family 6 model 61 stepping 4 microcode 0x2d, cx8, cmov, fxsr, ht, mmx, 3dnowpref, sse, sse2, sse3, ssse3, sse4.1, sse4.2, popcnt, lzcnt, tsc, tscinvbit, avx, avx2, aes, erms, clmul, bmi1, bmi2, adx, fma, vzeroupper, clflush
Processor Information for all 4 processors :
  Max Mhz: 2201, Current Mhz: 2201, Mhz Limit: 2201

Memory: 4k page, system-wide physical 4018M (638M free)
TotalPageFile size 10275M (AvailPageFile size 5M)
current process WorkingSet (physical memory assigned to process): 241M, peak: 244M
current process commit charge ("private bytes"): 269M, peak: 271M

vm_info: OpenJDK 64-Bit Server VM (17.0.14+7) for windows-amd64 JRE (17.0.14+7), built on Jan 21 2025 23:40:15 by "admin" with MS VC++ 17.7 (VS2022)

END.
