#
# There is insufficient memory for the Java Runtime Environment to continue.
# Native memory allocation (malloc) failed to allocate 1364016 bytes. Error detail: Chunk::new
# Possible reasons:
#   The system is out of physical RAM or swap space
#   This process is running with CompressedOops enabled, and the Java Heap may be blocking the growth of the native heap
# Possible solutions:
#   Reduce memory load on the system
#   Increase physical memory or swap space
#   Check if swap backing store is full
#   Decrease Java heap size (-Xmx/-Xms)
#   Decrease number of Java threads
#   Decrease Java thread stack sizes (-Xss)
#   Set larger code cache with -XX:ReservedCodeCacheSize=
#   JVM is running with Unscaled Compressed Oops mode in which the Java heap is
#     placed in the first 4GB address space. The Java Heap base address is the
#     maximum limit for the native heap growth. Please use -XX:HeapBaseMinAddress
#     to set the Java Heap base and to place the Java Heap above 4GB virtual address.
# This output file may be truncated or incomplete.
#
#  Out of Memory Error (arena.cpp:191), pid=15272, tid=12652
#
# JRE version: OpenJDK Runtime Environment Temurin-17.0.14+7 (17.0.14+7) (build 17.0.14+7)
# Java VM: OpenJDK 64-Bit Server VM Temurin-17.0.14+7 (17.0.14+7, mixed mode, tiered, compressed oops, compressed class ptrs, g1 gc, windows-amd64)
# No core dump will be written. Minidumps are not enabled by default on client versions of Windows
#

---------------  S U M M A R Y ------------

Command Line: -Dgroovy.home=C:\Users\W I N D O W S/.groovy -Djava.system.class.loader=groovy.lang.GroovyClassLoader -Xmx2048m -Dfile.encoding=UTF-8 -XX:+ShowCodeDetailsInExceptionMessages org.codehaus.groovy.tools.GroovyStarter --classpath C:\Users\W I N D O W S\Katalon Studio\coba_1\bin\keyword;C:\Users\W I N D O W S\Katalon Studio\coba_1\Keywords;C:\Users\W I N D O W S\Katalon Studio\coba_1\bin\listener;C:\Users\W I N D O W S\Katalon Studio\coba_1\Test Listeners;C:\Users\W I N D O W S\Katalon Studio\coba_1\bin\lib;C:\Users\W I N D O W S\Katalon Studio\coba_1\Libs;C:\Users\W I N D O W S\Katalon Studio\coba_1\bin\groovy;C:\Users\W I N D O W S\Katalon Studio\coba_1\Include\scripts\groovy;C:\Users\W I N D O W S\.katalon\packages\KS-10.1.1\plugins\com.kms.katalon.core_1.0.0.202503120557.jar;C:\Users\W I N D O W S\.katalon\packages\KS-10.1.1\configuration\resources\lib\aalto-xml-1.0.0.jar;C:\Users\W I N D O W S\.katalon\packages\KS-10.1.1\configuration\resources\lib\aspectjweaver-1.9.1.jar;C:\Users\W I N D O W S\.katalon\packages\KS-10.1.1\configuration\resources\lib\aws-2.20.3-fat.jar;C:\Users\W I N D O W S\.katalon\packages\KS-10.1.1\configuration\resources\lib\bcpkix-jdk15on-1.64.jar;C:\Users\W I N D O W S\.katalon\packages\KS-10.1.1\configuration\resources\lib\bcprov-jdk15on-1.64.jar;C:\Users\W I N D O W S\.katalon\packages\KS-10.1.1\configuration\resources\lib\browsermob-core-2.1.5.jar;C:\Users\W I N D O W S\.katalon\packages\KS-10.1.1\configuration\resources\lib\byte-buddy-1.14.3.jar;C:\Users\W I N D O W S\.katalon\packages\KS-10.1.1\configuration\resources\lib\byte-buddy-agent-1.14.3.jar;C:\Users\W I N D O W S\.katalon\packages\KS-10.1.1\configuration\resources\lib\cglib-3.2.10.jar;C:\Users\W I N D O W S\.katalon\packages\KS-10.1.1\configuration\resources\lib\commons-codec-1.10.jar;C:\Users\W I N D O W S\.katalon\packages\KS-10.1.1\configuration\resources\lib\commons-collections4-4.1.jar;C:\Users\W I N D O W S\.katalon\packages\KS-10.1.1\configuration\resources\lib\commons-validator-1.6.jar;C:\Users\W I N D O W S\.katalon\packages\KS-10.1.1\configuration\resources\lib\curvesapi-1.04.jar;C:\Users\W I N D O W S\.katalon\packages\KS-10.1.1\configuration\resources\lib\dnsjava-3.6.2.jar;C:\Users\W I N D O W S\.katalon\packages\KS-10.1.1\configuration\resources\lib\groovy-3.0.17.jar;C:\Users\W I N D O W S\.katalon\packages\KS-10.1.1\configuration\resources\lib\jackson-coreutils-2.0.jar;C:\Users\W I N D O W S\.katalon\packages\KS-10.1.1\configuration\resources\lib\jackson-coreutils-equivalence-1.0.jar;C:\Users\W I N D O W S\.katalon\packages\KS-10.1.1\configuration\resources\lib\java-client-9.2.3.jar;C:\Users\W I N D O W S\.katalon\packages\KS-10.1.1\configuration\resources\lib\javax.servlet-api_3.1.0.jar;C:\Users\W I N D O W S\.katalon\packages\KS-10.1.1\configuration\resources\lib\jna-5.12.1.jar;C:\Users\W I N D O W S\.katalon\packages\KS-10.1.1\configuration\resources\lib\jna-platform-5.12.1.jar;C:\Users\W I N D O W S\.katalon\packages\KS-10.1.1\configuration\resources\lib\json-schema-core-1.2.14.jar;C:\Users\W I N D O W S\.katalon\packages\KS-10.1.1\configuration\resources\lib\json-schema-validator-2.2.14.jar;C:\Users\W I N D O W S\.katalon\packages\KS-10.1.1\configuration\resources\lib\jzlib-1.1.3.jar;C:\Users\W I N D O W S\.katalon\packages\KS-10.1.1\configuration\resources\lib\kat-server.jar;C:\Users\W I N D O W S\.katalon\packages\KS-10.1.1\configuration\resources\lib\littleproxy-1.1.0-beta-bmp-17.jar;C:\Users\W I N D O W S\.katalon\packages\KS-10.1.1\configuration\resources\lib\log4j-1.2-api-2.17.1.jar;C:\Users\W I N D O W S\.katalon\packages\KS-10.1.1\configuration\resources\lib\log4j-api-2.17.1.jar;C:\Users\W I N D O W S\.katalon\packages\KS-10.1.1\configuration\resources\lib\log4j-core-2.17.1.jar;C:\Users\W I N D O W S\.katalon\packages\KS-10.1.1\configuration\resources\lib\mitm-2.1.5.jar;C:\Users\W I N D O W S\.katalon\packages\KS-10.1.1\configuration\resources\lib\mockito-core-5.2.0.jar;C:\Users\W I N D O W S\.katalon\packages\KS-10.1.1\configuration\resources\lib\mockito-inline-5.2.0.jar;C:\Users\W I N D O W S\.katalon\packages\KS-10.1.1\configuration\resources\lib\netty-all-4.1.109.Final.jar;C:\Users\W I N D O W S\.katalon\packages\KS-10.1.1\configuration\resources\lib\objenesis-3.3.jar;C:\Users\W I N D O W S\.katalon\packages\KS-10.1.1\configuration\resources\lib\poi-3.17.jar;C:\Users\W I N D O W S\.katalon\packages\KS-10.1.1\configuration\resources\lib\poi-ooxml-3.17.jar;C:\Users\W I N D O W S\.katalon\packages\KS-10.1.1\configuration\resources\lib\poi-ooxml-schemas-3.17.jar;C:\Users\W I N D O W S\.katalon\packages\KS-10.1.1\configuration\resources\lib\proxy-vole-1.1.5-jar-with-dependencies.jar;C:\Users\W I N D O W S\.katalon\packages\KS-10.1.1\configuration\resources\lib\repackaged-sikuli-api-1.0.2-standalone.jar;C:\Users\W I N D O W S\.katalon\packages\KS-10.1.1\configuration\resources\lib\selenium-server-4.22.0.jar;C:\Users\W I N D O W S\.katalon\packages\KS-10.1.1\configuration\resources\lib\selenium-shutterbug-1.1.jar;C:\Users\W I N D O W S\.katalon\packages\KS-10.1.1\configuration\resources\lib\slf4j-api-1.7.25.jar;C:\Users\W I N D O W S\.katalon\packages\KS-10.1.1\configuration\resources\lib\soap-builder-1.0.0.jar;C:\Users\W I N D O W S\.katalon\packages\KS-10.1.1\configuration\resources\lib\soap-common-1.0.0.jar;C:\Users\W I N D O W S\.katalon\packages\KS-10.1.1\configuration\resources\lib\soap-legacy-1.0.0.jar;C:\Users\W I N D O W S\.katalon\packages\KS-10.1.1\configuration\resources\lib\spring-context-5.3.19.jar;C:\Users\W I N D O W S\.katalon\packages\KS-10.1.1\configuration\resources\lib\stax2-api-4.0.0.jar;C:\Users\W I N D O W S\.katalon\packages\KS-10.1.1\configuration\resources\lib\su.jar;C:\Users\W I N D O W S\.katalon\packages\KS-10.1.1\configuration\resources\lib\swagger-parser-1.0.67-fat.jar;C:\Users\W I N D O W S\.katalon\packages\KS-10.1.1\configuration\resources\lib\testng-7.8.0.jar;C:\Users\W I N D O W S\.katalon\packages\KS-10.1.1\configuration\resources\lib\uri-template-0.1.jar;C:\Users\W I N D O W S\.katalon\packages\KS-10.1.1\configuration\resources\lib\wadl.jar;C:\Users\W I N D O W S\.katalon\packages\KS-10.1.1\configuration\resources\lib\xmlbeans-3.1.0.jar;C:\Users\W I N D O W S\.katalon\packages\KS-10.1.1\plugins\net.sf.supercsv.super-csv_2.1.0.jar;C:\Users\W I N D O W S\.katalon\packages\KS-10.1.1\plugins\org.apache.commons.commons-io_2.15.1.jar;C:\Users\W I N D O W S\.katalon\packages\KS-10.1.1\plugins\org.apache.commons.lang_2.6.0.jar;C:\Users\W I N D O W S\.katalon\packages\KS-10.1.1\plugins\com.google.gson_2.10.1.v20230109-0753.jar;C:\Users\W I N D O W S\.katalon\packages\KS-10.1.1\plugins\org.jsoup_1.14.3.jar;C:\Users\W I N D O W S\.katalon\packages\KS-10.1.1\plugins\org.apache.commons.dbutils_1.6.0.jar;C:\Users\W I N D O W S\.katalon\packages\KS-10.1.1\plugins\com.oracle.jdbc.ojdbc7_12.1.0.2.jar;C:\Users\W I N D O W S\.katalon\packages\KS-10.1.1\plugins\org.postgresql.jdbc_42.7.3.jar;c:\Users\W I N D O W S\.katalon\packages\KS-10.1.1\plugins\org.eclipse.osgi_3.18.300.v20230220-1352.jar;C:\Users\W I N D O W S\.katalon\packages\KS-10.1.1\plugins\com.kms.katalon.constant_1.0.0.202503120557.jar;C:\Users\W I N D O W S\.katalon\packages\KS-10.1.1\plugins\org.eclipse.persistence.eclipselink_2.7.11.jar;C:\Users\W I N D O W S\.katalon\packages\KS-10.1.1\plugins\com.kms.katalon.selenium-standalone_1.0.0.202503120557.jar;C:\Users\W I N D O W S\.katalon\packages\KS-10.1.1\plugins\atu.testrecorder.screen-recorder_2.1.0.jar;C:\Users\W I N D O W S\.katalon\packages\KS-10.1.1\plugins\com.google.guava_32.0.0.jre.jar;C:\Users\W I N D O W S\.katalon\packages\KS-10.1.1\plugins\com.kms.katalon.util_1.0.0.202503120557.jar;C:\Users\W I N D O W S\.katalon\packages\KS-10.1.1\plugins\org.apache.httpcomponents.httpclient_4.5.14.v20221207-1049.jar;C:\Users\W I N D O W S\.katalon\packages\KS-10.1.1\plugins\org.apache.httpcomponents.httpcore_4.4.16.v20221207-1049.jar;C:\Users\W I N D O W S\.katalon\packages\KS-10.1.1\plugins\org.apache.httpcomponents.httpmime_4.5.13.jar;C:\Users\W I N D O W S\.katalon\packages\KS-10.1.1\plugins\org.apache.commons.lang3_3.14.0.jar;C:\Users\W I N D O W S\.katalon\packages\KS-10.1.1\plugins\org.greenrobot.eventbus_3.1.1.jar;C:\Users\W I N D O W S\.katalon\packages\KS-10.1.1\plugins\net.bytebuddy.byte-buddy_1.14.15.jar;C:\Users\W I N D O W S\.katalon\packages\KS-10.1.1\plugins\org.junit_4.13.2.v20211018-1956.jar;C:\Users\W I N D O W S\.katalon\packages\KS-10.1.1\plugins\com.fasterxml.jackson.core.jackson-databind_2.17.2.jar;C:\Users\W I N D O W S\.katalon\packages\KS-10.1.1\plugins\com.fasterxml.jackson.core.jackson-core_2.17.2.jar;C:\Users\W I N D O W S\.katalon\packages\KS-10.1.1\plugins\com.fasterxml.jackson.core.jackson-annotations_2.17.2.jar;C:\Users\W I N D O W S\.katalon\packages\KS-10.1.1\plugins\ch.qos.logback.classic_1.2.13.jar;C:\Users\W I N D O W S\.katalon\packages\KS-10.1.1\plugins\ch.qos.logback.core_1.2.13.jar;C:\Users\W I N D O W S\.katalon\packages\KS-10.1.1\plugins\slf4j.api_1.7.36.jar;C:\Users\W I N D O W S\.katalon\packages\KS-10.1.1\plugins\org.fusesource.jansi_1.17.1.jar;C:\Users\W I N D O W S\.katalon\packages\KS-10.1.1\plugins\com.kms.katalon.netlightbody_1.0.0.202503120557.jar;C:\Users\W I N D O W S\.katalon\packages\KS-10.1.1\plugins\com.kms.katalon.poi_1.0.0.202503120557.jar;C:\Users\W I N D O W S\.katalon\packages\KS-10.1.1\plugins\org.apache.commons.commons-text_1.10.0.jar;C:\Users\W I N D O W S\.katalon\packages\KS-10.1.1\plugins\com.kms.katalon.proxyvole_1.0.0.202503120557.jar;C:\Users\W I N D O W S\.katalon\packages\KS-10.1.1\plugins\com.microsoft.sqlserver.mssql-jdbc_6.2.2.jre8.jar;C:\Users\W I N D O W S\.katalon\packages\KS-10.1.1\plugins\com.github.kklisura.cdt.java-client_2.1.0.jar;C:\Users\W I N D O W S\.katalon\packages\KS-10.1.1\plugins\javax.websocket-api_1.1.0.jar;C:\Users\W I N D O W S\.katalon\packages\KS-10.1.1\plugins\org.glassfish.tyrus.container-grizzly-client_1.13.1.jar;C:\Users\W I N D O W S\.katalon\packages\KS-10.1.1\plugins\org.glassfish.grizzly.http-server_2.3.25.jar;C:\Users\W I N D O W S\.katalon\packages\KS-10.1.1\plugins\org.glassfish.grizzly.framework_2.3.25.jar;C:\Users\W I N D O W S\.katalon\packages\KS-10.1.1\plugins\org.glassfish.grizzly.http_2.3.25.jar;C:\Users\W I N D O W S\.katalon\packages\KS-10.1.1\plugins\org.glassfish.tyrus.client_1.13.1.jar;C:\Users\W I N D O W S\.katalon\packages\KS-10.1.1\plugins\org.glassfish.tyrus.core_1.13.1.jar;C:\Users\W I N D O W S\.katalon\packages\KS-10.1.1\plugins\org.glassfish.tyrus.spi_1.13.1.jar;C:\Users\W I N D O W S\.katalon\packages\KS-10.1.1\plugins\javassist_3.28.0.GA.jar;C:\Users\W I N D O W S\.katalon\packages\KS-10.1.1\plugins\graphql-java_22.3.0.jar;C:\Users\W I N D O W S\.katalon\packages\KS-10.1.1\plugins\org.glassfish.jaxb.runtime_2.3.6.jar;C:\Users\W I N D O W S\.katalon\packages\KS-10.1.1\plugins\org.glassfish.jaxb.txw2_2.3.6.jar;C:\Users\W I N D O W S\.katalon\packages\KS-10.1.1\plugins\org.dom4j_2.1.4.jar;C:\Users\W I N D O W S\.katalon\packages\KS-10.1.1\plugins\com.kms.katalon.groovy-extended_1.0.0.202503120557.jar;C:\Users\W I N D O W S\.katalon\packages\KS-10.1.1\plugins\com.sun.activation.javax.activation_1.2.0.jar;C:\Users\W I N D O W S\.katalon\packages\KS-10.1.1\plugins\jakarta.xml.bind-api_2.3.3.jar;C:\Users\W I N D O W S\.katalon\packages\KS-10.1.1\plugins\com.sun.xml.bind.jaxb-impl_2.3.6.jar;C:\Users\W I N D O W S\.katalon\packages\KS-10.1.1\plugins\org.eclipse.jface_3.29.0.v20230214-1401.jar;C:\Users\W I N D O W S\.katalon\packages\KS-10.1.1\plugins\com.kms.katalon.logging_1.0.0.202503120557.jar;C:\Users\W I N D O W S\.katalon\packages\KS-10.1.1\plugins\json_20240303.0.0.jar;C:\Users\W I N D O W S\.katalon\packages\KS-10.1.1\plugins\assertj-core_3.25.3.jar;C:\Users\W I N D O W S\.katalon\packages\KS-10.1.1\plugins\com.networknt.json-schema-validator_1.0.66.jar;C:\Users\W I N D O W S\.katalon\packages\KS-10.1.1\plugins\com.kms.katalon.network.apache_1.0.0.202503120557.jar;C:\Users\W I N D O W S\.katalon\packages\KS-10.1.1\plugins\java-dataloader_3.3.0.jar;C:\Users\W I N D O W S\.katalon\packages\KS-10.1.1\plugins\org.apache.commons.logging_1.2.0.v20180409-1502.jar;C:\Users\W I N D O W S\.katalon\packages\KS-10.1.1\plugins\org.hamcrest.core_1.3.0.v20180420-1519.jar;C:\Users\W I N D O W S\.katalon\packages\KS-10.1.1\plugins\org.beanshell.bsh_2.0.0.0b4.jar;C:\Users\W I N D O W S\.katalon\packages\KS-10.1.1\plugins\org.apache.ant.launcher_1.9.6.jar;C:\Users\W I N D O W S\.katalon\packages\KS-10.1.1\plugins\com.kms.katalon.core.appium_1.0.0.202503120557.jar;C:\Users\W I N D O W S\.katalon\packages\KS-10.1.1\plugins\com.kms.katalon.api_1.0.0.202503120557.jar;C:\Users\W I N D O W S\.katalon\packages\KS-10.1.1\plugins\org.eclipse.equinox.common_3.17.100.v20230202-1341.jar;C:\Users\W I N D O W S\.katalon\packages\KS-10.1.1\plugins\com.kms.katalon.platform.core_1.0.0.202503120557.jar;C:\Users\W I N D O W S\.katalon\packages\KS-10.1.1\plugins\com.kms.katalon.common_1.0.0.202503120557.jar;C:\Users\W I N D O W S\.katalon\packages\KS-10.1.1\plugins\com.kms.katalon.session.core_1.0.0.202503120557.jar;C:\Users\W I N D O W S\.katalon\packages\KS-10.1.1\plugins\org.eclipse.e4.core.contexts_1.11.0.v20220716-0839.jar;C:\Users\W I N D O W S\.katalon\packages\KS-10.1.1\plugins\javax.inject_1.0.0.v20220405-0441.jar;C:\Users\W I N D O W S\.katalon\packages\KS-10.1.1\plugins\org.eclipse.e4.core.di_1.8.300.v20220817-1539.jar;C:\Users\W I N D O W S\.katalon\packages\KS-10.1.1\plugins\com.kms.katalon.network.core_1.0.0.202503120557.jar;C:\Users\W I N D O W S\.katalon\packages\KS-10.1.1\plugins\com.kms.katalon.execution.core_1.0.0.202503120557.jar;C:\Users\W I N D O W S\.katalon\packages\KS-10.1.1\plugins\org.eclipse.equinox.registry_3.11.200.v20220817-1601.jar;C:\Users\W I N D O W S\.katalon\packages\KS-10.1.1\plugins\dev.failsafe_3.3.2.jar;C:\Users\W I N D O W S\.katalon\packages\KS-10.1.1\plugins\com.fasterxml.jackson.datatype.jackson-datatype-jsr310_2.17.2.jar;C:\Users\W I N D O W S\.katalon\packages\KS-10.1.1\plugins\org.eclipse.e4.core.di.annotations_1.7.200.v20220613-1008.jar;C:\Users\W I N D O W S\.katalon\packages\KS-10.1.1\plugins\com.kms.katalon.core.webui_1.0.0.202503120557.jar;C:\Users\W I N D O W S\.katalon\packages\KS-10.1.1\plugins\org.eclipse.e4.core.services_2.3.400.v20220915-1347.jar;C:\Users\W I N D O W S\.katalon\packages\KS-10.1.1\plugins\com.kms.katalon.core.mobile_1.0.0.202503120557.jar;C:\Users\W I N D O W S\.katalon\packages\KS-10.1.1\plugins\org.apache.commons.commons-validator_1.7.0.jar;C:\Users\W I N D O W S\.katalon\packages\KS-10.1.1\plugins\com.kms.katalon.core.cucumber_1.0.0.202503120557.jar;C:\Users\W I N D O W S\.katalon\packages\KS-10.1.1\plugins\io.cucumber.core_3.0.3.jar;C:\Users\W I N D O W S\.katalon\packages\KS-10.1.1\plugins\io.cucumber.datatable_1.1.15.jar;C:\Users\W I N D O W S\.katalon\packages\KS-10.1.1\plugins\io.cucumber.datatable-dependencies_1.1.15.jar;C:\Users\W I N D O W S\.katalon\packages\KS-10.1.1\plugins\io.cucumber.expressions_5.0.19.jar;C:\Users\W I N D O W S\.katalon\packages\KS-10.1.1\plugins\io.cucumber.gherkin_5.0.0.jar;C:\Users\W I N D O W S\.katalon\packages\KS-10.1.1\plugins\io.cucumber.html_0.2.7.jar;C:\Users\W I N D O W S\.katalon\packages\KS-10.1.1\plugins\io.cucumber.java_3.0.3.jar;C:\Users\W I N D O W S\.katalon\packages\KS-10.1.1\plugins\io.cucumber.tag-expressions_1.1.1.jar;C:\Users\W I N D O W S\.katalon\packages\KS-10.1.1\plugins\io.cucumber.junit_3.0.3.jar;C:\Users\W I N D O W S\.katalon\packages\KS-10.1.1\plugins\com.kms.katalon.core.webservice_1.0.0.202503120557.jar;C:\Users\W I N D O W S\.katalon\packages\KS-10.1.1\plugins\wsdl4j_1.6.2.jar;C:\Users\W I N D O W S\.katalon\packages\KS-10.1.1\plugins\com.google.oauth-client.google-oauth-client_1.22.0.jar;C:\Users\W I N D O W S\.katalon\packages\KS-10.1.1\plugins\com.google.http-client.google-http-client_1.22.0.jar;C:\Users\W I N D O W S\.katalon\packages\KS-10.1.1\plugins\com.kms.katalon.preferences_1.0.0.202503120557.jar;C:\Users\W I N D O W S\.katalon\packages\KS-10.1.1\plugins\org.apache.xmlbeans_3.1.0.jar;C:\Users\W I N D O W S\.katalon\packages\KS-10.1.1\plugins\com.kms.katalon.entity_1.0.0.202503120557.jar;C:\Users\W I N D O W S\.katalon\packages\KS-10.1.1\plugins\jakarta.xml.ws-api_2.3.3.jar;C:\Users\W I N D O W S\.katalon\packages\KS-10.1.1\plugins\javax.xml.soap-api_1.4.0.jar;C:\Users\W I N D O W S\.katalon\packages\KS-10.1.1\plugins\com.atlassian.oai.swagger-request-validator-core_2.38.0.jar;C:\Users\W I N D O W S\.katalon\packages\KS-10.1.1\plugins\io.swagger.compat-spec-parser_1.0.67.jar;C:\Users\W I N D O W S\.katalon\packages\KS-10.1.1\plugins\io.swagger.core.v3.swagger-annotations_2.2.14.jar;C:\Users\W I N D O W S\.katalon\packages\KS-10.1.1\plugins\io.swagger.core.v3.swagger-core_2.2.14.jar;C:\Users\W I N D O W S\.katalon\packages\KS-10.1.1\plugins\io.swagger.core.v3.swagger-models_2.2.14.jar;C:\Users\W I N D O W S\.katalon\packages\KS-10.1.1\plugins\io.swagger.parser.v3.swagger-parser-core_2.1.16.jar;C:\Users\W I N D O W S\.katalon\packages\KS-10.1.1\plugins\io.swagger.parser.v3.swagger-parser-v2-converter_2.1.16.jar;C:\Users\W I N D O W S\.katalon\packages\KS-10.1.1\plugins\com.github.java-json-tools.btf_1.3.0.jar;C:\Users\W I N D O W S\.katalon\packages\KS-10.1.1\plugins\com.fasterxml.jackson.dataformat.jackson-dataformat-yaml_2.17.1.jar;C:\Users\W I N D O W S\.katalon\packages\KS-10.1.1\plugins\org.yaml.snakeyaml_2.2.0.jar;C:\Users\W I N D O W S\.katalon\packages\KS-10.1.1\plugins\com.github.java-json-tools.msg-simple_1.2.0.jar;C:\Users\W I N D O W S\.katalon\packages\KS-10.1.1\plugins\jackson-core-asl_1.9.13.jar;C:\Users\W I N D O W S\.katalon\packages\KS-10.1.1\plugins\joda-time_2.10.5.jar;C:\Users\W I N D O W S\.katalon\packages\KS-10.1.1\plugins\javax.mail-api_1.6.2.jar;C:\Users\W I N D O W S\.katalon\packages\KS-10.1.1\plugins\com.googlecode.libphonenumber_8.11.1.jar;C:\Users\W I N D O W S\.katalon\packages\KS-10.1.1\plugins\com.google.guava.failureaccess_1.0.1.jar;C:\Users\W I N D O W S\.katalon\packages\KS-10.1.1\plugins\io.swagger.parser.v3.swagger-parser_2.1.16.jar;C:\Users\W I N D O W S\.katalon\packages\KS-10.1.1\plugins\io.swagger.parser.v3.swagger-parser-v3_2.1.16.jar;C:\Users\W I N D O W S\.katalon\packages\KS-10.1.1\plugins\io.swagger.parser_1.0.67.jar;C:\Users\W I N D O W S\.katalon\packages\KS-10.1.1\plugins\com.narupley.not-going-to-be-commons-ssl_0.3.20.jar;C:\Users\W I N D O W S\.katalon\packages\KS-10.1.1\plugins\com.kms.katalon.core.windows_1.0.0.202503120557.jar;C:\Users\W I N D O W S\.katalon\packages\KS-10.1.1\plugins\com.sun.jna_5.13.0.jar;C:\Users\W I N D O W S\.katalon\packages\KS-10.1.1\plugins\com.sun.jna.platform_5.13.0.jar;C:\Users\W I N D O W S\.katalon\packages\KS-10.1.1\plugins\com.kms.katalon.core.testng_1.0.0.202503120557.jar;C:\Users\W I N D O W S\.katalon\packages\KS-10.1.1\configuration\org.eclipse.osgi\33\0\.cp\resources\basic-report\katalon-studio-report-plugin.jar;C:\Users\W I N D O W S\.katalon\packages\KS-10.1.1\plugins\org.codehaus.groovy_3.0.17.v202303311542-e2303\lib\groovy-3.0.17-indy.jar;C:\Users\W I N D O W S\.katalon\packages\KS-10.1.1\plugins\org.codehaus.groovy_3.0.17.v202303311542-e2303\lib\ivy-2.5.1.jar --main groovy.ui.GroovyMain --encoding UTF-8 --indy C:\Users\W I N D O W S\Katalon Studio\coba_1\Libs\TempTestCase1744266966567.groovy

Host: Intel(R) Core(TM) i5-5200U CPU @ 2.20GHz, 4 cores, 3G,  Windows 10 , 64 bit Build 19041 (10.0.19041.5438)
Time: Thu Apr 10 13:36:21 2025 SE Asia Standard Time elapsed time: 13.189752 seconds (0d 0h 0m 13s)

---------------  T H R E A D  ---------------

Current thread (0x00000238c19baab0):  JavaThread "C2 CompilerThread0" daemon [_thread_in_native, id=12652, stack(0x0000008d3ad00000,0x0000008d3ae00000)]


Current CompileTask:
C2:  13189 4993  s!   4       jdk.internal.loader.URLClassPath::getLoader (194 bytes)

Stack: [0x0000008d3ad00000,0x0000008d3ae00000]
Native frames: (J=compiled Java code, j=interpreted, Vv=VM code, C=native code)
V  [jvm.dll+0x682eb9]
V  [jvm.dll+0x8399c8]
V  [jvm.dll+0x83b473]
V  [jvm.dll+0x83bae3]
V  [jvm.dll+0x24715f]
V  [jvm.dll+0xace44]
V  [jvm.dll+0xad4dc]
V  [jvm.dll+0x365b5e]
V  [jvm.dll+0x32fd58]
V  [jvm.dll+0x32f1da]
V  [jvm.dll+0x21814f]
V  [jvm.dll+0x21758f]
V  [jvm.dll+0x1a3150]
V  [jvm.dll+0x22799c]
V  [jvm.dll+0x225afb]
V  [jvm.dll+0x7ef128]
V  [jvm.dll+0x7e948c]
V  [jvm.dll+0x681d97]
C  [ucrtbase.dll+0x21bb2]
C  [KERNEL32.DLL+0x17374]
C  [ntdll.dll+0x4cc91]


---------------  P R O C E S S  ---------------

Threads class SMR info:
_java_thread_list=0x00000238c6768c50, length=20, elements={
0x00000238a82ef0c0, 0x00000238c1994620, 0x00000238c1996050, 0x00000238c1753650,
0x00000238c19b4020, 0x00000238c19b8900, 0x00000238c19b91d0, 0x00000238c19baab0,
0x00000238c1a1d330, 0x00000238c1a20000, 0x00000238c1c69010, 0x00000238c6cf9010,
0x00000238c65f25a0, 0x00000238c9734e20, 0x00000238c6a12240, 0x00000238c9014480,
0x00000238c9734870, 0x00000238c7729f70, 0x00000238c685afe0, 0x00000238c685ba00
}

Java Threads: ( => current thread )
  0x00000238a82ef0c0 JavaThread "Forwarding newSession on session null to remote" [_thread_in_vm, id=14764, stack(0x0000008d3a000000,0x0000008d3a100000)]
  0x00000238c1994620 JavaThread "Reference Handler" daemon [_thread_blocked, id=15052, stack(0x0000008d3a700000,0x0000008d3a800000)]
  0x00000238c1996050 JavaThread "Finalizer" daemon [_thread_blocked, id=6292, stack(0x0000008d3a800000,0x0000008d3a900000)]
  0x00000238c1753650 JavaThread "Signal Dispatcher" daemon [_thread_blocked, id=4392, stack(0x0000008d3a900000,0x0000008d3aa00000)]
  0x00000238c19b4020 JavaThread "Attach Listener" daemon [_thread_blocked, id=7132, stack(0x0000008d3aa00000,0x0000008d3ab00000)]
  0x00000238c19b8900 JavaThread "Service Thread" daemon [_thread_blocked, id=13348, stack(0x0000008d3ab00000,0x0000008d3ac00000)]
  0x00000238c19b91d0 JavaThread "Monitor Deflation Thread" daemon [_thread_blocked, id=3656, stack(0x0000008d3ac00000,0x0000008d3ad00000)]
=>0x00000238c19baab0 JavaThread "C2 CompilerThread0" daemon [_thread_in_native, id=12652, stack(0x0000008d3ad00000,0x0000008d3ae00000)]
  0x00000238c1a1d330 JavaThread "C1 CompilerThread0" daemon [_thread_blocked, id=8644, stack(0x0000008d3ae00000,0x0000008d3af00000)]
  0x00000238c1a20000 JavaThread "Sweeper thread" daemon [_thread_blocked, id=11236, stack(0x0000008d3af00000,0x0000008d3b000000)]
  0x00000238c1c69010 JavaThread "Common-Cleaner" daemon [_thread_blocked, id=14992, stack(0x0000008d3b000000,0x0000008d3b100000)]
  0x00000238c6cf9010 JavaThread "Notification Thread" daemon [_thread_blocked, id=10652, stack(0x0000008d3b300000,0x0000008d3b400000)]
  0x00000238c65f25a0 JavaThread "C2 CompilerThread1" daemon [_thread_in_native, id=4956, stack(0x0000008d3b200000,0x0000008d3b300000)]
  0x00000238c9734e20 JavaThread "ForkJoinPool.commonPool-worker-1" daemon [_thread_blocked, id=8260, stack(0x0000008d3b700000,0x0000008d3b800000)]
  0x00000238c6a12240 JavaThread "HttpClient-1-SelectorManager" daemon [_thread_in_native, id=14792, stack(0x0000008d3b800000,0x0000008d3b900000)]
  0x00000238c9014480 JavaThread "External Process Output Forwarder - C:\Users\W I N D O W S\.katalon\packages\KS-10.1.1\configuration\resources\drivers\chromedriver_win32\chromedriver.exe" daemon [_thread_in_native, id=9472, stack(0x0000008d3b900000,0x0000008d3ba00000)]
  0x00000238c9734870 JavaThread "Driver Service Executor" daemon [_thread_blocked, id=11920, stack(0x0000008d3ba00000,0x0000008d3bb00000)]
  0x00000238c7729f70 JavaThread "Driver Service Executor" daemon [_thread_in_native, id=9528, stack(0x0000008d3bb00000,0x0000008d3bc00000)]
  0x00000238c685afe0 JavaThread "UrlChecker-2" daemon [_thread_blocked, id=13792, stack(0x0000008d3bc00000,0x0000008d3bd00000)]
  0x00000238c685ba00 JavaThread "Keep-Alive-Timer" daemon [_thread_blocked, id=3228, stack(0x0000008d3be00000,0x0000008d3bf00000)]

Other Threads:
  0x00000238c173b520 VMThread "VM Thread" [stack: 0x0000008d3a600000,0x0000008d3a700000] [id=4760]
  0x00000238c602dc80 WatcherThread [stack: 0x0000008d3b400000,0x0000008d3b500000] [id=13484]
  0x00000238a8357210 GCTaskThread "GC Thread#0" [stack: 0x0000008d3a100000,0x0000008d3a200000] [id=5904]
  0x00000238c1c77a30 GCTaskThread "GC Thread#1" [stack: 0x0000008d3b100000,0x0000008d3b200000] [id=14672]
  0x00000238c6926020 GCTaskThread "GC Thread#2" [stack: 0x0000008d3b500000,0x0000008d3b600000] [id=15268]
  0x00000238c6f224f0 GCTaskThread "GC Thread#3" [stack: 0x0000008d3b600000,0x0000008d3b700000] [id=14976]
  0x00000238a8368070 ConcurrentGCThread "G1 Main Marker" [stack: 0x0000008d3a200000,0x0000008d3a300000] [id=11564]
  0x00000238a8369280 ConcurrentGCThread "G1 Conc#0" [stack: 0x0000008d3a300000,0x0000008d3a400000] [id=5560]
  0x00000238c15977d0 ConcurrentGCThread "G1 Refine#0" [stack: 0x0000008d3a400000,0x0000008d3a500000] [id=12920]
  0x00000238c15989f0 ConcurrentGCThread "G1 Service" [stack: 0x0000008d3a500000,0x0000008d3a600000] [id=1724]

Threads with active compile tasks:
C2 CompilerThread0    13254 4993  s!   4       jdk.internal.loader.URLClassPath::getLoader (194 bytes)
C2 CompilerThread1    13254 4995       4       sun.security.provider.SHA2::implCompress0 (490 bytes)

VM state: not at safepoint (normal execution)

VM Mutex/Monitor currently owned by a thread: None

Heap address: 0x0000000080000000, size: 2048 MB, Compressed Oops mode: 32-bit

CDS archive(s) not mapped
Compressed class space mapped at: 0x0000000100000000-0x0000000140000000, reserved size: 1073741824
Narrow klass base: 0x0000000000000000, Narrow klass shift: 3, Narrow klass range: 0x140000000

GC Precious Log:
 CPUs: 4 total, 4 available
 Memory: 4018M
 Large Page Support: Disabled
 NUMA Support: Disabled
 Compressed Oops: Enabled (32-bit)
 Heap Region Size: 1M
 Heap Min Capacity: 8M
 Heap Initial Capacity: 64M
 Heap Max Capacity: 2G
 Pre-touch: Disabled
 Parallel Workers: 4
 Concurrent Workers: 1
 Concurrent Refinement Workers: 4
 Periodic GC: Disabled

Heap:
 garbage-first heap   total 95232K, used 67125K [0x0000000080000000, 0x0000000100000000)
  region size 1024K, 35 young (35840K), 4 survivors (4096K)
 Metaspace       used 41798K, committed 42304K, reserved 1114112K
  class space    used 4499K, committed 4736K, reserved 1048576K

Heap Regions: E=young(eden), S=young(survivor), O=old, HS=humongous(starts), HC=humongous(continues), CS=collection set, F=free, OA=open archive, CA=closed archive, TAMS=top-at-mark-start (previous, next)
|   0|0x0000000080000000, 0x0000000080100000, 0x0000000080100000|100%|HS|  |TAMS 0x0000000080100000, 0x0000000080000000| Complete 
|   1|0x0000000080100000, 0x0000000080200000, 0x0000000080200000|100%|HS|  |TAMS 0x0000000080200000, 0x0000000080100000| Complete 
|   2|0x0000000080200000, 0x0000000080300000, 0x0000000080300000|100%|HC|  |TAMS 0x0000000080300000, 0x0000000080200000| Complete 
|   3|0x0000000080300000, 0x0000000080400000, 0x0000000080400000|100%|HC|  |TAMS 0x0000000080400000, 0x0000000080300000| Complete 
|   4|0x0000000080400000, 0x0000000080500000, 0x0000000080500000|100%| O|  |TAMS 0x0000000080500000, 0x0000000080400000| Untracked 
|   5|0x0000000080500000, 0x0000000080600000, 0x0000000080600000|100%| O|  |TAMS 0x0000000080600000, 0x0000000080500000| Untracked 
|   6|0x0000000080600000, 0x0000000080700000, 0x0000000080700000|100%| O|  |TAMS 0x0000000080700000, 0x0000000080600000| Untracked 
|   7|0x0000000080700000, 0x0000000080800000, 0x0000000080800000|100%| O|  |TAMS 0x0000000080800000, 0x0000000080700000| Untracked 
|   8|0x0000000080800000, 0x0000000080900000, 0x0000000080900000|100%| O|  |TAMS 0x0000000080900000, 0x0000000080800000| Untracked 
|   9|0x0000000080900000, 0x0000000080a00000, 0x0000000080a00000|100%| O|  |TAMS 0x0000000080a00000, 0x0000000080900000| Untracked 
|  10|0x0000000080a00000, 0x0000000080b00000, 0x0000000080b00000|100%| O|  |TAMS 0x0000000080b00000, 0x0000000080a00000| Untracked 
|  11|0x0000000080b00000, 0x0000000080c00000, 0x0000000080c00000|100%|HS|  |TAMS 0x0000000080c00000, 0x0000000080b00000| Complete 
|  12|0x0000000080c00000, 0x0000000080d00000, 0x0000000080d00000|100%| O|  |TAMS 0x0000000080d00000, 0x0000000080c00000| Untracked 
|  13|0x0000000080d00000, 0x0000000080e00000, 0x0000000080e00000|100%| O|  |TAMS 0x0000000080e00000, 0x0000000080d00000| Untracked 
|  14|0x0000000080e00000, 0x0000000080f00000, 0x0000000080f00000|100%| O|  |TAMS 0x0000000080f00000, 0x0000000080e00000| Untracked 
|  15|0x0000000080f00000, 0x0000000081000000, 0x0000000081000000|100%| O|  |TAMS 0x0000000081000000, 0x0000000080f00000| Untracked 
|  16|0x0000000081000000, 0x0000000081100000, 0x0000000081100000|100%| O|  |TAMS 0x0000000081100000, 0x0000000081000000| Untracked 
|  17|0x0000000081100000, 0x0000000081200000, 0x0000000081200000|100%| O|  |TAMS 0x0000000081200000, 0x0000000081100000| Untracked 
|  18|0x0000000081200000, 0x0000000081300000, 0x0000000081300000|100%| O|  |TAMS 0x0000000081300000, 0x0000000081200000| Untracked 
|  19|0x0000000081300000, 0x0000000081400000, 0x0000000081400000|100%| O|  |TAMS 0x0000000081400000, 0x0000000081300000| Untracked 
|  20|0x0000000081400000, 0x0000000081500000, 0x0000000081500000|100%| O|  |TAMS 0x0000000081500000, 0x0000000081400000| Untracked 
|  21|0x0000000081500000, 0x0000000081600000, 0x0000000081600000|100%| O|  |TAMS 0x0000000081600000, 0x0000000081500000| Untracked 
|  22|0x0000000081600000, 0x0000000081700000, 0x0000000081700000|100%| O|  |TAMS 0x0000000081700000, 0x0000000081600000| Untracked 
|  23|0x0000000081700000, 0x0000000081800000, 0x0000000081800000|100%| O|  |TAMS 0x0000000081800000, 0x0000000081700000| Untracked 
|  24|0x0000000081800000, 0x0000000081900000, 0x0000000081900000|100%| O|  |TAMS 0x0000000081900000, 0x0000000081800000| Untracked 
|  25|0x0000000081900000, 0x0000000081a00000, 0x0000000081a00000|100%| O|  |TAMS 0x0000000081a00000, 0x0000000081900000| Untracked 
|  26|0x0000000081a00000, 0x0000000081b00000, 0x0000000081b00000|100%| O|  |TAMS 0x0000000081b00000, 0x0000000081a00000| Untracked 
|  27|0x0000000081b00000, 0x0000000081c00000, 0x0000000081c00000|100%| O|  |TAMS 0x0000000081c00000, 0x0000000081b00000| Untracked 
|  28|0x0000000081c00000, 0x0000000081d00000, 0x0000000081d00000|100%| O|  |TAMS 0x0000000081cf1e00, 0x0000000081c00000| Untracked 
|  29|0x0000000081d00000, 0x0000000081e00000, 0x0000000081e00000|100%| O|  |TAMS 0x0000000081d00000, 0x0000000081d00000| Untracked 
|  30|0x0000000081e00000, 0x0000000081f00000, 0x0000000081f00000|100%| O|  |TAMS 0x0000000081e00000, 0x0000000081e00000| Untracked 
|  31|0x0000000081f00000, 0x0000000081f8d600, 0x0000000082000000| 55%| O|  |TAMS 0x0000000081f00000, 0x0000000081f00000| Untracked 
|  32|0x0000000082000000, 0x0000000082000000, 0x0000000082100000|  0%| F|  |TAMS 0x0000000082000000, 0x0000000082000000| Untracked 
|  33|0x0000000082100000, 0x0000000082100000, 0x0000000082200000|  0%| F|  |TAMS 0x0000000082100000, 0x0000000082100000| Untracked 
|  34|0x0000000082200000, 0x0000000082200000, 0x0000000082300000|  0%| F|  |TAMS 0x0000000082200000, 0x0000000082200000| Untracked 
|  35|0x0000000082300000, 0x0000000082300000, 0x0000000082400000|  0%| F|  |TAMS 0x0000000082300000, 0x0000000082300000| Untracked 
|  36|0x0000000082400000, 0x0000000082400000, 0x0000000082500000|  0%| F|  |TAMS 0x0000000082400000, 0x0000000082400000| Untracked 
|  37|0x0000000082500000, 0x0000000082500000, 0x0000000082600000|  0%| F|  |TAMS 0x0000000082500000, 0x0000000082500000| Untracked 
|  38|0x0000000082600000, 0x0000000082600000, 0x0000000082700000|  0%| F|  |TAMS 0x0000000082600000, 0x0000000082600000| Untracked 
|  39|0x0000000082700000, 0x0000000082700000, 0x0000000082800000|  0%| F|  |TAMS 0x0000000082700000, 0x0000000082700000| Untracked 
|  40|0x0000000082800000, 0x0000000082800000, 0x0000000082900000|  0%| F|  |TAMS 0x0000000082800000, 0x0000000082800000| Untracked 
|  41|0x0000000082900000, 0x0000000082900000, 0x0000000082a00000|  0%| F|  |TAMS 0x0000000082900000, 0x0000000082900000| Untracked 
|  42|0x0000000082a00000, 0x0000000082a00000, 0x0000000082b00000|  0%| F|  |TAMS 0x0000000082a00000, 0x0000000082a00000| Untracked 
|  43|0x0000000082b00000, 0x0000000082b00000, 0x0000000082c00000|  0%| F|  |TAMS 0x0000000082b00000, 0x0000000082b00000| Untracked 
|  44|0x0000000082c00000, 0x0000000082c00000, 0x0000000082d00000|  0%| F|  |TAMS 0x0000000082c00000, 0x0000000082c00000| Untracked 
|  45|0x0000000082d00000, 0x0000000082d00000, 0x0000000082e00000|  0%| F|  |TAMS 0x0000000082d00000, 0x0000000082d00000| Untracked 
|  46|0x0000000082e00000, 0x0000000082e00000, 0x0000000082f00000|  0%| F|  |TAMS 0x0000000082e00000, 0x0000000082e00000| Untracked 
|  47|0x0000000082f00000, 0x0000000082f00000, 0x0000000083000000|  0%| F|  |TAMS 0x0000000082f00000, 0x0000000082f00000| Untracked 
|  48|0x0000000083000000, 0x0000000083000000, 0x0000000083100000|  0%| F|  |TAMS 0x0000000083000000, 0x0000000083000000| Untracked 
|  49|0x0000000083100000, 0x0000000083100000, 0x0000000083200000|  0%| F|  |TAMS 0x0000000083100000, 0x0000000083100000| Untracked 
|  50|0x0000000083200000, 0x0000000083200000, 0x0000000083300000|  0%| F|  |TAMS 0x0000000083200000, 0x0000000083200000| Untracked 
|  51|0x0000000083300000, 0x0000000083300000, 0x0000000083400000|  0%| F|  |TAMS 0x0000000083300000, 0x0000000083300000| Untracked 
|  52|0x0000000083400000, 0x0000000083400000, 0x0000000083500000|  0%| F|  |TAMS 0x0000000083400000, 0x0000000083400000| Untracked 
|  53|0x0000000083500000, 0x0000000083500000, 0x0000000083600000|  0%| F|  |TAMS 0x0000000083500000, 0x0000000083500000| Untracked 
|  54|0x0000000083600000, 0x0000000083600000, 0x0000000083700000|  0%| F|  |TAMS 0x0000000083600000, 0x0000000083600000| Untracked 
|  55|0x0000000083700000, 0x0000000083700000, 0x0000000083800000|  0%| F|  |TAMS 0x0000000083700000, 0x0000000083700000| Untracked 
|  56|0x0000000083800000, 0x0000000083800000, 0x0000000083900000|  0%| F|  |TAMS 0x0000000083800000, 0x0000000083800000| Untracked 
|  57|0x0000000083900000, 0x0000000083900000, 0x0000000083a00000|  0%| F|  |TAMS 0x0000000083900000, 0x0000000083900000| Untracked 
|  58|0x0000000083a00000, 0x0000000083ae1498, 0x0000000083b00000| 88%| E|  |TAMS 0x0000000083a00000, 0x0000000083a00000| Complete 
|  59|0x0000000083b00000, 0x0000000083c00000, 0x0000000083c00000|100%| E|CS|TAMS 0x0000000083b00000, 0x0000000083b00000| Complete 
|  60|0x0000000083c00000, 0x0000000083d00000, 0x0000000083d00000|100%| E|CS|TAMS 0x0000000083c00000, 0x0000000083c00000| Complete 
|  61|0x0000000083d00000, 0x0000000083e00000, 0x0000000083e00000|100%| E|CS|TAMS 0x0000000083d00000, 0x0000000083d00000| Complete 
|  62|0x0000000083e00000, 0x0000000083f00000, 0x0000000083f00000|100%| E|CS|TAMS 0x0000000083e00000, 0x0000000083e00000| Complete 
|  63|0x0000000083f00000, 0x0000000084000000, 0x0000000084000000|100%| E|CS|TAMS 0x0000000083f00000, 0x0000000083f00000| Complete 
|  64|0x0000000084000000, 0x0000000084100000, 0x0000000084100000|100%| E|CS|TAMS 0x0000000084000000, 0x0000000084000000| Complete 
|  65|0x0000000084100000, 0x0000000084200000, 0x0000000084200000|100%| E|CS|TAMS 0x0000000084100000, 0x0000000084100000| Complete 
|  66|0x0000000084200000, 0x0000000084300000, 0x0000000084300000|100%| E|CS|TAMS 0x0000000084200000, 0x0000000084200000| Complete 
|  67|0x0000000084300000, 0x0000000084400000, 0x0000000084400000|100%| S|CS|TAMS 0x0000000084300000, 0x0000000084300000| Complete 
|  68|0x0000000084400000, 0x0000000084500000, 0x0000000084500000|100%| S|CS|TAMS 0x0000000084400000, 0x0000000084400000| Complete 
|  69|0x0000000084500000, 0x0000000084600000, 0x0000000084600000|100%| S|CS|TAMS 0x0000000084500000, 0x0000000084500000| Complete 
|  70|0x0000000084600000, 0x0000000084700000, 0x0000000084700000|100%| S|CS|TAMS 0x0000000084600000, 0x0000000084600000| Complete 
|  71|0x0000000084700000, 0x0000000084800000, 0x0000000084800000|100%| E|CS|TAMS 0x0000000084700000, 0x0000000084700000| Complete 
|  72|0x0000000084800000, 0x0000000084900000, 0x0000000084900000|100%| E|CS|TAMS 0x0000000084800000, 0x0000000084800000| Complete 
|  73|0x0000000084900000, 0x0000000084a00000, 0x0000000084a00000|100%| E|CS|TAMS 0x0000000084900000, 0x0000000084900000| Complete 
|  74|0x0000000084a00000, 0x0000000084b00000, 0x0000000084b00000|100%| E|CS|TAMS 0x0000000084a00000, 0x0000000084a00000| Complete 
|  75|0x0000000084b00000, 0x0000000084c00000, 0x0000000084c00000|100%| E|CS|TAMS 0x0000000084b00000, 0x0000000084b00000| Complete 
|  76|0x0000000084c00000, 0x0000000084d00000, 0x0000000084d00000|100%| E|CS|TAMS 0x0000000084c00000, 0x0000000084c00000| Complete 
|  77|0x0000000084d00000, 0x0000000084e00000, 0x0000000084e00000|100%| E|CS|TAMS 0x0000000084d00000, 0x0000000084d00000| Complete 
|  78|0x0000000084e00000, 0x0000000084f00000, 0x0000000084f00000|100%| E|CS|TAMS 0x0000000084e00000, 0x0000000084e00000| Complete 
|  79|0x0000000084f00000, 0x0000000085000000, 0x0000000085000000|100%| E|CS|TAMS 0x0000000084f00000, 0x0000000084f00000| Complete 
|  80|0x0000000085000000, 0x0000000085100000, 0x0000000085100000|100%| E|CS|TAMS 0x0000000085000000, 0x0000000085000000| Complete 
|  81|0x0000000085100000, 0x0000000085200000, 0x0000000085200000|100%| E|CS|TAMS 0x0000000085100000, 0x0000000085100000| Complete 
|  82|0x0000000085200000, 0x0000000085300000, 0x0000000085300000|100%| E|CS|TAMS 0x0000000085200000, 0x0000000085200000| Complete 
|  83|0x0000000085300000, 0x0000000085400000, 0x0000000085400000|100%| E|CS|TAMS 0x0000000085300000, 0x0000000085300000| Complete 
|  84|0x0000000085400000, 0x0000000085500000, 0x0000000085500000|100%| E|CS|TAMS 0x0000000085400000, 0x0000000085400000| Complete 
|  85|0x0000000085500000, 0x0000000085600000, 0x0000000085600000|100%| E|CS|TAMS 0x0000000085500000, 0x0000000085500000| Complete 
|  86|0x0000000085600000, 0x0000000085700000, 0x0000000085700000|100%| E|CS|TAMS 0x0000000085600000, 0x0000000085600000| Complete 
|  87|0x0000000085700000, 0x0000000085800000, 0x0000000085800000|100%| E|CS|TAMS 0x0000000085700000, 0x0000000085700000| Complete 
|  88|0x0000000085800000, 0x0000000085900000, 0x0000000085900000|100%| E|CS|TAMS 0x0000000085800000, 0x0000000085800000| Complete 
|  89|0x0000000085900000, 0x0000000085a00000, 0x0000000085a00000|100%| E|CS|TAMS 0x0000000085900000, 0x0000000085900000| Complete 
|  90|0x0000000085a00000, 0x0000000085b00000, 0x0000000085b00000|100%| E|CS|TAMS 0x0000000085a00000, 0x0000000085a00000| Complete 
|  91|0x0000000085b00000, 0x0000000085c00000, 0x0000000085c00000|100%| E|CS|TAMS 0x0000000085b00000, 0x0000000085b00000| Complete 
|  92|0x0000000085c00000, 0x0000000085d00000, 0x0000000085d00000|100%| E|CS|TAMS 0x0000000085c00000, 0x0000000085c00000| Complete 

Card table byte_map: [0x00000238bac50000,0x00000238bb050000] _byte_map_base: 0x00000238ba850000

Marking Bits (Prev, Next): (CMBitMap*) 0x00000238a8357740, (CMBitMap*) 0x00000238a8357780
 Prev Bits: [0x00000238bb450000, 0x00000238bd450000)
 Next Bits: [0x00000238bd450000, 0x00000238bf450000)

Polling page: 0x00000238a6270000

Metaspace:

Usage:
  Non-class:     36.44 MB used.
      Class:      4.40 MB used.
       Both:     40.83 MB used.

Virtual space:
  Non-class space:       64.00 MB reserved,      36.69 MB ( 57%) committed,  1 nodes.
      Class space:        1.00 GB reserved,       4.62 MB ( <1%) committed,  1 nodes.
             Both:        1.06 GB reserved,      41.31 MB (  4%) committed. 

Chunk freelists:
   Non-Class:  10.72 MB
       Class:  11.20 MB
        Both:  21.92 MB

MaxMetaspaceSize: unlimited
CompressedClassSpaceSize: 1.00 GB
Initial GC threshold: 21.00 MB
Current GC threshold: 58.88 MB
CDS: off
MetaspaceReclaimPolicy: balanced
 - commit_granule_bytes: 65536.
 - commit_granule_words: 8192.
 - virtual_space_node_default_size: 8388608.
 - enlarge_chunks_in_place: 1.
 - new_chunks_are_fully_committed: 0.
 - uncommit_free_chunks: 1.
 - use_allocation_guard: 0.
 - handle_deallocations: 1.


Internal statistics:

num_allocs_failed_limit: 6.
num_arena_births: 640.
num_arena_deaths: 0.
num_vsnodes_births: 2.
num_vsnodes_deaths: 0.
num_space_committed: 661.
num_space_uncommitted: 0.
num_chunks_returned_to_freelist: 6.
num_chunks_taken_from_freelist: 1615.
num_chunk_merges: 6.
num_chunk_splits: 1073.
num_chunks_enlarged: 710.
num_inconsistent_stats: 0.

CodeHeap 'non-profiled nmethods': size=120000Kb used=2343Kb max_used=2467Kb free=117656Kb
 bounds [0x00000238b3320000, 0x00000238b35b0000, 0x00000238ba850000]
CodeHeap 'profiled nmethods': size=120000Kb used=7459Kb max_used=8497Kb free=112541Kb
 bounds [0x00000238ab850000, 0x00000238ac0a0000, 0x00000238b2d80000]
CodeHeap 'non-nmethods': size=5760Kb used=2317Kb max_used=2369Kb free=3442Kb
 bounds [0x00000238b2d80000, 0x00000238b2ff0000, 0x00000238b3320000]
 total_blobs=4953 nmethods=4120 adapters=745
 compilation: enabled
              stopped_count=0, restarted_count=0
 full_count=0

Compilation events (20 events):
Event: 12.918 Thread 0x00000238c19baab0 nmethod 4988 0x00000238b3345390 code [0x00000238b3345500, 0x00000238b33455b8]
Event: 12.925 Thread 0x00000238c19baab0 4993  s!   4       jdk.internal.loader.URLClassPath::getLoader (194 bytes)
Event: 12.949 Thread 0x00000238c1a1d330 4996       3       java.util.concurrent.ConcurrentHashMap::sumCount (60 bytes)
Event: 12.949 Thread 0x00000238c1a1d330 nmethod 4996 0x00000238abd52290 code [0x00000238abd52440, 0x00000238abd52698]
Event: 12.954 Thread 0x00000238c1a1d330 4997       3       java.lang.invoke.DelegatingMethodHandle::<init> (10 bytes)
Event: 12.955 Thread 0x00000238c1a1d330 nmethod 4997 0x00000238abd51b90 code [0x00000238abd51d60, 0x00000238abd52118]
Event: 12.967 Thread 0x00000238c1a1d330 4998       3       sun.net.util.IPAddressUtil::scan (92 bytes)
Event: 12.968 Thread 0x00000238c1a1d330 nmethod 4998 0x00000238aba24c10 code [0x00000238aba24e80, 0x00000238aba25978]
Event: 13.025 Thread 0x00000238c1a1d330 5000       2       java.util.regex.ASCII::getType (17 bytes)
Event: 13.025 Thread 0x00000238c1a1d330 nmethod 5000 0x00000238abd51710 code [0x00000238abd518a0, 0x00000238abd519f8]
Event: 13.042 Thread 0x00000238c1a1d330 5001       3       java.lang.invoke.TypeConvertingMethodAdapter::descriptorToName (36 bytes)
Event: 13.044 Thread 0x00000238c1a1d330 nmethod 5001 0x00000238abcbc310 code [0x00000238abcbc5a0, 0x00000238abcbd108]
Event: 13.062 Thread 0x00000238c1a1d330 5006       3       jdk.internal.org.objectweb.asm.AnnotationWriter::computeAnnotationsSize (42 bytes)
Event: 13.063 Thread 0x00000238c1a1d330 nmethod 5006 0x00000238aba24490 code [0x00000238aba24640, 0x00000238aba24888]
Event: 13.065 Thread 0x00000238c1a1d330 5007       3       java.lang.Integer::stringSize (47 bytes)
Event: 13.065 Thread 0x00000238c1a1d330 nmethod 5007 0x00000238abcbbe10 code [0x00000238abcbbfc0, 0x00000238abcbc218]
Event: 13.079 Thread 0x00000238c1a1d330 5008   !   3       java.util.logging.LogManager::ensureLogManagerInitialized (144 bytes)
Event: 13.081 Thread 0x00000238c1a1d330 nmethod 5008 0x00000238abcdee90 code [0x00000238abcdf180, 0x00000238abce0318]
Event: 13.134 Thread 0x00000238c1a1d330 5010       1       java.util.concurrent.locks.AbstractOwnableSynchronizer::setExclusiveOwnerThread (6 bytes)
Event: 13.134 Thread 0x00000238c1a1d330 nmethod 5010 0x00000238b3478a90 code [0x00000238b3478c20, 0x00000238b3478d38]

GC Heap History (20 events):
Event: 5.215 GC heap before
{Heap before GC invocations=6 (full 0):
 garbage-first heap   total 65536K, used 35480K [0x0000000080000000, 0x0000000100000000)
  region size 1024K, 14 young (14336K), 2 survivors (2048K)
 Metaspace       used 21307K, committed 21504K, reserved 1114112K
  class space    used 2186K, committed 2304K, reserved 1048576K
}
Event: 5.220 GC heap after
{Heap after GC invocations=7 (full 0):
 garbage-first heap   total 65536K, used 24964K [0x0000000080000000, 0x0000000100000000)
  region size 1024K, 1 young (1024K), 1 survivors (1024K)
 Metaspace       used 21307K, committed 21504K, reserved 1114112K
  class space    used 2186K, committed 2304K, reserved 1048576K
}
Event: 5.751 GC heap before
{Heap before GC invocations=8 (full 0):
 garbage-first heap   total 65536K, used 46468K [0x0000000080000000, 0x0000000100000000)
  region size 1024K, 22 young (22528K), 1 survivors (1024K)
 Metaspace       used 22181K, committed 22464K, reserved 1114112K
  class space    used 2310K, committed 2432K, reserved 1048576K
}
Event: 5.757 GC heap after
{Heap after GC invocations=9 (full 0):
 garbage-first heap   total 65536K, used 25695K [0x0000000080000000, 0x0000000100000000)
  region size 1024K, 2 young (2048K), 2 survivors (2048K)
 Metaspace       used 22181K, committed 22464K, reserved 1114112K
  class space    used 2310K, committed 2432K, reserved 1048576K
}
Event: 5.903 GC heap before
{Heap before GC invocations=9 (full 0):
 garbage-first heap   total 65536K, used 49247K [0x0000000080000000, 0x0000000100000000)
  region size 1024K, 25 young (25600K), 2 survivors (2048K)
 Metaspace       used 22234K, committed 22464K, reserved 1114112K
  class space    used 2314K, committed 2432K, reserved 1048576K
}
Event: 5.909 GC heap after
{Heap after GC invocations=10 (full 0):
 garbage-first heap   total 78848K, used 25738K [0x0000000080000000, 0x0000000100000000)
  region size 1024K, 2 young (2048K), 2 survivors (2048K)
 Metaspace       used 22234K, committed 22464K, reserved 1114112K
  class space    used 2314K, committed 2432K, reserved 1048576K
}
Event: 7.393 GC heap before
{Heap before GC invocations=10 (full 0):
 garbage-first heap   total 78848K, used 62602K [0x0000000080000000, 0x0000000100000000)
  region size 1024K, 38 young (38912K), 2 survivors (2048K)
 Metaspace       used 26951K, committed 27264K, reserved 1114112K
  class space    used 2815K, committed 2944K, reserved 1048576K
}
Event: 7.407 GC heap after
{Heap after GC invocations=11 (full 0):
 garbage-first heap   total 78848K, used 29020K [0x0000000080000000, 0x0000000100000000)
  region size 1024K, 5 young (5120K), 5 survivors (5120K)
 Metaspace       used 26951K, committed 27264K, reserved 1114112K
  class space    used 2815K, committed 2944K, reserved 1048576K
}
Event: 8.112 GC heap before
{Heap before GC invocations=11 (full 0):
 garbage-first heap   total 78848K, used 59740K [0x0000000080000000, 0x0000000100000000)
  region size 1024K, 35 young (35840K), 5 survivors (5120K)
 Metaspace       used 29116K, committed 29440K, reserved 1114112K
  class space    used 3040K, committed 3200K, reserved 1048576K
}
Event: 8.129 GC heap after
{Heap after GC invocations=12 (full 0):
 garbage-first heap   total 78848K, used 29948K [0x0000000080000000, 0x0000000100000000)
  region size 1024K, 1 young (1024K), 1 survivors (1024K)
 Metaspace       used 29116K, committed 29440K, reserved 1114112K
  class space    used 3040K, committed 3200K, reserved 1048576K
}
Event: 8.524 GC heap before
{Heap before GC invocations=12 (full 0):
 garbage-first heap   total 78848K, used 62716K [0x0000000080000000, 0x0000000100000000)
  region size 1024K, 31 young (31744K), 1 survivors (1024K)
 Metaspace       used 30307K, committed 30720K, reserved 1114112K
  class space    used 3120K, committed 3328K, reserved 1048576K
}
Event: 8.529 GC heap after
{Heap after GC invocations=13 (full 0):
 garbage-first heap   total 78848K, used 30391K [0x0000000080000000, 0x0000000100000000)
  region size 1024K, 2 young (2048K), 2 survivors (2048K)
 Metaspace       used 30307K, committed 30720K, reserved 1114112K
  class space    used 3120K, committed 3328K, reserved 1048576K
}
Event: 9.113 GC heap before
{Heap before GC invocations=13 (full 0):
 garbage-first heap   total 78848K, used 62135K [0x0000000080000000, 0x0000000100000000)
  region size 1024K, 33 young (33792K), 2 survivors (2048K)
 Metaspace       used 32934K, committed 33408K, reserved 1114112K
  class space    used 3425K, committed 3648K, reserved 1048576K
}
Event: 9.121 GC heap after
{Heap after GC invocations=14 (full 0):
 garbage-first heap   total 78848K, used 31362K [0x0000000080000000, 0x0000000100000000)
  region size 1024K, 3 young (3072K), 3 survivors (3072K)
 Metaspace       used 32934K, committed 33408K, reserved 1114112K
  class space    used 3425K, committed 3648K, reserved 1048576K
}
Event: 9.757 GC heap before
{Heap before GC invocations=14 (full 0):
 garbage-first heap   total 78848K, used 63106K [0x0000000080000000, 0x0000000100000000)
  region size 1024K, 34 young (34816K), 3 survivors (3072K)
 Metaspace       used 33920K, committed 34368K, reserved 1114112K
  class space    used 3513K, committed 3712K, reserved 1048576K
}
Event: 9.766 GC heap after
{Heap after GC invocations=15 (full 0):
 garbage-first heap   total 95232K, used 32401K [0x0000000080000000, 0x0000000100000000)
  region size 1024K, 4 young (4096K), 4 survivors (4096K)
 Metaspace       used 33920K, committed 34368K, reserved 1114112K
  class space    used 3513K, committed 3712K, reserved 1048576K
}
Event: 10.309 GC heap before
{Heap before GC invocations=15 (full 0):
 garbage-first heap   total 95232K, used 77457K [0x0000000080000000, 0x0000000100000000)
  region size 1024K, 48 young (49152K), 4 survivors (4096K)
 Metaspace       used 34266K, committed 34752K, reserved 1114112K
  class space    used 3550K, committed 3776K, reserved 1048576K
}
Event: 10.325 GC heap after
{Heap after GC invocations=16 (full 0):
 garbage-first heap   total 95232K, used 34759K [0x0000000080000000, 0x0000000100000000)
  region size 1024K, 5 young (5120K), 5 survivors (5120K)
 Metaspace       used 34266K, committed 34752K, reserved 1114112K
  class space    used 3550K, committed 3776K, reserved 1048576K
}
Event: 11.359 GC heap before
{Heap before GC invocations=16 (full 0):
 garbage-first heap   total 95232K, used 56263K [0x0000000080000000, 0x0000000100000000)
  region size 1024K, 27 young (27648K), 5 survivors (5120K)
 Metaspace       used 35506K, committed 35968K, reserved 1114112K
  class space    used 3704K, committed 3904K, reserved 1048576K
}
Event: 11.377 GC heap after
{Heap after GC invocations=17 (full 0):
 garbage-first heap   total 95232K, used 36405K [0x0000000080000000, 0x0000000100000000)
  region size 1024K, 4 young (4096K), 4 survivors (4096K)
 Metaspace       used 35506K, committed 35968K, reserved 1114112K
  class space    used 3704K, committed 3904K, reserved 1048576K
}

Dll operation events (8 events):
Event: 0.017 Loaded shared library C:\Users\W I N D O W S\.katalon\packages\KS-10.1.1\jre\bin\java.dll
Event: 0.689 Loaded shared library C:\Users\W I N D O W S\.katalon\packages\KS-10.1.1\jre\bin\net.dll
Event: 0.691 Loaded shared library C:\Users\W I N D O W S\.katalon\packages\KS-10.1.1\jre\bin\nio.dll
Event: 0.705 Loaded shared library C:\Users\W I N D O W S\.katalon\packages\KS-10.1.1\jre\bin\zip.dll
Event: 1.773 Loaded shared library C:\Users\W I N D O W S\.katalon\packages\KS-10.1.1\jre\bin\verify.dll
Event: 2.371 Loaded shared library C:\Users\W I N D O W S\.katalon\packages\KS-10.1.1\jre\bin\jimage.dll
Event: 9.232 Loaded shared library C:\Users\W I N D O W S\.katalon\packages\KS-10.1.1\jre\bin\extnet.dll
Event: 12.478 Loaded shared library C:\Users\W I N D O W S\.katalon\packages\KS-10.1.1\jre\bin\sunmscapi.dll

Deoptimization events (20 events):
Event: 13.025 Thread 0x00000238a82ef0c0 Uncommon trap: trap_request=0xffffffde fr.pc=0x00000238b34f324c relative=0x000000000000046c
Event: 13.025 Thread 0x00000238a82ef0c0 Uncommon trap: reason=class_check action=maybe_recompile pc=0x00000238b34f324c method=java.util.regex.Matcher.search(I)Z @ 121 c2
Event: 13.025 Thread 0x00000238a82ef0c0 DEOPT PACKING pc=0x00000238b34f324c sp=0x0000008d3a0f92b0
Event: 13.025 Thread 0x00000238a82ef0c0 DEOPT UNPACKING pc=0x00000238b2dd69a3 sp=0x0000008d3a0f9208 mode 2
Event: 13.025 Thread 0x00000238a82ef0c0 Uncommon trap: trap_request=0xffffffde fr.pc=0x00000238b34f324c relative=0x000000000000046c
Event: 13.025 Thread 0x00000238a82ef0c0 Uncommon trap: reason=class_check action=maybe_recompile pc=0x00000238b34f324c method=java.util.regex.Matcher.search(I)Z @ 121 c2
Event: 13.025 Thread 0x00000238a82ef0c0 DEOPT PACKING pc=0x00000238b34f324c sp=0x0000008d3a0f9390
Event: 13.025 Thread 0x00000238a82ef0c0 DEOPT UNPACKING pc=0x00000238b2dd69a3 sp=0x0000008d3a0f92e8 mode 2
Event: 13.025 Thread 0x00000238a82ef0c0 Uncommon trap: trap_request=0xffffffde fr.pc=0x00000238b34f324c relative=0x000000000000046c
Event: 13.025 Thread 0x00000238a82ef0c0 Uncommon trap: reason=class_check action=maybe_recompile pc=0x00000238b34f324c method=java.util.regex.Matcher.search(I)Z @ 121 c2
Event: 13.025 Thread 0x00000238a82ef0c0 DEOPT PACKING pc=0x00000238b34f324c sp=0x0000008d3a0f9460
Event: 13.025 Thread 0x00000238a82ef0c0 DEOPT UNPACKING pc=0x00000238b2dd69a3 sp=0x0000008d3a0f93b8 mode 2
Event: 13.025 Thread 0x00000238a82ef0c0 Uncommon trap: trap_request=0xffffffde fr.pc=0x00000238b34f324c relative=0x000000000000046c
Event: 13.025 Thread 0x00000238a82ef0c0 Uncommon trap: reason=class_check action=maybe_recompile pc=0x00000238b34f324c method=java.util.regex.Matcher.search(I)Z @ 121 c2
Event: 13.025 Thread 0x00000238a82ef0c0 DEOPT PACKING pc=0x00000238b34f324c sp=0x0000008d3a0f92b0
Event: 13.025 Thread 0x00000238a82ef0c0 DEOPT UNPACKING pc=0x00000238b2dd69a3 sp=0x0000008d3a0f9208 mode 2
Event: 13.025 Thread 0x00000238a82ef0c0 Uncommon trap: trap_request=0xffffffde fr.pc=0x00000238b346e6e8 relative=0x0000000000000428
Event: 13.025 Thread 0x00000238a82ef0c0 Uncommon trap: reason=class_check action=maybe_recompile pc=0x00000238b346e6e8 method=java.util.regex.Matcher.search(I)Z @ 121 c2
Event: 13.025 Thread 0x00000238a82ef0c0 DEOPT PACKING pc=0x00000238b346e6e8 sp=0x0000008d3a0f9240
Event: 13.025 Thread 0x00000238a82ef0c0 DEOPT UNPACKING pc=0x00000238b2dd69a3 sp=0x0000008d3a0f9210 mode 2

Classes loaded (20 events):
Event: 13.106 Loading class java/net/ResponseCache
Event: 13.107 Loading class java/net/ResponseCache done
Event: 13.108 Loading class sun/net/www/protocol/http/HttpURLConnection$7
Event: 13.108 Loading class sun/net/www/protocol/http/HttpURLConnection$7 done
Event: 13.108 Loading class sun/net/www/http/HttpClient
Event: 13.109 Loading class sun/net/NetworkClient
Event: 13.110 Loading class sun/net/NetworkClient done
Event: 13.110 Loading class sun/net/www/http/HttpClient done
Event: 13.110 Loading class sun/net/NetworkClient$1
Event: 13.110 Loading class sun/net/NetworkClient$1 done
Event: 13.110 Loading class sun/net/www/http/KeepAliveCache
Event: 13.111 Loading class sun/net/www/http/KeepAliveCache done
Event: 13.112 Loading class sun/net/www/http/KeepAliveKey
Event: 13.112 Loading class sun/net/www/http/KeepAliveKey done
Event: 13.112 Loading class sun/net/www/http/HttpCapture
Event: 13.112 Loading class sun/net/www/http/HttpCapture done
Event: 13.112 Loading class sun/net/www/http/HttpCapture$1
Event: 13.112 Loading class sun/net/www/http/HttpCapture$1 done
Event: 13.113 Loading class sun/net/util/SocketExceptions
Event: 13.113 Loading class sun/net/util/SocketExceptions done

Classes unloaded (0 events):
No events

Classes redefined (0 events):
No events

Internal exceptions (20 events):
Event: 12.159 Thread 0x00000238a82ef0c0 Exception <a 'java/net/SocketException'{0x0000000084eafbe8}: Socket is not connected: shutdown> (0x0000000084eafbe8) 
thrown [s\src\hotspot\share\prims\jni.cpp, line 535]
Event: 12.160 Thread 0x00000238a82ef0c0 Exception <a 'java/net/SocketException'{0x0000000084eb07b0}: Socket is not connected: shutdown> (0x0000000084eb07b0) 
thrown [s\src\hotspot\share\prims\jni.cpp, line 535]
Event: 12.342 Thread 0x00000238a82ef0c0 Exception <a 'java/lang/NoSuchMethodError'{0x0000000084cbd770}: 'java.lang.Object java.lang.invoke.DirectMethodHandle$Holder.invokeSpecialIFC(java.lang.Object, java.lang.Object, java.lang.Object, java.lang.Object)'> (0x0000000084cbd770) 
thrown [s\src\hotspot\share\interpreter\linkResolver.cpp, line 759]
Event: 12.430 Thread 0x00000238a82ef0c0 Exception <a 'java/lang/NoSuchMethodError'{0x0000000084a81c18}: 'java.lang.Object java.lang.invoke.DirectMethodHandle$Holder.invokeStaticInit(java.lang.Object, java.lang.Object, int)'> (0x0000000084a81c18) 
thrown [s\src\hotspot\share\interpreter\linkResolver.cpp, line 759]
Event: 12.435 Thread 0x00000238a82ef0c0 Exception <a 'java/lang/NoSuchMethodError'{0x0000000084a9e988}: 'int java.lang.invoke.DirectMethodHandle$Holder.invokeSpecialIFC(java.lang.Object, java.lang.Object, java.lang.Object)'> (0x0000000084a9e988) 
thrown [s\src\hotspot\share\interpreter\linkResolver.cpp, line 759]
Event: 12.524 Thread 0x00000238a82ef0c0 Exception <a 'sun/nio/fs/WindowsException'{0x00000000849e7ea8}> (0x00000000849e7ea8) 
thrown [s\src\hotspot\share\prims\jni.cpp, line 516]
Event: 12.740 Thread 0x00000238a82ef0c0 Exception <a 'java/lang/NoSuchMethodError'{0x0000000083feb9c8}: 'java.lang.Object java.lang.invoke.DirectMethodHandle$Holder.invokeStaticInit(java.lang.Object, int, int, int, int)'> (0x0000000083feb9c8) 
thrown [s\src\hotspot\share\interpreter\linkResolver.cpp, line 759]
Event: 12.814 Thread 0x00000238a82ef0c0 Exception <a 'java/lang/NoSuchMethodError'{0x0000000083e0aa38}: 'java.lang.Object java.lang.invoke.DirectMethodHandle$Holder.invokeStaticInit(java.lang.Object, java.lang.Object, int, int, int, int)'> (0x0000000083e0aa38) 
thrown [s\src\hotspot\share\interpreter\linkResolver.cpp, line 759]
Event: 13.055 Thread 0x00000238a82ef0c0 Exception <a 'java/lang/NoSuchMethodError'{0x0000000083ce9088}: 'void java.lang.invoke.DirectMethodHandle$Holder.invokeStatic(java.lang.Object, long)'> (0x0000000083ce9088) 
thrown [s\src\hotspot\share\interpreter\linkResolver.cpp, line 759]
Event: 13.056 Thread 0x00000238a82ef0c0 Exception <a 'java/lang/NoSuchMethodError'{0x0000000083cee980}: 'java.lang.Object java.lang.invoke.DirectMethodHandle$Holder.newInvokeSpecial(java.lang.Object, long)'> (0x0000000083cee980) 
thrown [s\src\hotspot\share\interpreter\linkResolver.cpp, line 759]
Event: 13.059 Thread 0x00000238a82ef0c0 Exception <a 'java/lang/NoSuchMethodError'{0x0000000083cf56d8}: 'java.lang.Object java.lang.invoke.DirectMethodHandle$Holder.invokeStatic(java.lang.Object, java.lang.Object, long, java.lang.Object)'> (0x0000000083cf56d8) 
thrown [s\src\hotspot\share\interpreter\linkResolver.cpp, line 759]
Event: 13.059 Thread 0x00000238a82ef0c0 Exception <a 'java/lang/NoSuchMethodError'{0x0000000083cf96c0}: 'java.lang.Object java.lang.invoke.DirectMethodHandle$Holder.invokeStaticInit(java.lang.Object, java.lang.Object, long, java.lang.Object)'> (0x0000000083cf96c0) 
thrown [s\src\hotspot\share\interpreter\linkResolver.cpp, line 759]
Event: 13.060 Thread 0x00000238a82ef0c0 Exception <a 'java/lang/NoSuchMethodError'{0x0000000083b001a0}: 'java.lang.Object java.lang.invoke.DirectMethodHandle$Holder.newInvokeSpecial(java.lang.Object, java.lang.Object, long)'> (0x0000000083b001a0) 
thrown [s\src\hotspot\share\interpreter\linkResolver.cpp, line 759]
Event: 13.062 Thread 0x00000238a82ef0c0 Exception <a 'java/lang/NoSuchMethodError'{0x0000000083b04260}: 'java.lang.Object java.lang.invoke.Invokers$Holder.linkToTargetMethod(java.lang.Object, long, java.lang.Object)'> (0x0000000083b04260) 
thrown [s\src\hotspot\share\interpreter\linkResolver.cpp, line 759]
Event: 13.113 Thread 0x00000238c685afe0 Exception <a 'java/net/ConnectException'{0x0000000083a0bda0}: Connection refused: getsockopt> (0x0000000083a0bda0) 
thrown [s\src\hotspot\share\prims\jni.cpp, line 535]
Event: 13.113 Thread 0x00000238c685afe0 Exception <a 'java/net/SocketException'{0x0000000083a0c0d8}: Socket is not connected: shutdown> (0x0000000083a0c0d8) 
thrown [s\src\hotspot\share\prims\jni.cpp, line 535]
Event: 13.134 Thread 0x00000238c685afe0 Exception <a 'java/net/ConnectException'{0x0000000083a0d0f0}: Connection refused: getsockopt> (0x0000000083a0d0f0) 
thrown [s\src\hotspot\share\prims\jni.cpp, line 535]
Event: 13.134 Thread 0x00000238c685afe0 Exception <a 'java/net/SocketException'{0x0000000083a0d428}: Socket is not connected: shutdown> (0x0000000083a0d428) 
thrown [s\src\hotspot\share\prims\jni.cpp, line 535]
Event: 13.164 Thread 0x00000238c685afe0 Exception <a 'java/net/ConnectException'{0x0000000083a0e370}: Connection refused: getsockopt> (0x0000000083a0e370) 
thrown [s\src\hotspot\share\prims\jni.cpp, line 535]
Event: 13.164 Thread 0x00000238c685afe0 Exception <a 'java/net/SocketException'{0x0000000083a0e6a8}: Socket is not connected: shutdown> (0x0000000083a0e6a8) 
thrown [s\src\hotspot\share\prims\jni.cpp, line 535]

VM Operations (20 events):
Event: 11.440 Executing VM operation: G1PauseRemark
Event: 11.445 Executing VM operation: G1PauseRemark done
Event: 11.472 Executing VM operation: G1PauseCleanup
Event: 11.472 Executing VM operation: G1PauseCleanup done
Event: 11.866 Executing VM operation: HandshakeAllThreads
Event: 11.866 Executing VM operation: HandshakeAllThreads done
Event: 12.165 Executing VM operation: HandshakeAllThreads
Event: 12.165 Executing VM operation: HandshakeAllThreads done
Event: 12.168 Executing VM operation: HandshakeAllThreads
Event: 12.168 Executing VM operation: HandshakeAllThreads done
Event: 12.526 Executing VM operation: HandshakeAllThreads
Event: 12.527 Executing VM operation: HandshakeAllThreads done
Event: 12.527 Executing VM operation: Cleanup
Event: 12.527 Executing VM operation: Cleanup done
Event: 12.820 Executing VM operation: HandshakeAllThreads
Event: 12.820 Executing VM operation: HandshakeAllThreads done
Event: 12.880 Executing VM operation: HandshakeAllThreads
Event: 12.880 Executing VM operation: HandshakeAllThreads done
Event: 12.912 Executing VM operation: HandshakeAllThreads
Event: 12.912 Executing VM operation: HandshakeAllThreads done

Memory protections (0 events):
No events

Nmethod flushes (20 events):
Event: 10.509 Thread 0x00000238c1a20000 flushing  nmethod 0x00000238abf7a090
Event: 10.509 Thread 0x00000238c1a20000 flushing  nmethod 0x00000238abf7ac90
Event: 10.509 Thread 0x00000238c1a20000 flushing  nmethod 0x00000238abf7b410
Event: 10.509 Thread 0x00000238c1a20000 flushing  nmethod 0x00000238abf7ca10
Event: 10.509 Thread 0x00000238c1a20000 flushing  nmethod 0x00000238abf7d110
Event: 10.509 Thread 0x00000238c1a20000 flushing  nmethod 0x00000238abf7db10
Event: 10.509 Thread 0x00000238c1a20000 flushing  nmethod 0x00000238abf8cb90
Event: 10.509 Thread 0x00000238c1a20000 flushing  nmethod 0x00000238abf95c90
Event: 10.509 Thread 0x00000238c1a20000 flushing  nmethod 0x00000238abf9aa90
Event: 10.509 Thread 0x00000238c1a20000 flushing  nmethod 0x00000238abfa6510
Event: 10.509 Thread 0x00000238c1a20000 flushing  nmethod 0x00000238abfb8a90
Event: 10.509 Thread 0x00000238c1a20000 flushing  nmethod 0x00000238abfbd990
Event: 10.509 Thread 0x00000238c1a20000 flushing  nmethod 0x00000238abfc3490
Event: 10.509 Thread 0x00000238c1a20000 flushing  nmethod 0x00000238abfc9510
Event: 10.509 Thread 0x00000238c1a20000 flushing  nmethod 0x00000238abfe4e90
Event: 10.509 Thread 0x00000238c1a20000 flushing  nmethod 0x00000238abfe5210
Event: 10.509 Thread 0x00000238c1a20000 flushing  nmethod 0x00000238abfe5590
Event: 10.509 Thread 0x00000238c1a20000 flushing  nmethod 0x00000238abfe5910
Event: 10.509 Thread 0x00000238c1a20000 flushing  nmethod 0x00000238abff4b90
Event: 10.509 Thread 0x00000238c1a20000 flushing  nmethod 0x00000238abff5510

Events (20 events):
Event: 0.255 Thread 0x00000238a82ef0c0 Thread added: 0x00000238c1753650
Event: 0.255 Thread 0x00000238a82ef0c0 Thread added: 0x00000238c19b4020
Event: 0.255 Thread 0x00000238a82ef0c0 Thread added: 0x00000238c19b8900
Event: 0.255 Thread 0x00000238a82ef0c0 Thread added: 0x00000238c19b91d0
Event: 0.255 Thread 0x00000238a82ef0c0 Thread added: 0x00000238c19baab0
Event: 0.267 Thread 0x00000238a82ef0c0 Thread added: 0x00000238c1a1d330
Event: 0.280 Thread 0x00000238a82ef0c0 Thread added: 0x00000238c1a20000
Event: 0.668 Thread 0x00000238a82ef0c0 Thread added: 0x00000238c1c69010
Event: 1.137 Thread 0x00000238c1a1d330 Thread added: 0x00000238c65f25a0
Event: 1.214 Thread 0x00000238a82ef0c0 Thread added: 0x00000238c6cf9010
Event: 3.051 Thread 0x00000238c65f25a0 Thread exited: 0x00000238c65f25a0
Event: 3.071 Thread 0x00000238c19baab0 Thread added: 0x00000238c65f25a0
Event: 6.333 Thread 0x00000238c65f25a0 Thread exited: 0x00000238c65f25a0
Event: 6.482 Thread 0x00000238c1a1d330 Thread added: 0x00000238c65f25a0
Event: 12.374 Thread 0x00000238a82ef0c0 Thread added: 0x00000238c9734e20
Event: 12.954 Thread 0x00000238a82ef0c0 Thread added: 0x00000238c6a12240
Event: 13.067 Thread 0x00000238a82ef0c0 Thread added: 0x00000238c9014480
Event: 13.072 Thread 0x00000238a82ef0c0 Thread added: 0x00000238c9734870
Event: 13.073 Thread 0x00000238a82ef0c0 Thread added: 0x00000238c7729f70
Event: 13.092 Thread 0x00000238c9734870 Thread added: 0x00000238c685afe0


Dynamic libraries:
0x00007ff7a9a80000 - 0x00007ff7a9a8e000 	C:\Users\W I N D O W S\.katalon\packages\KS-10.1.1\jre\bin\javaw.exe
0x00007ffdf32f0000 - 0x00007ffdf34e8000 	C:\Windows\SYSTEM32\ntdll.dll
0x00007ffdf1b70000 - 0x00007ffdf1c32000 	C:\Windows\System32\KERNEL32.DLL
0x00007ffdf0e50000 - 0x00007ffdf114f000 	C:\Windows\System32\KERNELBASE.dll
0x00007ffdf0c70000 - 0x00007ffdf0d70000 	C:\Windows\System32\ucrtbase.dll
0x00007ffdead40000 - 0x00007ffdead5e000 	C:\Users\W I N D O W S\.katalon\packages\KS-10.1.1\jre\bin\VCRUNTIME140.dll
0x00007ffdeab70000 - 0x00007ffdeab87000 	C:\Users\W I N D O W S\.katalon\packages\KS-10.1.1\jre\bin\jli.dll
0x00007ffdf30d0000 - 0x00007ffdf326d000 	C:\Windows\System32\USER32.dll
0x00007ffdf0ae0000 - 0x00007ffdf0b02000 	C:\Windows\System32\win32u.dll
0x00007ffdde5e0000 - 0x00007ffdde87a000 	C:\Windows\WinSxS\amd64_microsoft.windows.common-controls_6595b64144ccf1df_6.0.19041.4355_none_60b8b9eb71f62e16\COMCTL32.dll
0x00007ffdf3270000 - 0x00007ffdf329b000 	C:\Windows\System32\GDI32.dll
0x00007ffdf24d0000 - 0x00007ffdf256e000 	C:\Windows\System32\msvcrt.dll
0x00007ffdf1180000 - 0x00007ffdf129a000 	C:\Windows\System32\gdi32full.dll
0x00007ffdf0a40000 - 0x00007ffdf0add000 	C:\Windows\System32\msvcp_win.dll
0x00007ffdf1310000 - 0x00007ffdf133f000 	C:\Windows\System32\IMM32.DLL
0x00007ffdeabb0000 - 0x00007ffdeabbc000 	C:\Users\W I N D O W S\.katalon\packages\KS-10.1.1\jre\bin\vcruntime140_1.dll
0x00007ffdd46c0000 - 0x00007ffdd474d000 	C:\Users\W I N D O W S\.katalon\packages\KS-10.1.1\jre\bin\msvcp140.dll
0x00007ffd99560000 - 0x00007ffd9a1cb000 	C:\Users\W I N D O W S\.katalon\packages\KS-10.1.1\jre\bin\server\jvm.dll
0x00007ffdf1c40000 - 0x00007ffdf1cef000 	C:\Windows\System32\ADVAPI32.dll
0x00007ffdf1d70000 - 0x00007ffdf1e0f000 	C:\Windows\System32\sechost.dll
0x00007ffdf18f0000 - 0x00007ffdf1a13000 	C:\Windows\System32\RPCRT4.dll
0x00007ffdf1150000 - 0x00007ffdf1177000 	C:\Windows\System32\bcrypt.dll
0x00007ffdf2460000 - 0x00007ffdf24cb000 	C:\Windows\System32\WS2_32.dll
0x00007ffdeff20000 - 0x00007ffdeff6b000 	C:\Windows\SYSTEM32\POWRPROF.dll
0x00007ffdde930000 - 0x00007ffdde957000 	C:\Windows\SYSTEM32\WINMM.dll
0x00007ffde8180000 - 0x00007ffde818a000 	C:\Windows\SYSTEM32\VERSION.dll
0x00007ffdefd90000 - 0x00007ffdefda2000 	C:\Windows\SYSTEM32\UMPDC.dll
0x00007ffdee810000 - 0x00007ffdee822000 	C:\Windows\SYSTEM32\kernel.appcore.dll
0x00007ffded090000 - 0x00007ffded09a000 	C:\Users\W I N D O W S\.katalon\packages\KS-10.1.1\jre\bin\jimage.dll
0x00007ffdda1b0000 - 0x00007ffdda394000 	C:\Windows\SYSTEM32\DBGHELP.DLL
0x00007ffdd6b60000 - 0x00007ffdd6b94000 	C:\Windows\SYSTEM32\dbgcore.DLL
0x00007ffdf0d70000 - 0x00007ffdf0df2000 	C:\Windows\System32\bcryptPrimitives.dll
0x00007ffddbac0000 - 0x00007ffddbae5000 	C:\Users\W I N D O W S\.katalon\packages\KS-10.1.1\jre\bin\java.dll
0x00007ffdeab20000 - 0x00007ffdeab38000 	C:\Users\W I N D O W S\.katalon\packages\KS-10.1.1\jre\bin\zip.dll
0x00007ffdf2960000 - 0x00007ffdf30cd000 	C:\Windows\System32\SHELL32.dll
0x00007ffdeea10000 - 0x00007ffdef1b4000 	C:\Windows\SYSTEM32\windows.storage.dll
0x00007ffdf2600000 - 0x00007ffdf2955000 	C:\Windows\System32\combase.dll
0x00007ffdf03c0000 - 0x00007ffdf03eb000 	C:\Windows\SYSTEM32\Wldp.dll
0x00007ffdf1550000 - 0x00007ffdf161d000 	C:\Windows\System32\OLEAUT32.dll
0x00007ffdf2290000 - 0x00007ffdf233d000 	C:\Windows\System32\SHCORE.dll
0x00007ffdf25a0000 - 0x00007ffdf25f5000 	C:\Windows\System32\shlwapi.dll
0x00007ffdf08c0000 - 0x00007ffdf08e5000 	C:\Windows\SYSTEM32\profapi.dll
0x00007ffde8e00000 - 0x00007ffde8e19000 	C:\Users\W I N D O W S\.katalon\packages\KS-10.1.1\jre\bin\net.dll
0x00007ffde5940000 - 0x00007ffde5a4a000 	C:\Windows\SYSTEM32\WINHTTP.dll
0x00007ffdf0120000 - 0x00007ffdf018c000 	C:\Windows\system32\mswsock.dll
0x00007ffddcd30000 - 0x00007ffddcd46000 	C:\Users\W I N D O W S\.katalon\packages\KS-10.1.1\jre\bin\nio.dll
0x00007ffdecfb0000 - 0x00007ffdecfc0000 	C:\Users\W I N D O W S\.katalon\packages\KS-10.1.1\jre\bin\verify.dll
0x00007ffdea640000 - 0x00007ffdea649000 	C:\Users\W I N D O W S\.katalon\packages\KS-10.1.1\jre\bin\extnet.dll
0x00007ffdefdf0000 - 0x00007ffdefeba000 	C:\Windows\SYSTEM32\DNSAPI.dll
0x00007ffdefdb0000 - 0x00007ffdefdeb000 	C:\Windows\SYSTEM32\IPHLPAPI.DLL
0x00007ffdf32a0000 - 0x00007ffdf32a8000 	C:\Windows\System32\NSI.dll
0x0000000074320000 - 0x0000000074346000 	C:\Program Files\Bonjour\mdnsNSP.dll
0x00007ffddc290000 - 0x00007ffddc29a000 	C:\Windows\System32\rasadhlp.dll
0x00007ffddc3d0000 - 0x00007ffddc450000 	C:\Windows\System32\fwpuclnt.dll
0x00007ffdec5c0000 - 0x00007ffdec5ce000 	C:\Users\W I N D O W S\.katalon\packages\KS-10.1.1\jre\bin\sunmscapi.dll
0x00007ffdf0b10000 - 0x00007ffdf0c6c000 	C:\Windows\System32\CRYPT32.dll
0x00007ffdf0430000 - 0x00007ffdf0457000 	C:\Windows\SYSTEM32\ncrypt.dll
0x00007ffdf03f0000 - 0x00007ffdf042b000 	C:\Windows\SYSTEM32\NTASN1.dll
0x00007ffdf0320000 - 0x00007ffdf0338000 	C:\Windows\SYSTEM32\CRYPTSP.dll
0x00007ffdef9d0000 - 0x00007ffdefa08000 	C:\Windows\system32\rsaenh.dll
0x00007ffdf0840000 - 0x00007ffdf086e000 	C:\Windows\SYSTEM32\USERENV.dll
0x00007ffdf0310000 - 0x00007ffdf031c000 	C:\Windows\SYSTEM32\CRYPTBASE.dll
0x00007ffde6d90000 - 0x00007ffde6da7000 	C:\Windows\SYSTEM32\dhcpcsvc6.DLL
0x00007ffde7d20000 - 0x00007ffde7d3d000 	C:\Windows\SYSTEM32\dhcpcsvc.DLL
0x00007ffde9e10000 - 0x00007ffde9e17000 	C:\Windows\system32\wshunix.dll

dbghelp: loaded successfully - version: 4.0.5 - missing functions: none
symbol engine: initialized successfully - sym options: 0x614 - pdb path: .;C:\Users\W I N D O W S\.katalon\packages\KS-10.1.1\jre\bin;C:\Windows\SYSTEM32;C:\Windows\WinSxS\amd64_microsoft.windows.common-controls_6595b64144ccf1df_6.0.19041.4355_none_60b8b9eb71f62e16;C:\Users\W I N D O W S\.katalon\packages\KS-10.1.1\jre\bin\server;C:\Program Files\Bonjour

VM Arguments:
jvm_args: -Dgroovy.home=C:\Users\W I N D O W S/.groovy -Djava.system.class.loader=groovy.lang.GroovyClassLoader -Xmx2048m -Dfile.encoding=UTF-8 -XX:+ShowCodeDetailsInExceptionMessages 
java_command: org.codehaus.groovy.tools.GroovyStarter --classpath C:\Users\W I N D O W S\Katalon Studio\coba_1\bin\keyword;C:\Users\W I N D O W S\Katalon Studio\coba_1\Keywords;C:\Users\W I N D O W S\Katalon Studio\coba_1\bin\listener;C:\Users\W I N D O W S\Katalon Studio\coba_1\Test Listeners;C:\Users\W I N D O W S\Katalon Studio\coba_1\bin\lib;C:\Users\W I N D O W S\Katalon Studio\coba_1\Libs;C:\Users\W I N D O W S\Katalon Studio\coba_1\bin\groovy;C:\Users\W I N D O W S\Katalon Studio\coba_1\Include\scripts\groovy;C:\Users\W I N D O W S\.katalon\packages\KS-10.1.1\plugins\com.kms.katalon.core_1.0.0.202503120557.jar;C:\Users\W I N D O W S\.katalon\packages\KS-10.1.1\configuration\resources\lib\aalto-xml-1.0.0.jar;C:\Users\W I N D O W S\.katalon\packages\KS-10.1.1\configuration\resources\lib\aspectjweaver-1.9.1.jar;C:\Users\W I N D O W S\.katalon\packages\KS-10.1.1\configuration\resources\lib\aws-2.20.3-fat.jar;C:\Users\W I N D O W S\.katalon\packages\KS-10.1.1\configuration\resources\lib\bcpkix-jdk15on-1.64.jar;C:\Users\W I N D O W S\.katalon\packages\KS-10.1.1\configuration\resources\lib\bcprov-jdk15on-1.64.jar;C:\Users\W I N D O W S\.katalon\packages\KS-10.1.1\configuration\resources\lib\browsermob-core-2.1.5.jar;C:\Users\W I N D O W S\.katalon\packages\KS-10.1.1\configuration\resources\lib\byte-buddy-1.14.3.jar;C:\Users\W I N D O W S\.katalon\packages\KS-10.1.1\configuration\resources\lib\byte-buddy-agent-1.14.3.jar;C:\Users\W I N D O W S\.katalon\packages\KS-10.1.1\configuration\resources\lib\cglib-3.2.10.jar;C:\Users\W I N D O W S\.katalon\packages\KS-10.1.1\configuration\resources\lib\commons-codec-1.10.jar;C:\Users\W I N D O W S\.katalon\packages\KS-10.1.1\configuration\resources\lib\commons-collections4-4.1.jar;C:\Users\W I N D O W S\.katalon\packages\KS-10.1.1\configuration\resources\lib\commons-validator-1.6.jar;C:\Users\W I N D O W S\.katalon\packages\KS-10.1.1\configuration\resources\lib\curvesapi-1.04.jar;C:\Users\W I N D O W S\.katalon\packages\KS-1
java_class_path (initial): C:\Users\W I N D O W S\Katalon Studio\coba_1\bin\keyword;C:\Users\W I N D O W S\Katalon Studio\coba_1\bin\listener;C:\Users\W I N D O W S\Katalon Studio\coba_1\bin\lib;C:\Users\W I N D O W S\Katalon Studio\coba_1\bin\groovy;C:\Users\W I N D O W S\Katalon Studio\coba_1\bin;C:\Users\W I N D O W S\.katalon\packages\KS-10.1.1\plugins\com.kms.katalon.core_1.0.0.202503120557.jar;C:\Users\W I N D O W S\.katalon\packages\KS-10.1.1\configuration\resources\lib\aalto-xml-1.0.0.jar;C:\Users\W I N D O W S\.katalon\packages\KS-10.1.1\configuration\resources\lib\aspectjweaver-1.9.1.jar;C:\Users\W I N D O W S\.katalon\packages\KS-10.1.1\configuration\resources\lib\aws-2.20.3-fat.jar;C:\Users\W I N D O W S\.katalon\packages\KS-10.1.1\configuration\resources\lib\bcpkix-jdk15on-1.64.jar;C:\Users\W I N D O W S\.katalon\packages\KS-10.1.1\configuration\resources\lib\bcprov-jdk15on-1.64.jar;C:\Users\W I N D O W S\.katalon\packages\KS-10.1.1\configuration\resources\lib\browsermob-core-2.1.5.jar;C:\Users\W I N D O W S\.katalon\packages\KS-10.1.1\configuration\resources\lib\byte-buddy-1.14.3.jar;C:\Users\W I N D O W S\.katalon\packages\KS-10.1.1\configuration\resources\lib\byte-buddy-agent-1.14.3.jar;C:\Users\W I N D O W S\.katalon\packages\KS-10.1.1\configuration\resources\lib\cglib-3.2.10.jar;C:\Users\W I N D O W S\.katalon\packages\KS-10.1.1\configuration\resources\lib\commons-codec-1.10.jar;C:\Users\W I N D O W S\.katalon\packages\KS-10.1.1\configuration\resources\lib\commons-collections4-4.1.jar;C:\Users\W I N D O W S\.katalon\packages\KS-10.1.1\configuration\resources\lib\commons-validator-1.6.jar;C:\Users\W I N D O W S\.katalon\packages\KS-10.1.1\configuration\resources\lib\curvesapi-1.04.jar;C:\Users\W I N D O W S\.katalon\packages\KS-10.1.1\configuration\resources\lib\dnsjava-3.6.2.jar;C:\Users\W I N D O W S\.katalon\packages\KS-10.1.1\configuration\resources\lib\groovy-3.0.17.jar;C:\Users\W I N D O W S\.katalon\packages\KS-10.1.1\configuration\resource
Launcher Type: SUN_STANDARD

[Global flags]
     intx CICompilerCount                          = 3                                         {product} {ergonomic}
     uint ConcGCThreads                            = 1                                         {product} {ergonomic}
     uint G1ConcRefinementThreads                  = 4                                         {product} {ergonomic}
   size_t G1HeapRegionSize                         = 1048576                                   {product} {ergonomic}
    uintx GCDrainStackTargetSize                   = 64                                        {product} {ergonomic}
   size_t InitialHeapSize                          = 67108864                                  {product} {ergonomic}
   size_t MarkStackSize                            = 4194304                                   {product} {ergonomic}
   size_t MaxHeapSize                              = 2147483648                                {product} {command line}
   size_t MaxNewSize                               = 1287651328                                {product} {ergonomic}
   size_t MinHeapDeltaBytes                        = 1048576                                   {product} {ergonomic}
   size_t MinHeapSize                              = 8388608                                   {product} {ergonomic}
    uintx NonNMethodCodeHeapSize                   = 5832780                                {pd product} {ergonomic}
    uintx NonProfiledCodeHeapSize                  = 122912730                              {pd product} {ergonomic}
    uintx ProfiledCodeHeapSize                     = 122912730                              {pd product} {ergonomic}
    uintx ReservedCodeCacheSize                    = 251658240                              {pd product} {ergonomic}
     bool SegmentedCodeCache                       = true                                      {product} {ergonomic}
     bool ShowCodeDetailsInExceptionMessages       = true                                   {manageable} {command line}
   size_t SoftMaxHeapSize                          = 2147483648                             {manageable} {ergonomic}
     bool UseCompressedClassPointers               = true                           {product lp64_product} {ergonomic}
     bool UseCompressedOops                        = true                           {product lp64_product} {ergonomic}
     bool UseG1GC                                  = true                                      {product} {ergonomic}
     bool UseLargePagesIndividualAllocation        = false                                  {pd product} {ergonomic}

Logging:
Log output configuration:
 #0: stdout all=warning uptime,level,tags
 #1: stderr all=off uptime,level,tags

Environment Variables:
PATH=C:/Users/W I N D O W S/.katalon/packages/KS-10.1.1/jre/bin/server;C:/Users/W I N D O W S/.katalon/packages/KS-10.1.1/jre/bin;C:\Program Files\Eclipse Adoptium\jdk-17.0.3.7-hotspot\bin;C:\Program Files (x86)\Intel\iCLS Client\;C:\Program Files\Intel\iCLS Client\;C:\Program Files (x86)\Common Files\Oracle\Java\javapath;C:\Windows\system32;C:\Windows;C:\Windows\System32\Wbem;C:\Windows\System32\WindowsPowerShell\v1.0\;C:\Windows\System32\OpenSSH\;C:\Program Files (x86)\Intel\Intel(R) Management Engine Components\DAL;C:\Program Files\Intel\Intel(R) Management Engine Components\DAL;C:\Program Files (x86)\Intel\Intel(R) Management Engine Components\IPT;C:\Program Files\Intel\Intel(R) Management Engine Components\IPT;D:\flutter\flutter\flutter_windows_2.10.5-stable\flutter\bin;C:\Program Files\Git\cmd;C:\xampp\php;C:\ProgramData\ComposerSetup\bin;D:\chromedriver-win64;C:\Users\W I N D O W S\AppData\Local\Programs\Python\Python312\Scripts\;C:\Users\W I N D O W S\AppData\Local\Programs\Python\Python312\;C:\Users\W I N D O W S\AppData\Local\Programs\Python\Launcher\;C:\Users\W I N D O W S\AppData\Local\Microsoft\WindowsApps;C:\Users\W I N D O W S\AppData\Local\GitHubDesktop\bin;C:\Users\W I N D O W S\AppData\Roaming\Composer\vendor\bin;C:\Users\W I N D O W S\AppData\Local\Programs\Microsoft VS Code\bin;D:\flutter\flutter\flutter_windows_2.10.5-stable\flutter\bin;;C:\Users\W I N D O W S\.katalon\packages\KS-10.1.1;
USERNAME=W I N D O W S
OS=Windows_NT
PROCESSOR_IDENTIFIER=Intel64 Family 6 Model 61 Stepping 4, GenuineIntel
TMP=C:\Users\WINDOW~1\AppData\Local\Temp
TEMP=C:\Users\WINDOW~1\AppData\Local\Temp



Periodic native trim disabled


---------------  S Y S T E M  ---------------

OS:
 Windows 10 , 64 bit Build 19041 (10.0.19041.5438)
OS uptime: 0 days 4:43 hours

CPU: total 4 (initial active 4) (2 cores per cpu, 2 threads per core) family 6 model 61 stepping 4 microcode 0x2d, cx8, cmov, fxsr, ht, mmx, 3dnowpref, sse, sse2, sse3, ssse3, sse4.1, sse4.2, popcnt, lzcnt, tsc, tscinvbit, avx, avx2, aes, erms, clmul, bmi1, bmi2, adx, fma, vzeroupper, clflush
Processor Information for all 4 processors :
  Max Mhz: 2201, Current Mhz: 2201, Mhz Limit: 2201

Memory: 4k page, system-wide physical 4018M (357M free)
TotalPageFile size 10323M (AvailPageFile size 8M)
current process WorkingSet (physical memory assigned to process): 237M, peak: 243M
current process commit charge ("private bytes"): 266M, peak: 271M

vm_info: OpenJDK 64-Bit Server VM (17.0.14+7) for windows-amd64 JRE (17.0.14+7), built on Jan 21 2025 23:40:15 by "admin" with MS VC++ 17.7 (VS2022)

END.
