#
# There is insufficient memory for the Java Runtime Environment to continue.
# Native memory allocation (malloc) failed to allocate 1068336 bytes for Chunk::new
# Possible reasons:
#   The system is out of physical RAM or swap space
#   The process is running with CompressedOops enabled, and the Java Heap may be blocking the growth of the native heap
# Possible solutions:
#   Reduce memory load on the system
#   Increase physical memory or swap space
#   Check if swap backing store is full
#   Decrease Java heap size (-Xmx/-Xms)
#   Decrease number of Java threads
#   Decrease Java thread stack sizes (-Xss)
#   Set larger code cache with -XX:ReservedCodeCacheSize=
#   JVM is running with Unscaled Compressed Oops mode in which the Java heap is
#     placed in the first 4GB address space. The Java Heap base address is the
#     maximum limit for the native heap growth. Please use -XX:HeapBaseMinAddress
#     to set the Java Heap base and to place the Java Heap above 4GB virtual address.
# This output file may be truncated or incomplete.
#
#  Out of Memory Error (arena.cpp:189), pid=13608, tid=15308
#
# JRE version: OpenJDK Runtime Environment Temurin-17.0.7+7 (17.0.7+7) (build 17.0.7+7)
# Java VM: OpenJDK 64-Bit Server VM Temurin-17.0.7+7 (17.0.7+7, mixed mode, tiered, compressed oops, compressed class ptrs, g1 gc, windows-amd64)
# No core dump will be written. Minidumps are not enabled by default on client versions of Windows
#

---------------  S U M M A R Y ------------

Command Line: -Dgroovy.home=C:\Users\W I N D O W S/.groovy -Djava.system.class.loader=groovy.lang.GroovyClassLoader -Xmx2048m -Dfile.encoding=UTF-8 -XX:+ShowCodeDetailsInExceptionMessages org.codehaus.groovy.tools.GroovyStarter --classpath C:\Users\W I N D O W S\Katalon Studio\coba_1\bin\keyword;C:\Users\W I N D O W S\Katalon Studio\coba_1\Keywords;C:\Users\W I N D O W S\Katalon Studio\coba_1\bin\listener;C:\Users\W I N D O W S\Katalon Studio\coba_1\Test Listeners;C:\Users\W I N D O W S\Katalon Studio\coba_1\bin\lib;C:\Users\W I N D O W S\Katalon Studio\coba_1\Libs;C:\Users\W I N D O W S\Katalon Studio\coba_1\bin\groovy;C:\Users\W I N D O W S\Katalon Studio\coba_1\Include\scripts\groovy;C:\Users\W I N D O W S\.katalon\packages\Katalon_Studio_Windows_64-9.5.0\Katalon_Studio_Windows_64-9.5.0\plugins\com.kms.katalon.core_1.0.0.202405290758.jar;C:\Users\W I N D O W S\.katalon\packages\Katalon_Studio_Windows_64-9.5.0\Katalon_Studio_Windows_64-9.5.0\configuration\resources\lib\aalto-xml-1.0.0.jar;C:\Users\W I N D O W S\.katalon\packages\Katalon_Studio_Windows_64-9.5.0\Katalon_Studio_Windows_64-9.5.0\configuration\resources\lib\aspectjweaver-1.9.1.jar;C:\Users\W I N D O W S\.katalon\packages\Katalon_Studio_Windows_64-9.5.0\Katalon_Studio_Windows_64-9.5.0\configuration\resources\lib\bcpkix-jdk15on-1.64.jar;C:\Users\W I N D O W S\.katalon\packages\Katalon_Studio_Windows_64-9.5.0\Katalon_Studio_Windows_64-9.5.0\configuration\resources\lib\bcprov-jdk15on-1.64.jar;C:\Users\W I N D O W S\.katalon\packages\Katalon_Studio_Windows_64-9.5.0\Katalon_Studio_Windows_64-9.5.0\configuration\resources\lib\browsermob-core-2.1.5.jar;C:\Users\W I N D O W S\.katalon\packages\Katalon_Studio_Windows_64-9.5.0\Katalon_Studio_Windows_64-9.5.0\configuration\resources\lib\byte-buddy-1.14.3.jar;C:\Users\W I N D O W S\.katalon\packages\Katalon_Studio_Windows_64-9.5.0\Katalon_Studio_Windows_64-9.5.0\configuration\resources\lib\byte-buddy-agent-1.14.3.jar;C:\Users\W I N D O W S\.katalon\packages\Katalon_Studio_Windows_64-9.5.0\Katalon_Studio_Windows_64-9.5.0\configuration\resources\lib\cglib-3.2.10.jar;C:\Users\W I N D O W S\.katalon\packages\Katalon_Studio_Windows_64-9.5.0\Katalon_Studio_Windows_64-9.5.0\configuration\resources\lib\commons-codec-1.10.jar;C:\Users\W I N D O W S\.katalon\packages\Katalon_Studio_Windows_64-9.5.0\Katalon_Studio_Windows_64-9.5.0\configuration\resources\lib\commons-collections4-4.1.jar;C:\Users\W I N D O W S\.katalon\packages\Katalon_Studio_Windows_64-9.5.0\Katalon_Studio_Windows_64-9.5.0\configuration\resources\lib\commons-validator-1.6.jar;C:\Users\W I N D O W S\.katalon\packages\Katalon_Studio_Windows_64-9.5.0\Katalon_Studio_Windows_64-9.5.0\configuration\resources\lib\curvesapi-1.04.jar;C:\Users\W I N D O W S\.katalon\packages\Katalon_Studio_Windows_64-9.5.0\Katalon_Studio_Windows_64-9.5.0\configuration\resources\lib\dnsjava-2.1.8.jar;C:\Users\W I N D O W S\.katalon\packages\Katalon_Studio_Windows_64-9.5.0\Katalon_Studio_Windows_64-9.5.0\configuration\resources\lib\groovy-ant-3.0.17.jar;C:\Users\W I N D O W S\.katalon\packages\Katalon_Studio_Windows_64-9.5.0\Katalon_Studio_Windows_64-9.5.0\configuration\resources\lib\groovy-astbuilder-3.0.17.jar;C:\Users\W I N D O W S\.katalon\packages\Katalon_Studio_Windows_64-9.5.0\Katalon_Studio_Windows_64-9.5.0\configuration\resources\lib\groovy-cli-picocli-3.0.17.jar;C:\Users\W I N D O W S\.katalon\packages\Katalon_Studio_Windows_64-9.5.0\Katalon_Studio_Windows_64-9.5.0\configuration\resources\lib\groovy-console-3.0.17.jar;C:\Users\W I N D O W S\.katalon\packages\Katalon_Studio_Windows_64-9.5.0\Katalon_Studio_Windows_64-9.5.0\configuration\resources\lib\groovy-datetime-3.0.17.jar;C:\Users\W I N D O W S\.katalon\packages\Katalon_Studio_Windows_64-9.5.0\Katalon_Studio_Windows_64-9.5.0\configuration\resources\lib\groovy-dateutil-3.0.17.jar;C:\Users\W I N D O W S\.katalon\packages\Katalon_Studio_Windows_64-9.5.0\Katalon_Studio_Windows_64-9.5.0\configuration\resources\lib\groovy-docgenerator-3.0.17.jar;C:\Users\W I N D O W S\.katalon\packages\Katalon_Studio_Windows_64-9.5.0\Katalon_Studio_Windows_64-9.5.0\configuration\resources\lib\groovy-groovydoc-3.0.17.jar;C:\Users\W I N D O W S\.katalon\packages\Katalon_Studio_Windows_64-9.5.0\Katalon_Studio_Windows_64-9.5.0\configuration\resources\lib\groovy-groovysh-3.0.17.jar;C:\Users\W I N D O W S\.katalon\packages\Katalon_Studio_Windows_64-9.5.0\Katalon_Studio_Windows_64-9.5.0\configuration\resources\lib\groovy-jmx-3.0.17.jar;C:\Users\W I N D O W S\.katalon\packages\Katalon_Studio_Windows_64-9.5.0\Katalon_Studio_Windows_64-9.5.0\configuration\resources\lib\groovy-json-3.0.17.jar;C:\Users\W I N D O W S\.katalon\packages\Katalon_Studio_Windows_64-9.5.0\Katalon_Studio_Windows_64-9.5.0\configuration\resources\lib\groovy-jsr223-3.0.17.jar;C:\Users\W I N D O W S\.katalon\packages\Katalon_Studio_Windows_64-9.5.0\Katalon_Studio_Windows_64-9.5.0\configuration\resources\lib\groovy-macro-3.0.17.jar;C:\Users\W I N D O W S\.katalon\packages\Katalon_Studio_Windows_64-9.5.0\Katalon_Studio_Windows_64-9.5.0\configuration\resources\lib\groovy-nio-3.0.17.jar;C:\Users\W I N D O W S\.katalon\packages\Katalon_Studio_Windows_64-9.5.0\Katalon_Studio_Windows_64-9.5.0\configuration\resources\lib\groovy-servlet-3.0.17.jar;C:\Users\W I N D O W S\.katalon\packages\Katalon_Studio_Windows_64-9.5.0\Katalon_Studio_Windows_64-9.5.0\configuration\resources\lib\groovy-sql-3.0.17.jar;C:\Users\W I N D O W S\.katalon\packages\Katalon_Studio_Windows_64-9.5.0\Katalon_Studio_Windows_64-9.5.0\configuration\resources\lib\groovy-swing-3.0.17.jar;C:\Users\W I N D O W S\.katalon\packages\Katalon_Studio_Windows_64-9.5.0\Katalon_Studio_Windows_64-9.5.0\configuration\resources\lib\groovy-templates-3.0.17.jar;C:\Users\W I N D O W S\.katalon\packages\Katalon_Studio_Windows_64-9.5.0\Katalon_Studio_Windows_64-9.5.0\configuration\resources\lib\groovy-test-3.0.17.jar;C:\Users\W I N D O W S\.katalon\packages\Katalon_Studio_Windows_64-9.5.0\Katalon_Studio_Windows_64-9.5.0\configuration\resources\lib\groovy-test-junit5-3.0.17.jar;C:\Users\W I N D O W S\.katalon\packages\Katalon_Studio_Windows_64-9.5.0\Katalon_Studio_Windows_64-9.5.0\configuration\resources\lib\groovy-testng-3.0.17.jar;C:\Users\W I N D O W S\.katalon\packages\Katalon_Studio_Windows_64-9.5.0\Katalon_Studio_Windows_64-9.5.0\configuration\resources\lib\groovy-xml-3.0.17.jar;C:\Users\W I N D O W S\.katalon\packages\Katalon_Studio_Windows_64-9.5.0\Katalon_Studio_Windows_64-9.5.0\configuration\resources\lib\java-client-7.0.0.jar;C:\Users\W I N D O W S\.katalon\packages\Katalon_Studio_Windows_64-9.5.0\Katalon_Studio_Windows_64-9.5.0\configuration\resources\lib\javax.servlet-api_3.1.0.jar;C:\Users\W I N D O W S\.katalon\packages\Katalon_Studio_Windows_64-9.5.0\Katalon_Studio_Windows_64-9.5.0\configuration\resources\lib\jna-5.12.1.jar;C:\Users\W I N D O W S\.katalon\packages\Katalon_Studio_Windows_64-9.5.0\Katalon_Studio_Windows_64-9.5.0\configuration\resources\lib\jna-platform-5.12.1.jar;C:\Users\W I N D O W S\.katalon\packages\Katalon_Studio_Windows_64-9.5.0\Katalon_Studio_Windows_64-9.5.0\configuration\resources\lib\jzlib-1.1.3.jar;C:\Users\W I N D O W S\.katalon\packages\Katalon_Studio_Windows_64-9.5.0\Katalon_Studio_Windows_64-9.5.0\configuration\resources\lib\kat-server.jar;C:\Users\W I N D O W S\.katalon\packages\Katalon_Studio_Windows_64-9.5.0\Katalon_Studio_Windows_64-9.5.0\configuration\resources\lib\littleproxy-1.1.0-beta-bmp-17.jar;C:\Users\W I N D O W S\.katalon\packages\Katalon_Studio_Windows_64-9.5.0\Katalon_Studio_Windows_64-9.5.0\configuration\resources\lib\log4j-1.2-api-2.17.1.jar;C:\Users\W I N D O W S\.katalon\packages\Katalon_Studio_Windows_64-9.5.0\Katalon_Studio_Windows_64-9.5.0\configuration\resources\lib\log4j-api-2.17.1.jar;C:\Users\W I N D O W S\.katalon\packages\Katalon_Studio_Windows_64-9.5.0\Katalon_Studio_Windows_64-9.5.0\configuration\resources\lib\log4j-core-2.17.1.jar;C:\Users\W I N D O W S\.katalon\packages\Katalon_Studio_Windows_64-9.5.0\Katalon_Studio_Windows_64-9.5.0\configuration\resources\lib\mitm-2.1.5.jar;C:\Users\W I N D O W S\.katalon\packages\Katalon_Studio_Windows_64-9.5.0\Katalon_Studio_Windows_64-9.5.0\configuration\resources\lib\mockito-core-5.2.0.jar;C:\Users\W I N D O W S\.katalon\packages\Katalon_Studio_Windows_64-9.5.0\Katalon_Studio_Windows_64-9.5.0\configuration\resources\lib\mockito-inline-5.2.0.jar;C:\Users\W I N D O W S\.katalon\packages\Katalon_Studio_Windows_64-9.5.0\Katalon_Studio_Windows_64-9.5.0\configuration\resources\lib\netty-all-4.1.109.Final.jar;C:\Users\W I N D O W S\.katalon\packages\Katalon_Studio_Windows_64-9.5.0\Katalon_Studio_Windows_64-9.5.0\configuration\resources\lib\objenesis-3.3.jar;C:\Users\W I N D O W S\.katalon\packages\Katalon_Studio_Windows_64-9.5.0\Katalon_Studio_Windows_64-9.5.0\configuration\resources\lib\poi-3.17.jar;C:\Users\W I N D O W S\.katalon\packages\Katalon_Studio_Windows_64-9.5.0\Katalon_Studio_Windows_64-9.5.0\configuration\resources\lib\poi-ooxml-3.17.jar;C:\Users\W I N D O W S\.katalon\packages\Katalon_Studio_Windows_64-9.5.0\Katalon_Studio_Windows_64-9.5.0\configuration\resources\lib\poi-ooxml-schemas-3.17.jar;C:\Users\W I N D O W S\.katalon\packages\Katalon_Studio_Windows_64-9.5.0\Katalon_Studio_Windows_64-9.5.0\configuration\resources\lib\proxy-vole-1.0.4-SNAPSHOT-jar-with-dependencies.jar;C:\Users\W I N D O W S\.katalon\packages\Katalon_Studio_Windows_64-9.5.0\Katalon_Studio_Windows_64-9.5.0\configuration\resources\lib\repackaged-sikuli-api-1.0.2-standalone.jar;C:\Users\W I N D O W S\.katalon\packages\Katalon_Studio_Windows_64-9.5.0\Katalon_Studio_Windows_64-9.5.0\configuration\resources\lib\selenium-leg-rc-3.141.59.jar;C:\Users\W I N D O W S\.katalon\packages\Katalon_Studio_Windows_64-9.5.0\Katalon_Studio_Windows_64-9.5.0\configuration\resources\lib\selenium-server-standalone-3.141.59.jar;C:\Users\W I N D O W S\.katalon\packages\Katalon_Studio_Windows_64-9.5.0\Katalon_Studio_Windows_64-9.5.0\configuration\resources\lib\selenium-shutterbug-1.1.jar;C:\Users\W I N D O W S\.katalon\packages\Katalon_Studio_Windows_64-9.5.0\Katalon_Studio_Windows_64-9.5.0\configuration\resources\lib\slf4j-api-1.7.25.jar;C:\Users\W I N D O W S\.katalon\packages\Katalon_Studio_Windows_64-9.5.0\Katalon_Studio_Windows_64-9.5.0\configuration\resources\lib\soap-builder-1.0.0.jar;C:\Users\W I N D O W S\.katalon\packages\Katalon_Studio_Windows_64-9.5.0\Katalon_Studio_Windows_64-9.5.0\configuration\resources\lib\soap-common-1.0.0.jar;C:\Users\W I N D O W S\.katalon\packages\Katalon_Studio_Windows_64-9.5.0\Katalon_Studio_Windows_64-9.5.0\configuration\resources\lib\soap-legacy-1.0.0.jar;C:\Users\W I N D O W S\.katalon\packages\Katalon_Studio_Windows_64-9.5.0\Katalon_Studio_Windows_64-9.5.0\configuration\resources\lib\spring-context-5.3.19.jar;C:\Users\W I N D O W S\.katalon\packages\Katalon_Studio_Windows_64-9.5.0\Katalon_Studio_Windows_64-9.5.0\configuration\resources\lib\stax2-api-4.0.0.jar;C:\Users\W I N D O W S\.katalon\packages\Katalon_Studio_Windows_64-9.5.0\Katalon_Studio_Windows_64-9.5.0\configuration\resources\lib\su.jar;C:\Users\W I N D O W S\.katalon\packages\Katalon_Studio_Windows_64-9.5.0\Katalon_Studio_Windows_64-9.5.0\configuration\resources\lib\testng-7.8.0.jar;C:\Users\W I N D O W S\.katalon\packages\Katalon_Studio_Windows_64-9.5.0\Katalon_Studio_Windows_64-9.5.0\configuration\resources\lib\wadl.jar;C:\Users\W I N D O W S\.katalon\packages\Katalon_Studio_Windows_64-9.5.0\Katalon_Studio_Windows_64-9.5.0\configuration\resources\lib\xmlbeans-3.1.0.jar;C:\Users\W I N D O W S\.katalon\packages\Katalon_Studio_Windows_64-9.5.0\Katalon_Studio_Windows_64-9.5.0\plugins\net.sf.supercsv.super-csv_2.1.0.jar;C:\Users\W I N D O W S\.katalon\packages\Katalon_Studio_Windows_64-9.5.0\Katalon_Studio_Windows_64-9.5.0\plugins\org.apache.commons.io_2.4.0.jar;C:\Users\W I N D O W S\.katalon\packages\Katalon_Studio_Windows_64-9.5.0\Katalon_Studio_Windows_64-9.5.0\plugins\org.apache.commons.lang_2.6.0.jar;C:\Users\W I N D O W S\.katalon\packages\Katalon_Studio_Windows_64-9.5.0\Katalon_Studio_Windows_64-9.5.0\plugins\com.google.gson_2.10.1.v20230109-0753.jar;C:\Users\W I N D O W S\.katalon\packages\Katalon_Studio_Windows_64-9.5.0\Katalon_Studio_Windows_64-9.5.0\plugins\org.jsoup_1.14.3.jar;C:\Users\W I N D O W S\.katalon\packages\Katalon_Studio_Windows_64-9.5.0\Katalon_Studio_Windows_64-9.5.0\plugins\org.apache.commons.dbutils_1.6.0.jar;C:\Users\W I N D O W S\.katalon\packages\Katalon_Studio_Windows_64-9.5.0\Katalon_Studio_Windows_64-9.5.0\plugins\com.oracle.jdbc.ojdbc7_12.1.0.2.jar;C:\Users\W I N D O W S\.katalon\packages\Katalon_Studio_Windows_64-9.5.0\Katalon_Studio_Windows_64-9.5.0\plugins\org.postgresql.jdbc_42.7.3.jar;c:\Users\W I N D O W S\.katalon\packages\Katalon_Studio_Windows_64-9.5.0\Katalon_Studio_Windows_64-9.5.0\plugins\org.eclipse.osgi_3.18.300.v20230220-1352.jar;C:\Users\W I N D O W S\.katalon\packages\Katalon_Studio_Windows_64-9.5.0\Katalon_Studio_Windows_64-9.5.0\plugins\com.kms.katalon.constant_1.0.0.202405290758.jar;C:\Users\W I N D O W S\.katalon\packages\Katalon_Studio_Windows_64-9.5.0\Katalon_Studio_Windows_64-9.5.0\plugins\org.eclipse.persistence.eclipselink_2.7.11.jar;C:\Users\W I N D O W S\.katalon\packages\Katalon_Studio_Windows_64-9.5.0\Katalon_Studio_Windows_64-9.5.0\plugins\com.kms.katalon.selenium-standalone_1.0.0.202405290758.jar;C:\Users\W I N D O W S\.katalon\packages\Katalon_Studio_Windows_64-9.5.0\Katalon_Studio_Windows_64-9.5.0\plugins\atu.testrecorder.screen-recorder_2.1.0.jar;C:\Users\W I N D O W S\.katalon\packages\Katalon_Studio_Windows_64-9.5.0\Katalon_Studio_Windows_64-9.5.0\plugins\com.google.guava_23.0.0.jar;C:\Users\W I N D O W S\.katalon\packages\Katalon_Studio_Windows_64-9.5.0\Katalon_Studio_Windows_64-9.5.0\plugins\com.kms.katalon.util_1.0.0.202405290758.jar;C:\Users\W I N D O W S\.katalon\packages\Katalon_Studio_Windows_64-9.5.0\Katalon_Studio_Windows_64-9.5.0\plugins\org.apache.httpcomponents.httpclient_4.5.14.v20221207-1049.jar;C:\Users\W I N D O W S\.katalon\packages\Katalon_Studio_Windows_64-9.5.0\Katalon_Studio_Windows_64-9.5.0\plugins\org.apache.httpcomponents.httpcore_4.4.16.v20221207-1049.jar;C:\Users\W I N D O W S\.katalon\packages\Katalon_Studio_Windows_64-9.5.0\Katalon_Studio_Windows_64-9.5.0\plugins\org.apache.httpcomponents.httpmime_4.5.13.jar;C:\Users\W I N D O W S\.katalon\packages\Katalon_Studio_Windows_64-9.5.0\Katalon_Studio_Windows_64-9.5.0\plugins\org.apache.commons.lang3_3.14.0.jar;C:\Users\W I N D O W S\.katalon\packages\Katalon_Studio_Windows_64-9.5.0\Katalon_Studio_Windows_64-9.5.0\plugins\org.greenrobot.eventbus_3.1.1.jar;C:\Users\W I N D O W S\.katalon\packages\Katalon_Studio_Windows_64-9.5.0\Katalon_Studio_Windows_64-9.5.0\plugins\net.bytebuddy.byte-buddy_1.14.15.jar;C:\Users\W I N D O W S\.katalon\packages\Katalon_Studio_Windows_64-9.5.0\Katalon_Studio_Windows_64-9.5.0\plugins\org.junit_4.13.2.v20211018-1956.jar;C:\Users\W I N D O W S\.katalon\packages\Katalon_Studio_Windows_64-9.5.0\Katalon_Studio_Windows_64-9.5.0\plugins\com.fasterxml.jackson.core.jackson-databind_2.17.1.jar;C:\Users\W I N D O W S\.katalon\packages\Katalon_Studio_Windows_64-9.5.0\Katalon_Studio_Windows_64-9.5.0\plugins\com.fasterxml.jackson.core.jackson-core_2.17.1.jar;C:\Users\W I N D O W S\.katalon\packages\Katalon_Studio_Windows_64-9.5.0\Katalon_Studio_Windows_64-9.5.0\plugins\com.fasterxml.jackson.core.jackson-annotations_2.17.1.jar;C:\Users\W I N D O W S\.katalon\packages\Katalon_Studio_Windows_64-9.5.0\Katalon_Studio_Windows_64-9.5.0\plugins\ch.qos.logback.classic_1.2.13.jar;C:\Users\W I N D O W S\.katalon\packages\Katalon_Studio_Windows_64-9.5.0\Katalon_Studio_Windows_64-9.5.0\plugins\ch.qos.logback.core_1.2.13.jar;C:\Users\W I N D O W S\.katalon\packages\Katalon_Studio_Windows_64-9.5.0\Katalon_Studio_Windows_64-9.5.0\plugins\slf4j.api_1.7.36.jar;C:\Users\W I N D O W S\.katalon\packages\Katalon_Studio_Windows_64-9.5.0\Katalon_Studio_Windows_64-9.5.0\plugins\org.fusesource.jansi_1.17.1.jar;C:\Users\W I N D O W S\.katalon\packages\Katalon_Studio_Windows_64-9.5.0\Katalon_Studio_Windows_64-9.5.0\plugins\com.kms.katalon.netlightbody_1.0.0.202405290758.jar;C:\Users\W I N D O W S\.katalon\packages\Katalon_Studio_Windows_64-9.5.0\Katalon_Studio_Windows_64-9.5.0\plugins\com.kms.katalon.poi_1.0.0.202405290758.jar;C:\Users\W I N D O W S\.katalon\packages\Katalon_Studio_Windows_64-9.5.0\Katalon_Studio_Windows_64-9.5.0\plugins\org.apache.commons.commons-text_1.10.0.jar;C:\Users\W I N D O W S\.katalon\packages\Katalon_Studio_Windows_64-9.5.0\Katalon_Studio_Windows_64-9.5.0\plugins\com.kms.katalon.proxyvole_1.0.0.202405290758.jar;C:\Users\W I N D O W S\.katalon\packages\Katalon_Studio_Windows_64-9.5.0\Katalon_Studio_Windows_64-9.5.0\plugins\com.microsoft.sqlserver.mssql-jdbc_6.2.2.jre8.jar;C:\Users\W I N D O W S\.katalon\packages\Katalon_Studio_Windows_64-9.5.0\Katalon_Studio_Windows_64-9.5.0\plugins\com.github.kklisura.cdt.java-client_2.1.0.jar;C:\Users\W I N D O W S\.katalon\packages\Katalon_Studio_Windows_64-9.5.0\Katalon_Studio_Windows_64-9.5.0\plugins\javax.websocket-api_1.1.0.jar;C:\Users\W I N D O W S\.katalon\packages\Katalon_Studio_Windows_64-9.5.0\Katalon_Studio_Windows_64-9.5.0\plugins\org.glassfish.tyrus.container-grizzly-client_1.13.1.jar;C:\Users\W I N D O W S\.katalon\packages\Katalon_Studio_Windows_64-9.5.0\Katalon_Studio_Windows_64-9.5.0\plugins\org.glassfish.grizzly.http-server_2.3.25.jar;C:\Users\W I N D O W S\.katalon\packages\Katalon_Studio_Windows_64-9.5.0\Katalon_Studio_Windows_64-9.5.0\plugins\org.glassfish.grizzly.framework_2.3.25.jar;C:\Users\W I N D O W S\.katalon\packages\Katalon_Studio_Windows_64-9.5.0\Katalon_Studio_Windows_64-9.5.0\plugins\org.glassfish.grizzly.http_2.3.25.jar;C:\Users\W I N D O W S\.katalon\packages\Katalon_Studio_Windows_64-9.5.0\Katalon_Studio_Windows_64-9.5.0\plugins\org.glassfish.tyrus.client_1.13.1.jar;C:\Users\W I N D O W S\.katalon\packages\Katalon_Studio_Windows_64-9.5.0\Katalon_Studio_Windows_64-9.5.0\plugins\org.glassfish.tyrus.core_1.13.1.jar;C:\Users\W I N D O W S\.katalon\packages\Katalon_Studio_Windows_64-9.5.0\Katalon_Studio_Windows_64-9.5.0\plugins\org.glassfish.tyrus.spi_1.13.1.jar;C:\Users\W I N D O W S\.katalon\packages\Katalon_Studio_Windows_64-9.5.0\Katalon_Studio_Windows_64-9.5.0\plugins\javassist_3.28.0.GA.jar;C:\Users\W I N D O W S\.katalon\packages\Katalon_Studio_Windows_64-9.5.0\Katalon_Studio_Windows_64-9.5.0\plugins\graphql-java_17.5.0.jar;C:\Users\W I N D O W S\.katalon\packages\Katalon_Studio_Windows_64-9.5.0\Katalon_Studio_Windows_64-9.5.0\plugins\org.glassfish.jaxb.runtime_2.3.6.jar;C:\Users\W I N D O W S\.katalon\packages\Katalon_Studio_Windows_64-9.5.0\Katalon_Studio_Windows_64-9.5.0\plugins\org.glassfish.jaxb.txw2_2.3.6.jar;C:\Users\W I N D O W S\.katalon\packages\Katalon_Studio_Windows_64-9.5.0\Katalon_Studio_Windows_64-9.5.0\plugins\org.dom4j_2.1.4.jar;C:\Users\W I N D O W S\.katalon\packages\Katalon_Studio_Windows_64-9.5.0\Katalon_Studio_Windows_64-9.5.0\plugins\com.kms.katalon.groovy-extended_1.0.0.202405290758.jar;C:\Users\W I N D O W S\.katalon\packages\Katalon_Studio_Windows_64-9.5.0\Katalon_Studio_Windows_64-9.5.0\plugins\com.sun.activation.javax.activation_1.2.0.jar;C:\Users\W I N D O W S\.katalon\packages\Katalon_Studio_Windows_64-9.5.0\Katalon_Studio_Windows_64-9.5.0\plugins\jakarta.xml.bind-api_2.3.3.jar;C:\Users\W I N D O W S\.katalon\packages\Katalon_Studio_Windows_64-9.5.0\Katalon_Studio_Windows_64-9.5.0\plugins\com.sun.xml.bind.jaxb-impl_2.3.6.jar;C:\Users\W I N D O W S\.katalon\packages\Katalon_Studio_Windows_64-9.5.0\Katalon_Studio_Windows_64-9.5.0\plugins\org.eclipse.jface_3.29.0.v20230214-1401.jar;C:\Users\W I N D O W S\.katalon\packages\Katalon_Studio_Windows_64-9.5.0\Katalon_Studio_Windows_64-9.5.0\plugins\com.kms.katalon.logging_1.0.0.202405290758.jar;C:\Users\W I N D O W S\.katalon\packages\Katalon_Studio_Windows_64-9.5.0\Katalon_Studio_Windows_64-9.5.0\plugins\json_20240303.0.0.jar;C:\Users\W I N D O W S\.katalon\packages\Katalon_Studio_Windows_64-9.5.0\Katalon_Studio_Windows_64-9.5.0\plugins\assertj-core_3.25.3.jar;C:\Users\W I N D O W S\.katalon\packages\Katalon_Studio_Windows_64-9.5.0\Katalon_Studio_Windows_64-9.5.0\plugins\org.apache.commons.logging_1.2.0.v20180409-1502.jar;C:\Users\W I N D O W S\.katalon\packages\Katalon_Studio_Windows_64-9.5.0\Katalon_Studio_Windows_64-9.5.0\plugins\org.hamcrest.core_1.3.0.v20180420-1519.jar;C:\Users\W I N D O W S\.katalon\packages\Katalon_Studio_Windows_64-9.5.0\Katalon_Studio_Windows_64-9.5.0\plugins\org.beanshell.bsh_2.0.0.0b4.jar;C:\Users\W I N D O W S\.katalon\packages\Katalon_Studio_Windows_64-9.5.0\Katalon_Studio_Windows_64-9.5.0\plugins\org.apache.ant.launcher_1.9.6.jar;C:\Users\W I N D O W S\.katalon\packages\Katalon_Studio_Windows_64-9.5.0\Katalon_Studio_Windows_64-9.5.0\plugins\com.kms.katalon.core.appium_1.0.0.202405290758.jar;C:\Users\W I N D O W S\.katalon\packages\Katalon_Studio_Windows_64-9.5.0\Katalon_Studio_Windows_64-9.5.0\plugins\com.kms.katalon.api_1.0.0.202405290758.jar;C:\Users\W I N D O W S\.katalon\packages\Katalon_Studio_Windows_64-9.5.0\Katalon_Studio_Windows_64-9.5.0\plugins\org.eclipse.equinox.common_3.17.100.v20230202-1341.jar;C:\Users\W I N D O W S\.katalon\packages\Katalon_Studio_Windows_64-9.5.0\Katalon_Studio_Windows_64-9.5.0\plugins\com.kms.katalon.testcloud.core_1.0.0.202405290758.jar;C:\Users\W I N D O W S\.katalon\packages\Katalon_Studio_Windows_64-9.5.0\Katalon_Studio_Windows_64-9.5.0\plugins\org.eclipse.e4.core.di.annotations_1.7.200.v20220613-1008.jar;C:\Users\W I N D O W S\.katalon\packages\Katalon_Studio_Windows_64-9.5.0\Katalon_Studio_Windows_64-9.5.0\plugins\org.eclipse.swt_3.123.0.v20230220-1431.jar;C:\Users\W I N D O W S\.katalon\packages\Katalon_Studio_Windows_64-9.5.0\Katalon_Studio_Windows_64-9.5.0\plugins\com.kms.katalon.configuration.core_1.0.0.202405290758.jar;C:\Users\W I N D O W S\.katalon\packages\Katalon_Studio_Windows_64-9.5.0\Katalon_Studio_Windows_64-9.5.0\plugins\org.semver4j_5.3.0.jar;C:\Users\W I N D O W S\.katalon\packages\Katalon_Studio_Windows_64-9.5.0\Katalon_Studio_Windows_64-9.5.0\plugins\com.kms.katalon.core.webui_1.0.0.202405290758.jar;C:\Users\W I N D O W S\.katalon\packages\Katalon_Studio_Windows_64-9.5.0\Katalon_Studio_Windows_64-9.5.0\plugins\org.eclipse.e4.core.contexts_1.11.0.v20220716-0839.jar;C:\Users\W I N D O W S\.katalon\packages\Katalon_Studio_Windows_64-9.5.0\Katalon_Studio_Windows_64-9.5.0\plugins\org.eclipse.e4.core.services_2.3.400.v20220915-1347.jar;C:\Users\W I N D O W S\.katalon\packages\Katalon_Studio_Windows_64-9.5.0\Katalon_Studio_Windows_64-9.5.0\plugins\com.kms.katalon.core.mobile_1.0.0.202405290758.jar;C:\Users\W I N D O W S\.katalon\packages\Katalon_Studio_Windows_64-9.5.0\Katalon_Studio_Windows_64-9.5.0\plugins\org.apache.commons.commons-validator_1.7.0.jar;C:\Users\W I N D O W S\.katalon\packages\Katalon_Studio_Windows_64-9.5.0\Katalon_Studio_Windows_64-9.5.0\plugins\com.kms.katalon.core.cucumber_1.0.0.202405290758.jar;C:\Users\W I N D O W S\.katalon\packages\Katalon_Studio_Windows_64-9.5.0\Katalon_Studio_Windows_64-9.5.0\plugins\io.cucumber.core_3.0.3.jar;C:\Users\W I N D O W S\.katalon\packages\Katalon_Studio_Windows_64-9.5.0\Katalon_Studio_Windows_64-9.5.0\plugins\io.cucumber.datatable_1.1.15.jar;C:\Users\W I N D O W S\.katalon\packages\Katalon_Studio_Windows_64-9.5.0\Katalon_Studio_Windows_64-9.5.0\plugins\io.cucumber.datatable-dependencies_1.1.15.jar;C:\Users\W I N D O W S\.katalon\packages\Katalon_Studio_Windows_64-9.5.0\Katalon_Studio_Windows_64-9.5.0\plugins\io.cucumber.expressions_5.0.19.jar;C:\Users\W I N D O W S\.katalon\packages\Katalon_Studio_Windows_64-9.5.0\Katalon_Studio_Windows_64-9.5.0\plugins\io.cucumber.gherkin_5.0.0.jar;C:\Users\W I N D O W S\.katalon\packages\Katalon_Studio_Windows_64-9.5.0\Katalon_Studio_Windows_64-9.5.0\plugins\io.cucumber.html_0.2.7.jar;C:\Users\W I N D O W S\.katalon\packages\Katalon_Studio_Windows_64-9.5.0\Katalon_Studio_Windows_64-9.5.0\plugins\io.cucumber.java_3.0.3.jar;C:\Users\W I N D O W S\.katalon\packages\Katalon_Studio_Windows_64-9.5.0\Katalon_Studio_Windows_64-9.5.0\plugins\io.cucumber.tag-expressions_1.1.1.jar;C:\Users\W I N D O W S\.katalon\packages\Katalon_Studio_Windows_64-9.5.0\Katalon_Studio_Windows_64-9.5.0\plugins\io.cucumber.junit_3.0.3.jar;C:\Users\W I N D O W S\.katalon\packages\Katalon_Studio_Windows_64-9.5.0\Katalon_Studio_Windows_64-9.5.0\plugins\com.kms.katalon.core.webservice_1.0.0.202405290758.jar;C:\Users\W I N D O W S\.katalon\packages\Katalon_Studio_Windows_64-9.5.0\Katalon_Studio_Windows_64-9.5.0\plugins\wsdl4j_1.6.2.jar;C:\Users\W I N D O W S\.katalon\packages\Katalon_Studio_Windows_64-9.5.0\Katalon_Studio_Windows_64-9.5.0\plugins\com.google.oauth-client.google-oauth-client_1.22.0.jar;C:\Users\W I N D O W S\.katalon\packages\Katalon_Studio_Windows_64-9.5.0\Katalon_Studio_Windows_64-9.5.0\plugins\com.google.http-client.google-http-client_1.22.0.jar;C:\Users\W I N D O W S\.katalon\packages\Katalon_Studio_Windows_64-9.5.0\Katalon_Studio_Windows_64-9.5.0\plugins\ca.juliusdavies.not-yet-commons-ssl_0.3.11.jar;C:\Users\W I N D O W S\.katalon\packages\Katalon_Studio_Windows_64-9.5.0\Katalon_Studio_Windows_64-9.5.0\plugins\com.kms.katalon.preferences_1.0.0.202405290758.jar;C:\Users\W I N D O W S\.katalon\packages\Katalon_Studio_Windows_64-9.5.0\Katalon_Studio_Windows_64-9.5.0\plugins\org.apache.xmlbeans_3.1.0.jar;C:\Users\W I N D O W S\.katalon\packages\Katalon_Studio_Windows_64-9.5.0\Katalon_Studio_Windows_64-9.5.0\plugins\com.kms.katalon.entity_1.0.0.202405290758.jar;C:\Users\W I N D O W S\.katalon\packages\Katalon_Studio_Windows_64-9.5.0\Katalon_Studio_Windows_64-9.5.0\plugins\org.antlr.antlr4-runtime_4.9.2.jar;C:\Users\W I N D O W S\.katalon\packages\Katalon_Studio_Windows_64-9.5.0\Katalon_Studio_Windows_64-9.5.0\plugins\com.networknt.json-schema-validator_1.0.66.jar;C:\Users\W I N D O W S\.katalon\packages\Katalon_Studio_Windows_64-9.5.0\Katalon_Studio_Windows_64-9.5.0\plugins\jakarta.xml.ws-api_2.3.3.jar;C:\Users\W I N D O W S\.katalon\packages\Katalon_Studio_Windows_64-9.5.0\Katalon_Studio_Windows_64-9.5.0\plugins\javax.xml.soap-api_1.4.0.jar;C:\Users\W I N D O W S\.katalon\packages\Katalon_Studio_Windows_64-9.5.0\Katalon_Studio_Windows_64-9.5.0\plugins\com.kms.katalon.core.windows_1.0.0.202405290758.jar;C:\Users\W I N D O W S\.katalon\packages\Katalon_Studio_Windows_64-9.5.0\Katalon_Studio_Windows_64-9.5.0\plugins\com.kms.katalon.core.testng_1.0.0.202405290758.jar;C:\Users\W I N D O W S\.katalon\packages\Katalon_Studio_Windows_64-9.5.0\Katalon_Studio_Windows_64-9.5.0\configuration\org.eclipse.osgi\32\0\.cp\resources\basic-report\katalon-studio-report-plugin.jar;C:\Users\W I N D O W S\.katalon\packages\Katalon_Studio_Windows_64-9.5.0\Katalon_Studio_Windows_64-9.5.0\plugins\org.codehaus.groovy_3.0.17.v202303311542-e2303\lib\groovy-3.0.17-indy.jar;C:\Users\W I N D O W S\.katalon\packages\Katalon_Studio_Windows_64-9.5.0\Katalon_Studio_Windows_64-9.5.0\plugins\org.codehaus.groovy_3.0.17.v202303311542-e2303\lib\ivy-2.5.1.jar --main groovy.ui.GroovyMain --encoding UTF-8 --indy C:\Users\W I N D O W S\Katalon Studio\coba_1\Libs\TempTestCase1744344720515.groovy

Host: Intel(R) Core(TM) i5-5200U CPU @ 2.20GHz, 4 cores, 3G,  Windows 10 , 64 bit Build 19041 (10.0.19041.5678)
Time: Fri Apr 11 11:12:31 2025 SE Asia Standard Time elapsed time: 29.894404 seconds (0d 0h 0m 29s)

---------------  T H R E A D  ---------------

Current thread (0x000002efcd14c550):  JavaThread "C2 CompilerThread0" daemon [_thread_in_native, id=15308, stack(0x000000fbb5a00000,0x000000fbb5b00000)]


Current CompileTask:
C2:  29894 6489  s!   4       org.codehaus.groovy.tools.RootLoader::loadClass (65 bytes)

Stack: [0x000000fbb5a00000,0x000000fbb5b00000]
Native frames: (J=compiled Java code, j=interpreted, Vv=VM code, C=native code)
V  [jvm.dll+0x67754a]
V  [jvm.dll+0x834304]
V  [jvm.dll+0x835aae]
V  [jvm.dll+0x836113]
V  [jvm.dll+0x24696f]
V  [jvm.dll+0xac0ac]
V  [jvm.dll+0xac67c]
V  [jvm.dll+0x2adbef]
V  [jvm.dll+0x580067]
V  [jvm.dll+0x221e72]
V  [jvm.dll+0x22224f]
V  [jvm.dll+0x21b4a5]
V  [jvm.dll+0x21895b]
V  [jvm.dll+0x1a4d8d]
V  [jvm.dll+0x2284da]
V  [jvm.dll+0x226615]
V  [jvm.dll+0x7ea90b]
V  [jvm.dll+0x7e4e7a]
V  [jvm.dll+0x676395]
C  [ucrtbase.dll+0x21bb2]
C  [KERNEL32.DLL+0x17374]
C  [ntdll.dll+0x4cc91]


---------------  P R O C E S S  ---------------

Threads class SMR info:
_java_thread_list=0x000002efd329ef10, length=20, elements={
0x000002efb1a581b0, 0x000002efcacdd300, 0x000002efcace0b90, 0x000002efcd149f20,
0x000002efcd14a7e0, 0x000002efcd14b0a0, 0x000002efcd14b960, 0x000002efcd14c550,
0x000002efcd1cd240, 0x000002efcd1f26b0, 0x000002efcd252500, 0x000002efd227b370,
0x000002efd34faee0, 0x000002efd34fc6f0, 0x000002efd34fb3b0, 0x000002efd34fb880,
0x000002efd34fbd50, 0x000002efd34fd090, 0x000002efd34fda30, 0x000002efd34fc220
}

Java Threads: ( => current thread )
  0x000002efb1a581b0 JavaThread "Forwarding executeAsyncScript on session 3053109d74cc4d3d13a06b4efe65a7e5 to remote" [_thread_in_native, id=15128, stack(0x000000fbb4d00000,0x000000fbb4e00000)]
  0x000002efcacdd300 JavaThread "Reference Handler" daemon [_thread_blocked, id=15152, stack(0x000000fbb5400000,0x000000fbb5500000)]
  0x000002efcace0b90 JavaThread "Finalizer" daemon [_thread_blocked, id=14188, stack(0x000000fbb5500000,0x000000fbb5600000)]
  0x000002efcd149f20 JavaThread "Signal Dispatcher" daemon [_thread_blocked, id=4280, stack(0x000000fbb5600000,0x000000fbb5700000)]
  0x000002efcd14a7e0 JavaThread "Attach Listener" daemon [_thread_blocked, id=13424, stack(0x000000fbb5700000,0x000000fbb5800000)]
  0x000002efcd14b0a0 JavaThread "Service Thread" daemon [_thread_blocked, id=14768, stack(0x000000fbb5800000,0x000000fbb5900000)]
  0x000002efcd14b960 JavaThread "Monitor Deflation Thread" daemon [_thread_blocked, id=3332, stack(0x000000fbb5900000,0x000000fbb5a00000)]
=>0x000002efcd14c550 JavaThread "C2 CompilerThread0" daemon [_thread_in_native, id=15308, stack(0x000000fbb5a00000,0x000000fbb5b00000)]
  0x000002efcd1cd240 JavaThread "C1 CompilerThread0" daemon [_thread_blocked, id=14524, stack(0x000000fbb5b00000,0x000000fbb5c00000)]
  0x000002efcd1f26b0 JavaThread "Sweeper thread" daemon [_thread_blocked, id=14508, stack(0x000000fbb5c00000,0x000000fbb5d00000)]
  0x000002efcd252500 JavaThread "Common-Cleaner" daemon [_thread_blocked, id=9520, stack(0x000000fbb5d00000,0x000000fbb5e00000)]
  0x000002efd227b370 JavaThread "Notification Thread" daemon [_thread_blocked, id=9336, stack(0x000000fbb5f00000,0x000000fbb6000000)]
  0x000002efd34faee0 JavaThread "Exec Default Executor" daemon [_thread_in_native, id=9020, stack(0x000000fbb6300000,0x000000fbb6400000)]
  0x000002efd34fc6f0 JavaThread "UrlChecker-2" daemon [_thread_blocked, id=15084, stack(0x000000fbb6400000,0x000000fbb6500000)]
  0x000002efd34fb3b0 JavaThread "Exec Stream Pumper" daemon [_thread_in_native, id=13204, stack(0x000000fbb6600000,0x000000fbb6700000)]
  0x000002efd34fb880 JavaThread "Exec Stream Pumper" daemon [_thread_in_native, id=12552, stack(0x000000fbb6700000,0x000000fbb6800000)]
  0x000002efd34fbd50 JavaThread "ForkJoinPool.commonPool-worker-1" daemon [_thread_blocked, id=14744, stack(0x000000fbb6900000,0x000000fbb6a00000)]
  0x000002efd34fd090 JavaThread "ForkJoinPool.commonPool-worker-2" daemon [_thread_blocked, id=2624, stack(0x000000fbb6a00000,0x000000fbb6b00000)]
  0x000002efd34fda30 JavaThread "OkHttp ConnectionPool" daemon [_thread_blocked, id=5396, stack(0x000000fbb6b00000,0x000000fbb6c00000)]
  0x000002efd34fc220 JavaThread "Okio Watchdog" daemon [_thread_blocked, id=7736, stack(0x000000fbb6c00000,0x000000fbb6d00000)]

Other Threads:
  0x000002efcac80f50 VMThread "VM Thread" [stack: 0x000000fbb5300000,0x000000fbb5400000] [id=15168]
  0x000002efb1a59070 WatcherThread [stack: 0x000000fbb6000000,0x000000fbb6100000] [id=8888]
  0x000002efb1ac4570 GCTaskThread "GC Thread#0" [stack: 0x000000fbb4e00000,0x000000fbb4f00000] [id=14672]
  0x000002efcda5d790 GCTaskThread "GC Thread#1" [stack: 0x000000fbb5e00000,0x000000fbb5f00000] [id=4648]
  0x000002efd200a8d0 GCTaskThread "GC Thread#2" [stack: 0x000000fbb6100000,0x000000fbb6200000] [id=13856]
  0x000002efd30eef30 GCTaskThread "GC Thread#3" [stack: 0x000000fbb6200000,0x000000fbb6300000] [id=9920]
  0x000002efb1acd2a0 ConcurrentGCThread "G1 Main Marker" [stack: 0x000000fbb4f00000,0x000000fbb5000000] [id=10492]
  0x000002efb1acdac0 ConcurrentGCThread "G1 Conc#0" [stack: 0x000000fbb5000000,0x000000fbb5100000] [id=10684]
  0x000002efcab34700 ConcurrentGCThread "G1 Refine#0" [stack: 0x000000fbb5100000,0x000000fbb5200000] [id=3884]
  0x000002efcab34f30 ConcurrentGCThread "G1 Service" [stack: 0x000000fbb5200000,0x000000fbb5300000] [id=13464]

Threads with active compile tasks:
C2 CompilerThread0    29955 6489  s!   4       org.codehaus.groovy.tools.RootLoader::loadClass (65 bytes)

VM state: not at safepoint (normal execution)

VM Mutex/Monitor currently owned by a thread: None

Heap address: 0x0000000080000000, size: 2048 MB, Compressed Oops mode: 32-bit

CDS archive(s) not mapped
Compressed class space mapped at: 0x0000000100000000-0x0000000140000000, reserved size: 1073741824
Narrow klass base: 0x0000000000000000, Narrow klass shift: 3, Narrow klass range: 0x140000000

GC Precious Log:
 CPUs: 4 total, 4 available
 Memory: 4018M
 Large Page Support: Disabled
 NUMA Support: Disabled
 Compressed Oops: Enabled (32-bit)
 Heap Region Size: 1M
 Heap Min Capacity: 8M
 Heap Initial Capacity: 64M
 Heap Max Capacity: 2G
 Pre-touch: Disabled
 Parallel Workers: 4
 Concurrent Workers: 1
 Concurrent Refinement Workers: 4
 Periodic GC: Disabled

Heap:
 garbage-first heap   total 99328K, used 71379K [0x0000000080000000, 0x0000000100000000)
  region size 1024K, 39 young (39936K), 5 survivors (5120K)
 Metaspace       used 45409K, committed 46080K, reserved 1114112K
  class space    used 5019K, committed 5312K, reserved 1048576K

Heap Regions: E=young(eden), S=young(survivor), O=old, HS=humongous(starts), HC=humongous(continues), CS=collection set, F=free, OA=open archive, CA=closed archive, TAMS=top-at-mark-start (previous, next)
|   0|0x0000000080000000, 0x0000000080100000, 0x0000000080100000|100%|HS|  |TAMS 0x0000000080100000, 0x0000000080000000| Complete 
|   1|0x0000000080100000, 0x0000000080200000, 0x0000000080200000|100%|HS|  |TAMS 0x0000000080200000, 0x0000000080100000| Complete 
|   2|0x0000000080200000, 0x0000000080300000, 0x0000000080300000|100%| O|  |TAMS 0x0000000080300000, 0x0000000080200000| Untracked 
|   3|0x0000000080300000, 0x0000000080400000, 0x0000000080400000|100%| O|  |TAMS 0x0000000080400000, 0x0000000080300000| Untracked 
|   4|0x0000000080400000, 0x0000000080500000, 0x0000000080500000|100%| O|  |TAMS 0x0000000080500000, 0x0000000080400000| Untracked 
|   5|0x0000000080500000, 0x0000000080600000, 0x0000000080600000|100%| O|  |TAMS 0x0000000080600000, 0x0000000080500000| Untracked 
|   6|0x0000000080600000, 0x0000000080700000, 0x0000000080700000|100%| O|  |TAMS 0x0000000080700000, 0x0000000080600000| Untracked 
|   7|0x0000000080700000, 0x0000000080800000, 0x0000000080800000|100%| O|  |TAMS 0x0000000080800000, 0x0000000080700000| Untracked 
|   8|0x0000000080800000, 0x0000000080900000, 0x0000000080900000|100%| O|  |TAMS 0x0000000080900000, 0x0000000080800000| Untracked 
|   9|0x0000000080900000, 0x0000000080a00000, 0x0000000080a00000|100%|HS|  |TAMS 0x0000000080a00000, 0x0000000080900000| Complete 
|  10|0x0000000080a00000, 0x0000000080b00000, 0x0000000080b00000|100%| O|  |TAMS 0x0000000080b00000, 0x0000000080a00000| Untracked 
|  11|0x0000000080b00000, 0x0000000080c00000, 0x0000000080c00000|100%| O|  |TAMS 0x0000000080c00000, 0x0000000080b00000| Untracked 
|  12|0x0000000080c00000, 0x0000000080d00000, 0x0000000080d00000|100%| O|  |TAMS 0x0000000080d00000, 0x0000000080c00000| Untracked 
|  13|0x0000000080d00000, 0x0000000080e00000, 0x0000000080e00000|100%| O|  |TAMS 0x0000000080e00000, 0x0000000080d00000| Untracked 
|  14|0x0000000080e00000, 0x0000000080f00000, 0x0000000080f00000|100%| O|  |TAMS 0x0000000080f00000, 0x0000000080e00000| Untracked 
|  15|0x0000000080f00000, 0x0000000081000000, 0x0000000081000000|100%| O|  |TAMS 0x0000000081000000, 0x0000000080f00000| Untracked 
|  16|0x0000000081000000, 0x0000000081100000, 0x0000000081100000|100%| O|  |TAMS 0x0000000081100000, 0x0000000081000000| Untracked 
|  17|0x0000000081100000, 0x0000000081200000, 0x0000000081200000|100%| O|  |TAMS 0x0000000081200000, 0x0000000081100000| Untracked 
|  18|0x0000000081200000, 0x0000000081300000, 0x0000000081300000|100%| O|  |TAMS 0x0000000081300000, 0x0000000081200000| Untracked 
|  19|0x0000000081300000, 0x0000000081400000, 0x0000000081400000|100%| O|  |TAMS 0x0000000081400000, 0x0000000081300000| Untracked 
|  20|0x0000000081400000, 0x0000000081500000, 0x0000000081500000|100%| O|  |TAMS 0x0000000081500000, 0x0000000081400000| Untracked 
|  21|0x0000000081500000, 0x0000000081600000, 0x0000000081600000|100%| O|  |TAMS 0x0000000081600000, 0x0000000081500000| Untracked 
|  22|0x0000000081600000, 0x0000000081700000, 0x0000000081700000|100%| O|  |TAMS 0x0000000081700000, 0x0000000081600000| Untracked 
|  23|0x0000000081700000, 0x0000000081800000, 0x0000000081800000|100%| O|  |TAMS 0x0000000081800000, 0x0000000081700000| Untracked 
|  24|0x0000000081800000, 0x0000000081900000, 0x0000000081900000|100%| O|  |TAMS 0x0000000081900000, 0x0000000081800000| Untracked 
|  25|0x0000000081900000, 0x0000000081a00000, 0x0000000081a00000|100%| O|  |TAMS 0x0000000081a00000, 0x0000000081900000| Untracked 
|  26|0x0000000081a00000, 0x0000000081b00000, 0x0000000081b00000|100%| O|  |TAMS 0x0000000081b00000, 0x0000000081a00000| Untracked 
|  27|0x0000000081b00000, 0x0000000081c00000, 0x0000000081c00000|100%| O|  |TAMS 0x0000000081b14000, 0x0000000081b00000| Untracked 
|  28|0x0000000081c00000, 0x0000000081d00000, 0x0000000081d00000|100%| O|  |TAMS 0x0000000081c00000, 0x0000000081c00000| Untracked 
|  29|0x0000000081d00000, 0x0000000081e00000, 0x0000000081e00000|100%| O|  |TAMS 0x0000000081d00000, 0x0000000081d00000| Untracked 
|  30|0x0000000081e00000, 0x0000000081f00000, 0x0000000081f00000|100%| O|  |TAMS 0x0000000081e00000, 0x0000000081e00000| Untracked 
|  31|0x0000000081f00000, 0x0000000081fb4c00, 0x0000000082000000| 70%| O|  |TAMS 0x0000000081f00000, 0x0000000081f00000| Untracked 
|  32|0x0000000082000000, 0x0000000082000000, 0x0000000082100000|  0%| F|  |TAMS 0x0000000082000000, 0x0000000082000000| Untracked 
|  33|0x0000000082100000, 0x0000000082100000, 0x0000000082200000|  0%| F|  |TAMS 0x0000000082100000, 0x0000000082100000| Untracked 
|  34|0x0000000082200000, 0x0000000082200000, 0x0000000082300000|  0%| F|  |TAMS 0x0000000082200000, 0x0000000082200000| Untracked 
|  35|0x0000000082300000, 0x0000000082300000, 0x0000000082400000|  0%| F|  |TAMS 0x0000000082300000, 0x0000000082300000| Untracked 
|  36|0x0000000082400000, 0x0000000082400000, 0x0000000082500000|  0%| F|  |TAMS 0x0000000082400000, 0x0000000082400000| Untracked 
|  37|0x0000000082500000, 0x0000000082500000, 0x0000000082600000|  0%| F|  |TAMS 0x0000000082500000, 0x0000000082500000| Untracked 
|  38|0x0000000082600000, 0x0000000082600000, 0x0000000082700000|  0%| F|  |TAMS 0x0000000082600000, 0x0000000082600000| Untracked 
|  39|0x0000000082700000, 0x0000000082700000, 0x0000000082800000|  0%| F|  |TAMS 0x0000000082700000, 0x0000000082700000| Untracked 
|  40|0x0000000082800000, 0x0000000082800000, 0x0000000082900000|  0%| F|  |TAMS 0x0000000082800000, 0x0000000082800000| Untracked 
|  41|0x0000000082900000, 0x0000000082900000, 0x0000000082a00000|  0%| F|  |TAMS 0x0000000082900000, 0x0000000082900000| Untracked 
|  42|0x0000000082a00000, 0x0000000082a00000, 0x0000000082b00000|  0%| F|  |TAMS 0x0000000082a00000, 0x0000000082a00000| Untracked 
|  43|0x0000000082b00000, 0x0000000082b00000, 0x0000000082c00000|  0%| F|  |TAMS 0x0000000082b00000, 0x0000000082b00000| Untracked 
|  44|0x0000000082c00000, 0x0000000082c00000, 0x0000000082d00000|  0%| F|  |TAMS 0x0000000082c00000, 0x0000000082c00000| Untracked 
|  45|0x0000000082d00000, 0x0000000082d00000, 0x0000000082e00000|  0%| F|  |TAMS 0x0000000082d00000, 0x0000000082d00000| Untracked 
|  46|0x0000000082e00000, 0x0000000082e00000, 0x0000000082f00000|  0%| F|  |TAMS 0x0000000082e00000, 0x0000000082e00000| Untracked 
|  47|0x0000000082f00000, 0x0000000082f00000, 0x0000000083000000|  0%| F|  |TAMS 0x0000000082f00000, 0x0000000082f00000| Untracked 
|  48|0x0000000083000000, 0x0000000083000000, 0x0000000083100000|  0%| F|  |TAMS 0x0000000083000000, 0x0000000083000000| Untracked 
|  49|0x0000000083100000, 0x0000000083200000, 0x0000000083200000|100%| S|CS|TAMS 0x0000000083100000, 0x0000000083100000| Complete 
|  50|0x0000000083200000, 0x0000000083300000, 0x0000000083300000|100%| S|CS|TAMS 0x0000000083200000, 0x0000000083200000| Complete 
|  51|0x0000000083300000, 0x0000000083400000, 0x0000000083400000|100%| S|CS|TAMS 0x0000000083300000, 0x0000000083300000| Complete 
|  52|0x0000000083400000, 0x0000000083500000, 0x0000000083500000|100%| S|CS|TAMS 0x0000000083400000, 0x0000000083400000| Complete 
|  53|0x0000000083500000, 0x0000000083600000, 0x0000000083600000|100%| S|CS|TAMS 0x0000000083500000, 0x0000000083500000| Complete 
|  54|0x0000000083600000, 0x0000000083600000, 0x0000000083700000|  0%| F|  |TAMS 0x0000000083600000, 0x0000000083600000| Untracked 
|  55|0x0000000083700000, 0x0000000083700000, 0x0000000083800000|  0%| F|  |TAMS 0x0000000083700000, 0x0000000083700000| Untracked 
|  56|0x0000000083800000, 0x0000000083800000, 0x0000000083900000|  0%| F|  |TAMS 0x0000000083800000, 0x0000000083800000| Untracked 
|  57|0x0000000083900000, 0x0000000083900000, 0x0000000083a00000|  0%| F|  |TAMS 0x0000000083900000, 0x0000000083900000| Untracked 
|  58|0x0000000083a00000, 0x0000000083a00000, 0x0000000083b00000|  0%| F|  |TAMS 0x0000000083a00000, 0x0000000083a00000| Untracked 
|  59|0x0000000083b00000, 0x0000000083b00000, 0x0000000083c00000|  0%| F|  |TAMS 0x0000000083b00000, 0x0000000083b00000| Untracked 
|  60|0x0000000083c00000, 0x0000000083c00000, 0x0000000083d00000|  0%| F|  |TAMS 0x0000000083c00000, 0x0000000083c00000| Untracked 
|  61|0x0000000083d00000, 0x0000000083d00000, 0x0000000083e00000|  0%| F|  |TAMS 0x0000000083d00000, 0x0000000083d00000| Untracked 
|  62|0x0000000083e00000, 0x0000000083e00000, 0x0000000083f00000|  0%| F|  |TAMS 0x0000000083e00000, 0x0000000083e00000| Untracked 
|  63|0x0000000083f00000, 0x0000000083f80800, 0x0000000084000000| 50%| E|  |TAMS 0x0000000083f00000, 0x0000000083f00000| Complete 
|  64|0x0000000084000000, 0x0000000084100000, 0x0000000084100000|100%| E|CS|TAMS 0x0000000084000000, 0x0000000084000000| Complete 
|  65|0x0000000084100000, 0x0000000084200000, 0x0000000084200000|100%| E|CS|TAMS 0x0000000084100000, 0x0000000084100000| Complete 
|  66|0x0000000084200000, 0x0000000084300000, 0x0000000084300000|100%| E|CS|TAMS 0x0000000084200000, 0x0000000084200000| Complete 
|  67|0x0000000084300000, 0x0000000084400000, 0x0000000084400000|100%| E|CS|TAMS 0x0000000084300000, 0x0000000084300000| Complete 
|  68|0x0000000084400000, 0x0000000084500000, 0x0000000084500000|100%| E|CS|TAMS 0x0000000084400000, 0x0000000084400000| Complete 
|  69|0x0000000084500000, 0x0000000084600000, 0x0000000084600000|100%| E|CS|TAMS 0x0000000084500000, 0x0000000084500000| Complete 
|  70|0x0000000084600000, 0x0000000084700000, 0x0000000084700000|100%| E|CS|TAMS 0x0000000084600000, 0x0000000084600000| Complete 
|  71|0x0000000084700000, 0x0000000084800000, 0x0000000084800000|100%| E|CS|TAMS 0x0000000084700000, 0x0000000084700000| Complete 
|  72|0x0000000084800000, 0x0000000084900000, 0x0000000084900000|100%| E|CS|TAMS 0x0000000084800000, 0x0000000084800000| Complete 
|  73|0x0000000084900000, 0x0000000084a00000, 0x0000000084a00000|100%| E|CS|TAMS 0x0000000084900000, 0x0000000084900000| Complete 
|  74|0x0000000084a00000, 0x0000000084b00000, 0x0000000084b00000|100%| E|CS|TAMS 0x0000000084a00000, 0x0000000084a00000| Complete 
|  75|0x0000000084b00000, 0x0000000084c00000, 0x0000000084c00000|100%| E|CS|TAMS 0x0000000084b00000, 0x0000000084b00000| Complete 
|  76|0x0000000084c00000, 0x0000000084d00000, 0x0000000084d00000|100%| E|CS|TAMS 0x0000000084c00000, 0x0000000084c00000| Complete 
|  77|0x0000000084d00000, 0x0000000084e00000, 0x0000000084e00000|100%| E|CS|TAMS 0x0000000084d00000, 0x0000000084d00000| Complete 
|  78|0x0000000084e00000, 0x0000000084f00000, 0x0000000084f00000|100%| E|CS|TAMS 0x0000000084e00000, 0x0000000084e00000| Complete 
|  79|0x0000000084f00000, 0x0000000085000000, 0x0000000085000000|100%| E|CS|TAMS 0x0000000084f00000, 0x0000000084f00000| Complete 
|  80|0x0000000085000000, 0x0000000085100000, 0x0000000085100000|100%| E|CS|TAMS 0x0000000085000000, 0x0000000085000000| Complete 
|  81|0x0000000085100000, 0x0000000085200000, 0x0000000085200000|100%| E|CS|TAMS 0x0000000085100000, 0x0000000085100000| Complete 
|  82|0x0000000085200000, 0x0000000085300000, 0x0000000085300000|100%| E|CS|TAMS 0x0000000085200000, 0x0000000085200000| Complete 
|  83|0x0000000085300000, 0x0000000085400000, 0x0000000085400000|100%| E|CS|TAMS 0x0000000085300000, 0x0000000085300000| Complete 
|  84|0x0000000085400000, 0x0000000085500000, 0x0000000085500000|100%| E|CS|TAMS 0x0000000085400000, 0x0000000085400000| Complete 
|  85|0x0000000085500000, 0x0000000085600000, 0x0000000085600000|100%| E|CS|TAMS 0x0000000085500000, 0x0000000085500000| Complete 
|  86|0x0000000085600000, 0x0000000085700000, 0x0000000085700000|100%| E|CS|TAMS 0x0000000085600000, 0x0000000085600000| Complete 
|  87|0x0000000085700000, 0x0000000085800000, 0x0000000085800000|100%| E|CS|TAMS 0x0000000085700000, 0x0000000085700000| Complete 
|  88|0x0000000085800000, 0x0000000085900000, 0x0000000085900000|100%| E|CS|TAMS 0x0000000085800000, 0x0000000085800000| Complete 
|  89|0x0000000085900000, 0x0000000085a00000, 0x0000000085a00000|100%| E|CS|TAMS 0x0000000085900000, 0x0000000085900000| Complete 
|  90|0x0000000085a00000, 0x0000000085b00000, 0x0000000085b00000|100%| E|CS|TAMS 0x0000000085a00000, 0x0000000085a00000| Complete 
|  91|0x0000000085b00000, 0x0000000085c00000, 0x0000000085c00000|100%| E|CS|TAMS 0x0000000085b00000, 0x0000000085b00000| Complete 
|  92|0x0000000085c00000, 0x0000000085d00000, 0x0000000085d00000|100%| E|CS|TAMS 0x0000000085c00000, 0x0000000085c00000| Complete 
|  93|0x0000000085d00000, 0x0000000085e00000, 0x0000000085e00000|100%| E|CS|TAMS 0x0000000085d00000, 0x0000000085d00000| Complete 
|  94|0x0000000085e00000, 0x0000000085f00000, 0x0000000085f00000|100%| E|CS|TAMS 0x0000000085e00000, 0x0000000085e00000| Complete 
|  95|0x0000000085f00000, 0x0000000086000000, 0x0000000086000000|100%| E|CS|TAMS 0x0000000085f00000, 0x0000000085f00000| Complete 
|  96|0x0000000086000000, 0x0000000086100000, 0x0000000086100000|100%| E|CS|TAMS 0x0000000086000000, 0x0000000086000000| Complete 

Card table byte_map: [0x000002efc62f0000,0x000002efc66f0000] _byte_map_base: 0x000002efc5ef0000

Marking Bits (Prev, Next): (CMBitMap*) 0x000002efb1ac4990, (CMBitMap*) 0x000002efb1ac49d0
 Prev Bits: [0x000002efc6af0000, 0x000002efc8af0000)
 Next Bits: [0x000002efc8af0000, 0x000002efcaaf0000)

Polling page: 0x000002efb1870000

Metaspace:

Usage:
  Non-class:     39.44 MB used.
      Class:      4.90 MB used.
       Both:     44.35 MB used.

Virtual space:
  Non-class space:       64.00 MB reserved,      39.81 MB ( 62%) committed,  1 nodes.
      Class space:        1.00 GB reserved,       5.19 MB ( <1%) committed,  1 nodes.
             Both:        1.06 GB reserved,      45.00 MB (  4%) committed. 

Chunk freelists:
   Non-Class:  8.11 MB
       Class:  10.69 MB
        Both:  18.80 MB

MaxMetaspaceSize: unlimited
CompressedClassSpaceSize: 1.00 GB
Initial GC threshold: 21.00 MB
Current GC threshold: 58.75 MB
CDS: off
MetaspaceReclaimPolicy: balanced
 - commit_granule_bytes: 65536.
 - commit_granule_words: 8192.
 - virtual_space_node_default_size: 8388608.
 - enlarge_chunks_in_place: 1.
 - new_chunks_are_fully_committed: 0.
 - uncommit_free_chunks: 1.
 - use_allocation_guard: 0.
 - handle_deallocations: 1.


Internal statistics:

num_allocs_failed_limit: 6.
num_arena_births: 766.
num_arena_deaths: 0.
num_vsnodes_births: 2.
num_vsnodes_deaths: 0.
num_space_committed: 720.
num_space_uncommitted: 0.
num_chunks_returned_to_freelist: 6.
num_chunks_taken_from_freelist: 1911.
num_chunk_merges: 6.
num_chunk_splits: 1283.
num_chunks_enlarged: 841.
num_inconsistent_stats: 0.

CodeHeap 'non-profiled nmethods': size=120000Kb used=2346Kb max_used=2346Kb free=117653Kb
 bounds [0x000002efbe3a0000, 0x000002efbe610000, 0x000002efc58d0000]
CodeHeap 'profiled nmethods': size=120000Kb used=9493Kb max_used=9493Kb free=110506Kb
 bounds [0x000002efb68d0000, 0x000002efb7220000, 0x000002efbde00000]
CodeHeap 'non-nmethods': size=5760Kb used=2316Kb max_used=2373Kb free=3443Kb
 bounds [0x000002efbde00000, 0x000002efbe070000, 0x000002efbe3a0000]
 total_blobs=6259 nmethods=5427 adapters=744
 compilation: enabled
              stopped_count=0, restarted_count=0
 full_count=0

Compilation events (20 events):
Event: 29.478 Thread 0x000002efcd1cd240 6472       3       com.sun.org.apache.xerces.internal.parsers.XML11Configuration::checkFeature (292 bytes)
Event: 29.484 Thread 0x000002efcd1cd240 nmethod 6472 0x000002efb720d690 code [0x000002efb720dd00, 0x000002efb7210ec8]
Event: 29.484 Thread 0x000002efcd1cd240 6494       3       java.lang.AbstractStringBuilder::append (45 bytes)
Event: 29.484 Thread 0x000002efcd1cd240 nmethod 6494 0x000002efb7211e90 code [0x000002efb7212060, 0x000002efb72123a8]
Event: 29.485 Thread 0x000002efcd1cd240 6492   !   3       jdk.internal.reflect.NativeMethodAccessorImpl::invoke (137 bytes)
Event: 29.486 Thread 0x000002efcd1cd240 nmethod 6492 0x000002efb7212510 code [0x000002efb7212760, 0x000002efb7213388]
Event: 29.503 Thread 0x000002efcd14c550 nmethod 6487 0x000002efbe5e5e10 code [0x000002efbe5e5fe0, 0x000002efbe5e6b78]
Event: 29.503 Thread 0x000002efcd14c550 6491       4       java.util.regex.Pattern::compile (500 bytes)
Event: 29.649 Thread 0x000002efcd14c550 nmethod 6491 0x000002efbe5e7010 code [0x000002efbe5e72e0, 0x000002efbe5e9690]
Event: 29.649 Thread 0x000002efcd14c550 6489  s!   4       org.codehaus.groovy.tools.RootLoader::loadClass (65 bytes)
Event: 29.856 Thread 0x000002efcd1cd240 6495       3       java.util.Arrays::binarySearch0 (72 bytes)
Event: 29.857 Thread 0x000002efcd1cd240 nmethod 6495 0x000002efb7213890 code [0x000002efb7213a40, 0x000002efb7213cd8]
Event: 29.857 Thread 0x000002efcd1cd240 6496       3       java.util.Formatter::parse (216 bytes)
Event: 29.866 Thread 0x000002efcd1cd240 nmethod 6496 0x000002efb7213e10 code [0x000002efb7214300, 0x000002efb7216e68]
Event: 29.866 Thread 0x000002efcd1cd240 6499       3       java.util.stream.ReferencePipeline::findFirst (12 bytes)
Event: 29.867 Thread 0x000002efcd1cd240 nmethod 6499 0x000002efb7218010 code [0x000002efb72181c0, 0x000002efb7218468]
Event: 29.867 Thread 0x000002efcd1cd240 6498       1       org.openqa.selenium.remote.SessionId::toString (5 bytes)
Event: 29.867 Thread 0x000002efcd1cd240 nmethod 6498 0x000002efbe5ea410 code [0x000002efbe5ea5a0, 0x000002efbe5ea678]
Event: 29.867 Thread 0x000002efcd1cd240 6500       1       java.net.URI::getHost (5 bytes)
Event: 29.867 Thread 0x000002efcd1cd240 nmethod 6500 0x000002efbe5ea710 code [0x000002efbe5ea8a0, 0x000002efbe5ea978]

GC Heap History (20 events):
Event: 5.933 GC heap before
{Heap before GC invocations=9 (full 0):
 garbage-first heap   total 65536K, used 46245K [0x0000000080000000, 0x0000000100000000)
  region size 1024K, 25 young (25600K), 2 survivors (2048K)
 Metaspace       used 22267K, committed 22528K, reserved 1114112K
  class space    used 2322K, committed 2432K, reserved 1048576K
}
Event: 5.938 GC heap after
{Heap after GC invocations=10 (full 0):
 garbage-first heap   total 78848K, used 22854K [0x0000000080000000, 0x0000000100000000)
  region size 1024K, 2 young (2048K), 2 survivors (2048K)
 Metaspace       used 22267K, committed 22528K, reserved 1114112K
  class space    used 2322K, committed 2432K, reserved 1048576K
}
Event: 7.235 GC heap before
{Heap before GC invocations=10 (full 0):
 garbage-first heap   total 78848K, used 54598K [0x0000000080000000, 0x0000000100000000)
  region size 1024K, 33 young (33792K), 2 survivors (2048K)
 Metaspace       used 26418K, committed 26752K, reserved 1114112K
  class space    used 2752K, committed 2880K, reserved 1048576K
}
Event: 7.245 GC heap after
{Heap after GC invocations=11 (full 0):
 garbage-first heap   total 78848K, used 26340K [0x0000000080000000, 0x0000000100000000)
  region size 1024K, 5 young (5120K), 5 survivors (5120K)
 Metaspace       used 26418K, committed 26752K, reserved 1114112K
  class space    used 2752K, committed 2880K, reserved 1048576K
}
Event: 8.631 GC heap before
{Heap before GC invocations=11 (full 0):
 garbage-first heap   total 78848K, used 57060K [0x0000000080000000, 0x0000000100000000)
  region size 1024K, 35 young (35840K), 5 survivors (5120K)
 Metaspace       used 31579K, committed 31936K, reserved 1114112K
  class space    used 3369K, committed 3520K, reserved 1048576K
}
Event: 8.649 GC heap after
{Heap after GC invocations=12 (full 0):
 garbage-first heap   total 78848K, used 28188K [0x0000000080000000, 0x0000000100000000)
  region size 1024K, 3 young (3072K), 3 survivors (3072K)
 Metaspace       used 31579K, committed 31936K, reserved 1114112K
  class space    used 3369K, committed 3520K, reserved 1048576K
}
Event: 8.903 GC heap before
{Heap before GC invocations=12 (full 0):
 garbage-first heap   total 78848K, used 61980K [0x0000000080000000, 0x0000000100000000)
  region size 1024K, 33 young (33792K), 3 survivors (3072K)
 Metaspace       used 32714K, committed 33024K, reserved 1114112K
  class space    used 3444K, committed 3584K, reserved 1048576K
}
Event: 8.910 GC heap after
{Heap after GC invocations=13 (full 0):
 garbage-first heap   total 78848K, used 28287K [0x0000000080000000, 0x0000000100000000)
  region size 1024K, 3 young (3072K), 3 survivors (3072K)
 Metaspace       used 32714K, committed 33024K, reserved 1114112K
  class space    used 3444K, committed 3584K, reserved 1048576K
}
Event: 9.035 GC heap before
{Heap before GC invocations=13 (full 0):
 garbage-first heap   total 78848K, used 60031K [0x0000000080000000, 0x0000000100000000)
  region size 1024K, 34 young (34816K), 3 survivors (3072K)
 Metaspace       used 32776K, committed 33152K, reserved 1114112K
  class space    used 3451K, committed 3648K, reserved 1048576K
}
Event: 9.041 GC heap after
{Heap after GC invocations=14 (full 0):
 garbage-first heap   total 78848K, used 28501K [0x0000000080000000, 0x0000000100000000)
  region size 1024K, 3 young (3072K), 3 survivors (3072K)
 Metaspace       used 32776K, committed 33152K, reserved 1114112K
  class space    used 3451K, committed 3648K, reserved 1048576K
}
Event: 9.938 GC heap before
{Heap before GC invocations=14 (full 0):
 garbage-first heap   total 78848K, used 62293K [0x0000000080000000, 0x0000000100000000)
  region size 1024K, 36 young (36864K), 3 survivors (3072K)
 Metaspace       used 34780K, committed 35200K, reserved 1114112K
  class space    used 3677K, committed 3840K, reserved 1048576K
}
Event: 9.953 GC heap after
{Heap after GC invocations=15 (full 0):
 garbage-first heap   total 99328K, used 29755K [0x0000000080000000, 0x0000000100000000)
  region size 1024K, 2 young (2048K), 2 survivors (2048K)
 Metaspace       used 34780K, committed 35200K, reserved 1114112K
  class space    used 3677K, committed 3840K, reserved 1048576K
}
Event: 11.373 GC heap before
{Heap before GC invocations=15 (full 0):
 garbage-first heap   total 99328K, used 80955K [0x0000000080000000, 0x0000000100000000)
  region size 1024K, 52 young (53248K), 2 survivors (2048K)
 Metaspace       used 35210K, committed 35648K, reserved 1114112K
  class space    used 3711K, committed 3904K, reserved 1048576K
}
Event: 11.383 GC heap after
{Heap after GC invocations=16 (full 0):
 garbage-first heap   total 99328K, used 30755K [0x0000000080000000, 0x0000000100000000)
  region size 1024K, 3 young (3072K), 3 survivors (3072K)
 Metaspace       used 35210K, committed 35648K, reserved 1114112K
  class space    used 3711K, committed 3904K, reserved 1048576K
}
Event: 11.686 GC heap before
{Heap before GC invocations=16 (full 0):
 garbage-first heap   total 99328K, used 70691K [0x0000000080000000, 0x0000000100000000)
  region size 1024K, 43 young (44032K), 3 survivors (3072K)
 Metaspace       used 35533K, committed 35968K, reserved 1114112K
  class space    used 3742K, committed 3968K, reserved 1048576K
}
Event: 11.700 GC heap after
{Heap after GC invocations=17 (full 0):
 garbage-first heap   total 99328K, used 32848K [0x0000000080000000, 0x0000000100000000)
  region size 1024K, 5 young (5120K), 5 survivors (5120K)
 Metaspace       used 35533K, committed 35968K, reserved 1114112K
  class space    used 3742K, committed 3968K, reserved 1048576K
}
Event: 13.500 GC heap before
{Heap before GC invocations=18 (full 0):
 garbage-first heap   total 99328K, used 80976K [0x0000000080000000, 0x0000000100000000)
  region size 1024K, 52 young (53248K), 5 survivors (5120K)
 Metaspace       used 39548K, committed 40064K, reserved 1114112K
  class space    used 4287K, committed 4544K, reserved 1048576K
}
Event: 13.516 GC heap after
{Heap after GC invocations=19 (full 0):
 garbage-first heap   total 99328K, used 35938K [0x0000000080000000, 0x0000000100000000)
  region size 1024K, 7 young (7168K), 7 survivors (7168K)
 Metaspace       used 39548K, committed 40064K, reserved 1114112K
  class space    used 4287K, committed 4544K, reserved 1048576K
}
Event: 20.416 GC heap before
{Heap before GC invocations=19 (full 0):
 garbage-first heap   total 99328K, used 79970K [0x0000000080000000, 0x0000000100000000)
  region size 1024K, 50 young (51200K), 7 survivors (7168K)
 Metaspace       used 44359K, committed 44928K, reserved 1114112K
  class space    used 4917K, committed 5184K, reserved 1048576K
}
Event: 20.449 GC heap after
{Heap after GC invocations=20 (full 0):
 garbage-first heap   total 99328K, used 37587K [0x0000000080000000, 0x0000000100000000)
  region size 1024K, 5 young (5120K), 5 survivors (5120K)
 Metaspace       used 44359K, committed 44928K, reserved 1114112K
  class space    used 4917K, committed 5184K, reserved 1048576K
}

Dll operation events (7 events):
Event: 0.020 Loaded shared library C:\Users\W I N D O W S\.katalon\packages\Katalon_Studio_Windows_64-9.5.0\Katalon_Studio_Windows_64-9.5.0\jre\bin\java.dll
Event: 0.867 Loaded shared library C:\Users\W I N D O W S\.katalon\packages\Katalon_Studio_Windows_64-9.5.0\Katalon_Studio_Windows_64-9.5.0\jre\bin\net.dll
Event: 0.874 Loaded shared library C:\Users\W I N D O W S\.katalon\packages\Katalon_Studio_Windows_64-9.5.0\Katalon_Studio_Windows_64-9.5.0\jre\bin\nio.dll
Event: 0.900 Loaded shared library C:\Users\W I N D O W S\.katalon\packages\Katalon_Studio_Windows_64-9.5.0\Katalon_Studio_Windows_64-9.5.0\jre\bin\zip.dll
Event: 1.969 Loaded shared library C:\Users\W I N D O W S\.katalon\packages\Katalon_Studio_Windows_64-9.5.0\Katalon_Studio_Windows_64-9.5.0\jre\bin\verify.dll
Event: 2.442 Loaded shared library C:\Users\W I N D O W S\.katalon\packages\Katalon_Studio_Windows_64-9.5.0\Katalon_Studio_Windows_64-9.5.0\jre\bin\jimage.dll
Event: 13.382 Loaded shared library C:\Users\W I N D O W S\.katalon\packages\Katalon_Studio_Windows_64-9.5.0\Katalon_Studio_Windows_64-9.5.0\jre\bin\sunmscapi.dll

Deoptimization events (20 events):
Event: 28.920 Thread 0x000002efb1a581b0 Uncommon trap: trap_request=0xffffffde fr.pc=0x000002efbe5d8ca8 relative=0x0000000000000188
Event: 28.920 Thread 0x000002efb1a581b0 Uncommon trap: reason=class_check action=maybe_recompile pc=0x000002efbe5d8ca8 method=java.util.AbstractList.listIterator()Ljava/util/ListIterator; @ 2 c2
Event: 28.920 Thread 0x000002efb1a581b0 DEOPT PACKING pc=0x000002efbe5d8ca8 sp=0x000000fbb4dfc530
Event: 28.920 Thread 0x000002efb1a581b0 DEOPT UNPACKING pc=0x000002efbde569a3 sp=0x000000fbb4dfc4f0 mode 2
Event: 29.469 Thread 0x000002efb1a581b0 Uncommon trap: trap_request=0xffffff45 fr.pc=0x000002efbe3c6ca8 relative=0x00000000000004e8
Event: 29.469 Thread 0x000002efb1a581b0 Uncommon trap: reason=unstable_if action=reinterpret pc=0x000002efbe3c6ca8 method=java.lang.AbstractStringBuilder.putStringAt(ILjava/lang/String;II)V @ 8 c2
Event: 29.469 Thread 0x000002efb1a581b0 DEOPT PACKING pc=0x000002efbe3c6ca8 sp=0x000000fbb4dfc300
Event: 29.469 Thread 0x000002efb1a581b0 DEOPT UNPACKING pc=0x000002efbde569a3 sp=0x000000fbb4dfc188 mode 2
Event: 29.469 Thread 0x000002efb1a581b0 Uncommon trap: trap_request=0xffffff45 fr.pc=0x000002efbe45eff8 relative=0x00000000000004b8
Event: 29.469 Thread 0x000002efb1a581b0 Uncommon trap: reason=unstable_if action=reinterpret pc=0x000002efbe45eff8 method=java.lang.String.getBytes([BIIBI)V @ 6 c2
Event: 29.469 Thread 0x000002efb1a581b0 DEOPT PACKING pc=0x000002efbe45eff8 sp=0x000000fbb4dfc2a0
Event: 29.469 Thread 0x000002efb1a581b0 DEOPT UNPACKING pc=0x000002efbde569a3 sp=0x000000fbb4dfc108 mode 2
Event: 29.469 Thread 0x000002efb1a581b0 Uncommon trap: trap_request=0xffffff45 fr.pc=0x000002efbe4cefdc relative=0x000000000000013c
Event: 29.469 Thread 0x000002efb1a581b0 Uncommon trap: reason=unstable_if action=reinterpret pc=0x000002efbe4cefdc method=java.lang.String.getBytes([BIIBI)V @ 6 c2
Event: 29.469 Thread 0x000002efb1a581b0 DEOPT PACKING pc=0x000002efbe4cefdc sp=0x000000fbb4dfc240
Event: 29.469 Thread 0x000002efb1a581b0 DEOPT UNPACKING pc=0x000002efbde569a3 sp=0x000000fbb4dfc100 mode 2
Event: 29.469 Thread 0x000002efb1a581b0 Uncommon trap: trap_request=0xffffff45 fr.pc=0x000002efbe4651d0 relative=0x00000000000001d0
Event: 29.469 Thread 0x000002efb1a581b0 Uncommon trap: reason=unstable_if action=reinterpret pc=0x000002efbe4651d0 method=java.lang.String.indexOf(Ljava/lang/String;)I @ 10 c2
Event: 29.469 Thread 0x000002efb1a581b0 DEOPT PACKING pc=0x000002efbe4651d0 sp=0x000000fbb4dfc410
Event: 29.469 Thread 0x000002efb1a581b0 DEOPT UNPACKING pc=0x000002efbde569a3 sp=0x000000fbb4dfc3a0 mode 2

Classes unloaded (0 events):
No events

Classes redefined (0 events):
No events

Internal exceptions (20 events):
Event: 24.166 Thread 0x000002efb1a581b0 Exception <a 'java/lang/ClassNotFoundException'{0x0000000084f51ce0}: com/kms/katalon/core/webui/keyword/builtin/SetEncryptedTextKeywordCustomizer> (0x0000000084f51ce0) 
thrown [s\src\hotspot\share\classfile\systemDictionary.cpp, line 256]
Event: 24.747 Thread 0x000002efb1a581b0 Exception <a 'java/lang/ClassNotFoundException'{0x0000000084c64900}: com/kms/katalon/core/webui/keyword/builtin/ClickKeywordBeanInfo> (0x0000000084c64900) 
thrown [s\src\hotspot\share\classfile\systemDictionary.cpp, line 256]
Event: 24.765 Thread 0x000002efb1a581b0 Exception <a 'java/lang/ClassNotFoundException'{0x0000000084c999d8}: com/kms/katalon/core/webui/keyword/builtin/ClickKeywordCustomizer> (0x0000000084c999d8) 
thrown [s\src\hotspot\share\classfile\systemDictionary.cpp, line 256]
Event: 25.097 Thread 0x000002efb1a581b0 Exception <a 'java/lang/ClassNotFoundException'{0x0000000084a0b988}: org/openqa/selenium/support/events/EventFiringWebDriver$EventFiringWebElementBeanInfo> (0x0000000084a0b988) 
thrown [s\src\hotspot\share\classfile\systemDictionary.cpp, line 256]
Event: 25.104 Thread 0x000002efb1a581b0 Exception <a 'java/lang/ClassNotFoundException'{0x0000000084a44d08}: org/openqa/selenium/support/events/EventFiringWebDriver$EventFiringWebElementCustomizer> (0x0000000084a44d08) 
thrown [s\src\hotspot\share\classfile\systemDictionary.cpp, line 256]
Event: 25.248 Thread 0x000002efb1a581b0 Exception <a 'java/lang/NoSuchMethodError'{0x0000000084acdae8}: 'java.lang.Object java.lang.invoke.DirectMethodHandle$Holder.invokeSpecial(java.lang.Object, java.lang.Object, java.lang.Object, java.lang.Object, int)'> (0x0000000084acdae8) 
thrown [s\src\hotspot\share\interpreter\linkResolver.cpp, line 759]
Event: 25.249 Thread 0x000002efb1a581b0 Exception <a 'java/lang/NoSuchMethodError'{0x0000000084ad1490}: 'java.lang.Object java.lang.invoke.Invokers$Holder.linkToCallSite(java.lang.Object, java.lang.Object, int, java.lang.Object)'> (0x0000000084ad1490) 
thrown [s\src\hotspot\share\interpreter\linkResolver.cpp, line 759]
Event: 25.251 Thread 0x000002efb1a581b0 Exception <a 'java/lang/NoSuchMethodError'{0x0000000084ae2b38}: 'java.lang.Object java.lang.invoke.DelegatingMethodHandle$Holder.delegate(java.lang.Object, java.lang.Object, java.lang.Object, java.lang.Object, int)'> (0x0000000084ae2b38) 
thrown [s\src\hotspot\share\interpreter\linkResolver.cpp, line 759]
Event: 25.256 Thread 0x000002efb1a581b0 Exception <a 'java/lang/NoSuchMethodError'{0x0000000084af21d0}: 'int java.lang.invoke.DirectMethodHandle$Holder.invokeSpecial(java.lang.Object, java.lang.Object, java.lang.Object, java.lang.Object, int)'> (0x0000000084af21d0) 
thrown [s\src\hotspot\share\interpreter\linkResolver.cpp, line 759]
Event: 25.310 Thread 0x000002efb1a581b0 Exception <a 'java/lang/ClassNotFoundException'{0x00000000848176d8}: com/kms/katalon/core/webui/keyword/builtin/WaitForElementPresentKeywordBeanInfo> (0x00000000848176d8) 
thrown [s\src\hotspot\share\classfile\systemDictionary.cpp, line 256]
Event: 25.336 Thread 0x000002efb1a581b0 Exception <a 'java/lang/ClassNotFoundException'{0x000000008484eb10}: com/kms/katalon/core/webui/keyword/builtin/WaitForElementPresentKeywordCustomizer> (0x000000008484eb10) 
thrown [s\src\hotspot\share\classfile\systemDictionary.cpp, line 256]
Event: 28.734 Thread 0x000002efb1a581b0 Exception <a 'java/lang/ClassNotFoundException'{0x0000000084658050}: com/kms/katalon/core/logging/model/TestStatus$TestStatusValueBeanInfo> (0x0000000084658050) 
thrown [s\src\hotspot\share\classfile\systemDictionary.cpp, line 256]
Event: 28.746 Thread 0x000002efb1a581b0 Exception <a 'java/lang/ClassNotFoundException'{0x000000008468d690}: com/kms/katalon/core/logging/model/TestStatus$TestStatusValueCustomizer> (0x000000008468d690) 
thrown [s\src\hotspot\share\classfile\systemDictionary.cpp, line 256]
Event: 28.784 Thread 0x000002efb1a581b0 Exception <a 'java/lang/ClassNotFoundException'{0x0000000084523a80}: java/lang/SystemBeanInfo> (0x0000000084523a80) 
thrown [s\src\hotspot\share\classfile\systemDictionary.cpp, line 256]
Event: 28.801 Thread 0x000002efb1a581b0 Exception <a 'java/lang/ClassNotFoundException'{0x0000000084543678}: java/lang/SystemCustomizer> (0x0000000084543678) 
thrown [s\src\hotspot\share\classfile\systemDictionary.cpp, line 256]
Event: 28.830 Thread 0x000002efb1a581b0 Exception <a 'java/lang/ClassNotFoundException'{0x00000000845b8cd0}: java/io/FileBeanInfo> (0x00000000845b8cd0) 
thrown [s\src\hotspot\share\classfile\systemDictionary.cpp, line 256]
Event: 28.836 Thread 0x000002efb1a581b0 Exception <a 'java/lang/ClassNotFoundException'{0x00000000845d7ca0}: java/io/FileCustomizer> (0x00000000845d7ca0) 
thrown [s\src\hotspot\share\classfile\systemDictionary.cpp, line 256]
Event: 28.883 Thread 0x000002efb1a581b0 Exception <a 'java/lang/NoSuchMethodError'{0x000000008448fd10}: 'int java.lang.invoke.Invokers$Holder.linkToCallSite(java.lang.Object, java.lang.Object)'> (0x000000008448fd10) 
thrown [s\src\hotspot\share\interpreter\linkResolver.cpp, line 759]
Event: 28.895 Thread 0x000002efb1a581b0 Exception <a 'java/lang/ClassNotFoundException'{0x00000000844c5fe0}: java/lang/BooleanBeanInfo> (0x00000000844c5fe0) 
thrown [s\src\hotspot\share\classfile\systemDictionary.cpp, line 256]
Event: 28.902 Thread 0x000002efb1a581b0 Exception <a 'java/lang/ClassNotFoundException'{0x00000000844e6488}: java/lang/BooleanCustomizer> (0x00000000844e6488) 
thrown [s\src\hotspot\share\classfile\systemDictionary.cpp, line 256]

VM Operations (20 events):
Event: 19.993 Executing VM operation: HandshakeAllThreads
Event: 19.993 Executing VM operation: HandshakeAllThreads done
Event: 19.993 Executing VM operation: Cleanup
Event: 19.995 Executing VM operation: Cleanup done
Event: 20.416 Executing VM operation: G1CollectForAllocation
Event: 20.450 Executing VM operation: G1CollectForAllocation done
Event: 22.450 Executing VM operation: Cleanup
Event: 22.450 Executing VM operation: Cleanup done
Event: 22.911 Executing VM operation: HandshakeAllThreads
Event: 22.911 Executing VM operation: HandshakeAllThreads done
Event: 23.917 Executing VM operation: Cleanup
Event: 23.917 Executing VM operation: Cleanup done
Event: 24.927 Executing VM operation: Cleanup
Event: 24.927 Executing VM operation: Cleanup done
Event: 25.928 Executing VM operation: Cleanup
Event: 25.928 Executing VM operation: Cleanup done
Event: 26.935 Executing VM operation: Cleanup
Event: 26.935 Executing VM operation: Cleanup done
Event: 28.964 Executing VM operation: Cleanup
Event: 28.964 Executing VM operation: Cleanup done

Events (20 events):
Event: 28.785 loading class java/lang/SystemCustomizer
Event: 28.785 loading class java/lang/SystemCustomizer done
Event: 28.801 loading class java/lang/SystemCustomizer
Event: 28.801 loading class java/lang/SystemCustomizer done
Event: 28.821 loading class java/io/FileBeanInfo
Event: 28.821 loading class java/io/FileBeanInfo done
Event: 28.830 loading class java/io/FileBeanInfo
Event: 28.830 loading class java/io/FileBeanInfo done
Event: 28.831 loading class java/io/FileCustomizer
Event: 28.831 loading class java/io/FileCustomizer done
Event: 28.836 loading class java/io/FileCustomizer
Event: 28.836 loading class java/io/FileCustomizer done
Event: 28.888 loading class java/lang/BooleanBeanInfo
Event: 28.888 loading class java/lang/BooleanBeanInfo done
Event: 28.895 loading class java/lang/BooleanBeanInfo
Event: 28.895 loading class java/lang/BooleanBeanInfo done
Event: 28.896 loading class java/lang/BooleanCustomizer
Event: 28.896 loading class java/lang/BooleanCustomizer done
Event: 28.902 loading class java/lang/BooleanCustomizer
Event: 28.902 loading class java/lang/BooleanCustomizer done


Dynamic libraries:
0x00007ff635670000 - 0x00007ff63567e000 	C:\Users\W I N D O W S\.katalon\packages\Katalon_Studio_Windows_64-9.5.0\Katalon_Studio_Windows_64-9.5.0\jre\bin\javaw.exe
0x00007ffae2390000 - 0x00007ffae2588000 	C:\Windows\SYSTEM32\ntdll.dll
0x00007ffae2280000 - 0x00007ffae2342000 	C:\Windows\System32\KERNEL32.DLL
0x00007ffadfb80000 - 0x00007ffadfe76000 	C:\Windows\System32\KERNELBASE.dll
0x00007ffae0140000 - 0x00007ffae0240000 	C:\Windows\System32\ucrtbase.dll
0x00007ffacba90000 - 0x00007ffacbaa7000 	C:\Users\W I N D O W S\.katalon\packages\Katalon_Studio_Windows_64-9.5.0\Katalon_Studio_Windows_64-9.5.0\jre\bin\jli.dll
0x00007ffae1060000 - 0x00007ffae11fd000 	C:\Windows\System32\USER32.dll
0x00007ffae02d0000 - 0x00007ffae02f2000 	C:\Windows\System32\win32u.dll
0x00007ffae03b0000 - 0x00007ffae03db000 	C:\Windows\System32\GDI32.dll
0x00007ffadff50000 - 0x00007ffae006a000 	C:\Windows\System32\gdi32full.dll
0x00007ffae0070000 - 0x00007ffae010d000 	C:\Windows\System32\msvcp_win.dll
0x00007ffac7520000 - 0x00007ffac7539000 	C:\Users\W I N D O W S\.katalon\packages\Katalon_Studio_Windows_64-9.5.0\Katalon_Studio_Windows_64-9.5.0\jre\bin\VCRUNTIME140.dll
0x00007fface6c0000 - 0x00007fface95a000 	C:\Windows\WinSxS\amd64_microsoft.windows.common-controls_6595b64144ccf1df_6.0.19041.4355_none_60b8b9eb71f62e16\COMCTL32.dll
0x00007ffae0da0000 - 0x00007ffae0e3e000 	C:\Windows\System32\msvcrt.dll
0x00007ffae0d70000 - 0x00007ffae0d9f000 	C:\Windows\System32\IMM32.DLL
0x00007ffacf4a0000 - 0x00007ffacf4ac000 	C:\Users\W I N D O W S\.katalon\packages\Katalon_Studio_Windows_64-9.5.0\Katalon_Studio_Windows_64-9.5.0\jre\bin\vcruntime140_1.dll
0x00007ffaac130000 - 0x00007ffaac1c1000 	C:\Users\W I N D O W S\.katalon\packages\Katalon_Studio_Windows_64-9.5.0\Katalon_Studio_Windows_64-9.5.0\jre\bin\msvcp140.dll
0x00007ffa82880000 - 0x00007ffa834c8000 	C:\Users\W I N D O W S\.katalon\packages\Katalon_Studio_Windows_64-9.5.0\Katalon_Studio_Windows_64-9.5.0\jre\bin\server\jvm.dll
0x00007ffae1950000 - 0x00007ffae19ff000 	C:\Windows\System32\ADVAPI32.dll
0x00007ffae2170000 - 0x00007ffae220f000 	C:\Windows\System32\sechost.dll
0x00007ffae0910000 - 0x00007ffae0a33000 	C:\Windows\System32\RPCRT4.dll
0x00007ffae0110000 - 0x00007ffae0137000 	C:\Windows\System32\bcrypt.dll
0x00007ffadbb80000 - 0x00007ffadbb89000 	C:\Windows\SYSTEM32\WSOCK32.dll
0x00007ffae2210000 - 0x00007ffae227b000 	C:\Windows\System32\WS2_32.dll
0x00007ffacc750000 - 0x00007ffacc777000 	C:\Windows\SYSTEM32\WINMM.dll
0x00007ffad78f0000 - 0x00007ffad78fa000 	C:\Windows\SYSTEM32\VERSION.dll
0x00007ffadd8a0000 - 0x00007ffadd8b2000 	C:\Windows\SYSTEM32\kernel.appcore.dll
0x00007ffadbaf0000 - 0x00007ffadbafa000 	C:\Users\W I N D O W S\.katalon\packages\Katalon_Studio_Windows_64-9.5.0\Katalon_Studio_Windows_64-9.5.0\jre\bin\jimage.dll
0x00007ffac4690000 - 0x00007ffac4874000 	C:\Windows\SYSTEM32\DBGHELP.DLL
0x00007ffac1b10000 - 0x00007ffac1b44000 	C:\Windows\SYSTEM32\dbgcore.DLL
0x00007ffae0240000 - 0x00007ffae02c2000 	C:\Windows\System32\bcryptPrimitives.dll
0x00007ffacc0c0000 - 0x00007ffacc0e5000 	C:\Users\W I N D O W S\.katalon\packages\Katalon_Studio_Windows_64-9.5.0\Katalon_Studio_Windows_64-9.5.0\jre\bin\java.dll
0x00007ffacea30000 - 0x00007ffacea48000 	C:\Users\W I N D O W S\.katalon\packages\Katalon_Studio_Windows_64-9.5.0\Katalon_Studio_Windows_64-9.5.0\jre\bin\zip.dll
0x00007ffae1a00000 - 0x00007ffae216f000 	C:\Windows\System32\SHELL32.dll
0x00007ffaddaa0000 - 0x00007ffade243000 	C:\Windows\SYSTEM32\windows.storage.dll
0x00007ffae05b0000 - 0x00007ffae0905000 	C:\Windows\System32\combase.dll
0x00007ffadf450000 - 0x00007ffadf47b000 	C:\Windows\SYSTEM32\Wldp.dll
0x00007ffae04d0000 - 0x00007ffae059d000 	C:\Windows\System32\OLEAUT32.dll
0x00007ffae0ca0000 - 0x00007ffae0d4d000 	C:\Windows\System32\SHCORE.dll
0x00007ffae03e0000 - 0x00007ffae0435000 	C:\Windows\System32\shlwapi.dll
0x00007ffadf950000 - 0x00007ffadf975000 	C:\Windows\SYSTEM32\profapi.dll
0x00007fface970000 - 0x00007fface989000 	C:\Users\W I N D O W S\.katalon\packages\Katalon_Studio_Windows_64-9.5.0\Katalon_Studio_Windows_64-9.5.0\jre\bin\net.dll
0x00007ffad7390000 - 0x00007ffad749a000 	C:\Windows\SYSTEM32\WINHTTP.dll
0x00007ffadf1b0000 - 0x00007ffadf21c000 	C:\Windows\system32\mswsock.dll
0x00007ffacbb80000 - 0x00007ffacbb95000 	C:\Users\W I N D O W S\.katalon\packages\Katalon_Studio_Windows_64-9.5.0\Katalon_Studio_Windows_64-9.5.0\jre\bin\nio.dll
0x00007ffadbb90000 - 0x00007ffadbba0000 	C:\Users\W I N D O W S\.katalon\packages\Katalon_Studio_Windows_64-9.5.0\Katalon_Studio_Windows_64-9.5.0\jre\bin\verify.dll
0x00007ffadee90000 - 0x00007ffadef5a000 	C:\Windows\SYSTEM32\DNSAPI.dll
0x00007ffadee40000 - 0x00007ffadee7b000 	C:\Windows\SYSTEM32\IPHLPAPI.DLL
0x00007ffae0e40000 - 0x00007ffae0e48000 	C:\Windows\System32\NSI.dll
0x0000000054240000 - 0x0000000054266000 	C:\Program Files\Bonjour\mdnsNSP.dll
0x00007ffad8310000 - 0x00007ffad831a000 	C:\Windows\System32\rasadhlp.dll
0x00007ffac8130000 - 0x00007ffac81b0000 	C:\Windows\System32\fwpuclnt.dll
0x00007ffada1b0000 - 0x00007ffada1be000 	C:\Users\W I N D O W S\.katalon\packages\Katalon_Studio_Windows_64-9.5.0\Katalon_Studio_Windows_64-9.5.0\jre\bin\sunmscapi.dll
0x00007ffadfa20000 - 0x00007ffadfb7d000 	C:\Windows\System32\CRYPT32.dll
0x00007ffadf4c0000 - 0x00007ffadf4e7000 	C:\Windows\SYSTEM32\ncrypt.dll
0x00007ffadf480000 - 0x00007ffadf4bb000 	C:\Windows\SYSTEM32\NTASN1.dll
0x00007ffadf3b0000 - 0x00007ffadf3c8000 	C:\Windows\SYSTEM32\CRYPTSP.dll
0x00007ffadea60000 - 0x00007ffadea98000 	C:\Windows\system32\rsaenh.dll
0x00007ffadf8d0000 - 0x00007ffadf8fe000 	C:\Windows\SYSTEM32\USERENV.dll
0x00007ffadf3a0000 - 0x00007ffadf3ac000 	C:\Windows\SYSTEM32\CRYPTBASE.dll
0x00007ffad6700000 - 0x00007ffad6717000 	C:\Windows\SYSTEM32\dhcpcsvc6.DLL
0x00007ffad7320000 - 0x00007ffad733d000 	C:\Windows\SYSTEM32\dhcpcsvc.DLL

dbghelp: loaded successfully - version: 4.0.5 - missing functions: none
symbol engine: initialized successfully - sym options: 0x614 - pdb path: .;C:\Users\W I N D O W S\.katalon\packages\Katalon_Studio_Windows_64-9.5.0\Katalon_Studio_Windows_64-9.5.0\jre\bin;C:\Windows\SYSTEM32;C:\Windows\WinSxS\amd64_microsoft.windows.common-controls_6595b64144ccf1df_6.0.19041.4355_none_60b8b9eb71f62e16;C:\Users\W I N D O W S\.katalon\packages\Katalon_Studio_Windows_64-9.5.0\Katalon_Studio_Windows_64-9.5.0\jre\bin\server;C:\Program Files\Bonjour

VM Arguments:
jvm_args: -Dgroovy.home=C:\Users\W I N D O W S/.groovy -Djava.system.class.loader=groovy.lang.GroovyClassLoader -Xmx2048m -Dfile.encoding=UTF-8 -XX:+ShowCodeDetailsInExceptionMessages 
java_command: org.codehaus.groovy.tools.GroovyStarter --classpath C:\Users\W I N D O W S\Katalon Studio\coba_1\bin\keyword;C:\Users\W I N D O W S\Katalon Studio\coba_1\Keywords;C:\Users\W I N D O W S\Katalon Studio\coba_1\bin\listener;C:\Users\W I N D O W S\Katalon Studio\coba_1\Test Listeners;C:\Users\W I N D O W S\Katalon Studio\coba_1\bin\lib;C:\Users\W I N D O W S\Katalon Studio\coba_1\Libs;C:\Users\W I N D O W S\Katalon Studio\coba_1\bin\groovy;C:\Users\W I N D O W S\Katalon Studio\coba_1\Include\scripts\groovy;C:\Users\W I N D O W S\.katalon\packages\Katalon_Studio_Windows_64-9.5.0\Katalon_Studio_Windows_64-9.5.0\plugins\com.kms.katalon.core_1.0.0.202405290758.jar;C:\Users\W I N D O W S\.katalon\packages\Katalon_Studio_Windows_64-9.5.0\Katalon_Studio_Windows_64-9.5.0\configuration\resources\lib\aalto-xml-1.0.0.jar;C:\Users\W I N D O W S\.katalon\packages\Katalon_Studio_Windows_64-9.5.0\Katalon_Studio_Windows_64-9.5.0\configuration\resources\lib\aspectjweaver-1.9.1.jar;C:\Users\W I N D O W S\.katalon\packages\Katalon_Studio_Windows_64-9.5.0\Katalon_Studio_Windows_64-9.5.0\configuration\resources\lib\bcpkix-jdk15on-1.64.jar;C:\Users\W I N D O W S\.katalon\packages\Katalon_Studio_Windows_64-9.5.0\Katalon_Studio_Windows_64-9.5.0\configuration\resources\lib\bcprov-jdk15on-1.64.jar;C:\Users\W I N D O W S\.katalon\packages\Katalon_Studio_Windows_64-9.5.0\Katalon_Studio_Windows_64-9.5.0\configuration\resources\lib\browsermob-core-2.1.5.jar;C:\Users\W I N D O W S\.katalon\packages\Katalon_Studio_Windows_64-9.5.0\Katalon_Studio_Windows_64-9.5.0\configuration\resources\lib\byte-buddy-1.14.3.jar;C:\Users\W I N D O W S\.katalon\packages\Katalon_Studio_Windows_64-9.5.0\Katalon_Studio_Windows_64-9.5.0\configuration\resources\lib\byte-buddy-agent-1.14.3.jar;C:\Users\W I N D O W S\.katalon\packages\Katalon_Studio_Windows_64-9.5.0\Katalon_Studio_Windows_64-9.5.0\configuration\resources\lib\cglib-3.2.10.jar;C:\Users\W I N D O W S\.katalon\packages\Katalon_Studio_Windows_64-9.5
java_class_path (initial): C:\Users\W I N D O W S\Katalon Studio\coba_1\bin\keyword;C:\Users\W I N D O W S\Katalon Studio\coba_1\bin\listener;C:\Users\W I N D O W S\Katalon Studio\coba_1\bin\lib;C:\Users\W I N D O W S\Katalon Studio\coba_1\bin\groovy;C:\Users\W I N D O W S\Katalon Studio\coba_1\bin;C:\Users\W I N D O W S\.katalon\packages\Katalon_Studio_Windows_64-9.5.0\Katalon_Studio_Windows_64-9.5.0\plugins\com.kms.katalon.core_1.0.0.202405290758.jar;C:\Users\W I N D O W S\.katalon\packages\Katalon_Studio_Windows_64-9.5.0\Katalon_Studio_Windows_64-9.5.0\configuration\resources\lib\aalto-xml-1.0.0.jar;C:\Users\W I N D O W S\.katalon\packages\Katalon_Studio_Windows_64-9.5.0\Katalon_Studio_Windows_64-9.5.0\configuration\resources\lib\aspectjweaver-1.9.1.jar;C:\Users\W I N D O W S\.katalon\packages\Katalon_Studio_Windows_64-9.5.0\Katalon_Studio_Windows_64-9.5.0\configuration\resources\lib\bcpkix-jdk15on-1.64.jar;C:\Users\W I N D O W S\.katalon\packages\Katalon_Studio_Windows_64-9.5.0\Katalon_Studio_Windows_64-9.5.0\configuration\resources\lib\bcprov-jdk15on-1.64.jar;C:\Users\W I N D O W S\.katalon\packages\Katalon_Studio_Windows_64-9.5.0\Katalon_Studio_Windows_64-9.5.0\configuration\resources\lib\browsermob-core-2.1.5.jar;C:\Users\W I N D O W S\.katalon\packages\Katalon_Studio_Windows_64-9.5.0\Katalon_Studio_Windows_64-9.5.0\configuration\resources\lib\byte-buddy-1.14.3.jar;C:\Users\W I N D O W S\.katalon\packages\Katalon_Studio_Windows_64-9.5.0\Katalon_Studio_Windows_64-9.5.0\configuration\resources\lib\byte-buddy-agent-1.14.3.jar;C:\Users\W I N D O W S\.katalon\packages\Katalon_Studio_Windows_64-9.5.0\Katalon_Studio_Windows_64-9.5.0\configuration\resources\lib\cglib-3.2.10.jar;C:\Users\W I N D O W S\.katalon\packages\Katalon_Studio_Windows_64-9.5.0\Katalon_Studio_Windows_64-9.5.0\configuration\resources\lib\commons-codec-1.10.jar;C:\Users\W I N D O W S\.katalon\packages\Katalon_Studio_Windows_64-9.5.0\Katalon_Studio_Windows_64-9.5.0\configuration\resources\lib\com
Launcher Type: SUN_STANDARD

[Global flags]
     intx CICompilerCount                          = 3                                         {product} {ergonomic}
     uint ConcGCThreads                            = 1                                         {product} {ergonomic}
     uint G1ConcRefinementThreads                  = 4                                         {product} {ergonomic}
   size_t G1HeapRegionSize                         = 1048576                                   {product} {ergonomic}
    uintx GCDrainStackTargetSize                   = 64                                        {product} {ergonomic}
   size_t InitialHeapSize                          = 67108864                                  {product} {ergonomic}
   size_t MarkStackSize                            = 4194304                                   {product} {ergonomic}
   size_t MaxHeapSize                              = 2147483648                                {product} {command line}
   size_t MaxNewSize                               = 1287651328                                {product} {ergonomic}
   size_t MinHeapDeltaBytes                        = 1048576                                   {product} {ergonomic}
   size_t MinHeapSize                              = 8388608                                   {product} {ergonomic}
    uintx NonNMethodCodeHeapSize                   = 5832780                                {pd product} {ergonomic}
    uintx NonProfiledCodeHeapSize                  = 122912730                              {pd product} {ergonomic}
    uintx ProfiledCodeHeapSize                     = 122912730                              {pd product} {ergonomic}
    uintx ReservedCodeCacheSize                    = 251658240                              {pd product} {ergonomic}
     bool SegmentedCodeCache                       = true                                      {product} {ergonomic}
     bool ShowCodeDetailsInExceptionMessages       = true                                   {manageable} {command line}
   size_t SoftMaxHeapSize                          = 2147483648                             {manageable} {ergonomic}
     bool UseCompressedClassPointers               = true                           {product lp64_product} {ergonomic}
     bool UseCompressedOops                        = true                           {product lp64_product} {ergonomic}
     bool UseG1GC                                  = true                                      {product} {ergonomic}
     bool UseLargePagesIndividualAllocation        = false                                  {pd product} {ergonomic}

Logging:
Log output configuration:
 #0: stdout all=warning uptime,level,tags
 #1: stderr all=off uptime,level,tags

Environment Variables:
PATH=C:/Users/W I N D O W S/.katalon/packages/Katalon_Studio_Windows_64-9.5.0/Katalon_Studio_Windows_64-9.5.0/jre/bin/server;C:/Users/W I N D O W S/.katalon/packages/Katalon_Studio_Windows_64-9.5.0/Katalon_Studio_Windows_64-9.5.0/jre/bin;C:\Program Files\Eclipse Adoptium\jdk-17.0.3.7-hotspot\bin;C:\Program Files (x86)\Intel\iCLS Client\;C:\Program Files\Intel\iCLS Client\;C:\Program Files (x86)\Common Files\Oracle\Java\javapath;C:\Windows\system32;C:\Windows;C:\Windows\System32\Wbem;C:\Windows\System32\WindowsPowerShell\v1.0\;C:\Windows\System32\OpenSSH\;C:\Program Files (x86)\Intel\Intel(R) Management Engine Components\DAL;C:\Program Files\Intel\Intel(R) Management Engine Components\DAL;C:\Program Files (x86)\Intel\Intel(R) Management Engine Components\IPT;C:\Program Files\Intel\Intel(R) Management Engine Components\IPT;D:\flutter\flutter\flutter_windows_2.10.5-stable\flutter\bin;C:\Program Files\Git\cmd;C:\xampp\php;C:\ProgramData\ComposerSetup\bin;D:\chromedriver-win64;C:\Users\W I N D O W S\AppData\Local\Programs\Python\Python312\Scripts\;C:\Users\W I N D O W S\AppData\Local\Programs\Python\Python312\;C:\Users\W I N D O W S\AppData\Local\Programs\Python\Launcher\;C:\Users\W I N D O W S\AppData\Local\Microsoft\WindowsApps;C:\Users\W I N D O W S\AppData\Local\GitHubDesktop\bin;C:\Users\W I N D O W S\AppData\Roaming\Composer\vendor\bin;C:\Users\W I N D O W S\AppData\Local\Programs\Microsoft VS Code\bin;D:\flutter\flutter\flutter_windows_2.10.5-stable\flutter\bin;;C:\Users\W I N D O W S\.katalon\packages\Katalon_Studio_Windows_64-9.5.0\Katalon_Studio_Windows_64-9.5.0;
USERNAME=W I N D O W S
OS=Windows_NT
PROCESSOR_IDENTIFIER=Intel64 Family 6 Model 61 Stepping 4, GenuineIntel
TMP=C:\Users\WINDOW~1\AppData\Local\Temp
TEMP=C:\Users\WINDOW~1\AppData\Local\Temp



---------------  S Y S T E M  ---------------

OS:
 Windows 10 , 64 bit Build 19041 (10.0.19041.5678)
OS uptime: 0 days 3:03 hours

CPU: total 4 (initial active 4) (2 cores per cpu, 2 threads per core) family 6 model 61 stepping 4 microcode 0x2d, cx8, cmov, fxsr, ht, mmx, 3dnowpref, sse, sse2, sse3, ssse3, sse4.1, sse4.2, popcnt, lzcnt, tsc, tscinvbit, avx, avx2, aes, erms, clmul, bmi1, bmi2, adx, fma, vzeroupper, clflush

Memory: 4k page, system-wide physical 4018M (181M free)
TotalPageFile size 9884M (AvailPageFile size 5M)
current process WorkingSet (physical memory assigned to process): 208M, peak: 244M
current process commit charge ("private bytes"): 264M, peak: 280M

vm_info: OpenJDK 64-Bit Server VM (17.0.7+7) for windows-amd64 JRE (17.0.7+7), built on Apr 18 2023 22:10:42 by "temurin" with MS VC++ 16.7 (VS2019)

END.
