#
# There is insufficient memory for the Java Runtime Environment to continue.
# Native memory allocation (mmap) failed to map 67108864 bytes. Error detail: G1 virtual space
# Possible reasons:
#   The system is out of physical RAM or swap space
#   This process is running with CompressedOops enabled, and the Java Heap may be blocking the growth of the native heap
# Possible solutions:
#   Reduce memory load on the system
#   Increase physical memory or swap space
#   Check if swap backing store is full
#   Decrease Java heap size (-Xmx/-Xms)
#   Decrease number of Java threads
#   Decrease Java thread stack sizes (-Xss)
#   Set larger code cache with -XX:ReservedCodeCacheSize=
#   JVM is running with Unscaled Compressed Oops mode in which the Java heap is
#     placed in the first 4GB address space. The Java Heap base address is the
#     maximum limit for the native heap growth. Please use -XX:HeapBaseMinAddress
#     to set the Java Heap base and to place the Java Heap above 4GB virtual address.
# This output file may be truncated or incomplete.
#
#  Out of Memory Error (os_windows.cpp:3618), pid=13532, tid=3428
#
# JRE version:  (17.0.14+7) (build )
# Java VM: OpenJDK 64-Bit Server VM (17.0.14+7, mixed mode, sharing, tiered, compressed oops, compressed class ptrs, g1 gc, windows-amd64)
# No core dump will be written. Minidumps are not enabled by default on client versions of Windows
#

---------------  S U M M A R Y ------------

Command Line: -Dgroovy.home=C:\Users\W I N D O W S/.groovy -Djava.system.class.loader=groovy.lang.GroovyClassLoader -Xmx2048m -Dfile.encoding=UTF-8 -XX:+ShowCodeDetailsInExceptionMessages org.codehaus.groovy.tools.GroovyStarter --classpath C:\Users\W I N D O W S\Katalon Studio\coba_1\bin\keyword;C:\Users\W I N D O W S\Katalon Studio\coba_1\Keywords;C:\Users\W I N D O W S\Katalon Studio\coba_1\bin\listener;C:\Users\W I N D O W S\Katalon Studio\coba_1\Test Listeners;C:\Users\W I N D O W S\Katalon Studio\coba_1\bin\lib;C:\Users\W I N D O W S\Katalon Studio\coba_1\Libs;C:\Users\W I N D O W S\Katalon Studio\coba_1\bin\groovy;C:\Users\W I N D O W S\Katalon Studio\coba_1\Include\scripts\groovy;C:\Users\W I N D O W S\.katalon\packages\KS-10.1.1\plugins\com.kms.katalon.core_1.0.0.202503120557.jar;C:\Users\W I N D O W S\.katalon\packages\KS-10.1.1\configuration\resources\lib\aalto-xml-1.0.0.jar;C:\Users\W I N D O W S\.katalon\packages\KS-10.1.1\configuration\resources\lib\aspectjweaver-1.9.1.jar;C:\Users\W I N D O W S\.katalon\packages\KS-10.1.1\configuration\resources\lib\aws-2.20.3-fat.jar;C:\Users\W I N D O W S\.katalon\packages\KS-10.1.1\configuration\resources\lib\bcpkix-jdk15on-1.64.jar;C:\Users\W I N D O W S\.katalon\packages\KS-10.1.1\configuration\resources\lib\bcprov-jdk15on-1.64.jar;C:\Users\W I N D O W S\.katalon\packages\KS-10.1.1\configuration\resources\lib\browsermob-core-2.1.5.jar;C:\Users\W I N D O W S\.katalon\packages\KS-10.1.1\configuration\resources\lib\byte-buddy-1.14.3.jar;C:\Users\W I N D O W S\.katalon\packages\KS-10.1.1\configuration\resources\lib\byte-buddy-agent-1.14.3.jar;C:\Users\W I N D O W S\.katalon\packages\KS-10.1.1\configuration\resources\lib\cglib-3.2.10.jar;C:\Users\W I N D O W S\.katalon\packages\KS-10.1.1\configuration\resources\lib\commons-codec-1.10.jar;C:\Users\W I N D O W S\.katalon\packages\KS-10.1.1\configuration\resources\lib\commons-collections4-4.1.jar;C:\Users\W I N D O W S\.katalon\packages\KS-10.1.1\configuration\resources\lib\commons-validator-1.6.jar;C:\Users\W I N D O W S\.katalon\packages\KS-10.1.1\configuration\resources\lib\curvesapi-1.04.jar;C:\Users\W I N D O W S\.katalon\packages\KS-10.1.1\configuration\resources\lib\dnsjava-3.6.2.jar;C:\Users\W I N D O W S\.katalon\packages\KS-10.1.1\configuration\resources\lib\groovy-3.0.17.jar;C:\Users\W I N D O W S\.katalon\packages\KS-10.1.1\configuration\resources\lib\jackson-coreutils-2.0.jar;C:\Users\W I N D O W S\.katalon\packages\KS-10.1.1\configuration\resources\lib\jackson-coreutils-equivalence-1.0.jar;C:\Users\W I N D O W S\.katalon\packages\KS-10.1.1\configuration\resources\lib\java-client-9.2.3.jar;C:\Users\W I N D O W S\.katalon\packages\KS-10.1.1\configuration\resources\lib\javax.servlet-api_3.1.0.jar;C:\Users\W I N D O W S\.katalon\packages\KS-10.1.1\configuration\resources\lib\jna-5.12.1.jar;C:\Users\W I N D O W S\.katalon\packages\KS-10.1.1\configuration\resources\lib\jna-platform-5.12.1.jar;C:\Users\W I N D O W S\.katalon\packages\KS-10.1.1\configuration\resources\lib\json-schema-core-1.2.14.jar;C:\Users\W I N D O W S\.katalon\packages\KS-10.1.1\configuration\resources\lib\json-schema-validator-2.2.14.jar;C:\Users\W I N D O W S\.katalon\packages\KS-10.1.1\configuration\resources\lib\jzlib-1.1.3.jar;C:\Users\W I N D O W S\.katalon\packages\KS-10.1.1\configuration\resources\lib\kat-server.jar;C:\Users\W I N D O W S\.katalon\packages\KS-10.1.1\configuration\resources\lib\littleproxy-1.1.0-beta-bmp-17.jar;C:\Users\W I N D O W S\.katalon\packages\KS-10.1.1\configuration\resources\lib\log4j-1.2-api-2.17.1.jar;C:\Users\W I N D O W S\.katalon\packages\KS-10.1.1\configuration\resources\lib\log4j-api-2.17.1.jar;C:\Users\W I N D O W S\.katalon\packages\KS-10.1.1\configuration\resources\lib\log4j-core-2.17.1.jar;C:\Users\W I N D O W S\.katalon\packages\KS-10.1.1\configuration\resources\lib\mitm-2.1.5.jar;C:\Users\W I N D O W S\.katalon\packages\KS-10.1.1\configuration\resources\lib\mockito-core-5.2.0.jar;C:\Users\W I N D O W S\.katalon\packages\KS-10.1.1\configuration\resources\lib\mockito-inline-5.2.0.jar;C:\Users\W I N D O W S\.katalon\packages\KS-10.1.1\configuration\resources\lib\netty-all-4.1.109.Final.jar;C:\Users\W I N D O W S\.katalon\packages\KS-10.1.1\configuration\resources\lib\objenesis-3.3.jar;C:\Users\W I N D O W S\.katalon\packages\KS-10.1.1\configuration\resources\lib\poi-3.17.jar;C:\Users\W I N D O W S\.katalon\packages\KS-10.1.1\configuration\resources\lib\poi-ooxml-3.17.jar;C:\Users\W I N D O W S\.katalon\packages\KS-10.1.1\configuration\resources\lib\poi-ooxml-schemas-3.17.jar;C:\Users\W I N D O W S\.katalon\packages\KS-10.1.1\configuration\resources\lib\proxy-vole-1.1.5-jar-with-dependencies.jar;C:\Users\W I N D O W S\.katalon\packages\KS-10.1.1\configuration\resources\lib\repackaged-sikuli-api-1.0.2-standalone.jar;C:\Users\W I N D O W S\.katalon\packages\KS-10.1.1\configuration\resources\lib\selenium-server-4.22.0.jar;C:\Users\W I N D O W S\.katalon\packages\KS-10.1.1\configuration\resources\lib\selenium-shutterbug-1.1.jar;C:\Users\W I N D O W S\.katalon\packages\KS-10.1.1\configuration\resources\lib\slf4j-api-1.7.25.jar;C:\Users\W I N D O W S\.katalon\packages\KS-10.1.1\configuration\resources\lib\soap-builder-1.0.0.jar;C:\Users\W I N D O W S\.katalon\packages\KS-10.1.1\configuration\resources\lib\soap-common-1.0.0.jar;C:\Users\W I N D O W S\.katalon\packages\KS-10.1.1\configuration\resources\lib\soap-legacy-1.0.0.jar;C:\Users\W I N D O W S\.katalon\packages\KS-10.1.1\configuration\resources\lib\spring-context-5.3.19.jar;C:\Users\W I N D O W S\.katalon\packages\KS-10.1.1\configuration\resources\lib\stax2-api-4.0.0.jar;C:\Users\W I N D O W S\.katalon\packages\KS-10.1.1\configuration\resources\lib\su.jar;C:\Users\W I N D O W S\.katalon\packages\KS-10.1.1\configuration\resources\lib\swagger-parser-1.0.67-fat.jar;C:\Users\W I N D O W S\.katalon\packages\KS-10.1.1\configuration\resources\lib\testng-7.8.0.jar;C:\Users\W I N D O W S\.katalon\packages\KS-10.1.1\configuration\resources\lib\uri-template-0.1.jar;C:\Users\W I N D O W S\.katalon\packages\KS-10.1.1\configuration\resources\lib\wadl.jar;C:\Users\W I N D O W S\.katalon\packages\KS-10.1.1\configuration\resources\lib\xmlbeans-3.1.0.jar;C:\Users\W I N D O W S\.katalon\packages\KS-10.1.1\plugins\net.sf.supercsv.super-csv_2.1.0.jar;C:\Users\W I N D O W S\.katalon\packages\KS-10.1.1\plugins\org.apache.commons.commons-io_2.15.1.jar;C:\Users\W I N D O W S\.katalon\packages\KS-10.1.1\plugins\org.apache.commons.lang_2.6.0.jar;C:\Users\W I N D O W S\.katalon\packages\KS-10.1.1\plugins\com.google.gson_2.10.1.v20230109-0753.jar;C:\Users\W I N D O W S\.katalon\packages\KS-10.1.1\plugins\org.jsoup_1.14.3.jar;C:\Users\W I N D O W S\.katalon\packages\KS-10.1.1\plugins\org.apache.commons.dbutils_1.6.0.jar;C:\Users\W I N D O W S\.katalon\packages\KS-10.1.1\plugins\com.oracle.jdbc.ojdbc7_12.1.0.2.jar;C:\Users\W I N D O W S\.katalon\packages\KS-10.1.1\plugins\org.postgresql.jdbc_42.7.3.jar;c:\Users\W I N D O W S\.katalon\packages\KS-10.1.1\plugins\org.eclipse.osgi_3.18.300.v20230220-1352.jar;C:\Users\W I N D O W S\.katalon\packages\KS-10.1.1\plugins\com.kms.katalon.constant_1.0.0.202503120557.jar;C:\Users\W I N D O W S\.katalon\packages\KS-10.1.1\plugins\org.eclipse.persistence.eclipselink_2.7.11.jar;C:\Users\W I N D O W S\.katalon\packages\KS-10.1.1\plugins\com.kms.katalon.selenium-standalone_1.0.0.202503120557.jar;C:\Users\W I N D O W S\.katalon\packages\KS-10.1.1\plugins\atu.testrecorder.screen-recorder_2.1.0.jar;C:\Users\W I N D O W S\.katalon\packages\KS-10.1.1\plugins\com.google.guava_32.0.0.jre.jar;C:\Users\W I N D O W S\.katalon\packages\KS-10.1.1\plugins\com.kms.katalon.util_1.0.0.202503120557.jar;C:\Users\W I N D O W S\.katalon\packages\KS-10.1.1\plugins\org.apache.httpcomponents.httpclient_4.5.14.v20221207-1049.jar;C:\Users\W I N D O W S\.katalon\packages\KS-10.1.1\plugins\org.apache.httpcomponents.httpcore_4.4.16.v20221207-1049.jar;C:\Users\W I N D O W S\.katalon\packages\KS-10.1.1\plugins\org.apache.httpcomponents.httpmime_4.5.13.jar;C:\Users\W I N D O W S\.katalon\packages\KS-10.1.1\plugins\org.apache.commons.lang3_3.14.0.jar;C:\Users\W I N D O W S\.katalon\packages\KS-10.1.1\plugins\org.greenrobot.eventbus_3.1.1.jar;C:\Users\W I N D O W S\.katalon\packages\KS-10.1.1\plugins\net.bytebuddy.byte-buddy_1.14.15.jar;C:\Users\W I N D O W S\.katalon\packages\KS-10.1.1\plugins\org.junit_4.13.2.v20211018-1956.jar;C:\Users\W I N D O W S\.katalon\packages\KS-10.1.1\plugins\com.fasterxml.jackson.core.jackson-databind_2.17.2.jar;C:\Users\W I N D O W S\.katalon\packages\KS-10.1.1\plugins\com.fasterxml.jackson.core.jackson-core_2.17.2.jar;C:\Users\W I N D O W S\.katalon\packages\KS-10.1.1\plugins\com.fasterxml.jackson.core.jackson-annotations_2.17.2.jar;C:\Users\W I N D O W S\.katalon\packages\KS-10.1.1\plugins\ch.qos.logback.classic_1.2.13.jar;C:\Users\W I N D O W S\.katalon\packages\KS-10.1.1\plugins\ch.qos.logback.core_1.2.13.jar;C:\Users\W I N D O W S\.katalon\packages\KS-10.1.1\plugins\slf4j.api_1.7.36.jar;C:\Users\W I N D O W S\.katalon\packages\KS-10.1.1\plugins\org.fusesource.jansi_1.17.1.jar;C:\Users\W I N D O W S\.katalon\packages\KS-10.1.1\plugins\com.kms.katalon.netlightbody_1.0.0.202503120557.jar;C:\Users\W I N D O W S\.katalon\packages\KS-10.1.1\plugins\com.kms.katalon.poi_1.0.0.202503120557.jar;C:\Users\W I N D O W S\.katalon\packages\KS-10.1.1\plugins\org.apache.commons.commons-text_1.10.0.jar;C:\Users\W I N D O W S\.katalon\packages\KS-10.1.1\plugins\com.kms.katalon.proxyvole_1.0.0.202503120557.jar;C:\Users\W I N D O W S\.katalon\packages\KS-10.1.1\plugins\com.microsoft.sqlserver.mssql-jdbc_6.2.2.jre8.jar;C:\Users\W I N D O W S\.katalon\packages\KS-10.1.1\plugins\com.github.kklisura.cdt.java-client_2.1.0.jar;C:\Users\W I N D O W S\.katalon\packages\KS-10.1.1\plugins\javax.websocket-api_1.1.0.jar;C:\Users\W I N D O W S\.katalon\packages\KS-10.1.1\plugins\org.glassfish.tyrus.container-grizzly-client_1.13.1.jar;C:\Users\W I N D O W S\.katalon\packages\KS-10.1.1\plugins\org.glassfish.grizzly.http-server_2.3.25.jar;C:\Users\W I N D O W S\.katalon\packages\KS-10.1.1\plugins\org.glassfish.grizzly.framework_2.3.25.jar;C:\Users\W I N D O W S\.katalon\packages\KS-10.1.1\plugins\org.glassfish.grizzly.http_2.3.25.jar;C:\Users\W I N D O W S\.katalon\packages\KS-10.1.1\plugins\org.glassfish.tyrus.client_1.13.1.jar;C:\Users\W I N D O W S\.katalon\packages\KS-10.1.1\plugins\org.glassfish.tyrus.core_1.13.1.jar;C:\Users\W I N D O W S\.katalon\packages\KS-10.1.1\plugins\org.glassfish.tyrus.spi_1.13.1.jar;C:\Users\W I N D O W S\.katalon\packages\KS-10.1.1\plugins\javassist_3.28.0.GA.jar;C:\Users\W I N D O W S\.katalon\packages\KS-10.1.1\plugins\graphql-java_22.3.0.jar;C:\Users\W I N D O W S\.katalon\packages\KS-10.1.1\plugins\org.glassfish.jaxb.runtime_2.3.6.jar;C:\Users\W I N D O W S\.katalon\packages\KS-10.1.1\plugins\org.glassfish.jaxb.txw2_2.3.6.jar;C:\Users\W I N D O W S\.katalon\packages\KS-10.1.1\plugins\org.dom4j_2.1.4.jar;C:\Users\W I N D O W S\.katalon\packages\KS-10.1.1\plugins\com.kms.katalon.groovy-extended_1.0.0.202503120557.jar;C:\Users\W I N D O W S\.katalon\packages\KS-10.1.1\plugins\com.sun.activation.javax.activation_1.2.0.jar;C:\Users\W I N D O W S\.katalon\packages\KS-10.1.1\plugins\jakarta.xml.bind-api_2.3.3.jar;C:\Users\W I N D O W S\.katalon\packages\KS-10.1.1\plugins\com.sun.xml.bind.jaxb-impl_2.3.6.jar;C:\Users\W I N D O W S\.katalon\packages\KS-10.1.1\plugins\org.eclipse.jface_3.29.0.v20230214-1401.jar;C:\Users\W I N D O W S\.katalon\packages\KS-10.1.1\plugins\com.kms.katalon.logging_1.0.0.202503120557.jar;C:\Users\W I N D O W S\.katalon\packages\KS-10.1.1\plugins\json_20240303.0.0.jar;C:\Users\W I N D O W S\.katalon\packages\KS-10.1.1\plugins\assertj-core_3.25.3.jar;C:\Users\W I N D O W S\.katalon\packages\KS-10.1.1\plugins\com.networknt.json-schema-validator_1.0.66.jar;C:\Users\W I N D O W S\.katalon\packages\KS-10.1.1\plugins\com.kms.katalon.network.apache_1.0.0.202503120557.jar;C:\Users\W I N D O W S\.katalon\packages\KS-10.1.1\plugins\java-dataloader_3.3.0.jar;C:\Users\W I N D O W S\.katalon\packages\KS-10.1.1\plugins\org.apache.commons.logging_1.2.0.v20180409-1502.jar;C:\Users\W I N D O W S\.katalon\packages\KS-10.1.1\plugins\org.hamcrest.core_1.3.0.v20180420-1519.jar;C:\Users\W I N D O W S\.katalon\packages\KS-10.1.1\plugins\org.beanshell.bsh_2.0.0.0b4.jar;C:\Users\W I N D O W S\.katalon\packages\KS-10.1.1\plugins\org.apache.ant.launcher_1.9.6.jar;C:\Users\W I N D O W S\.katalon\packages\KS-10.1.1\plugins\com.kms.katalon.core.appium_1.0.0.202503120557.jar;C:\Users\W I N D O W S\.katalon\packages\KS-10.1.1\plugins\com.kms.katalon.api_1.0.0.202503120557.jar;C:\Users\W I N D O W S\.katalon\packages\KS-10.1.1\plugins\org.eclipse.equinox.common_3.17.100.v20230202-1341.jar;C:\Users\W I N D O W S\.katalon\packages\KS-10.1.1\plugins\com.kms.katalon.platform.core_1.0.0.202503120557.jar;C:\Users\W I N D O W S\.katalon\packages\KS-10.1.1\plugins\com.kms.katalon.common_1.0.0.202503120557.jar;C:\Users\W I N D O W S\.katalon\packages\KS-10.1.1\plugins\com.kms.katalon.session.core_1.0.0.202503120557.jar;C:\Users\W I N D O W S\.katalon\packages\KS-10.1.1\plugins\org.eclipse.e4.core.contexts_1.11.0.v20220716-0839.jar;C:\Users\W I N D O W S\.katalon\packages\KS-10.1.1\plugins\javax.inject_1.0.0.v20220405-0441.jar;C:\Users\W I N D O W S\.katalon\packages\KS-10.1.1\plugins\org.eclipse.e4.core.di_1.8.300.v20220817-1539.jar;C:\Users\W I N D O W S\.katalon\packages\KS-10.1.1\plugins\com.kms.katalon.network.core_1.0.0.202503120557.jar;C:\Users\W I N D O W S\.katalon\packages\KS-10.1.1\plugins\com.kms.katalon.execution.core_1.0.0.202503120557.jar;C:\Users\W I N D O W S\.katalon\packages\KS-10.1.1\plugins\org.eclipse.equinox.registry_3.11.200.v20220817-1601.jar;C:\Users\W I N D O W S\.katalon\packages\KS-10.1.1\plugins\dev.failsafe_3.3.2.jar;C:\Users\W I N D O W S\.katalon\packages\KS-10.1.1\plugins\com.fasterxml.jackson.datatype.jackson-datatype-jsr310_2.17.2.jar;C:\Users\W I N D O W S\.katalon\packages\KS-10.1.1\plugins\org.eclipse.e4.core.di.annotations_1.7.200.v20220613-1008.jar;C:\Users\W I N D O W S\.katalon\packages\KS-10.1.1\plugins\com.kms.katalon.core.webui_1.0.0.202503120557.jar;C:\Users\W I N D O W S\.katalon\packages\KS-10.1.1\plugins\org.eclipse.e4.core.services_2.3.400.v20220915-1347.jar;C:\Users\W I N D O W S\.katalon\packages\KS-10.1.1\plugins\com.kms.katalon.core.mobile_1.0.0.202503120557.jar;C:\Users\W I N D O W S\.katalon\packages\KS-10.1.1\plugins\org.apache.commons.commons-validator_1.7.0.jar;C:\Users\W I N D O W S\.katalon\packages\KS-10.1.1\plugins\com.kms.katalon.core.cucumber_1.0.0.202503120557.jar;C:\Users\W I N D O W S\.katalon\packages\KS-10.1.1\plugins\io.cucumber.core_3.0.3.jar;C:\Users\W I N D O W S\.katalon\packages\KS-10.1.1\plugins\io.cucumber.datatable_1.1.15.jar;C:\Users\W I N D O W S\.katalon\packages\KS-10.1.1\plugins\io.cucumber.datatable-dependencies_1.1.15.jar;C:\Users\W I N D O W S\.katalon\packages\KS-10.1.1\plugins\io.cucumber.expressions_5.0.19.jar;C:\Users\W I N D O W S\.katalon\packages\KS-10.1.1\plugins\io.cucumber.gherkin_5.0.0.jar;C:\Users\W I N D O W S\.katalon\packages\KS-10.1.1\plugins\io.cucumber.html_0.2.7.jar;C:\Users\W I N D O W S\.katalon\packages\KS-10.1.1\plugins\io.cucumber.java_3.0.3.jar;C:\Users\W I N D O W S\.katalon\packages\KS-10.1.1\plugins\io.cucumber.tag-expressions_1.1.1.jar;C:\Users\W I N D O W S\.katalon\packages\KS-10.1.1\plugins\io.cucumber.junit_3.0.3.jar;C:\Users\W I N D O W S\.katalon\packages\KS-10.1.1\plugins\com.kms.katalon.core.webservice_1.0.0.202503120557.jar;C:\Users\W I N D O W S\.katalon\packages\KS-10.1.1\plugins\wsdl4j_1.6.2.jar;C:\Users\W I N D O W S\.katalon\packages\KS-10.1.1\plugins\com.google.oauth-client.google-oauth-client_1.22.0.jar;C:\Users\W I N D O W S\.katalon\packages\KS-10.1.1\plugins\com.google.http-client.google-http-client_1.22.0.jar;C:\Users\W I N D O W S\.katalon\packages\KS-10.1.1\plugins\com.kms.katalon.preferences_1.0.0.202503120557.jar;C:\Users\W I N D O W S\.katalon\packages\KS-10.1.1\plugins\org.apache.xmlbeans_3.1.0.jar;C:\Users\W I N D O W S\.katalon\packages\KS-10.1.1\plugins\com.kms.katalon.entity_1.0.0.202503120557.jar;C:\Users\W I N D O W S\.katalon\packages\KS-10.1.1\plugins\jakarta.xml.ws-api_2.3.3.jar;C:\Users\W I N D O W S\.katalon\packages\KS-10.1.1\plugins\javax.xml.soap-api_1.4.0.jar;C:\Users\W I N D O W S\.katalon\packages\KS-10.1.1\plugins\com.atlassian.oai.swagger-request-validator-core_2.38.0.jar;C:\Users\W I N D O W S\.katalon\packages\KS-10.1.1\plugins\io.swagger.compat-spec-parser_1.0.67.jar;C:\Users\W I N D O W S\.katalon\packages\KS-10.1.1\plugins\io.swagger.core.v3.swagger-annotations_2.2.14.jar;C:\Users\W I N D O W S\.katalon\packages\KS-10.1.1\plugins\io.swagger.core.v3.swagger-core_2.2.14.jar;C:\Users\W I N D O W S\.katalon\packages\KS-10.1.1\plugins\io.swagger.core.v3.swagger-models_2.2.14.jar;C:\Users\W I N D O W S\.katalon\packages\KS-10.1.1\plugins\io.swagger.parser.v3.swagger-parser-core_2.1.16.jar;C:\Users\W I N D O W S\.katalon\packages\KS-10.1.1\plugins\io.swagger.parser.v3.swagger-parser-v2-converter_2.1.16.jar;C:\Users\W I N D O W S\.katalon\packages\KS-10.1.1\plugins\com.github.java-json-tools.btf_1.3.0.jar;C:\Users\W I N D O W S\.katalon\packages\KS-10.1.1\plugins\com.fasterxml.jackson.dataformat.jackson-dataformat-yaml_2.17.1.jar;C:\Users\W I N D O W S\.katalon\packages\KS-10.1.1\plugins\org.yaml.snakeyaml_2.2.0.jar;C:\Users\W I N D O W S\.katalon\packages\KS-10.1.1\plugins\com.github.java-json-tools.msg-simple_1.2.0.jar;C:\Users\W I N D O W S\.katalon\packages\KS-10.1.1\plugins\jackson-core-asl_1.9.13.jar;C:\Users\W I N D O W S\.katalon\packages\KS-10.1.1\plugins\joda-time_2.10.5.jar;C:\Users\W I N D O W S\.katalon\packages\KS-10.1.1\plugins\javax.mail-api_1.6.2.jar;C:\Users\W I N D O W S\.katalon\packages\KS-10.1.1\plugins\com.googlecode.libphonenumber_8.11.1.jar;C:\Users\W I N D O W S\.katalon\packages\KS-10.1.1\plugins\com.google.guava.failureaccess_1.0.1.jar;C:\Users\W I N D O W S\.katalon\packages\KS-10.1.1\plugins\io.swagger.parser.v3.swagger-parser_2.1.16.jar;C:\Users\W I N D O W S\.katalon\packages\KS-10.1.1\plugins\io.swagger.parser.v3.swagger-parser-v3_2.1.16.jar;C:\Users\W I N D O W S\.katalon\packages\KS-10.1.1\plugins\io.swagger.parser_1.0.67.jar;C:\Users\W I N D O W S\.katalon\packages\KS-10.1.1\plugins\com.narupley.not-going-to-be-commons-ssl_0.3.20.jar;C:\Users\W I N D O W S\.katalon\packages\KS-10.1.1\plugins\com.kms.katalon.core.windows_1.0.0.202503120557.jar;C:\Users\W I N D O W S\.katalon\packages\KS-10.1.1\plugins\com.sun.jna_5.13.0.jar;C:\Users\W I N D O W S\.katalon\packages\KS-10.1.1\plugins\com.sun.jna.platform_5.13.0.jar;C:\Users\W I N D O W S\.katalon\packages\KS-10.1.1\plugins\com.kms.katalon.core.testng_1.0.0.202503120557.jar;C:\Users\W I N D O W S\.katalon\packages\KS-10.1.1\configuration\org.eclipse.osgi\33\0\.cp\resources\basic-report\katalon-studio-report-plugin.jar;C:\Users\W I N D O W S\.katalon\packages\KS-10.1.1\plugins\org.codehaus.groovy_3.0.17.v202303311542-e2303\lib\groovy-3.0.17-indy.jar;C:\Users\W I N D O W S\.katalon\packages\KS-10.1.1\plugins\org.codehaus.groovy_3.0.17.v202303311542-e2303\lib\ivy-2.5.1.jar --main groovy.ui.GroovyMain --encoding UTF-8 --indy C:\Users\W I N D O W S\Katalon Studio\coba_1\Libs\TempTestCase1744258334175.groovy

Host: Intel(R) Core(TM) i5-5200U CPU @ 2.20GHz, 4 cores, 3G,  Windows 10 , 64 bit Build 19041 (10.0.19041.5438)
Time: Thu Apr 10 11:12:15 2025 SE Asia Standard Time elapsed time: 0.078972 seconds (0d 0h 0m 0s)

---------------  T H R E A D  ---------------

Current thread (0x000001c8b76bf9f0):  JavaThread "Unknown thread" [_thread_in_vm, id=3428, stack(0x0000007de2e00000,0x0000007de2f00000)]

Stack: [0x0000007de2e00000,0x0000007de2f00000]
Native frames: (J=compiled Java code, j=interpreted, Vv=VM code, C=native code)
V  [jvm.dll+0x682eb9]
V  [jvm.dll+0x8399c8]
V  [jvm.dll+0x83b473]
V  [jvm.dll+0x83bae3]
V  [jvm.dll+0x24715f]
V  [jvm.dll+0x67fc99]
V  [jvm.dll+0x674b8a]
V  [jvm.dll+0x304c06]
V  [jvm.dll+0x30c0c6]
V  [jvm.dll+0x35dc3e]
V  [jvm.dll+0x35de7d]
V  [jvm.dll+0x2dbfcc]
V  [jvm.dll+0x2dcee4]
V  [jvm.dll+0x80b8db]
V  [jvm.dll+0x36b671]
V  [jvm.dll+0x7ea2cf]
V  [jvm.dll+0x3f226f]
V  [jvm.dll+0x3f3da1]
C  [jli.dll+0x5278]
C  [ucrtbase.dll+0x21bb2]
C  [KERNEL32.DLL+0x17374]
C  [ntdll.dll+0x4cc91]


---------------  P R O C E S S  ---------------

Threads class SMR info:
_java_thread_list=0x00007ffd99ea7f58, length=0, elements={
}

Java Threads: ( => current thread )

Other Threads:
  0x000001c8b7726a30 GCTaskThread "GC Thread#0" [stack: 0x0000007de2f00000,0x0000007de3000000] [id=680]
  0x000001c8b7738890 ConcurrentGCThread "G1 Main Marker" [stack: 0x0000007de3000000,0x0000007de3100000] [id=14088]
  0x000001c8b7739950 ConcurrentGCThread "G1 Conc#0" [stack: 0x0000007de3100000,0x0000007de3200000] [id=9128]

[error occurred during error reporting (printing all threads), id 0xc0000005, EXCEPTION_ACCESS_VIOLATION (0xc0000005) at pc=0x00007ffd9965caf7]

VM state: not at safepoint (not fully initialized)

VM Mutex/Monitor currently owned by a thread:  ([mutex/lock_event])
[0x000001c8b76ba270] Heap_lock - owner thread: 0x000001c8b76bf9f0

Heap address: 0x0000000080000000, size: 2048 MB, Compressed Oops mode: 32-bit

CDS archive(s) mapped at: [0x0000000000000000-0x0000000000000000-0x0000000000000000), size 0, SharedBaseAddress: 0x0000000800000000, ArchiveRelocationMode: 1.
Narrow klass base: 0x0000000000000000, Narrow klass shift: 0, Narrow klass range: 0x0

GC Precious Log:
<Empty>

Heap:
 garbage-first heap   total 0K, used 0K [0x0000000080000000, 0x0000000100000000)
  region size 1024K, 0 young (0K), 0 survivors (0K)

[error occurred during error reporting (printing heap information), id 0xc0000005, EXCEPTION_ACCESS_VIOLATION (0xc0000005) at pc=0x00007ffd99a4c619]

GC Heap History (0 events):
No events

Dll operation events (1 events):
Event: 0.057 Loaded shared library C:\Users\W I N D O W S\.katalon\packages\KS-10.1.1\jre\bin\java.dll

Deoptimization events (0 events):
No events

Classes loaded (0 events):
No events

Classes unloaded (0 events):
No events

Classes redefined (0 events):
No events

Internal exceptions (0 events):
No events

VM Operations (0 events):
No events

Memory protections (0 events):
No events

Nmethod flushes (0 events):
No events

Events (0 events):
No events


Dynamic libraries:
0x00007ff7ba600000 - 0x00007ff7ba60e000 	C:\Users\W I N D O W S\.katalon\packages\KS-10.1.1\jre\bin\javaw.exe
0x00007ffdf32f0000 - 0x00007ffdf34e8000 	C:\Windows\SYSTEM32\ntdll.dll
0x00007ffdf1b70000 - 0x00007ffdf1c32000 	C:\Windows\System32\KERNEL32.DLL
0x00007ffdf0e50000 - 0x00007ffdf114f000 	C:\Windows\System32\KERNELBASE.dll
0x00007ffdf0c70000 - 0x00007ffdf0d70000 	C:\Windows\System32\ucrtbase.dll
0x00007ffdeab20000 - 0x00007ffdeab37000 	C:\Users\W I N D O W S\.katalon\packages\KS-10.1.1\jre\bin\jli.dll
0x00007ffdf30d0000 - 0x00007ffdf326d000 	C:\Windows\System32\USER32.dll
0x00007ffdf0ae0000 - 0x00007ffdf0b02000 	C:\Windows\System32\win32u.dll
0x00007ffdf3270000 - 0x00007ffdf329b000 	C:\Windows\System32\GDI32.dll
0x00007ffdf1180000 - 0x00007ffdf129a000 	C:\Windows\System32\gdi32full.dll
0x00007ffdf0a40000 - 0x00007ffdf0add000 	C:\Windows\System32\msvcp_win.dll
0x00007ffddcb90000 - 0x00007ffddcbae000 	C:\Users\W I N D O W S\.katalon\packages\KS-10.1.1\jre\bin\VCRUNTIME140.dll
0x00007ffdde5e0000 - 0x00007ffdde87a000 	C:\Windows\WinSxS\amd64_microsoft.windows.common-controls_6595b64144ccf1df_6.0.19041.4355_none_60b8b9eb71f62e16\COMCTL32.dll
0x00007ffdf24d0000 - 0x00007ffdf256e000 	C:\Windows\System32\msvcrt.dll
0x00007ffdf1310000 - 0x00007ffdf133f000 	C:\Windows\System32\IMM32.DLL
0x00007ffdecfb0000 - 0x00007ffdecfbc000 	C:\Users\W I N D O W S\.katalon\packages\KS-10.1.1\jre\bin\vcruntime140_1.dll
0x00007ffdd4900000 - 0x00007ffdd498d000 	C:\Users\W I N D O W S\.katalon\packages\KS-10.1.1\jre\bin\msvcp140.dll
0x00007ffd99370000 - 0x00007ffd99fdb000 	C:\Users\W I N D O W S\.katalon\packages\KS-10.1.1\jre\bin\server\jvm.dll
0x00007ffdf1c40000 - 0x00007ffdf1cef000 	C:\Windows\System32\ADVAPI32.dll
0x00007ffdf1d70000 - 0x00007ffdf1e0f000 	C:\Windows\System32\sechost.dll
0x00007ffdf18f0000 - 0x00007ffdf1a13000 	C:\Windows\System32\RPCRT4.dll
0x00007ffdf1150000 - 0x00007ffdf1177000 	C:\Windows\System32\bcrypt.dll
0x00007ffdf2460000 - 0x00007ffdf24cb000 	C:\Windows\System32\WS2_32.dll
0x00007ffdeff20000 - 0x00007ffdeff6b000 	C:\Windows\SYSTEM32\POWRPROF.dll
0x00007ffdde930000 - 0x00007ffdde957000 	C:\Windows\SYSTEM32\WINMM.dll
0x00007ffde8180000 - 0x00007ffde818a000 	C:\Windows\SYSTEM32\VERSION.dll
0x00007ffdefd90000 - 0x00007ffdefda2000 	C:\Windows\SYSTEM32\UMPDC.dll
0x00007ffdee810000 - 0x00007ffdee822000 	C:\Windows\SYSTEM32\kernel.appcore.dll
0x00007ffde6160000 - 0x00007ffde616a000 	C:\Users\W I N D O W S\.katalon\packages\KS-10.1.1\jre\bin\jimage.dll
0x00007ffdda1b0000 - 0x00007ffdda394000 	C:\Windows\SYSTEM32\DBGHELP.DLL
0x00007ffdd6b60000 - 0x00007ffdd6b94000 	C:\Windows\SYSTEM32\dbgcore.DLL
0x00007ffdf0d70000 - 0x00007ffdf0df2000 	C:\Windows\System32\bcryptPrimitives.dll
0x00007ffdd51f0000 - 0x00007ffdd5215000 	C:\Users\W I N D O W S\.katalon\packages\KS-10.1.1\jre\bin\java.dll

dbghelp: loaded successfully - version: 4.0.5 - missing functions: none
symbol engine: initialized successfully - sym options: 0x614 - pdb path: .;C:\Users\W I N D O W S\.katalon\packages\KS-10.1.1\jre\bin;C:\Windows\SYSTEM32;C:\Windows\WinSxS\amd64_microsoft.windows.common-controls_6595b64144ccf1df_6.0.19041.4355_none_60b8b9eb71f62e16;C:\Users\W I N D O W S\.katalon\packages\KS-10.1.1\jre\bin\server

VM Arguments:
jvm_args: -Dgroovy.home=C:\Users\W I N D O W S/.groovy -Djava.system.class.loader=groovy.lang.GroovyClassLoader -Xmx2048m -Dfile.encoding=UTF-8 -XX:+ShowCodeDetailsInExceptionMessages 
java_command: org.codehaus.groovy.tools.GroovyStarter --classpath C:\Users\W I N D O W S\Katalon Studio\coba_1\bin\keyword;C:\Users\W I N D O W S\Katalon Studio\coba_1\Keywords;C:\Users\W I N D O W S\Katalon Studio\coba_1\bin\listener;C:\Users\W I N D O W S\Katalon Studio\coba_1\Test Listeners;C:\Users\W I N D O W S\Katalon Studio\coba_1\bin\lib;C:\Users\W I N D O W S\Katalon Studio\coba_1\Libs;C:\Users\W I N D O W S\Katalon Studio\coba_1\bin\groovy;C:\Users\W I N D O W S\Katalon Studio\coba_1\Include\scripts\groovy;C:\Users\W I N D O W S\.katalon\packages\KS-10.1.1\plugins\com.kms.katalon.core_1.0.0.202503120557.jar;C:\Users\W I N D O W S\.katalon\packages\KS-10.1.1\configuration\resources\lib\aalto-xml-1.0.0.jar;C:\Users\W I N D O W S\.katalon\packages\KS-10.1.1\configuration\resources\lib\aspectjweaver-1.9.1.jar;C:\Users\W I N D O W S\.katalon\packages\KS-10.1.1\configuration\resources\lib\aws-2.20.3-fat.jar;C:\Users\W I N D O W S\.katalon\packages\KS-10.1.1\configuration\resources\lib\bcpkix-jdk15on-1.64.jar;C:\Users\W I N D O W S\.katalon\packages\KS-10.1.1\configuration\resources\lib\bcprov-jdk15on-1.64.jar;C:\Users\W I N D O W S\.katalon\packages\KS-10.1.1\configuration\resources\lib\browsermob-core-2.1.5.jar;C:\Users\W I N D O W S\.katalon\packages\KS-10.1.1\configuration\resources\lib\byte-buddy-1.14.3.jar;C:\Users\W I N D O W S\.katalon\packages\KS-10.1.1\configuration\resources\lib\byte-buddy-agent-1.14.3.jar;C:\Users\W I N D O W S\.katalon\packages\KS-10.1.1\configuration\resources\lib\cglib-3.2.10.jar;C:\Users\W I N D O W S\.katalon\packages\KS-10.1.1\configuration\resources\lib\commons-codec-1.10.jar;C:\Users\W I N D O W S\.katalon\packages\KS-10.1.1\configuration\resources\lib\commons-collections4-4.1.jar;C:\Users\W I N D O W S\.katalon\packages\KS-10.1.1\configuration\resources\lib\commons-validator-1.6.jar;C:\Users\W I N D O W S\.katalon\packages\KS-10.1.1\configuration\resources\lib\curvesapi-1.04.jar;C:\Users\W I N D O W S\.katalon\packages\KS-1
java_class_path (initial): C:\Users\W I N D O W S\Katalon Studio\coba_1\bin\keyword;C:\Users\W I N D O W S\Katalon Studio\coba_1\bin\listener;C:\Users\W I N D O W S\Katalon Studio\coba_1\bin\lib;C:\Users\W I N D O W S\Katalon Studio\coba_1\bin\groovy;C:\Users\W I N D O W S\Katalon Studio\coba_1\bin;C:\Users\W I N D O W S\.katalon\packages\KS-10.1.1\plugins\com.kms.katalon.core_1.0.0.202503120557.jar;C:\Users\W I N D O W S\.katalon\packages\KS-10.1.1\configuration\resources\lib\aalto-xml-1.0.0.jar;C:\Users\W I N D O W S\.katalon\packages\KS-10.1.1\configuration\resources\lib\aspectjweaver-1.9.1.jar;C:\Users\W I N D O W S\.katalon\packages\KS-10.1.1\configuration\resources\lib\aws-2.20.3-fat.jar;C:\Users\W I N D O W S\.katalon\packages\KS-10.1.1\configuration\resources\lib\bcpkix-jdk15on-1.64.jar;C:\Users\W I N D O W S\.katalon\packages\KS-10.1.1\configuration\resources\lib\bcprov-jdk15on-1.64.jar;C:\Users\W I N D O W S\.katalon\packages\KS-10.1.1\configuration\resources\lib\browsermob-core-2.1.5.jar;C:\Users\W I N D O W S\.katalon\packages\KS-10.1.1\configuration\resources\lib\byte-buddy-1.14.3.jar;C:\Users\W I N D O W S\.katalon\packages\KS-10.1.1\configuration\resources\lib\byte-buddy-agent-1.14.3.jar;C:\Users\W I N D O W S\.katalon\packages\KS-10.1.1\configuration\resources\lib\cglib-3.2.10.jar;C:\Users\W I N D O W S\.katalon\packages\KS-10.1.1\configuration\resources\lib\commons-codec-1.10.jar;C:\Users\W I N D O W S\.katalon\packages\KS-10.1.1\configuration\resources\lib\commons-collections4-4.1.jar;C:\Users\W I N D O W S\.katalon\packages\KS-10.1.1\configuration\resources\lib\commons-validator-1.6.jar;C:\Users\W I N D O W S\.katalon\packages\KS-10.1.1\configuration\resources\lib\curvesapi-1.04.jar;C:\Users\W I N D O W S\.katalon\packages\KS-10.1.1\configuration\resources\lib\dnsjava-3.6.2.jar;C:\Users\W I N D O W S\.katalon\packages\KS-10.1.1\configuration\resources\lib\groovy-3.0.17.jar;C:\Users\W I N D O W S\.katalon\packages\KS-10.1.1\configuration\resource
Launcher Type: SUN_STANDARD

[Global flags]
     intx CICompilerCount                          = 3                                         {product} {ergonomic}
     uint ConcGCThreads                            = 1                                         {product} {ergonomic}
     uint G1ConcRefinementThreads                  = 4                                         {product} {ergonomic}
   size_t G1HeapRegionSize                         = 1048576                                   {product} {ergonomic}
    uintx GCDrainStackTargetSize                   = 64                                        {product} {ergonomic}
   size_t InitialHeapSize                          = 67108864                                  {product} {ergonomic}
   size_t MarkStackSize                            = 4194304                                   {product} {ergonomic}
   size_t MaxHeapSize                              = 2147483648                                {product} {command line}
   size_t MinHeapDeltaBytes                        = 1048576                                   {product} {ergonomic}
   size_t MinHeapSize                              = 8388608                                   {product} {ergonomic}
    uintx NonNMethodCodeHeapSize                   = 5832780                                {pd product} {ergonomic}
    uintx NonProfiledCodeHeapSize                  = 122912730                              {pd product} {ergonomic}
    uintx ProfiledCodeHeapSize                     = 122912730                              {pd product} {ergonomic}
    uintx ReservedCodeCacheSize                    = 251658240                              {pd product} {ergonomic}
     bool SegmentedCodeCache                       = true                                      {product} {ergonomic}
     bool ShowCodeDetailsInExceptionMessages       = true                                   {manageable} {command line}
   size_t SoftMaxHeapSize                          = 2147483648                             {manageable} {ergonomic}
     bool UseCompressedClassPointers               = true                           {product lp64_product} {ergonomic}
     bool UseCompressedOops                        = true                           {product lp64_product} {ergonomic}
     bool UseG1GC                                  = true                                      {product} {ergonomic}
     bool UseLargePagesIndividualAllocation        = false                                  {pd product} {ergonomic}

Logging:
Log output configuration:
 #0: stdout all=warning uptime,level,tags
 #1: stderr all=off uptime,level,tags

Environment Variables:
PATH=C:/Users/W I N D O W S/.katalon/packages/KS-10.1.1/jre/bin/server;C:/Users/W I N D O W S/.katalon/packages/KS-10.1.1/jre/bin;C:\Program Files\Eclipse Adoptium\jdk-17.0.3.7-hotspot\bin;C:\Program Files (x86)\Intel\iCLS Client\;C:\Program Files\Intel\iCLS Client\;C:\Program Files (x86)\Common Files\Oracle\Java\javapath;C:\Windows\system32;C:\Windows;C:\Windows\System32\Wbem;C:\Windows\System32\WindowsPowerShell\v1.0\;C:\Windows\System32\OpenSSH\;C:\Program Files (x86)\Intel\Intel(R) Management Engine Components\DAL;C:\Program Files\Intel\Intel(R) Management Engine Components\DAL;C:\Program Files (x86)\Intel\Intel(R) Management Engine Components\IPT;C:\Program Files\Intel\Intel(R) Management Engine Components\IPT;D:\flutter\flutter\flutter_windows_2.10.5-stable\flutter\bin;C:\Program Files\Git\cmd;C:\xampp\php;C:\ProgramData\ComposerSetup\bin;D:\chromedriver-win64;C:\Users\W I N D O W S\AppData\Local\Programs\Python\Python312\Scripts\;C:\Users\W I N D O W S\AppData\Local\Programs\Python\Python312\;C:\Users\W I N D O W S\AppData\Local\Programs\Python\Launcher\;C:\Users\W I N D O W S\AppData\Local\Microsoft\WindowsApps;C:\Users\W I N D O W S\AppData\Local\GitHubDesktop\bin;C:\Users\W I N D O W S\AppData\Roaming\Composer\vendor\bin;C:\Users\W I N D O W S\AppData\Local\Programs\Microsoft VS Code\bin;D:\flutter\flutter\flutter_windows_2.10.5-stable\flutter\bin;;C:\Users\W I N D O W S\.katalon\packages\KS-10.1.1;
USERNAME=W I N D O W S
OS=Windows_NT
PROCESSOR_IDENTIFIER=Intel64 Family 6 Model 61 Stepping 4, GenuineIntel
TMP=C:\Users\WINDOW~1\AppData\Local\Temp
TEMP=C:\Users\WINDOW~1\AppData\Local\Temp



Periodic native trim disabled


---------------  S Y S T E M  ---------------

OS:
 Windows 10 , 64 bit Build 19041 (10.0.19041.5438)
OS uptime: 0 days 2:19 hours

CPU: total 4 (initial active 4) (2 cores per cpu, 2 threads per core) family 6 model 61 stepping 4 microcode 0x2d, cx8, cmov, fxsr, ht, mmx, 3dnowpref, sse, sse2, sse3, ssse3, sse4.1, sse4.2, popcnt, lzcnt, tsc, tscinvbit, avx, avx2, aes, erms, clmul, bmi1, bmi2, adx, fma, vzeroupper, clflush
Processor Information for all 4 processors :
  Max Mhz: 2201, Current Mhz: 2200, Mhz Limit: 2178

Memory: 4k page, system-wide physical 4018M (345M free)
TotalPageFile size 8940M (AvailPageFile size 36M)
current process WorkingSet (physical memory assigned to process): 10M, peak: 10M
current process commit charge ("private bytes"): 52M, peak: 116M

vm_info: OpenJDK 64-Bit Server VM (17.0.14+7) for windows-amd64 JRE (17.0.14+7), built on Jan 21 2025 23:40:15 by "admin" with MS VC++ 17.7 (VS2022)

END.
