#
# There is insufficient memory for the Java Runtime Environment to continue.
# Native memory allocation (malloc) failed to allocate 32744 bytes. Error detail: ChunkPool::allocate
# Possible reasons:
#   The system is out of physical RAM or swap space
#   This process is running with CompressedOops enabled, and the Java Heap may be blocking the growth of the native heap
# Possible solutions:
#   Reduce memory load on the system
#   Increase physical memory or swap space
#   Check if swap backing store is full
#   Decrease Java heap size (-Xmx/-Xms)
#   Decrease number of Java threads
#   Decrease Java thread stack sizes (-Xss)
#   Set larger code cache with -XX:ReservedCodeCacheSize=
#   JVM is running with Unscaled Compressed Oops mode in which the Java heap is
#     placed in the first 4GB address space. The Java Heap base address is the
#     maximum limit for the native heap growth. Please use -XX:HeapBaseMinAddress
#     to set the Java Heap base and to place the Java Heap above 4GB virtual address.
# This output file may be truncated or incomplete.
#
#  Out of Memory Error (arena.cpp:79), pid=14592, tid=13672
#
# JRE version: OpenJDK Runtime Environment Temurin-17.0.14+7 (17.0.14+7) (build 17.0.14+7)
# Java VM: OpenJDK 64-Bit Server VM Temurin-17.0.14+7 (17.0.14+7, mixed mode, tiered, compressed oops, compressed class ptrs, g1 gc, windows-amd64)
# No core dump will be written. Minidumps are not enabled by default on client versions of Windows
#

---------------  S U M M A R Y ------------

Command Line: -Dgroovy.home=C:\Users\W I N D O W S/.groovy -Djava.system.class.loader=groovy.lang.GroovyClassLoader -Xmx2048m -Dfile.encoding=UTF-8 -XX:+ShowCodeDetailsInExceptionMessages org.codehaus.groovy.tools.GroovyStarter --classpath C:\Users\W I N D O W S\Katalon Studio\coba_1\bin\keyword;C:\Users\W I N D O W S\Katalon Studio\coba_1\Keywords;C:\Users\W I N D O W S\Katalon Studio\coba_1\bin\listener;C:\Users\W I N D O W S\Katalon Studio\coba_1\Test Listeners;C:\Users\W I N D O W S\Katalon Studio\coba_1\bin\lib;C:\Users\W I N D O W S\Katalon Studio\coba_1\Libs;C:\Users\W I N D O W S\Katalon Studio\coba_1\bin\groovy;C:\Users\W I N D O W S\Katalon Studio\coba_1\Include\scripts\groovy;C:\Users\W I N D O W S\.katalon\packages\KS-10.1.1\plugins\com.kms.katalon.core_1.0.0.202503120557.jar;C:\Users\W I N D O W S\.katalon\packages\KS-10.1.1\configuration\resources\lib\aalto-xml-1.0.0.jar;C:\Users\W I N D O W S\.katalon\packages\KS-10.1.1\configuration\resources\lib\aspectjweaver-1.9.1.jar;C:\Users\W I N D O W S\.katalon\packages\KS-10.1.1\configuration\resources\lib\aws-2.20.3-fat.jar;C:\Users\W I N D O W S\.katalon\packages\KS-10.1.1\configuration\resources\lib\bcpkix-jdk15on-1.64.jar;C:\Users\W I N D O W S\.katalon\packages\KS-10.1.1\configuration\resources\lib\bcprov-jdk15on-1.64.jar;C:\Users\W I N D O W S\.katalon\packages\KS-10.1.1\configuration\resources\lib\browsermob-core-2.1.5.jar;C:\Users\W I N D O W S\.katalon\packages\KS-10.1.1\configuration\resources\lib\byte-buddy-1.14.3.jar;C:\Users\W I N D O W S\.katalon\packages\KS-10.1.1\configuration\resources\lib\byte-buddy-agent-1.14.3.jar;C:\Users\W I N D O W S\.katalon\packages\KS-10.1.1\configuration\resources\lib\cglib-3.2.10.jar;C:\Users\W I N D O W S\.katalon\packages\KS-10.1.1\configuration\resources\lib\commons-codec-1.10.jar;C:\Users\W I N D O W S\.katalon\packages\KS-10.1.1\configuration\resources\lib\commons-collections4-4.1.jar;C:\Users\W I N D O W S\.katalon\packages\KS-10.1.1\configuration\resources\lib\commons-validator-1.6.jar;C:\Users\W I N D O W S\.katalon\packages\KS-10.1.1\configuration\resources\lib\curvesapi-1.04.jar;C:\Users\W I N D O W S\.katalon\packages\KS-10.1.1\configuration\resources\lib\dnsjava-3.6.2.jar;C:\Users\W I N D O W S\.katalon\packages\KS-10.1.1\configuration\resources\lib\groovy-3.0.17.jar;C:\Users\W I N D O W S\.katalon\packages\KS-10.1.1\configuration\resources\lib\jackson-coreutils-2.0.jar;C:\Users\W I N D O W S\.katalon\packages\KS-10.1.1\configuration\resources\lib\jackson-coreutils-equivalence-1.0.jar;C:\Users\W I N D O W S\.katalon\packages\KS-10.1.1\configuration\resources\lib\java-client-9.2.3.jar;C:\Users\W I N D O W S\.katalon\packages\KS-10.1.1\configuration\resources\lib\javax.servlet-api_3.1.0.jar;C:\Users\W I N D O W S\.katalon\packages\KS-10.1.1\configuration\resources\lib\jna-5.12.1.jar;C:\Users\W I N D O W S\.katalon\packages\KS-10.1.1\configuration\resources\lib\jna-platform-5.12.1.jar;C:\Users\W I N D O W S\.katalon\packages\KS-10.1.1\configuration\resources\lib\json-schema-core-1.2.14.jar;C:\Users\W I N D O W S\.katalon\packages\KS-10.1.1\configuration\resources\lib\json-schema-validator-2.2.14.jar;C:\Users\W I N D O W S\.katalon\packages\KS-10.1.1\configuration\resources\lib\jzlib-1.1.3.jar;C:\Users\W I N D O W S\.katalon\packages\KS-10.1.1\configuration\resources\lib\kat-server.jar;C:\Users\W I N D O W S\.katalon\packages\KS-10.1.1\configuration\resources\lib\littleproxy-1.1.0-beta-bmp-17.jar;C:\Users\W I N D O W S\.katalon\packages\KS-10.1.1\configuration\resources\lib\log4j-1.2-api-2.17.1.jar;C:\Users\W I N D O W S\.katalon\packages\KS-10.1.1\configuration\resources\lib\log4j-api-2.17.1.jar;C:\Users\W I N D O W S\.katalon\packages\KS-10.1.1\configuration\resources\lib\log4j-core-2.17.1.jar;C:\Users\W I N D O W S\.katalon\packages\KS-10.1.1\configuration\resources\lib\mitm-2.1.5.jar;C:\Users\W I N D O W S\.katalon\packages\KS-10.1.1\configuration\resources\lib\mockito-core-5.2.0.jar;C:\Users\W I N D O W S\.katalon\packages\KS-10.1.1\configuration\resources\lib\mockito-inline-5.2.0.jar;C:\Users\W I N D O W S\.katalon\packages\KS-10.1.1\configuration\resources\lib\netty-all-4.1.109.Final.jar;C:\Users\W I N D O W S\.katalon\packages\KS-10.1.1\configuration\resources\lib\objenesis-3.3.jar;C:\Users\W I N D O W S\.katalon\packages\KS-10.1.1\configuration\resources\lib\poi-3.17.jar;C:\Users\W I N D O W S\.katalon\packages\KS-10.1.1\configuration\resources\lib\poi-ooxml-3.17.jar;C:\Users\W I N D O W S\.katalon\packages\KS-10.1.1\configuration\resources\lib\poi-ooxml-schemas-3.17.jar;C:\Users\W I N D O W S\.katalon\packages\KS-10.1.1\configuration\resources\lib\proxy-vole-1.1.5-jar-with-dependencies.jar;C:\Users\W I N D O W S\.katalon\packages\KS-10.1.1\configuration\resources\lib\repackaged-sikuli-api-1.0.2-standalone.jar;C:\Users\W I N D O W S\.katalon\packages\KS-10.1.1\configuration\resources\lib\selenium-server-4.22.0.jar;C:\Users\W I N D O W S\.katalon\packages\KS-10.1.1\configuration\resources\lib\selenium-shutterbug-1.1.jar;C:\Users\W I N D O W S\.katalon\packages\KS-10.1.1\configuration\resources\lib\slf4j-api-1.7.25.jar;C:\Users\W I N D O W S\.katalon\packages\KS-10.1.1\configuration\resources\lib\soap-builder-1.0.0.jar;C:\Users\W I N D O W S\.katalon\packages\KS-10.1.1\configuration\resources\lib\soap-common-1.0.0.jar;C:\Users\W I N D O W S\.katalon\packages\KS-10.1.1\configuration\resources\lib\soap-legacy-1.0.0.jar;C:\Users\W I N D O W S\.katalon\packages\KS-10.1.1\configuration\resources\lib\spring-context-5.3.19.jar;C:\Users\W I N D O W S\.katalon\packages\KS-10.1.1\configuration\resources\lib\stax2-api-4.0.0.jar;C:\Users\W I N D O W S\.katalon\packages\KS-10.1.1\configuration\resources\lib\su.jar;C:\Users\W I N D O W S\.katalon\packages\KS-10.1.1\configuration\resources\lib\swagger-parser-1.0.67-fat.jar;C:\Users\W I N D O W S\.katalon\packages\KS-10.1.1\configuration\resources\lib\testng-7.8.0.jar;C:\Users\W I N D O W S\.katalon\packages\KS-10.1.1\configuration\resources\lib\uri-template-0.1.jar;C:\Users\W I N D O W S\.katalon\packages\KS-10.1.1\configuration\resources\lib\wadl.jar;C:\Users\W I N D O W S\.katalon\packages\KS-10.1.1\configuration\resources\lib\xmlbeans-3.1.0.jar;C:\Users\W I N D O W S\.katalon\packages\KS-10.1.1\plugins\net.sf.supercsv.super-csv_2.1.0.jar;C:\Users\W I N D O W S\.katalon\packages\KS-10.1.1\plugins\org.apache.commons.commons-io_2.15.1.jar;C:\Users\W I N D O W S\.katalon\packages\KS-10.1.1\plugins\org.apache.commons.lang_2.6.0.jar;C:\Users\W I N D O W S\.katalon\packages\KS-10.1.1\plugins\com.google.gson_2.10.1.v20230109-0753.jar;C:\Users\W I N D O W S\.katalon\packages\KS-10.1.1\plugins\org.jsoup_1.14.3.jar;C:\Users\W I N D O W S\.katalon\packages\KS-10.1.1\plugins\org.apache.commons.dbutils_1.6.0.jar;C:\Users\W I N D O W S\.katalon\packages\KS-10.1.1\plugins\com.oracle.jdbc.ojdbc7_12.1.0.2.jar;C:\Users\W I N D O W S\.katalon\packages\KS-10.1.1\plugins\org.postgresql.jdbc_42.7.3.jar;c:\Users\W I N D O W S\.katalon\packages\KS-10.1.1\plugins\org.eclipse.osgi_3.18.300.v20230220-1352.jar;C:\Users\W I N D O W S\.katalon\packages\KS-10.1.1\plugins\com.kms.katalon.constant_1.0.0.202503120557.jar;C:\Users\W I N D O W S\.katalon\packages\KS-10.1.1\plugins\org.eclipse.persistence.eclipselink_2.7.11.jar;C:\Users\W I N D O W S\.katalon\packages\KS-10.1.1\plugins\com.kms.katalon.selenium-standalone_1.0.0.202503120557.jar;C:\Users\W I N D O W S\.katalon\packages\KS-10.1.1\plugins\atu.testrecorder.screen-recorder_2.1.0.jar;C:\Users\W I N D O W S\.katalon\packages\KS-10.1.1\plugins\com.google.guava_32.0.0.jre.jar;C:\Users\W I N D O W S\.katalon\packages\KS-10.1.1\plugins\com.kms.katalon.util_1.0.0.202503120557.jar;C:\Users\W I N D O W S\.katalon\packages\KS-10.1.1\plugins\org.apache.httpcomponents.httpclient_4.5.14.v20221207-1049.jar;C:\Users\W I N D O W S\.katalon\packages\KS-10.1.1\plugins\org.apache.httpcomponents.httpcore_4.4.16.v20221207-1049.jar;C:\Users\W I N D O W S\.katalon\packages\KS-10.1.1\plugins\org.apache.httpcomponents.httpmime_4.5.13.jar;C:\Users\W I N D O W S\.katalon\packages\KS-10.1.1\plugins\org.apache.commons.lang3_3.14.0.jar;C:\Users\W I N D O W S\.katalon\packages\KS-10.1.1\plugins\org.greenrobot.eventbus_3.1.1.jar;C:\Users\W I N D O W S\.katalon\packages\KS-10.1.1\plugins\net.bytebuddy.byte-buddy_1.14.15.jar;C:\Users\W I N D O W S\.katalon\packages\KS-10.1.1\plugins\org.junit_4.13.2.v20211018-1956.jar;C:\Users\W I N D O W S\.katalon\packages\KS-10.1.1\plugins\com.fasterxml.jackson.core.jackson-databind_2.17.2.jar;C:\Users\W I N D O W S\.katalon\packages\KS-10.1.1\plugins\com.fasterxml.jackson.core.jackson-core_2.17.2.jar;C:\Users\W I N D O W S\.katalon\packages\KS-10.1.1\plugins\com.fasterxml.jackson.core.jackson-annotations_2.17.2.jar;C:\Users\W I N D O W S\.katalon\packages\KS-10.1.1\plugins\ch.qos.logback.classic_1.2.13.jar;C:\Users\W I N D O W S\.katalon\packages\KS-10.1.1\plugins\ch.qos.logback.core_1.2.13.jar;C:\Users\W I N D O W S\.katalon\packages\KS-10.1.1\plugins\slf4j.api_1.7.36.jar;C:\Users\W I N D O W S\.katalon\packages\KS-10.1.1\plugins\org.fusesource.jansi_1.17.1.jar;C:\Users\W I N D O W S\.katalon\packages\KS-10.1.1\plugins\com.kms.katalon.netlightbody_1.0.0.202503120557.jar;C:\Users\W I N D O W S\.katalon\packages\KS-10.1.1\plugins\com.kms.katalon.poi_1.0.0.202503120557.jar;C:\Users\W I N D O W S\.katalon\packages\KS-10.1.1\plugins\org.apache.commons.commons-text_1.10.0.jar;C:\Users\W I N D O W S\.katalon\packages\KS-10.1.1\plugins\com.kms.katalon.proxyvole_1.0.0.202503120557.jar;C:\Users\W I N D O W S\.katalon\packages\KS-10.1.1\plugins\com.microsoft.sqlserver.mssql-jdbc_6.2.2.jre8.jar;C:\Users\W I N D O W S\.katalon\packages\KS-10.1.1\plugins\com.github.kklisura.cdt.java-client_2.1.0.jar;C:\Users\W I N D O W S\.katalon\packages\KS-10.1.1\plugins\javax.websocket-api_1.1.0.jar;C:\Users\W I N D O W S\.katalon\packages\KS-10.1.1\plugins\org.glassfish.tyrus.container-grizzly-client_1.13.1.jar;C:\Users\W I N D O W S\.katalon\packages\KS-10.1.1\plugins\org.glassfish.grizzly.http-server_2.3.25.jar;C:\Users\W I N D O W S\.katalon\packages\KS-10.1.1\plugins\org.glassfish.grizzly.framework_2.3.25.jar;C:\Users\W I N D O W S\.katalon\packages\KS-10.1.1\plugins\org.glassfish.grizzly.http_2.3.25.jar;C:\Users\W I N D O W S\.katalon\packages\KS-10.1.1\plugins\org.glassfish.tyrus.client_1.13.1.jar;C:\Users\W I N D O W S\.katalon\packages\KS-10.1.1\plugins\org.glassfish.tyrus.core_1.13.1.jar;C:\Users\W I N D O W S\.katalon\packages\KS-10.1.1\plugins\org.glassfish.tyrus.spi_1.13.1.jar;C:\Users\W I N D O W S\.katalon\packages\KS-10.1.1\plugins\javassist_3.28.0.GA.jar;C:\Users\W I N D O W S\.katalon\packages\KS-10.1.1\plugins\graphql-java_22.3.0.jar;C:\Users\W I N D O W S\.katalon\packages\KS-10.1.1\plugins\org.glassfish.jaxb.runtime_2.3.6.jar;C:\Users\W I N D O W S\.katalon\packages\KS-10.1.1\plugins\org.glassfish.jaxb.txw2_2.3.6.jar;C:\Users\W I N D O W S\.katalon\packages\KS-10.1.1\plugins\org.dom4j_2.1.4.jar;C:\Users\W I N D O W S\.katalon\packages\KS-10.1.1\plugins\com.kms.katalon.groovy-extended_1.0.0.202503120557.jar;C:\Users\W I N D O W S\.katalon\packages\KS-10.1.1\plugins\com.sun.activation.javax.activation_1.2.0.jar;C:\Users\W I N D O W S\.katalon\packages\KS-10.1.1\plugins\jakarta.xml.bind-api_2.3.3.jar;C:\Users\W I N D O W S\.katalon\packages\KS-10.1.1\plugins\com.sun.xml.bind.jaxb-impl_2.3.6.jar;C:\Users\W I N D O W S\.katalon\packages\KS-10.1.1\plugins\org.eclipse.jface_3.29.0.v20230214-1401.jar;C:\Users\W I N D O W S\.katalon\packages\KS-10.1.1\plugins\com.kms.katalon.logging_1.0.0.202503120557.jar;C:\Users\W I N D O W S\.katalon\packages\KS-10.1.1\plugins\json_20240303.0.0.jar;C:\Users\W I N D O W S\.katalon\packages\KS-10.1.1\plugins\assertj-core_3.25.3.jar;C:\Users\W I N D O W S\.katalon\packages\KS-10.1.1\plugins\com.networknt.json-schema-validator_1.0.66.jar;C:\Users\W I N D O W S\.katalon\packages\KS-10.1.1\plugins\com.kms.katalon.network.apache_1.0.0.202503120557.jar;C:\Users\W I N D O W S\.katalon\packages\KS-10.1.1\plugins\java-dataloader_3.3.0.jar;C:\Users\W I N D O W S\.katalon\packages\KS-10.1.1\plugins\org.apache.commons.logging_1.2.0.v20180409-1502.jar;C:\Users\W I N D O W S\.katalon\packages\KS-10.1.1\plugins\org.hamcrest.core_1.3.0.v20180420-1519.jar;C:\Users\W I N D O W S\.katalon\packages\KS-10.1.1\plugins\org.beanshell.bsh_2.0.0.0b4.jar;C:\Users\W I N D O W S\.katalon\packages\KS-10.1.1\plugins\org.apache.ant.launcher_1.9.6.jar;C:\Users\W I N D O W S\.katalon\packages\KS-10.1.1\plugins\com.kms.katalon.core.appium_1.0.0.202503120557.jar;C:\Users\W I N D O W S\.katalon\packages\KS-10.1.1\plugins\com.kms.katalon.api_1.0.0.202503120557.jar;C:\Users\W I N D O W S\.katalon\packages\KS-10.1.1\plugins\org.eclipse.equinox.common_3.17.100.v20230202-1341.jar;C:\Users\W I N D O W S\.katalon\packages\KS-10.1.1\plugins\com.kms.katalon.platform.core_1.0.0.202503120557.jar;C:\Users\W I N D O W S\.katalon\packages\KS-10.1.1\plugins\com.kms.katalon.common_1.0.0.202503120557.jar;C:\Users\W I N D O W S\.katalon\packages\KS-10.1.1\plugins\com.kms.katalon.session.core_1.0.0.202503120557.jar;C:\Users\W I N D O W S\.katalon\packages\KS-10.1.1\plugins\org.eclipse.e4.core.contexts_1.11.0.v20220716-0839.jar;C:\Users\W I N D O W S\.katalon\packages\KS-10.1.1\plugins\javax.inject_1.0.0.v20220405-0441.jar;C:\Users\W I N D O W S\.katalon\packages\KS-10.1.1\plugins\org.eclipse.e4.core.di_1.8.300.v20220817-1539.jar;C:\Users\W I N D O W S\.katalon\packages\KS-10.1.1\plugins\com.kms.katalon.network.core_1.0.0.202503120557.jar;C:\Users\W I N D O W S\.katalon\packages\KS-10.1.1\plugins\com.kms.katalon.execution.core_1.0.0.202503120557.jar;C:\Users\W I N D O W S\.katalon\packages\KS-10.1.1\plugins\org.eclipse.equinox.registry_3.11.200.v20220817-1601.jar;C:\Users\W I N D O W S\.katalon\packages\KS-10.1.1\plugins\dev.failsafe_3.3.2.jar;C:\Users\W I N D O W S\.katalon\packages\KS-10.1.1\plugins\com.fasterxml.jackson.datatype.jackson-datatype-jsr310_2.17.2.jar;C:\Users\W I N D O W S\.katalon\packages\KS-10.1.1\plugins\org.eclipse.e4.core.di.annotations_1.7.200.v20220613-1008.jar;C:\Users\W I N D O W S\.katalon\packages\KS-10.1.1\plugins\com.kms.katalon.core.webui_1.0.0.202503120557.jar;C:\Users\W I N D O W S\.katalon\packages\KS-10.1.1\plugins\org.eclipse.e4.core.services_2.3.400.v20220915-1347.jar;C:\Users\W I N D O W S\.katalon\packages\KS-10.1.1\plugins\com.kms.katalon.core.mobile_1.0.0.202503120557.jar;C:\Users\W I N D O W S\.katalon\packages\KS-10.1.1\plugins\org.apache.commons.commons-validator_1.7.0.jar;C:\Users\W I N D O W S\.katalon\packages\KS-10.1.1\plugins\com.kms.katalon.core.cucumber_1.0.0.202503120557.jar;C:\Users\W I N D O W S\.katalon\packages\KS-10.1.1\plugins\io.cucumber.core_3.0.3.jar;C:\Users\W I N D O W S\.katalon\packages\KS-10.1.1\plugins\io.cucumber.datatable_1.1.15.jar;C:\Users\W I N D O W S\.katalon\packages\KS-10.1.1\plugins\io.cucumber.datatable-dependencies_1.1.15.jar;C:\Users\W I N D O W S\.katalon\packages\KS-10.1.1\plugins\io.cucumber.expressions_5.0.19.jar;C:\Users\W I N D O W S\.katalon\packages\KS-10.1.1\plugins\io.cucumber.gherkin_5.0.0.jar;C:\Users\W I N D O W S\.katalon\packages\KS-10.1.1\plugins\io.cucumber.html_0.2.7.jar;C:\Users\W I N D O W S\.katalon\packages\KS-10.1.1\plugins\io.cucumber.java_3.0.3.jar;C:\Users\W I N D O W S\.katalon\packages\KS-10.1.1\plugins\io.cucumber.tag-expressions_1.1.1.jar;C:\Users\W I N D O W S\.katalon\packages\KS-10.1.1\plugins\io.cucumber.junit_3.0.3.jar;C:\Users\W I N D O W S\.katalon\packages\KS-10.1.1\plugins\com.kms.katalon.core.webservice_1.0.0.202503120557.jar;C:\Users\W I N D O W S\.katalon\packages\KS-10.1.1\plugins\wsdl4j_1.6.2.jar;C:\Users\W I N D O W S\.katalon\packages\KS-10.1.1\plugins\com.google.oauth-client.google-oauth-client_1.22.0.jar;C:\Users\W I N D O W S\.katalon\packages\KS-10.1.1\plugins\com.google.http-client.google-http-client_1.22.0.jar;C:\Users\W I N D O W S\.katalon\packages\KS-10.1.1\plugins\com.kms.katalon.preferences_1.0.0.202503120557.jar;C:\Users\W I N D O W S\.katalon\packages\KS-10.1.1\plugins\org.apache.xmlbeans_3.1.0.jar;C:\Users\W I N D O W S\.katalon\packages\KS-10.1.1\plugins\com.kms.katalon.entity_1.0.0.202503120557.jar;C:\Users\W I N D O W S\.katalon\packages\KS-10.1.1\plugins\jakarta.xml.ws-api_2.3.3.jar;C:\Users\W I N D O W S\.katalon\packages\KS-10.1.1\plugins\javax.xml.soap-api_1.4.0.jar;C:\Users\W I N D O W S\.katalon\packages\KS-10.1.1\plugins\com.atlassian.oai.swagger-request-validator-core_2.38.0.jar;C:\Users\W I N D O W S\.katalon\packages\KS-10.1.1\plugins\io.swagger.compat-spec-parser_1.0.67.jar;C:\Users\W I N D O W S\.katalon\packages\KS-10.1.1\plugins\io.swagger.core.v3.swagger-annotations_2.2.14.jar;C:\Users\W I N D O W S\.katalon\packages\KS-10.1.1\plugins\io.swagger.core.v3.swagger-core_2.2.14.jar;C:\Users\W I N D O W S\.katalon\packages\KS-10.1.1\plugins\io.swagger.core.v3.swagger-models_2.2.14.jar;C:\Users\W I N D O W S\.katalon\packages\KS-10.1.1\plugins\io.swagger.parser.v3.swagger-parser-core_2.1.16.jar;C:\Users\W I N D O W S\.katalon\packages\KS-10.1.1\plugins\io.swagger.parser.v3.swagger-parser-v2-converter_2.1.16.jar;C:\Users\W I N D O W S\.katalon\packages\KS-10.1.1\plugins\com.github.java-json-tools.btf_1.3.0.jar;C:\Users\W I N D O W S\.katalon\packages\KS-10.1.1\plugins\com.fasterxml.jackson.dataformat.jackson-dataformat-yaml_2.17.1.jar;C:\Users\W I N D O W S\.katalon\packages\KS-10.1.1\plugins\org.yaml.snakeyaml_2.2.0.jar;C:\Users\W I N D O W S\.katalon\packages\KS-10.1.1\plugins\com.github.java-json-tools.msg-simple_1.2.0.jar;C:\Users\W I N D O W S\.katalon\packages\KS-10.1.1\plugins\jackson-core-asl_1.9.13.jar;C:\Users\W I N D O W S\.katalon\packages\KS-10.1.1\plugins\joda-time_2.10.5.jar;C:\Users\W I N D O W S\.katalon\packages\KS-10.1.1\plugins\javax.mail-api_1.6.2.jar;C:\Users\W I N D O W S\.katalon\packages\KS-10.1.1\plugins\com.googlecode.libphonenumber_8.11.1.jar;C:\Users\W I N D O W S\.katalon\packages\KS-10.1.1\plugins\com.google.guava.failureaccess_1.0.1.jar;C:\Users\W I N D O W S\.katalon\packages\KS-10.1.1\plugins\io.swagger.parser.v3.swagger-parser_2.1.16.jar;C:\Users\W I N D O W S\.katalon\packages\KS-10.1.1\plugins\io.swagger.parser.v3.swagger-parser-v3_2.1.16.jar;C:\Users\W I N D O W S\.katalon\packages\KS-10.1.1\plugins\io.swagger.parser_1.0.67.jar;C:\Users\W I N D O W S\.katalon\packages\KS-10.1.1\plugins\com.narupley.not-going-to-be-commons-ssl_0.3.20.jar;C:\Users\W I N D O W S\.katalon\packages\KS-10.1.1\plugins\com.kms.katalon.core.windows_1.0.0.202503120557.jar;C:\Users\W I N D O W S\.katalon\packages\KS-10.1.1\plugins\com.sun.jna_5.13.0.jar;C:\Users\W I N D O W S\.katalon\packages\KS-10.1.1\plugins\com.sun.jna.platform_5.13.0.jar;C:\Users\W I N D O W S\.katalon\packages\KS-10.1.1\plugins\com.kms.katalon.core.testng_1.0.0.202503120557.jar;C:\Users\W I N D O W S\.katalon\packages\KS-10.1.1\configuration\org.eclipse.osgi\33\0\.cp\resources\basic-report\katalon-studio-report-plugin.jar;C:\Users\W I N D O W S\.katalon\packages\KS-10.1.1\plugins\org.codehaus.groovy_3.0.17.v202303311542-e2303\lib\groovy-3.0.17-indy.jar;C:\Users\W I N D O W S\.katalon\packages\KS-10.1.1\plugins\org.codehaus.groovy_3.0.17.v202303311542-e2303\lib\ivy-2.5.1.jar --main groovy.ui.GroovyMain --encoding UTF-8 --indy C:\Users\W I N D O W S\Katalon Studio\coba_1\Libs\TempTestCase1744267123073.groovy

Host: Intel(R) Core(TM) i5-5200U CPU @ 2.20GHz, 4 cores, 3G,  Windows 10 , 64 bit Build 19041 (10.0.19041.5438)
Time: Thu Apr 10 13:38:51 2025 SE Asia Standard Time elapsed time: 7.516648 seconds (0d 0h 0m 7s)

---------------  T H R E A D  ---------------

Current thread (0x0000027a957ae5f0):  JavaThread "C1 CompilerThread0" daemon [_thread_in_native, id=13672, stack(0x0000009e2ef00000,0x0000009e2f000000)]


Current CompileTask:
C1:   7516 3622       2       java.lang.reflect.Method::getGenericInfo (27 bytes)

Stack: [0x0000009e2ef00000,0x0000009e2f000000]
Native frames: (J=compiled Java code, j=interpreted, Vv=VM code, C=native code)
V  [jvm.dll+0x682eb9]
V  [jvm.dll+0x8399c8]
V  [jvm.dll+0x83b473]
V  [jvm.dll+0x83bae3]
V  [jvm.dll+0x24715f]
V  [jvm.dll+0xad04c]
V  [jvm.dll+0xad4dc]
V  [jvm.dll+0x18e2f0]
V  [jvm.dll+0x1441c3]
V  [jvm.dll+0x1472e7]
V  [jvm.dll+0x146cf5]
V  [jvm.dll+0x13e9a1]
V  [jvm.dll+0x140c3a]
V  [jvm.dll+0x13f13c]
V  [jvm.dll+0x1477da]
V  [jvm.dll+0x146cf5]
V  [jvm.dll+0x13e9a1]
V  [jvm.dll+0x140c3a]
V  [jvm.dll+0x13f13c]
V  [jvm.dll+0x1477da]
V  [jvm.dll+0x146cf5]
V  [jvm.dll+0x13e9a1]
V  [jvm.dll+0x140c3a]
V  [jvm.dll+0x13f13c]
V  [jvm.dll+0x1477da]
V  [jvm.dll+0x146cf5]
V  [jvm.dll+0x13e9a1]
V  [jvm.dll+0x140c3a]
V  [jvm.dll+0x13f13c]
V  [jvm.dll+0x1477da]
V  [jvm.dll+0x146cf5]
V  [jvm.dll+0x13e9a1]
V  [jvm.dll+0x140c3a]
V  [jvm.dll+0x13f235]
V  [jvm.dll+0x139343]
V  [jvm.dll+0x148966]
V  [jvm.dll+0x134a90]
V  [jvm.dll+0x134df0]
V  [jvm.dll+0x1350c8]
V  [jvm.dll+0x134551]
V  [jvm.dll+0x13623d]
V  [jvm.dll+0x22799c]
V  [jvm.dll+0x225afb]
V  [jvm.dll+0x7ef128]
V  [jvm.dll+0x7e948c]
V  [jvm.dll+0x681d97]
C  [ucrtbase.dll+0x21bb2]
C  [KERNEL32.DLL+0x17374]
C  [ntdll.dll+0x4cc91]


---------------  P R O C E S S  ---------------

Threads class SMR info:
_java_thread_list=0x0000027a95b0ba80, length=12, elements={
0x0000027afc03f9f0, 0x0000027a95724620, 0x0000027a95725f40, 0x0000027a95744020,
0x0000027a957448f0, 0x0000027a957492c0, 0x0000027a95749c80, 0x0000027a9574aa20,
0x0000027a957ae5f0, 0x0000027a957b12c0, 0x0000027a959f0a50, 0x0000027a9aa853b0
}

Java Threads: ( => current thread )
  0x0000027afc03f9f0 JavaThread "main" [_thread_in_vm, id=10500, stack(0x0000009e2e100000,0x0000009e2e200000)]
  0x0000027a95724620 JavaThread "Reference Handler" daemon [_thread_blocked, id=11728, stack(0x0000009e2e800000,0x0000009e2e900000)]
  0x0000027a95725f40 JavaThread "Finalizer" daemon [_thread_blocked, id=5744, stack(0x0000009e2e900000,0x0000009e2ea00000)]
  0x0000027a95744020 JavaThread "Signal Dispatcher" daemon [_thread_blocked, id=7012, stack(0x0000009e2ea00000,0x0000009e2eb00000)]
  0x0000027a957448f0 JavaThread "Attach Listener" daemon [_thread_blocked, id=12404, stack(0x0000009e2eb00000,0x0000009e2ec00000)]
  0x0000027a957492c0 JavaThread "Service Thread" daemon [_thread_blocked, id=6096, stack(0x0000009e2ec00000,0x0000009e2ed00000)]
  0x0000027a95749c80 JavaThread "Monitor Deflation Thread" daemon [_thread_blocked, id=2296, stack(0x0000009e2ed00000,0x0000009e2ee00000)]
  0x0000027a9574aa20 JavaThread "C2 CompilerThread0" daemon [_thread_in_native, id=9952, stack(0x0000009e2ee00000,0x0000009e2ef00000)]
=>0x0000027a957ae5f0 JavaThread "C1 CompilerThread0" daemon [_thread_in_native, id=13672, stack(0x0000009e2ef00000,0x0000009e2f000000)]
  0x0000027a957b12c0 JavaThread "Sweeper thread" daemon [_thread_blocked, id=14068, stack(0x0000009e2f000000,0x0000009e2f100000)]
  0x0000027a959f0a50 JavaThread "Common-Cleaner" daemon [_thread_blocked, id=4912, stack(0x0000009e2f100000,0x0000009e2f200000)]
  0x0000027a9aa853b0 JavaThread "Notification Thread" daemon [_thread_blocked, id=8132, stack(0x0000009e2f300000,0x0000009e2f400000)]

Other Threads:
  0x0000027a955dd380 VMThread "VM Thread" [stack: 0x0000009e2e700000,0x0000009e2e800000] [id=10724]
  0x0000027afc040560 WatcherThread [stack: 0x0000009e2f400000,0x0000009e2f500000] [id=14852]
  0x0000027afc0a6a30 GCTaskThread "GC Thread#0" [stack: 0x0000009e2e200000,0x0000009e2e300000] [id=15040]
  0x0000027a95a06710 GCTaskThread "GC Thread#1" [stack: 0x0000009e2f200000,0x0000009e2f300000] [id=11480]
  0x0000027a9abda830 GCTaskThread "GC Thread#2" [stack: 0x0000009e2f500000,0x0000009e2f600000] [id=14344]
  0x0000027a9b556e60 GCTaskThread "GC Thread#3" [stack: 0x0000009e2f600000,0x0000009e2f700000] [id=14120]
  0x0000027afc0b8890 ConcurrentGCThread "G1 Main Marker" [stack: 0x0000009e2e300000,0x0000009e2e400000] [id=12248]
  0x0000027afc0b9a90 ConcurrentGCThread "G1 Conc#0" [stack: 0x0000009e2e400000,0x0000009e2e500000] [id=13524]
  0x0000027a95438020 ConcurrentGCThread "G1 Refine#0" [stack: 0x0000009e2e500000,0x0000009e2e600000] [id=6696]
  0x0000027a95439230 ConcurrentGCThread "G1 Service" [stack: 0x0000009e2e600000,0x0000009e2e700000] [id=6928]

Threads with active compile tasks:
C2 CompilerThread0     7632 3531   !   4       jdk.internal.loader.URLClassPath$JarLoader::getResource (354 bytes)
C1 CompilerThread0     7632 3622       2       java.lang.reflect.Method::getGenericInfo (27 bytes)

VM state: not at safepoint (normal execution)

VM Mutex/Monitor currently owned by a thread: None

OutOfMemory and StackOverflow Exception counts:
OutOfMemoryError java_heap_errors=1
LinkageErrors=59

Heap address: 0x0000000080000000, size: 2048 MB, Compressed Oops mode: 32-bit

CDS archive(s) not mapped
Compressed class space mapped at: 0x0000000100000000-0x0000000140000000, reserved size: 1073741824
Narrow klass base: 0x0000000000000000, Narrow klass shift: 3, Narrow klass range: 0x140000000

GC Precious Log:
 CPUs: 4 total, 4 available
 Memory: 4018M
 Large Page Support: Disabled
 NUMA Support: Disabled
 Compressed Oops: Enabled (32-bit)
 Heap Region Size: 1M
 Heap Min Capacity: 8M
 Heap Initial Capacity: 64M
 Heap Max Capacity: 2G
 Pre-touch: Disabled
 Parallel Workers: 4
 Concurrent Workers: 1
 Concurrent Refinement Workers: 4
 Periodic GC: Disabled

Heap:
 garbage-first heap   total 78848K, used 41460K [0x0000000080000000, 0x0000000100000000)
  region size 1024K, 10 young (10240K), 1 survivors (1024K)
 Metaspace       used 29149K, committed 29504K, reserved 1114112K
  class space    used 3042K, committed 3200K, reserved 1048576K

Heap Regions: E=young(eden), S=young(survivor), O=old, HS=humongous(starts), HC=humongous(continues), CS=collection set, F=free, OA=open archive, CA=closed archive, TAMS=top-at-mark-start (previous, next)
|   0|0x0000000080000000, 0x0000000080100000, 0x0000000080100000|100%|HS|  |TAMS 0x0000000080100000, 0x0000000080000000| Complete 
|   1|0x0000000080100000, 0x0000000080200000, 0x0000000080200000|100%|HS|  |TAMS 0x0000000080200000, 0x0000000080100000| Complete 
|   2|0x0000000080200000, 0x0000000080300000, 0x0000000080300000|100%|HC|  |TAMS 0x0000000080300000, 0x0000000080200000| Complete 
|   3|0x0000000080300000, 0x0000000080400000, 0x0000000080400000|100%|HC|  |TAMS 0x0000000080400000, 0x0000000080300000| Complete 
|   4|0x0000000080400000, 0x0000000080500000, 0x0000000080500000|100%| O|  |TAMS 0x0000000080500000, 0x0000000080400000| Untracked 
|   5|0x0000000080500000, 0x0000000080600000, 0x0000000080600000|100%| O|  |TAMS 0x0000000080600000, 0x0000000080500000| Untracked 
|   6|0x0000000080600000, 0x0000000080700000, 0x0000000080700000|100%| O|  |TAMS 0x0000000080700000, 0x0000000080600000| Untracked 
|   7|0x0000000080700000, 0x0000000080800000, 0x0000000080800000|100%| O|  |TAMS 0x0000000080800000, 0x0000000080700000| Untracked 
|   8|0x0000000080800000, 0x0000000080900000, 0x0000000080900000|100%| O|  |TAMS 0x0000000080900000, 0x0000000080800000| Untracked 
|   9|0x0000000080900000, 0x0000000080a00000, 0x0000000080a00000|100%| O|  |TAMS 0x0000000080a00000, 0x0000000080900000| Untracked 
|  10|0x0000000080a00000, 0x0000000080b00000, 0x0000000080b00000|100%| O|  |TAMS 0x0000000080b00000, 0x0000000080a00000| Untracked 
|  11|0x0000000080b00000, 0x0000000080c00000, 0x0000000080c00000|100%|HS|  |TAMS 0x0000000080c00000, 0x0000000080b00000| Complete 
|  12|0x0000000080c00000, 0x0000000080d00000, 0x0000000080d00000|100%| O|  |TAMS 0x0000000080d00000, 0x0000000080c00000| Untracked 
|  13|0x0000000080d00000, 0x0000000080e00000, 0x0000000080e00000|100%| O|  |TAMS 0x0000000080e00000, 0x0000000080d00000| Untracked 
|  14|0x0000000080e00000, 0x0000000080f00000, 0x0000000080f00000|100%| O|  |TAMS 0x0000000080f00000, 0x0000000080e00000| Untracked 
|  15|0x0000000080f00000, 0x0000000081000000, 0x0000000081000000|100%| O|  |TAMS 0x0000000081000000, 0x0000000080f00000| Untracked 
|  16|0x0000000081000000, 0x0000000081100000, 0x0000000081100000|100%| O|  |TAMS 0x0000000081100000, 0x0000000081000000| Untracked 
|  17|0x0000000081100000, 0x0000000081200000, 0x0000000081200000|100%| O|  |TAMS 0x0000000081200000, 0x0000000081100000| Untracked 
|  18|0x0000000081200000, 0x0000000081300000, 0x0000000081300000|100%| O|  |TAMS 0x0000000081300000, 0x0000000081200000| Untracked 
|  19|0x0000000081300000, 0x0000000081400000, 0x0000000081400000|100%| O|  |TAMS 0x0000000081400000, 0x0000000081300000| Untracked 
|  20|0x0000000081400000, 0x0000000081500000, 0x0000000081500000|100%| O|  |TAMS 0x0000000081500000, 0x0000000081400000| Untracked 
|  21|0x0000000081500000, 0x0000000081600000, 0x0000000081600000|100%| O|  |TAMS 0x0000000081600000, 0x0000000081500000| Untracked 
|  22|0x0000000081600000, 0x0000000081700000, 0x0000000081700000|100%| O|  |TAMS 0x0000000081676000, 0x0000000081600000| Untracked 
|  23|0x0000000081700000, 0x0000000081800000, 0x0000000081800000|100%| O|  |TAMS 0x0000000081700000, 0x0000000081700000| Untracked 
|  24|0x0000000081800000, 0x0000000081900000, 0x0000000081900000|100%| O|  |TAMS 0x0000000081800000, 0x0000000081800000| Untracked 
|  25|0x0000000081900000, 0x0000000081a00000, 0x0000000081a00000|100%| O|  |TAMS 0x0000000081900000, 0x0000000081900000| Untracked 
|  26|0x0000000081a00000, 0x0000000081b00000, 0x0000000081b00000|100%| O|  |TAMS 0x0000000081a00000, 0x0000000081a00000| Untracked 
|  27|0x0000000081b00000, 0x0000000081c00000, 0x0000000081c00000|100%| O|  |TAMS 0x0000000081b00000, 0x0000000081b00000| Untracked 
|  28|0x0000000081c00000, 0x0000000081c7d200, 0x0000000081d00000| 48%| O|  |TAMS 0x0000000081c00000, 0x0000000081c00000| Untracked 
|  29|0x0000000081d00000, 0x0000000081e00000, 0x0000000081e00000|100%|HS|  |TAMS 0x0000000081d00000, 0x0000000081d00000| Complete 
|  30|0x0000000081e00000, 0x0000000081f00000, 0x0000000081f00000|100%|HS|  |TAMS 0x0000000081e00000, 0x0000000081e00000| Complete 
|  31|0x0000000081f00000, 0x0000000082000000, 0x0000000082000000|100%|HC|  |TAMS 0x0000000081f00000, 0x0000000081f00000| Complete 
|  32|0x0000000082000000, 0x0000000082000000, 0x0000000082100000|  0%| F|  |TAMS 0x0000000082000000, 0x0000000082000000| Untracked 
|  33|0x0000000082100000, 0x0000000082100000, 0x0000000082200000|  0%| F|  |TAMS 0x0000000082100000, 0x0000000082100000| Untracked 
|  34|0x0000000082200000, 0x0000000082200000, 0x0000000082300000|  0%| F|  |TAMS 0x0000000082200000, 0x0000000082200000| Untracked 
|  35|0x0000000082300000, 0x0000000082300000, 0x0000000082400000|  0%| F|  |TAMS 0x0000000082300000, 0x0000000082300000| Untracked 
|  36|0x0000000082400000, 0x0000000082400000, 0x0000000082500000|  0%| F|  |TAMS 0x0000000082400000, 0x0000000082400000| Untracked 
|  37|0x0000000082500000, 0x0000000082500000, 0x0000000082600000|  0%| F|  |TAMS 0x0000000082500000, 0x0000000082500000| Untracked 
|  38|0x0000000082600000, 0x0000000082600000, 0x0000000082700000|  0%| F|  |TAMS 0x0000000082600000, 0x0000000082600000| Untracked 
|  39|0x0000000082700000, 0x0000000082700000, 0x0000000082800000|  0%| F|  |TAMS 0x0000000082700000, 0x0000000082700000| Untracked 
|  40|0x0000000082800000, 0x0000000082800000, 0x0000000082900000|  0%| F|  |TAMS 0x0000000082800000, 0x0000000082800000| Untracked 
|  41|0x0000000082900000, 0x0000000082900000, 0x0000000082a00000|  0%| F|  |TAMS 0x0000000082900000, 0x0000000082900000| Untracked 
|  42|0x0000000082a00000, 0x0000000082a00000, 0x0000000082b00000|  0%| F|  |TAMS 0x0000000082a00000, 0x0000000082a00000| Untracked 
|  43|0x0000000082b00000, 0x0000000082b00000, 0x0000000082c00000|  0%| F|  |TAMS 0x0000000082b00000, 0x0000000082b00000| Untracked 
|  44|0x0000000082c00000, 0x0000000082c00000, 0x0000000082d00000|  0%| F|  |TAMS 0x0000000082c00000, 0x0000000082c00000| Untracked 
|  45|0x0000000082d00000, 0x0000000082d00000, 0x0000000082e00000|  0%| F|  |TAMS 0x0000000082d00000, 0x0000000082d00000| Untracked 
|  46|0x0000000082e00000, 0x0000000082e00000, 0x0000000082f00000|  0%| F|  |TAMS 0x0000000082e00000, 0x0000000082e00000| Untracked 
|  47|0x0000000082f00000, 0x0000000082f00000, 0x0000000083000000|  0%| F|  |TAMS 0x0000000082f00000, 0x0000000082f00000| Untracked 
|  48|0x0000000083000000, 0x0000000083100000, 0x0000000083100000|100%| S|CS|TAMS 0x0000000083000000, 0x0000000083000000| Complete 
|  49|0x0000000083100000, 0x0000000083100000, 0x0000000083200000|  0%| F|  |TAMS 0x0000000083100000, 0x0000000083100000| Untracked 
|  50|0x0000000083200000, 0x0000000083200000, 0x0000000083300000|  0%| F|  |TAMS 0x0000000083200000, 0x0000000083200000| Untracked 
|  51|0x0000000083300000, 0x0000000083300000, 0x0000000083400000|  0%| F|  |TAMS 0x0000000083300000, 0x0000000083300000| Untracked 
|  52|0x0000000083400000, 0x0000000083400000, 0x0000000083500000|  0%| F|  |TAMS 0x0000000083400000, 0x0000000083400000| Untracked 
|  53|0x0000000083500000, 0x0000000083500000, 0x0000000083600000|  0%| F|  |TAMS 0x0000000083500000, 0x0000000083500000| Untracked 
|  54|0x0000000083600000, 0x0000000083600000, 0x0000000083700000|  0%| F|  |TAMS 0x0000000083600000, 0x0000000083600000| Untracked 
|  55|0x0000000083700000, 0x0000000083700000, 0x0000000083800000|  0%| F|  |TAMS 0x0000000083700000, 0x0000000083700000| Untracked 
|  56|0x0000000083800000, 0x0000000083800000, 0x0000000083900000|  0%| F|  |TAMS 0x0000000083800000, 0x0000000083800000| Untracked 
|  57|0x0000000083900000, 0x0000000083900000, 0x0000000083a00000|  0%| F|  |TAMS 0x0000000083900000, 0x0000000083900000| Untracked 
|  58|0x0000000083a00000, 0x0000000083a00000, 0x0000000083b00000|  0%| F|  |TAMS 0x0000000083a00000, 0x0000000083a00000| Untracked 
|  59|0x0000000083b00000, 0x0000000083b00000, 0x0000000083c00000|  0%| F|  |TAMS 0x0000000083b00000, 0x0000000083b00000| Untracked 
|  60|0x0000000083c00000, 0x0000000083c00000, 0x0000000083d00000|  0%| F|  |TAMS 0x0000000083c00000, 0x0000000083c00000| Untracked 
|  61|0x0000000083d00000, 0x0000000083d00000, 0x0000000083e00000|  0%| F|  |TAMS 0x0000000083d00000, 0x0000000083d00000| Untracked 
|  62|0x0000000083e00000, 0x0000000083e00000, 0x0000000083f00000|  0%| F|  |TAMS 0x0000000083e00000, 0x0000000083e00000| Untracked 
|  63|0x0000000083f00000, 0x0000000083f00000, 0x0000000084000000|  0%| F|  |TAMS 0x0000000083f00000, 0x0000000083f00000| Untracked 
|  64|0x0000000084000000, 0x0000000084000000, 0x0000000084100000|  0%| F|  |TAMS 0x0000000084000000, 0x0000000084000000| Untracked 
|  65|0x0000000084100000, 0x0000000084100000, 0x0000000084200000|  0%| F|  |TAMS 0x0000000084100000, 0x0000000084100000| Untracked 
|  66|0x0000000084200000, 0x0000000084200000, 0x0000000084300000|  0%| F|  |TAMS 0x0000000084200000, 0x0000000084200000| Untracked 
|  67|0x0000000084300000, 0x0000000084300000, 0x0000000084400000|  0%| F|  |TAMS 0x0000000084300000, 0x0000000084300000| Untracked 
|  68|0x0000000084400000, 0x000000008444cd00, 0x0000000084500000| 30%| E|  |TAMS 0x0000000084400000, 0x0000000084400000| Complete 
|  69|0x0000000084500000, 0x0000000084600000, 0x0000000084600000|100%| E|CS|TAMS 0x0000000084500000, 0x0000000084500000| Complete 
|  70|0x0000000084600000, 0x0000000084700000, 0x0000000084700000|100%| E|CS|TAMS 0x0000000084600000, 0x0000000084600000| Complete 
|  71|0x0000000084700000, 0x0000000084800000, 0x0000000084800000|100%| E|CS|TAMS 0x0000000084700000, 0x0000000084700000| Complete 
|  72|0x0000000084800000, 0x0000000084900000, 0x0000000084900000|100%| E|CS|TAMS 0x0000000084800000, 0x0000000084800000| Complete 
|  73|0x0000000084900000, 0x0000000084a00000, 0x0000000084a00000|100%| E|CS|TAMS 0x0000000084900000, 0x0000000084900000| Complete 
|  74|0x0000000084a00000, 0x0000000084b00000, 0x0000000084b00000|100%| E|CS|TAMS 0x0000000084a00000, 0x0000000084a00000| Complete 
|  75|0x0000000084b00000, 0x0000000084c00000, 0x0000000084c00000|100%| E|CS|TAMS 0x0000000084b00000, 0x0000000084b00000| Complete 
|  76|0x0000000084c00000, 0x0000000084d00000, 0x0000000084d00000|100%| E|CS|TAMS 0x0000000084c00000, 0x0000000084c00000| Complete 

Card table byte_map: [0x0000027aff9a0000,0x0000027affda0000] _byte_map_base: 0x0000027aff5a0000

Marking Bits (Prev, Next): (CMBitMap*) 0x0000027afc0a7fa0, (CMBitMap*) 0x0000027afc0a7f60
 Prev Bits: [0x0000027a91400000, 0x0000027a93400000)
 Next Bits: [0x0000027a8f400000, 0x0000027a91400000)

Polling page: 0x0000027afb7c0000

Metaspace:

Usage:
  Non-class:     25.50 MB used.
      Class:      2.97 MB used.
       Both:     28.47 MB used.

Virtual space:
  Non-class space:       64.00 MB reserved,      25.69 MB ( 40%) committed,  1 nodes.
      Class space:        1.00 GB reserved,       3.12 MB ( <1%) committed,  1 nodes.
             Both:        1.06 GB reserved,      28.81 MB (  3%) committed. 

Chunk freelists:
   Non-Class:  5.45 MB
       Class:  12.83 MB
        Both:  18.28 MB

MaxMetaspaceSize: unlimited
CompressedClassSpaceSize: 1.00 GB
Initial GC threshold: 21.00 MB
Current GC threshold: 35.12 MB
CDS: off
MetaspaceReclaimPolicy: balanced
 - commit_granule_bytes: 65536.
 - commit_granule_words: 8192.
 - virtual_space_node_default_size: 8388608.
 - enlarge_chunks_in_place: 1.
 - new_chunks_are_fully_committed: 0.
 - uncommit_free_chunks: 1.
 - use_allocation_guard: 0.
 - handle_deallocations: 1.


Internal statistics:

num_allocs_failed_limit: 3.
num_arena_births: 324.
num_arena_deaths: 0.
num_vsnodes_births: 2.
num_vsnodes_deaths: 0.
num_space_committed: 461.
num_space_uncommitted: 0.
num_chunks_returned_to_freelist: 3.
num_chunks_taken_from_freelist: 943.
num_chunk_merges: 3.
num_chunk_splits: 633.
num_chunks_enlarged: 440.
num_inconsistent_stats: 0.

CodeHeap 'non-profiled nmethods': size=120000Kb used=1380Kb max_used=1380Kb free=118619Kb
 bounds [0x0000027a87ad0000, 0x0000027a87d40000, 0x0000027a8f000000]
CodeHeap 'profiled nmethods': size=120000Kb used=6281Kb max_used=6281Kb free=113718Kb
 bounds [0x0000027a80000000, 0x0000027a80630000, 0x0000027a87530000]
CodeHeap 'non-nmethods': size=5760Kb used=1560Kb max_used=1574Kb free=4199Kb
 bounds [0x0000027a87530000, 0x0000027a877a0000, 0x0000027a87ad0000]
 total_blobs=4219 nmethods=3604 adapters=527
 compilation: enabled
              stopped_count=0, restarted_count=0
 full_count=0

Compilation events (20 events):
Event: 7.502 Thread 0x0000027a957ae5f0 nmethod 3611 0x0000027a8061f990 code [0x0000027a8061fb40, 0x0000027a8061fc78]
Event: 7.502 Thread 0x0000027a957ae5f0 3612       2       java.lang.Module::allows (60 bytes)
Event: 7.502 Thread 0x0000027a957ae5f0 nmethod 3612 0x0000027a8061fd10 code [0x0000027a8061fee0, 0x0000027a80620188]
Event: 7.502 Thread 0x0000027a957ae5f0 3613       2       java.lang.PublicMethods$Key::equals (50 bytes)
Event: 7.503 Thread 0x0000027a957ae5f0 nmethod 3613 0x0000027a80620290 code [0x0000027a80620440, 0x0000027a80620648]
Event: 7.504 Thread 0x0000027a957ae5f0 3614       3       jdk.internal.loader.URLClassPath$FileLoader::findResource (18 bytes)
Event: 7.505 Thread 0x0000027a957ae5f0 nmethod 3614 0x0000027a80620710 code [0x0000027a806208c0, 0x0000027a80620b38]
Event: 7.506 Thread 0x0000027a957ae5f0 3615       2       jdk.internal.loader.BuiltinClassLoader::checkURL (5 bytes)
Event: 7.507 Thread 0x0000027a957ae5f0 nmethod 3615 0x0000027a80620c10 code [0x0000027a80620da0, 0x0000027a80620ee8]
Event: 7.508 Thread 0x0000027a957ae5f0 3616       1       sun.reflect.generics.tree.TypeVariableSignature::getIdentifier (5 bytes)
Event: 7.508 Thread 0x0000027a957ae5f0 nmethod 3616 0x0000027a87c28790 code [0x0000027a87c28920, 0x0000027a87c289f8]
Event: 7.509 Thread 0x0000027a957ae5f0 3617       1       sun.reflect.generics.factory.CoreReflectionFactory::getScope (5 bytes)
Event: 7.509 Thread 0x0000027a957ae5f0 nmethod 3617 0x0000027a87c28a90 code [0x0000027a87c28c20, 0x0000027a87c28cf8]
Event: 7.509 Thread 0x0000027a957ae5f0 3618       2       com.sun.beans.TypeResolver::erase (32 bytes)
Event: 7.510 Thread 0x0000027a957ae5f0 nmethod 3618 0x0000027a80620f90 code [0x0000027a80621140, 0x0000027a80621448]
Event: 7.510 Thread 0x0000027a957ae5f0 3619       2       sun.reflect.generics.repository.GenericDeclRepository::computeTypeParameters (73 bytes)
Event: 7.511 Thread 0x0000027a957ae5f0 nmethod 3619 0x0000027a80621610 code [0x0000027a80621800, 0x0000027a80621dd8]
Event: 7.511 Thread 0x0000027a957ae5f0 3621       2       java.lang.reflect.Type::getTypeName (5 bytes)
Event: 7.512 Thread 0x0000027a957ae5f0 nmethod 3621 0x0000027a80622110 code [0x0000027a806222a0, 0x0000027a806223c8]
Event: 7.512 Thread 0x0000027a957ae5f0 3622       2       java.lang.reflect.Method::getGenericInfo (27 bytes)

GC Heap History (20 events):
Event: 1.107 GC heap before
{Heap before GC invocations=0 (full 0):
 garbage-first heap   total 65536K, used 16384K [0x0000000080000000, 0x0000000100000000)
  region size 1024K, 13 young (13312K), 0 survivors (0K)
 Metaspace       used 4892K, committed 4992K, reserved 1114112K
  class space    used 389K, committed 448K, reserved 1048576K
}
Event: 1.117 GC heap after
{Heap after GC invocations=1 (full 0):
 garbage-first heap   total 65536K, used 13283K [0x0000000080000000, 0x0000000100000000)
  region size 1024K, 2 young (2048K), 2 survivors (2048K)
 Metaspace       used 4892K, committed 4992K, reserved 1114112K
  class space    used 389K, committed 448K, reserved 1048576K
}
Event: 1.738 GC heap before
{Heap before GC invocations=1 (full 0):
 garbage-first heap   total 65536K, used 21475K [0x0000000080000000, 0x0000000100000000)
  region size 1024K, 10 young (10240K), 2 survivors (2048K)
 Metaspace       used 6789K, committed 6976K, reserved 1114112K
  class space    used 525K, committed 640K, reserved 1048576K
}
Event: 1.745 GC heap after
{Heap after GC invocations=2 (full 0):
 garbage-first heap   total 65536K, used 17877K [0x0000000080000000, 0x0000000100000000)
  region size 1024K, 2 young (2048K), 2 survivors (2048K)
 Metaspace       used 6789K, committed 6976K, reserved 1114112K
  class space    used 525K, committed 640K, reserved 1048576K
}
Event: 2.257 GC heap before
{Heap before GC invocations=2 (full 0):
 garbage-first heap   total 65536K, used 30165K [0x0000000080000000, 0x0000000100000000)
  region size 1024K, 14 young (14336K), 2 survivors (2048K)
 Metaspace       used 8393K, committed 8576K, reserved 1114112K
  class space    used 674K, committed 768K, reserved 1048576K
}
Event: 2.261 GC heap after
{Heap after GC invocations=3 (full 0):
 garbage-first heap   total 65536K, used 18917K [0x0000000080000000, 0x0000000100000000)
  region size 1024K, 1 young (1024K), 1 survivors (1024K)
 Metaspace       used 8393K, committed 8576K, reserved 1114112K
  class space    used 674K, committed 768K, reserved 1048576K
}
Event: 3.132 GC heap before
{Heap before GC invocations=3 (full 0):
 garbage-first heap   total 65536K, used 34277K [0x0000000080000000, 0x0000000100000000)
  region size 1024K, 17 young (17408K), 1 survivors (1024K)
 Metaspace       used 13530K, committed 13760K, reserved 1114112K
  class space    used 1213K, committed 1344K, reserved 1048576K
}
Event: 3.139 GC heap after
{Heap after GC invocations=4 (full 0):
 garbage-first heap   total 65536K, used 20449K [0x0000000080000000, 0x0000000100000000)
  region size 1024K, 3 young (3072K), 3 survivors (3072K)
 Metaspace       used 13530K, committed 13760K, reserved 1114112K
  class space    used 1213K, committed 1344K, reserved 1048576K
}
Event: 3.787 GC heap before
{Heap before GC invocations=4 (full 0):
 garbage-first heap   total 65536K, used 40929K [0x0000000080000000, 0x0000000100000000)
  region size 1024K, 23 young (23552K), 3 survivors (3072K)
 Metaspace       used 16828K, committed 17024K, reserved 1114112K
  class space    used 1565K, committed 1664K, reserved 1048576K
}
Event: 3.802 GC heap after
{Heap after GC invocations=5 (full 0):
 garbage-first heap   total 65536K, used 24024K [0x0000000080000000, 0x0000000100000000)
  region size 1024K, 3 young (3072K), 3 survivors (3072K)
 Metaspace       used 16828K, committed 17024K, reserved 1114112K
  class space    used 1565K, committed 1664K, reserved 1048576K
}
Event: 4.521 GC heap before
{Heap before GC invocations=5 (full 0):
 garbage-first heap   total 65536K, used 42456K [0x0000000080000000, 0x0000000100000000)
  region size 1024K, 21 young (21504K), 3 survivors (3072K)
 Metaspace       used 19369K, committed 19584K, reserved 1114112K
  class space    used 1856K, committed 1984K, reserved 1048576K
}
Event: 4.531 GC heap after
{Heap after GC invocations=6 (full 0):
 garbage-first heap   total 65536K, used 24798K [0x0000000080000000, 0x0000000100000000)
  region size 1024K, 2 young (2048K), 2 survivors (2048K)
 Metaspace       used 19369K, committed 19584K, reserved 1114112K
  class space    used 1856K, committed 1984K, reserved 1048576K
}
Event: 4.933 GC heap before
{Heap before GC invocations=6 (full 0):
 garbage-first heap   total 65536K, used 35038K [0x0000000080000000, 0x0000000100000000)
  region size 1024K, 14 young (14336K), 2 survivors (2048K)
 Metaspace       used 21298K, committed 21504K, reserved 1114112K
  class space    used 2183K, committed 2240K, reserved 1048576K
}
Event: 4.940 GC heap after
{Heap after GC invocations=7 (full 0):
 garbage-first heap   total 65536K, used 25373K [0x0000000080000000, 0x0000000100000000)
  region size 1024K, 3 young (3072K), 3 survivors (3072K)
 Metaspace       used 21298K, committed 21504K, reserved 1114112K
  class space    used 2183K, committed 2240K, reserved 1048576K
}
Event: 5.372 GC heap before
{Heap before GC invocations=8 (full 0):
 garbage-first heap   total 65536K, used 45853K [0x0000000080000000, 0x0000000100000000)
  region size 1024K, 23 young (23552K), 3 survivors (3072K)
 Metaspace       used 22185K, committed 22464K, reserved 1114112K
  class space    used 2310K, committed 2432K, reserved 1048576K
}
Event: 5.381 GC heap after
{Heap after GC invocations=9 (full 0):
 garbage-first heap   total 65536K, used 26182K [0x0000000080000000, 0x0000000100000000)
  region size 1024K, 2 young (2048K), 2 survivors (2048K)
 Metaspace       used 22185K, committed 22464K, reserved 1114112K
  class space    used 2310K, committed 2432K, reserved 1048576K
}
Event: 5.484 GC heap before
{Heap before GC invocations=9 (full 0):
 garbage-first heap   total 65536K, used 47686K [0x0000000080000000, 0x0000000100000000)
  region size 1024K, 23 young (23552K), 2 survivors (2048K)
 Metaspace       used 22232K, committed 22464K, reserved 1114112K
  class space    used 2313K, committed 2432K, reserved 1048576K
}
Event: 5.489 GC heap after
{Heap after GC invocations=10 (full 0):
 garbage-first heap   total 78848K, used 26075K [0x0000000080000000, 0x0000000100000000)
  region size 1024K, 2 young (2048K), 2 survivors (2048K)
 Metaspace       used 22232K, committed 22464K, reserved 1114112K
  class space    used 2313K, committed 2432K, reserved 1048576K
}
Event: 6.820 GC heap before
{Heap before GC invocations=10 (full 0):
 garbage-first heap   total 78848K, used 62939K [0x0000000080000000, 0x0000000100000000)
  region size 1024K, 38 young (38912K), 2 survivors (2048K)
 Metaspace       used 26504K, committed 26816K, reserved 1114112K
  class space    used 2751K, committed 2880K, reserved 1048576K
}
Event: 6.835 GC heap after
{Heap after GC invocations=11 (full 0):
 garbage-first heap   total 78848K, used 29386K [0x0000000080000000, 0x0000000100000000)
  region size 1024K, 5 young (5120K), 5 survivors (5120K)
 Metaspace       used 26504K, committed 26816K, reserved 1114112K
  class space    used 2751K, committed 2880K, reserved 1048576K
}

Dll operation events (6 events):
Event: 0.020 Loaded shared library C:\Users\W I N D O W S\.katalon\packages\KS-10.1.1\jre\bin\java.dll
Event: 0.769 Loaded shared library C:\Users\W I N D O W S\.katalon\packages\KS-10.1.1\jre\bin\net.dll
Event: 0.772 Loaded shared library C:\Users\W I N D O W S\.katalon\packages\KS-10.1.1\jre\bin\nio.dll
Event: 0.792 Loaded shared library C:\Users\W I N D O W S\.katalon\packages\KS-10.1.1\jre\bin\zip.dll
Event: 1.975 Loaded shared library C:\Users\W I N D O W S\.katalon\packages\KS-10.1.1\jre\bin\verify.dll
Event: 2.414 Loaded shared library C:\Users\W I N D O W S\.katalon\packages\KS-10.1.1\jre\bin\jimage.dll

Deoptimization events (20 events):
Event: 7.197 Thread 0x0000027afc03f9f0 DEOPT PACKING pc=0x0000027a87ae2ca4 sp=0x0000009e2e1fd7e0
Event: 7.197 Thread 0x0000027afc03f9f0 DEOPT UNPACKING pc=0x0000027a875869a3 sp=0x0000009e2e1fd788 mode 2
Event: 7.214 Thread 0x0000027afc03f9f0 Uncommon trap: trap_request=0xffffffde fr.pc=0x0000027a87ae2ca4 relative=0x00000000000001a4
Event: 7.214 Thread 0x0000027afc03f9f0 Uncommon trap: reason=class_check action=maybe_recompile pc=0x0000027a87ae2ca4 method=java.lang.String.equals(Ljava/lang/Object;)Z @ 8 c2
Event: 7.214 Thread 0x0000027afc03f9f0 DEOPT PACKING pc=0x0000027a87ae2ca4 sp=0x0000009e2e1fd840
Event: 7.214 Thread 0x0000027afc03f9f0 DEOPT UNPACKING pc=0x0000027a875869a3 sp=0x0000009e2e1fd7e8 mode 2
Event: 7.239 Thread 0x0000027afc03f9f0 DEOPT PACKING pc=0x0000027a806072e7 sp=0x0000009e2e1fc8d0
Event: 7.239 Thread 0x0000027afc03f9f0 DEOPT UNPACKING pc=0x0000027a87587143 sp=0x0000009e2e1fbd58 mode 0
Event: 7.242 Thread 0x0000027afc03f9f0 Uncommon trap: trap_request=0xffffff45 fr.pc=0x0000027a87b8a8ac relative=0x00000000000002ec
Event: 7.242 Thread 0x0000027afc03f9f0 Uncommon trap: reason=unstable_if action=reinterpret pc=0x0000027a87b8a8ac method=java.io.WinNTFileSystem.prefixLength(Ljava/lang/String;)I @ 42 c2
Event: 7.242 Thread 0x0000027afc03f9f0 DEOPT PACKING pc=0x0000027a87b8a8ac sp=0x0000009e2e1fcfc0
Event: 7.242 Thread 0x0000027afc03f9f0 DEOPT UNPACKING pc=0x0000027a875869a3 sp=0x0000009e2e1fcf38 mode 2
Event: 7.356 Thread 0x0000027afc03f9f0 Uncommon trap: trap_request=0xffffff45 fr.pc=0x0000027a87c16b84 relative=0x0000000000002444
Event: 7.356 Thread 0x0000027afc03f9f0 Uncommon trap: reason=unstable_if action=reinterpret pc=0x0000027a87c16b84 method=jdk.internal.loader.URLClassPath$FileLoader.getResource(Ljava/lang/String;Z)Ljdk/internal/loader/Resource; @ 139 c2
Event: 7.356 Thread 0x0000027afc03f9f0 DEOPT PACKING pc=0x0000027a87c16b84 sp=0x0000009e2e1fd990
Event: 7.356 Thread 0x0000027afc03f9f0 DEOPT UNPACKING pc=0x0000027a875869a3 sp=0x0000009e2e1fd980 mode 2
Event: 7.357 Thread 0x0000027afc03f9f0 DEOPT PACKING pc=0x0000027a806072e7 sp=0x0000009e2e1f9c70
Event: 7.357 Thread 0x0000027afc03f9f0 DEOPT UNPACKING pc=0x0000027a87587143 sp=0x0000009e2e1f90f8 mode 0
Event: 7.465 Thread 0x0000027afc03f9f0 DEOPT PACKING pc=0x0000027a806072e7 sp=0x0000009e2e1fd2a0
Event: 7.465 Thread 0x0000027afc03f9f0 DEOPT UNPACKING pc=0x0000027a87587143 sp=0x0000009e2e1fc728 mode 0

Classes loaded (20 events):
Event: 7.375 Loading class sun/net/ProgressMonitor
Event: 7.375 Loading class sun/net/ProgressMonitor done
Event: 7.375 Loading class sun/net/DefaultProgressMeteringPolicy
Event: 7.376 Loading class sun/net/ProgressMeteringPolicy
Event: 7.376 Loading class sun/net/ProgressMeteringPolicy done
Event: 7.376 Loading class sun/net/DefaultProgressMeteringPolicy done
Event: 7.469 Loading class java/util/stream/Streams$RangeIntSpliterator
Event: 7.470 Loading class java/util/stream/Streams$RangeIntSpliterator done
Event: 7.473 Loading class java/util/stream/IntPipeline$1
Event: 7.473 Loading class java/util/stream/IntPipeline$1 done
Event: 7.474 Loading class java/util/stream/IntPipeline$1$1
Event: 7.474 Loading class java/util/stream/IntPipeline$1$1 done
Event: 7.503 Loading class java/lang/ClassBeanInfo
Event: 7.503 Loading class java/lang/ClassBeanInfo done
Event: 7.505 Loading class java/lang/ClassBeanInfo
Event: 7.505 Loading class java/lang/ClassBeanInfo done
Event: 7.506 Loading class java/lang/ClassCustomizer
Event: 7.506 Loading class java/lang/ClassCustomizer done
Event: 7.508 Loading class java/lang/ClassCustomizer
Event: 7.508 Loading class java/lang/ClassCustomizer done

Classes unloaded (0 events):
No events

Classes redefined (0 events):
No events

Internal exceptions (20 events):
Event: 6.574 Thread 0x0000027afc03f9f0 Exception <a 'java/lang/ClassNotFoundException'{0x0000000082e412b0}: com/kms/katalon/core/testng/keyword/internal/TestNGDriverCleanerBeanInfo> (0x0000000082e412b0) 
thrown [s\src\hotspot\share\classfile\systemDictionary.cpp, line 256]
Event: 6.579 Thread 0x0000027afc03f9f0 Exception <a 'java/lang/ClassNotFoundException'{0x0000000082e607f0}: com/kms/katalon/core/testng/keyword/internal/TestNGDriverCleanerCustomizer> (0x0000000082e607f0) 
thrown [s\src\hotspot\share\classfile\systemDictionary.cpp, line 256]
Event: 6.648 Thread 0x0000027afc03f9f0 Implicit null exception at 0x0000027a87b5e60c to 0x0000027a87b5e72e
Event: 6.735 Thread 0x0000027afc03f9f0 Exception <a 'java/lang/ClassNotFoundException'{0x0000000082cf5100}: com/kms/katalon/core/configuration/RunConfigurationBeanInfo> (0x0000000082cf5100) 
thrown [s\src\hotspot\share\classfile\systemDictionary.cpp, line 256]
Event: 6.740 Thread 0x0000027afc03f9f0 Exception <a 'java/lang/ClassNotFoundException'{0x0000000082b12e70}: com/kms/katalon/core/configuration/RunConfigurationCustomizer> (0x0000000082b12e70) 
thrown [s\src\hotspot\share\classfile\systemDictionary.cpp, line 256]
Event: 7.099 Thread 0x0000027afc03f9f0 Exception <a 'java/lang/ClassNotFoundException'{0x0000000084744a80}: com/kms/katalon/core/main/TestCaseMainBeanInfo> (0x0000000084744a80) 
thrown [s\src\hotspot\share\classfile\systemDictionary.cpp, line 256]
Event: 7.105 Thread 0x0000027afc03f9f0 Exception <a 'java/lang/ClassNotFoundException'{0x0000000084761090}: com/kms/katalon/core/main/TestCaseMainCustomizer> (0x0000000084761090) 
thrown [s\src\hotspot\share\classfile\systemDictionary.cpp, line 256]
Event: 7.108 Thread 0x0000027afc03f9f0 Exception <a 'java/lang/NoSuchMethodError'{0x0000000084778498}: 'void java.lang.invoke.DirectMethodHandle$Holder.invokeStaticInit(java.lang.Object)'> (0x0000000084778498) 
thrown [s\src\hotspot\share\interpreter\linkResolver.cpp, line 759]
Event: 7.126 Thread 0x0000027afc03f9f0 Exception <a 'java/lang/NoSuchMethodError'{0x00000000847d87a0}: 'java.lang.Object java.lang.invoke.DirectMethodHandle$Holder.newInvokeSpecial(java.lang.Object, java.lang.Object, int, java.lang.Object)'> (0x00000000847d87a0) 
thrown [s\src\hotspot\share\interpreter\linkResolver.cpp, line 759]
Event: 7.126 Thread 0x0000027afc03f9f0 Exception <a 'java/lang/NoSuchMethodError'{0x00000000847dc0b8}: 'java.lang.Object java.lang.invoke.Invokers$Holder.linkToTargetMethod(java.lang.Object, int, java.lang.Object, java.lang.Object)'> (0x00000000847dc0b8) 
thrown [s\src\hotspot\share\interpreter\linkResolver.cpp, line 759]
Event: 7.151 Thread 0x0000027afc03f9f0 Exception <a 'java/lang/NoSuchMethodError'{0x0000000084699dc8}: 'java.lang.Object java.lang.invoke.DirectMethodHandle$Holder.newInvokeSpecial(java.lang.Object, java.lang.Object, int)'> (0x0000000084699dc8) 
thrown [s\src\hotspot\share\interpreter\linkResolver.cpp, line 759]
Event: 7.151 Thread 0x0000027afc03f9f0 Exception <a 'java/lang/IncompatibleClassChangeError'{0x000000008469dcd8}: Found class java.lang.Object, but interface was expected> (0x000000008469dcd8) 
thrown [s\src\hotspot\share\interpreter\linkResolver.cpp, line 826]
Event: 7.314 Thread 0x0000027afc03f9f0 Exception <a 'java/lang/ClassNotFoundException'{0x00000000843ece38}: CustomKeywordsBeanInfo> (0x00000000843ece38) 
thrown [s\src\hotspot\share\classfile\systemDictionary.cpp, line 256]
Event: 7.320 Thread 0x0000027afc03f9f0 Exception <a 'java/lang/ClassNotFoundException'{0x000000008420edd8}: CustomKeywordsCustomizer> (0x000000008420edd8) 
thrown [s\src\hotspot\share\classfile\systemDictionary.cpp, line 256]
Event: 7.447 Thread 0x0000027afc03f9f0 Exception <a 'java/lang/ClassNotFoundException'{0x00000000840e7c80}: CustomKeywordsBeanInfo> (0x00000000840e7c80) 
thrown [s\src\hotspot\share\classfile\systemDictionary.cpp, line 256]
Event: 7.451 Thread 0x0000027afc03f9f0 Exception <a 'java/lang/ClassNotFoundException'{0x00000000840ffc10}: CustomKeywordsCustomizer> (0x00000000840ffc10) 
thrown [s\src\hotspot\share\classfile\systemDictionary.cpp, line 256]
Event: 7.484 Thread 0x0000027afc03f9f0 Exception <a 'java/lang/ClassNotFoundException'{0x0000000083fa1a48}: com/kms/katalon/core/ast/RequireAstTestStepTransformationBeanInfo> (0x0000000083fa1a48) 
thrown [s\src\hotspot\share\classfile\systemDictionary.cpp, line 256]
Event: 7.489 Thread 0x0000027afc03f9f0 Exception <a 'java/lang/ClassNotFoundException'{0x0000000083fbfe80}: com/kms/katalon/core/ast/RequireAstTestStepTransformationCustomizer> (0x0000000083fbfe80) 
thrown [s\src\hotspot\share\classfile\systemDictionary.cpp, line 256]
Event: 7.505 Thread 0x0000027afc03f9f0 Exception <a 'java/lang/ClassNotFoundException'{0x0000000083e03188}: java/lang/ClassBeanInfo> (0x0000000083e03188) 
thrown [s\src\hotspot\share\classfile\systemDictionary.cpp, line 256]
Event: 7.508 Thread 0x0000027afc03f9f0 Exception <a 'java/lang/ClassNotFoundException'{0x0000000083e12c98}: java/lang/ClassCustomizer> (0x0000000083e12c98) 
thrown [s\src\hotspot\share\classfile\systemDictionary.cpp, line 256]

VM Operations (20 events):
Event: 6.372 Executing VM operation: ICBufferFull
Event: 6.373 Executing VM operation: ICBufferFull done
Event: 6.597 Executing VM operation: HandshakeAllThreads
Event: 6.597 Executing VM operation: HandshakeAllThreads done
Event: 6.602 Executing VM operation: HandshakeAllThreads
Event: 6.602 Executing VM operation: HandshakeAllThreads done
Event: 6.642 Executing VM operation: HandshakeAllThreads
Event: 6.642 Executing VM operation: HandshakeAllThreads done
Event: 6.661 Executing VM operation: HandshakeAllThreads
Event: 6.661 Executing VM operation: HandshakeAllThreads done
Event: 6.820 Executing VM operation: G1CollectForAllocation
Event: 6.835 Executing VM operation: G1CollectForAllocation done
Event: 7.042 Executing VM operation: HandshakeAllThreads
Event: 7.042 Executing VM operation: HandshakeAllThreads done
Event: 7.066 Executing VM operation: HandshakeAllThreads
Event: 7.066 Executing VM operation: HandshakeAllThreads done
Event: 7.154 Executing VM operation: HandshakeAllThreads
Event: 7.154 Executing VM operation: HandshakeAllThreads done
Event: 7.269 Executing VM operation: HandshakeAllThreads
Event: 7.269 Executing VM operation: HandshakeAllThreads done

Memory protections (0 events):
No events

Nmethod flushes (0 events):
No events

Events (12 events):
Event: 0.162 Thread 0x0000027afc03f9f0 Thread added: 0x0000027afc03f9f0
Event: 0.209 Thread 0x0000027afc03f9f0 Thread added: 0x0000027a95724620
Event: 0.210 Thread 0x0000027afc03f9f0 Thread added: 0x0000027a95725f40
Event: 0.259 Thread 0x0000027afc03f9f0 Thread added: 0x0000027a95744020
Event: 0.259 Thread 0x0000027afc03f9f0 Thread added: 0x0000027a957448f0
Event: 0.259 Thread 0x0000027afc03f9f0 Thread added: 0x0000027a957492c0
Event: 0.259 Thread 0x0000027afc03f9f0 Thread added: 0x0000027a95749c80
Event: 0.260 Thread 0x0000027afc03f9f0 Thread added: 0x0000027a9574aa20
Event: 0.272 Thread 0x0000027afc03f9f0 Thread added: 0x0000027a957ae5f0
Event: 0.278 Thread 0x0000027afc03f9f0 Thread added: 0x0000027a957b12c0
Event: 0.742 Thread 0x0000027afc03f9f0 Thread added: 0x0000027a959f0a50
Event: 1.557 Thread 0x0000027afc03f9f0 Thread added: 0x0000027a9aa853b0


Dynamic libraries:
0x00007ff78c140000 - 0x00007ff78c14e000 	C:\Users\W I N D O W S\.katalon\packages\KS-10.1.1\jre\bin\javaw.exe
0x00007ffdf32f0000 - 0x00007ffdf34e8000 	C:\Windows\SYSTEM32\ntdll.dll
0x00007ffdf1b70000 - 0x00007ffdf1c32000 	C:\Windows\System32\KERNEL32.DLL
0x00007ffdf0e50000 - 0x00007ffdf114f000 	C:\Windows\System32\KERNELBASE.dll
0x00007ffdf0c70000 - 0x00007ffdf0d70000 	C:\Windows\System32\ucrtbase.dll
0x00007ffdead40000 - 0x00007ffdead57000 	C:\Users\W I N D O W S\.katalon\packages\KS-10.1.1\jre\bin\jli.dll
0x00007ffdf30d0000 - 0x00007ffdf326d000 	C:\Windows\System32\USER32.dll
0x00007ffdf0ae0000 - 0x00007ffdf0b02000 	C:\Windows\System32\win32u.dll
0x00007ffdf3270000 - 0x00007ffdf329b000 	C:\Windows\System32\GDI32.dll
0x00007ffdf1180000 - 0x00007ffdf129a000 	C:\Windows\System32\gdi32full.dll
0x00007ffdf0a40000 - 0x00007ffdf0add000 	C:\Windows\System32\msvcp_win.dll
0x00007ffdea690000 - 0x00007ffdea6ae000 	C:\Users\W I N D O W S\.katalon\packages\KS-10.1.1\jre\bin\VCRUNTIME140.dll
0x00007ffdde5e0000 - 0x00007ffdde87a000 	C:\Windows\WinSxS\amd64_microsoft.windows.common-controls_6595b64144ccf1df_6.0.19041.4355_none_60b8b9eb71f62e16\COMCTL32.dll
0x00007ffdf24d0000 - 0x00007ffdf256e000 	C:\Windows\System32\msvcrt.dll
0x00007ffdf1310000 - 0x00007ffdf133f000 	C:\Windows\System32\IMM32.DLL
0x00007ffdeabb0000 - 0x00007ffdeabbc000 	C:\Users\W I N D O W S\.katalon\packages\KS-10.1.1\jre\bin\vcruntime140_1.dll
0x00007ffdd4900000 - 0x00007ffdd498d000 	C:\Users\W I N D O W S\.katalon\packages\KS-10.1.1\jre\bin\msvcp140.dll
0x00007ffd99560000 - 0x00007ffd9a1cb000 	C:\Users\W I N D O W S\.katalon\packages\KS-10.1.1\jre\bin\server\jvm.dll
0x00007ffdf1c40000 - 0x00007ffdf1cef000 	C:\Windows\System32\ADVAPI32.dll
0x00007ffdf1d70000 - 0x00007ffdf1e0f000 	C:\Windows\System32\sechost.dll
0x00007ffdf18f0000 - 0x00007ffdf1a13000 	C:\Windows\System32\RPCRT4.dll
0x00007ffdf1150000 - 0x00007ffdf1177000 	C:\Windows\System32\bcrypt.dll
0x00007ffdf2460000 - 0x00007ffdf24cb000 	C:\Windows\System32\WS2_32.dll
0x00007ffdeff20000 - 0x00007ffdeff6b000 	C:\Windows\SYSTEM32\POWRPROF.dll
0x00007ffdde930000 - 0x00007ffdde957000 	C:\Windows\SYSTEM32\WINMM.dll
0x00007ffde8180000 - 0x00007ffde818a000 	C:\Windows\SYSTEM32\VERSION.dll
0x00007ffdefd90000 - 0x00007ffdefda2000 	C:\Windows\SYSTEM32\UMPDC.dll
0x00007ffdee810000 - 0x00007ffdee822000 	C:\Windows\SYSTEM32\kernel.appcore.dll
0x00007ffded090000 - 0x00007ffded09a000 	C:\Users\W I N D O W S\.katalon\packages\KS-10.1.1\jre\bin\jimage.dll
0x00007ffdda1b0000 - 0x00007ffdda394000 	C:\Windows\SYSTEM32\DBGHELP.DLL
0x00007ffdd6b60000 - 0x00007ffdd6b94000 	C:\Windows\SYSTEM32\dbgcore.DLL
0x00007ffdf0d70000 - 0x00007ffdf0df2000 	C:\Windows\System32\bcryptPrimitives.dll
0x00007ffddbac0000 - 0x00007ffddbae5000 	C:\Users\W I N D O W S\.katalon\packages\KS-10.1.1\jre\bin\java.dll
0x00007ffdeab20000 - 0x00007ffdeab38000 	C:\Users\W I N D O W S\.katalon\packages\KS-10.1.1\jre\bin\zip.dll
0x00007ffdf2960000 - 0x00007ffdf30cd000 	C:\Windows\System32\SHELL32.dll
0x00007ffdeea10000 - 0x00007ffdef1b4000 	C:\Windows\SYSTEM32\windows.storage.dll
0x00007ffdf2600000 - 0x00007ffdf2955000 	C:\Windows\System32\combase.dll
0x00007ffdf03c0000 - 0x00007ffdf03eb000 	C:\Windows\SYSTEM32\Wldp.dll
0x00007ffdf1550000 - 0x00007ffdf161d000 	C:\Windows\System32\OLEAUT32.dll
0x00007ffdf2290000 - 0x00007ffdf233d000 	C:\Windows\System32\SHCORE.dll
0x00007ffdf25a0000 - 0x00007ffdf25f5000 	C:\Windows\System32\shlwapi.dll
0x00007ffdf08c0000 - 0x00007ffdf08e5000 	C:\Windows\SYSTEM32\profapi.dll
0x00007ffde8e00000 - 0x00007ffde8e19000 	C:\Users\W I N D O W S\.katalon\packages\KS-10.1.1\jre\bin\net.dll
0x00007ffde5940000 - 0x00007ffde5a4a000 	C:\Windows\SYSTEM32\WINHTTP.dll
0x00007ffdf0120000 - 0x00007ffdf018c000 	C:\Windows\system32\mswsock.dll
0x00007ffddcd30000 - 0x00007ffddcd46000 	C:\Users\W I N D O W S\.katalon\packages\KS-10.1.1\jre\bin\nio.dll
0x00007ffdecfb0000 - 0x00007ffdecfc0000 	C:\Users\W I N D O W S\.katalon\packages\KS-10.1.1\jre\bin\verify.dll

dbghelp: loaded successfully - version: 4.0.5 - missing functions: none
symbol engine: initialized successfully - sym options: 0x614 - pdb path: .;C:\Users\W I N D O W S\.katalon\packages\KS-10.1.1\jre\bin;C:\Windows\SYSTEM32;C:\Windows\WinSxS\amd64_microsoft.windows.common-controls_6595b64144ccf1df_6.0.19041.4355_none_60b8b9eb71f62e16;C:\Users\W I N D O W S\.katalon\packages\KS-10.1.1\jre\bin\server

VM Arguments:
jvm_args: -Dgroovy.home=C:\Users\W I N D O W S/.groovy -Djava.system.class.loader=groovy.lang.GroovyClassLoader -Xmx2048m -Dfile.encoding=UTF-8 -XX:+ShowCodeDetailsInExceptionMessages 
java_command: org.codehaus.groovy.tools.GroovyStarter --classpath C:\Users\W I N D O W S\Katalon Studio\coba_1\bin\keyword;C:\Users\W I N D O W S\Katalon Studio\coba_1\Keywords;C:\Users\W I N D O W S\Katalon Studio\coba_1\bin\listener;C:\Users\W I N D O W S\Katalon Studio\coba_1\Test Listeners;C:\Users\W I N D O W S\Katalon Studio\coba_1\bin\lib;C:\Users\W I N D O W S\Katalon Studio\coba_1\Libs;C:\Users\W I N D O W S\Katalon Studio\coba_1\bin\groovy;C:\Users\W I N D O W S\Katalon Studio\coba_1\Include\scripts\groovy;C:\Users\W I N D O W S\.katalon\packages\KS-10.1.1\plugins\com.kms.katalon.core_1.0.0.202503120557.jar;C:\Users\W I N D O W S\.katalon\packages\KS-10.1.1\configuration\resources\lib\aalto-xml-1.0.0.jar;C:\Users\W I N D O W S\.katalon\packages\KS-10.1.1\configuration\resources\lib\aspectjweaver-1.9.1.jar;C:\Users\W I N D O W S\.katalon\packages\KS-10.1.1\configuration\resources\lib\aws-2.20.3-fat.jar;C:\Users\W I N D O W S\.katalon\packages\KS-10.1.1\configuration\resources\lib\bcpkix-jdk15on-1.64.jar;C:\Users\W I N D O W S\.katalon\packages\KS-10.1.1\configuration\resources\lib\bcprov-jdk15on-1.64.jar;C:\Users\W I N D O W S\.katalon\packages\KS-10.1.1\configuration\resources\lib\browsermob-core-2.1.5.jar;C:\Users\W I N D O W S\.katalon\packages\KS-10.1.1\configuration\resources\lib\byte-buddy-1.14.3.jar;C:\Users\W I N D O W S\.katalon\packages\KS-10.1.1\configuration\resources\lib\byte-buddy-agent-1.14.3.jar;C:\Users\W I N D O W S\.katalon\packages\KS-10.1.1\configuration\resources\lib\cglib-3.2.10.jar;C:\Users\W I N D O W S\.katalon\packages\KS-10.1.1\configuration\resources\lib\commons-codec-1.10.jar;C:\Users\W I N D O W S\.katalon\packages\KS-10.1.1\configuration\resources\lib\commons-collections4-4.1.jar;C:\Users\W I N D O W S\.katalon\packages\KS-10.1.1\configuration\resources\lib\commons-validator-1.6.jar;C:\Users\W I N D O W S\.katalon\packages\KS-10.1.1\configuration\resources\lib\curvesapi-1.04.jar;C:\Users\W I N D O W S\.katalon\packages\KS-1
java_class_path (initial): C:\Users\W I N D O W S\Katalon Studio\coba_1\bin\keyword;C:\Users\W I N D O W S\Katalon Studio\coba_1\bin\listener;C:\Users\W I N D O W S\Katalon Studio\coba_1\bin\lib;C:\Users\W I N D O W S\Katalon Studio\coba_1\bin\groovy;C:\Users\W I N D O W S\Katalon Studio\coba_1\bin;C:\Users\W I N D O W S\.katalon\packages\KS-10.1.1\plugins\com.kms.katalon.core_1.0.0.202503120557.jar;C:\Users\W I N D O W S\.katalon\packages\KS-10.1.1\configuration\resources\lib\aalto-xml-1.0.0.jar;C:\Users\W I N D O W S\.katalon\packages\KS-10.1.1\configuration\resources\lib\aspectjweaver-1.9.1.jar;C:\Users\W I N D O W S\.katalon\packages\KS-10.1.1\configuration\resources\lib\aws-2.20.3-fat.jar;C:\Users\W I N D O W S\.katalon\packages\KS-10.1.1\configuration\resources\lib\bcpkix-jdk15on-1.64.jar;C:\Users\W I N D O W S\.katalon\packages\KS-10.1.1\configuration\resources\lib\bcprov-jdk15on-1.64.jar;C:\Users\W I N D O W S\.katalon\packages\KS-10.1.1\configuration\resources\lib\browsermob-core-2.1.5.jar;C:\Users\W I N D O W S\.katalon\packages\KS-10.1.1\configuration\resources\lib\byte-buddy-1.14.3.jar;C:\Users\W I N D O W S\.katalon\packages\KS-10.1.1\configuration\resources\lib\byte-buddy-agent-1.14.3.jar;C:\Users\W I N D O W S\.katalon\packages\KS-10.1.1\configuration\resources\lib\cglib-3.2.10.jar;C:\Users\W I N D O W S\.katalon\packages\KS-10.1.1\configuration\resources\lib\commons-codec-1.10.jar;C:\Users\W I N D O W S\.katalon\packages\KS-10.1.1\configuration\resources\lib\commons-collections4-4.1.jar;C:\Users\W I N D O W S\.katalon\packages\KS-10.1.1\configuration\resources\lib\commons-validator-1.6.jar;C:\Users\W I N D O W S\.katalon\packages\KS-10.1.1\configuration\resources\lib\curvesapi-1.04.jar;C:\Users\W I N D O W S\.katalon\packages\KS-10.1.1\configuration\resources\lib\dnsjava-3.6.2.jar;C:\Users\W I N D O W S\.katalon\packages\KS-10.1.1\configuration\resources\lib\groovy-3.0.17.jar;C:\Users\W I N D O W S\.katalon\packages\KS-10.1.1\configuration\resource
Launcher Type: SUN_STANDARD

[Global flags]
     intx CICompilerCount                          = 3                                         {product} {ergonomic}
     uint ConcGCThreads                            = 1                                         {product} {ergonomic}
     uint G1ConcRefinementThreads                  = 4                                         {product} {ergonomic}
   size_t G1HeapRegionSize                         = 1048576                                   {product} {ergonomic}
    uintx GCDrainStackTargetSize                   = 64                                        {product} {ergonomic}
   size_t InitialHeapSize                          = 67108864                                  {product} {ergonomic}
   size_t MarkStackSize                            = 4194304                                   {product} {ergonomic}
   size_t MaxHeapSize                              = 2147483648                                {product} {command line}
   size_t MaxNewSize                               = 1287651328                                {product} {ergonomic}
   size_t MinHeapDeltaBytes                        = 1048576                                   {product} {ergonomic}
   size_t MinHeapSize                              = 8388608                                   {product} {ergonomic}
    uintx NonNMethodCodeHeapSize                   = 5832780                                {pd product} {ergonomic}
    uintx NonProfiledCodeHeapSize                  = 122912730                              {pd product} {ergonomic}
    uintx ProfiledCodeHeapSize                     = 122912730                              {pd product} {ergonomic}
    uintx ReservedCodeCacheSize                    = 251658240                              {pd product} {ergonomic}
     bool SegmentedCodeCache                       = true                                      {product} {ergonomic}
     bool ShowCodeDetailsInExceptionMessages       = true                                   {manageable} {command line}
   size_t SoftMaxHeapSize                          = 2147483648                             {manageable} {ergonomic}
     bool UseCompressedClassPointers               = true                           {product lp64_product} {ergonomic}
     bool UseCompressedOops                        = true                           {product lp64_product} {ergonomic}
     bool UseG1GC                                  = true                                      {product} {ergonomic}
     bool UseLargePagesIndividualAllocation        = false                                  {pd product} {ergonomic}

Logging:
Log output configuration:
 #0: stdout all=warning uptime,level,tags
 #1: stderr all=off uptime,level,tags

Environment Variables:
PATH=C:/Users/W I N D O W S/.katalon/packages/KS-10.1.1/jre/bin/server;C:/Users/W I N D O W S/.katalon/packages/KS-10.1.1/jre/bin;C:\Program Files\Eclipse Adoptium\jdk-17.0.3.7-hotspot\bin;C:\Program Files (x86)\Intel\iCLS Client\;C:\Program Files\Intel\iCLS Client\;C:\Program Files (x86)\Common Files\Oracle\Java\javapath;C:\Windows\system32;C:\Windows;C:\Windows\System32\Wbem;C:\Windows\System32\WindowsPowerShell\v1.0\;C:\Windows\System32\OpenSSH\;C:\Program Files (x86)\Intel\Intel(R) Management Engine Components\DAL;C:\Program Files\Intel\Intel(R) Management Engine Components\DAL;C:\Program Files (x86)\Intel\Intel(R) Management Engine Components\IPT;C:\Program Files\Intel\Intel(R) Management Engine Components\IPT;D:\flutter\flutter\flutter_windows_2.10.5-stable\flutter\bin;C:\Program Files\Git\cmd;C:\xampp\php;C:\ProgramData\ComposerSetup\bin;D:\chromedriver-win64;C:\Users\W I N D O W S\AppData\Local\Programs\Python\Python312\Scripts\;C:\Users\W I N D O W S\AppData\Local\Programs\Python\Python312\;C:\Users\W I N D O W S\AppData\Local\Programs\Python\Launcher\;C:\Users\W I N D O W S\AppData\Local\Microsoft\WindowsApps;C:\Users\W I N D O W S\AppData\Local\GitHubDesktop\bin;C:\Users\W I N D O W S\AppData\Roaming\Composer\vendor\bin;C:\Users\W I N D O W S\AppData\Local\Programs\Microsoft VS Code\bin;D:\flutter\flutter\flutter_windows_2.10.5-stable\flutter\bin;;C:\Users\W I N D O W S\.katalon\packages\KS-10.1.1;
USERNAME=W I N D O W S
OS=Windows_NT
PROCESSOR_IDENTIFIER=Intel64 Family 6 Model 61 Stepping 4, GenuineIntel
TMP=C:\Users\WINDOW~1\AppData\Local\Temp
TEMP=C:\Users\WINDOW~1\AppData\Local\Temp



Periodic native trim disabled


---------------  S Y S T E M  ---------------

OS:
 Windows 10 , 64 bit Build 19041 (10.0.19041.5438)
OS uptime: 0 days 4:46 hours

CPU: total 4 (initial active 4) (2 cores per cpu, 2 threads per core) family 6 model 61 stepping 4 microcode 0x2d, cx8, cmov, fxsr, ht, mmx, 3dnowpref, sse, sse2, sse3, ssse3, sse4.1, sse4.2, popcnt, lzcnt, tsc, tscinvbit, avx, avx2, aes, erms, clmul, bmi1, bmi2, adx, fma, vzeroupper, clflush
Processor Information for all 4 processors :
  Max Mhz: 2201, Current Mhz: 2201, Mhz Limit: 2201

Memory: 4k page, system-wide physical 4018M (411M free)
TotalPageFile size 10323M (AvailPageFile size 3M)
current process WorkingSet (physical memory assigned to process): 188M, peak: 188M
current process commit charge ("private bytes"): 225M, peak: 226M

vm_info: OpenJDK 64-Bit Server VM (17.0.14+7) for windows-amd64 JRE (17.0.14+7), built on Jan 21 2025 23:40:15 by "admin" with MS VC++ 17.7 (VS2022)

END.
