#
# There is insufficient memory for the Java Runtime Environment to continue.
# Native memory allocation (malloc) failed to allocate 299216 bytes for Chunk::new
# Possible reasons:
#   The system is out of physical RAM or swap space
#   The process is running with CompressedOops enabled, and the Java Heap may be blocking the growth of the native heap
# Possible solutions:
#   Reduce memory load on the system
#   Increase physical memory or swap space
#   Check if swap backing store is full
#   Decrease Java heap size (-Xmx/-Xms)
#   Decrease number of Java threads
#   Decrease Java thread stack sizes (-Xss)
#   Set larger code cache with -XX:ReservedCodeCacheSize=
#   JVM is running with Unscaled Compressed Oops mode in which the Java heap is
#     placed in the first 4GB address space. The Java Heap base address is the
#     maximum limit for the native heap growth. Please use -XX:HeapBaseMinAddress
#     to set the Java Heap base and to place the Java Heap above 4GB virtual address.
# This output file may be truncated or incomplete.
#
#  Out of Memory Error (arena.cpp:189), pid=13456, tid=12532
#
# JRE version: OpenJDK Runtime Environment Temurin-17.0.7+7 (17.0.7+7) (build 17.0.7+7)
# Java VM: OpenJDK 64-Bit Server VM Temurin-17.0.7+7 (17.0.7+7, mixed mode, tiered, compressed oops, compressed class ptrs, g1 gc, windows-amd64)
# No core dump will be written. Minidumps are not enabled by default on client versions of Windows
#

---------------  S U M M A R Y ------------

Command Line: -Dgroovy.home=C:\Users\W I N D O W S/.groovy -Djava.system.class.loader=groovy.lang.GroovyClassLoader -Xmx2048m -Dfile.encoding=UTF-8 -XX:+ShowCodeDetailsInExceptionMessages org.codehaus.groovy.tools.GroovyStarter --classpath C:\Users\W I N D O W S\Katalon Studio\coba_1\bin\keyword;C:\Users\W I N D O W S\Katalon Studio\coba_1\Keywords;C:\Users\W I N D O W S\Katalon Studio\coba_1\bin\listener;C:\Users\W I N D O W S\Katalon Studio\coba_1\Test Listeners;C:\Users\W I N D O W S\Katalon Studio\coba_1\bin\lib;C:\Users\W I N D O W S\Katalon Studio\coba_1\Libs;C:\Users\W I N D O W S\Katalon Studio\coba_1\bin\groovy;C:\Users\W I N D O W S\Katalon Studio\coba_1\Include\scripts\groovy;C:\Users\W I N D O W S\.katalon\packages\Katalon_Studio_Windows_64-9.5.0\Katalon_Studio_Windows_64-9.5.0\plugins\com.kms.katalon.core_1.0.0.202405290758.jar;C:\Users\W I N D O W S\.katalon\packages\Katalon_Studio_Windows_64-9.5.0\Katalon_Studio_Windows_64-9.5.0\configuration\resources\lib\aalto-xml-1.0.0.jar;C:\Users\W I N D O W S\.katalon\packages\Katalon_Studio_Windows_64-9.5.0\Katalon_Studio_Windows_64-9.5.0\configuration\resources\lib\aspectjweaver-1.9.1.jar;C:\Users\W I N D O W S\.katalon\packages\Katalon_Studio_Windows_64-9.5.0\Katalon_Studio_Windows_64-9.5.0\configuration\resources\lib\bcpkix-jdk15on-1.64.jar;C:\Users\W I N D O W S\.katalon\packages\Katalon_Studio_Windows_64-9.5.0\Katalon_Studio_Windows_64-9.5.0\configuration\resources\lib\bcprov-jdk15on-1.64.jar;C:\Users\W I N D O W S\.katalon\packages\Katalon_Studio_Windows_64-9.5.0\Katalon_Studio_Windows_64-9.5.0\configuration\resources\lib\browsermob-core-2.1.5.jar;C:\Users\W I N D O W S\.katalon\packages\Katalon_Studio_Windows_64-9.5.0\Katalon_Studio_Windows_64-9.5.0\configuration\resources\lib\byte-buddy-1.14.3.jar;C:\Users\W I N D O W S\.katalon\packages\Katalon_Studio_Windows_64-9.5.0\Katalon_Studio_Windows_64-9.5.0\configuration\resources\lib\byte-buddy-agent-1.14.3.jar;C:\Users\W I N D O W S\.katalon\packages\Katalon_Studio_Windows_64-9.5.0\Katalon_Studio_Windows_64-9.5.0\configuration\resources\lib\cglib-3.2.10.jar;C:\Users\W I N D O W S\.katalon\packages\Katalon_Studio_Windows_64-9.5.0\Katalon_Studio_Windows_64-9.5.0\configuration\resources\lib\commons-codec-1.10.jar;C:\Users\W I N D O W S\.katalon\packages\Katalon_Studio_Windows_64-9.5.0\Katalon_Studio_Windows_64-9.5.0\configuration\resources\lib\commons-collections4-4.1.jar;C:\Users\W I N D O W S\.katalon\packages\Katalon_Studio_Windows_64-9.5.0\Katalon_Studio_Windows_64-9.5.0\configuration\resources\lib\commons-validator-1.6.jar;C:\Users\W I N D O W S\.katalon\packages\Katalon_Studio_Windows_64-9.5.0\Katalon_Studio_Windows_64-9.5.0\configuration\resources\lib\curvesapi-1.04.jar;C:\Users\W I N D O W S\.katalon\packages\Katalon_Studio_Windows_64-9.5.0\Katalon_Studio_Windows_64-9.5.0\configuration\resources\lib\dnsjava-2.1.8.jar;C:\Users\W I N D O W S\.katalon\packages\Katalon_Studio_Windows_64-9.5.0\Katalon_Studio_Windows_64-9.5.0\configuration\resources\lib\groovy-ant-3.0.17.jar;C:\Users\W I N D O W S\.katalon\packages\Katalon_Studio_Windows_64-9.5.0\Katalon_Studio_Windows_64-9.5.0\configuration\resources\lib\groovy-astbuilder-3.0.17.jar;C:\Users\W I N D O W S\.katalon\packages\Katalon_Studio_Windows_64-9.5.0\Katalon_Studio_Windows_64-9.5.0\configuration\resources\lib\groovy-cli-picocli-3.0.17.jar;C:\Users\W I N D O W S\.katalon\packages\Katalon_Studio_Windows_64-9.5.0\Katalon_Studio_Windows_64-9.5.0\configuration\resources\lib\groovy-console-3.0.17.jar;C:\Users\W I N D O W S\.katalon\packages\Katalon_Studio_Windows_64-9.5.0\Katalon_Studio_Windows_64-9.5.0\configuration\resources\lib\groovy-datetime-3.0.17.jar;C:\Users\W I N D O W S\.katalon\packages\Katalon_Studio_Windows_64-9.5.0\Katalon_Studio_Windows_64-9.5.0\configuration\resources\lib\groovy-dateutil-3.0.17.jar;C:\Users\W I N D O W S\.katalon\packages\Katalon_Studio_Windows_64-9.5.0\Katalon_Studio_Windows_64-9.5.0\configuration\resources\lib\groovy-docgenerator-3.0.17.jar;C:\Users\W I N D O W S\.katalon\packages\Katalon_Studio_Windows_64-9.5.0\Katalon_Studio_Windows_64-9.5.0\configuration\resources\lib\groovy-groovydoc-3.0.17.jar;C:\Users\W I N D O W S\.katalon\packages\Katalon_Studio_Windows_64-9.5.0\Katalon_Studio_Windows_64-9.5.0\configuration\resources\lib\groovy-groovysh-3.0.17.jar;C:\Users\W I N D O W S\.katalon\packages\Katalon_Studio_Windows_64-9.5.0\Katalon_Studio_Windows_64-9.5.0\configuration\resources\lib\groovy-jmx-3.0.17.jar;C:\Users\W I N D O W S\.katalon\packages\Katalon_Studio_Windows_64-9.5.0\Katalon_Studio_Windows_64-9.5.0\configuration\resources\lib\groovy-json-3.0.17.jar;C:\Users\W I N D O W S\.katalon\packages\Katalon_Studio_Windows_64-9.5.0\Katalon_Studio_Windows_64-9.5.0\configuration\resources\lib\groovy-jsr223-3.0.17.jar;C:\Users\W I N D O W S\.katalon\packages\Katalon_Studio_Windows_64-9.5.0\Katalon_Studio_Windows_64-9.5.0\configuration\resources\lib\groovy-macro-3.0.17.jar;C:\Users\W I N D O W S\.katalon\packages\Katalon_Studio_Windows_64-9.5.0\Katalon_Studio_Windows_64-9.5.0\configuration\resources\lib\groovy-nio-3.0.17.jar;C:\Users\W I N D O W S\.katalon\packages\Katalon_Studio_Windows_64-9.5.0\Katalon_Studio_Windows_64-9.5.0\configuration\resources\lib\groovy-servlet-3.0.17.jar;C:\Users\W I N D O W S\.katalon\packages\Katalon_Studio_Windows_64-9.5.0\Katalon_Studio_Windows_64-9.5.0\configuration\resources\lib\groovy-sql-3.0.17.jar;C:\Users\W I N D O W S\.katalon\packages\Katalon_Studio_Windows_64-9.5.0\Katalon_Studio_Windows_64-9.5.0\configuration\resources\lib\groovy-swing-3.0.17.jar;C:\Users\W I N D O W S\.katalon\packages\Katalon_Studio_Windows_64-9.5.0\Katalon_Studio_Windows_64-9.5.0\configuration\resources\lib\groovy-templates-3.0.17.jar;C:\Users\W I N D O W S\.katalon\packages\Katalon_Studio_Windows_64-9.5.0\Katalon_Studio_Windows_64-9.5.0\configuration\resources\lib\groovy-test-3.0.17.jar;C:\Users\W I N D O W S\.katalon\packages\Katalon_Studio_Windows_64-9.5.0\Katalon_Studio_Windows_64-9.5.0\configuration\resources\lib\groovy-test-junit5-3.0.17.jar;C:\Users\W I N D O W S\.katalon\packages\Katalon_Studio_Windows_64-9.5.0\Katalon_Studio_Windows_64-9.5.0\configuration\resources\lib\groovy-testng-3.0.17.jar;C:\Users\W I N D O W S\.katalon\packages\Katalon_Studio_Windows_64-9.5.0\Katalon_Studio_Windows_64-9.5.0\configuration\resources\lib\groovy-xml-3.0.17.jar;C:\Users\W I N D O W S\.katalon\packages\Katalon_Studio_Windows_64-9.5.0\Katalon_Studio_Windows_64-9.5.0\configuration\resources\lib\java-client-7.0.0.jar;C:\Users\W I N D O W S\.katalon\packages\Katalon_Studio_Windows_64-9.5.0\Katalon_Studio_Windows_64-9.5.0\configuration\resources\lib\javax.servlet-api_3.1.0.jar;C:\Users\W I N D O W S\.katalon\packages\Katalon_Studio_Windows_64-9.5.0\Katalon_Studio_Windows_64-9.5.0\configuration\resources\lib\jna-5.12.1.jar;C:\Users\W I N D O W S\.katalon\packages\Katalon_Studio_Windows_64-9.5.0\Katalon_Studio_Windows_64-9.5.0\configuration\resources\lib\jna-platform-5.12.1.jar;C:\Users\W I N D O W S\.katalon\packages\Katalon_Studio_Windows_64-9.5.0\Katalon_Studio_Windows_64-9.5.0\configuration\resources\lib\jzlib-1.1.3.jar;C:\Users\W I N D O W S\.katalon\packages\Katalon_Studio_Windows_64-9.5.0\Katalon_Studio_Windows_64-9.5.0\configuration\resources\lib\kat-server.jar;C:\Users\W I N D O W S\.katalon\packages\Katalon_Studio_Windows_64-9.5.0\Katalon_Studio_Windows_64-9.5.0\configuration\resources\lib\littleproxy-1.1.0-beta-bmp-17.jar;C:\Users\W I N D O W S\.katalon\packages\Katalon_Studio_Windows_64-9.5.0\Katalon_Studio_Windows_64-9.5.0\configuration\resources\lib\log4j-1.2-api-2.17.1.jar;C:\Users\W I N D O W S\.katalon\packages\Katalon_Studio_Windows_64-9.5.0\Katalon_Studio_Windows_64-9.5.0\configuration\resources\lib\log4j-api-2.17.1.jar;C:\Users\W I N D O W S\.katalon\packages\Katalon_Studio_Windows_64-9.5.0\Katalon_Studio_Windows_64-9.5.0\configuration\resources\lib\log4j-core-2.17.1.jar;C:\Users\W I N D O W S\.katalon\packages\Katalon_Studio_Windows_64-9.5.0\Katalon_Studio_Windows_64-9.5.0\configuration\resources\lib\mitm-2.1.5.jar;C:\Users\W I N D O W S\.katalon\packages\Katalon_Studio_Windows_64-9.5.0\Katalon_Studio_Windows_64-9.5.0\configuration\resources\lib\mockito-core-5.2.0.jar;C:\Users\W I N D O W S\.katalon\packages\Katalon_Studio_Windows_64-9.5.0\Katalon_Studio_Windows_64-9.5.0\configuration\resources\lib\mockito-inline-5.2.0.jar;C:\Users\W I N D O W S\.katalon\packages\Katalon_Studio_Windows_64-9.5.0\Katalon_Studio_Windows_64-9.5.0\configuration\resources\lib\netty-all-4.1.109.Final.jar;C:\Users\W I N D O W S\.katalon\packages\Katalon_Studio_Windows_64-9.5.0\Katalon_Studio_Windows_64-9.5.0\configuration\resources\lib\objenesis-3.3.jar;C:\Users\W I N D O W S\.katalon\packages\Katalon_Studio_Windows_64-9.5.0\Katalon_Studio_Windows_64-9.5.0\configuration\resources\lib\poi-3.17.jar;C:\Users\W I N D O W S\.katalon\packages\Katalon_Studio_Windows_64-9.5.0\Katalon_Studio_Windows_64-9.5.0\configuration\resources\lib\poi-ooxml-3.17.jar;C:\Users\W I N D O W S\.katalon\packages\Katalon_Studio_Windows_64-9.5.0\Katalon_Studio_Windows_64-9.5.0\configuration\resources\lib\poi-ooxml-schemas-3.17.jar;C:\Users\W I N D O W S\.katalon\packages\Katalon_Studio_Windows_64-9.5.0\Katalon_Studio_Windows_64-9.5.0\configuration\resources\lib\proxy-vole-1.0.4-SNAPSHOT-jar-with-dependencies.jar;C:\Users\W I N D O W S\.katalon\packages\Katalon_Studio_Windows_64-9.5.0\Katalon_Studio_Windows_64-9.5.0\configuration\resources\lib\repackaged-sikuli-api-1.0.2-standalone.jar;C:\Users\W I N D O W S\.katalon\packages\Katalon_Studio_Windows_64-9.5.0\Katalon_Studio_Windows_64-9.5.0\configuration\resources\lib\selenium-leg-rc-3.141.59.jar;C:\Users\W I N D O W S\.katalon\packages\Katalon_Studio_Windows_64-9.5.0\Katalon_Studio_Windows_64-9.5.0\configuration\resources\lib\selenium-server-standalone-3.141.59.jar;C:\Users\W I N D O W S\.katalon\packages\Katalon_Studio_Windows_64-9.5.0\Katalon_Studio_Windows_64-9.5.0\configuration\resources\lib\selenium-shutterbug-1.1.jar;C:\Users\W I N D O W S\.katalon\packages\Katalon_Studio_Windows_64-9.5.0\Katalon_Studio_Windows_64-9.5.0\configuration\resources\lib\slf4j-api-1.7.25.jar;C:\Users\W I N D O W S\.katalon\packages\Katalon_Studio_Windows_64-9.5.0\Katalon_Studio_Windows_64-9.5.0\configuration\resources\lib\soap-builder-1.0.0.jar;C:\Users\W I N D O W S\.katalon\packages\Katalon_Studio_Windows_64-9.5.0\Katalon_Studio_Windows_64-9.5.0\configuration\resources\lib\soap-common-1.0.0.jar;C:\Users\W I N D O W S\.katalon\packages\Katalon_Studio_Windows_64-9.5.0\Katalon_Studio_Windows_64-9.5.0\configuration\resources\lib\soap-legacy-1.0.0.jar;C:\Users\W I N D O W S\.katalon\packages\Katalon_Studio_Windows_64-9.5.0\Katalon_Studio_Windows_64-9.5.0\configuration\resources\lib\spring-context-5.3.19.jar;C:\Users\W I N D O W S\.katalon\packages\Katalon_Studio_Windows_64-9.5.0\Katalon_Studio_Windows_64-9.5.0\configuration\resources\lib\stax2-api-4.0.0.jar;C:\Users\W I N D O W S\.katalon\packages\Katalon_Studio_Windows_64-9.5.0\Katalon_Studio_Windows_64-9.5.0\configuration\resources\lib\su.jar;C:\Users\W I N D O W S\.katalon\packages\Katalon_Studio_Windows_64-9.5.0\Katalon_Studio_Windows_64-9.5.0\configuration\resources\lib\testng-7.8.0.jar;C:\Users\W I N D O W S\.katalon\packages\Katalon_Studio_Windows_64-9.5.0\Katalon_Studio_Windows_64-9.5.0\configuration\resources\lib\wadl.jar;C:\Users\W I N D O W S\.katalon\packages\Katalon_Studio_Windows_64-9.5.0\Katalon_Studio_Windows_64-9.5.0\configuration\resources\lib\xmlbeans-3.1.0.jar;C:\Users\W I N D O W S\.katalon\packages\Katalon_Studio_Windows_64-9.5.0\Katalon_Studio_Windows_64-9.5.0\plugins\net.sf.supercsv.super-csv_2.1.0.jar;C:\Users\W I N D O W S\.katalon\packages\Katalon_Studio_Windows_64-9.5.0\Katalon_Studio_Windows_64-9.5.0\plugins\org.apache.commons.io_2.4.0.jar;C:\Users\W I N D O W S\.katalon\packages\Katalon_Studio_Windows_64-9.5.0\Katalon_Studio_Windows_64-9.5.0\plugins\org.apache.commons.lang_2.6.0.jar;C:\Users\W I N D O W S\.katalon\packages\Katalon_Studio_Windows_64-9.5.0\Katalon_Studio_Windows_64-9.5.0\plugins\com.google.gson_2.10.1.v20230109-0753.jar;C:\Users\W I N D O W S\.katalon\packages\Katalon_Studio_Windows_64-9.5.0\Katalon_Studio_Windows_64-9.5.0\plugins\org.jsoup_1.14.3.jar;C:\Users\W I N D O W S\.katalon\packages\Katalon_Studio_Windows_64-9.5.0\Katalon_Studio_Windows_64-9.5.0\plugins\org.apache.commons.dbutils_1.6.0.jar;C:\Users\W I N D O W S\.katalon\packages\Katalon_Studio_Windows_64-9.5.0\Katalon_Studio_Windows_64-9.5.0\plugins\com.oracle.jdbc.ojdbc7_12.1.0.2.jar;C:\Users\W I N D O W S\.katalon\packages\Katalon_Studio_Windows_64-9.5.0\Katalon_Studio_Windows_64-9.5.0\plugins\org.postgresql.jdbc_42.7.3.jar;c:\Users\W I N D O W S\.katalon\packages\Katalon_Studio_Windows_64-9.5.0\Katalon_Studio_Windows_64-9.5.0\plugins\org.eclipse.osgi_3.18.300.v20230220-1352.jar;C:\Users\W I N D O W S\.katalon\packages\Katalon_Studio_Windows_64-9.5.0\Katalon_Studio_Windows_64-9.5.0\plugins\com.kms.katalon.constant_1.0.0.202405290758.jar;C:\Users\W I N D O W S\.katalon\packages\Katalon_Studio_Windows_64-9.5.0\Katalon_Studio_Windows_64-9.5.0\plugins\org.eclipse.persistence.eclipselink_2.7.11.jar;C:\Users\W I N D O W S\.katalon\packages\Katalon_Studio_Windows_64-9.5.0\Katalon_Studio_Windows_64-9.5.0\plugins\com.kms.katalon.selenium-standalone_1.0.0.202405290758.jar;C:\Users\W I N D O W S\.katalon\packages\Katalon_Studio_Windows_64-9.5.0\Katalon_Studio_Windows_64-9.5.0\plugins\atu.testrecorder.screen-recorder_2.1.0.jar;C:\Users\W I N D O W S\.katalon\packages\Katalon_Studio_Windows_64-9.5.0\Katalon_Studio_Windows_64-9.5.0\plugins\com.google.guava_23.0.0.jar;C:\Users\W I N D O W S\.katalon\packages\Katalon_Studio_Windows_64-9.5.0\Katalon_Studio_Windows_64-9.5.0\plugins\com.kms.katalon.util_1.0.0.202405290758.jar;C:\Users\W I N D O W S\.katalon\packages\Katalon_Studio_Windows_64-9.5.0\Katalon_Studio_Windows_64-9.5.0\plugins\org.apache.httpcomponents.httpclient_4.5.14.v20221207-1049.jar;C:\Users\W I N D O W S\.katalon\packages\Katalon_Studio_Windows_64-9.5.0\Katalon_Studio_Windows_64-9.5.0\plugins\org.apache.httpcomponents.httpcore_4.4.16.v20221207-1049.jar;C:\Users\W I N D O W S\.katalon\packages\Katalon_Studio_Windows_64-9.5.0\Katalon_Studio_Windows_64-9.5.0\plugins\org.apache.httpcomponents.httpmime_4.5.13.jar;C:\Users\W I N D O W S\.katalon\packages\Katalon_Studio_Windows_64-9.5.0\Katalon_Studio_Windows_64-9.5.0\plugins\org.apache.commons.lang3_3.14.0.jar;C:\Users\W I N D O W S\.katalon\packages\Katalon_Studio_Windows_64-9.5.0\Katalon_Studio_Windows_64-9.5.0\plugins\org.greenrobot.eventbus_3.1.1.jar;C:\Users\W I N D O W S\.katalon\packages\Katalon_Studio_Windows_64-9.5.0\Katalon_Studio_Windows_64-9.5.0\plugins\net.bytebuddy.byte-buddy_1.14.15.jar;C:\Users\W I N D O W S\.katalon\packages\Katalon_Studio_Windows_64-9.5.0\Katalon_Studio_Windows_64-9.5.0\plugins\org.junit_4.13.2.v20211018-1956.jar;C:\Users\W I N D O W S\.katalon\packages\Katalon_Studio_Windows_64-9.5.0\Katalon_Studio_Windows_64-9.5.0\plugins\com.fasterxml.jackson.core.jackson-databind_2.17.1.jar;C:\Users\W I N D O W S\.katalon\packages\Katalon_Studio_Windows_64-9.5.0\Katalon_Studio_Windows_64-9.5.0\plugins\com.fasterxml.jackson.core.jackson-core_2.17.1.jar;C:\Users\W I N D O W S\.katalon\packages\Katalon_Studio_Windows_64-9.5.0\Katalon_Studio_Windows_64-9.5.0\plugins\com.fasterxml.jackson.core.jackson-annotations_2.17.1.jar;C:\Users\W I N D O W S\.katalon\packages\Katalon_Studio_Windows_64-9.5.0\Katalon_Studio_Windows_64-9.5.0\plugins\ch.qos.logback.classic_1.2.13.jar;C:\Users\W I N D O W S\.katalon\packages\Katalon_Studio_Windows_64-9.5.0\Katalon_Studio_Windows_64-9.5.0\plugins\ch.qos.logback.core_1.2.13.jar;C:\Users\W I N D O W S\.katalon\packages\Katalon_Studio_Windows_64-9.5.0\Katalon_Studio_Windows_64-9.5.0\plugins\slf4j.api_1.7.36.jar;C:\Users\W I N D O W S\.katalon\packages\Katalon_Studio_Windows_64-9.5.0\Katalon_Studio_Windows_64-9.5.0\plugins\org.fusesource.jansi_1.17.1.jar;C:\Users\W I N D O W S\.katalon\packages\Katalon_Studio_Windows_64-9.5.0\Katalon_Studio_Windows_64-9.5.0\plugins\com.kms.katalon.netlightbody_1.0.0.202405290758.jar;C:\Users\W I N D O W S\.katalon\packages\Katalon_Studio_Windows_64-9.5.0\Katalon_Studio_Windows_64-9.5.0\plugins\com.kms.katalon.poi_1.0.0.202405290758.jar;C:\Users\W I N D O W S\.katalon\packages\Katalon_Studio_Windows_64-9.5.0\Katalon_Studio_Windows_64-9.5.0\plugins\org.apache.commons.commons-text_1.10.0.jar;C:\Users\W I N D O W S\.katalon\packages\Katalon_Studio_Windows_64-9.5.0\Katalon_Studio_Windows_64-9.5.0\plugins\com.kms.katalon.proxyvole_1.0.0.202405290758.jar;C:\Users\W I N D O W S\.katalon\packages\Katalon_Studio_Windows_64-9.5.0\Katalon_Studio_Windows_64-9.5.0\plugins\com.microsoft.sqlserver.mssql-jdbc_6.2.2.jre8.jar;C:\Users\W I N D O W S\.katalon\packages\Katalon_Studio_Windows_64-9.5.0\Katalon_Studio_Windows_64-9.5.0\plugins\com.github.kklisura.cdt.java-client_2.1.0.jar;C:\Users\W I N D O W S\.katalon\packages\Katalon_Studio_Windows_64-9.5.0\Katalon_Studio_Windows_64-9.5.0\plugins\javax.websocket-api_1.1.0.jar;C:\Users\W I N D O W S\.katalon\packages\Katalon_Studio_Windows_64-9.5.0\Katalon_Studio_Windows_64-9.5.0\plugins\org.glassfish.tyrus.container-grizzly-client_1.13.1.jar;C:\Users\W I N D O W S\.katalon\packages\Katalon_Studio_Windows_64-9.5.0\Katalon_Studio_Windows_64-9.5.0\plugins\org.glassfish.grizzly.http-server_2.3.25.jar;C:\Users\W I N D O W S\.katalon\packages\Katalon_Studio_Windows_64-9.5.0\Katalon_Studio_Windows_64-9.5.0\plugins\org.glassfish.grizzly.framework_2.3.25.jar;C:\Users\W I N D O W S\.katalon\packages\Katalon_Studio_Windows_64-9.5.0\Katalon_Studio_Windows_64-9.5.0\plugins\org.glassfish.grizzly.http_2.3.25.jar;C:\Users\W I N D O W S\.katalon\packages\Katalon_Studio_Windows_64-9.5.0\Katalon_Studio_Windows_64-9.5.0\plugins\org.glassfish.tyrus.client_1.13.1.jar;C:\Users\W I N D O W S\.katalon\packages\Katalon_Studio_Windows_64-9.5.0\Katalon_Studio_Windows_64-9.5.0\plugins\org.glassfish.tyrus.core_1.13.1.jar;C:\Users\W I N D O W S\.katalon\packages\Katalon_Studio_Windows_64-9.5.0\Katalon_Studio_Windows_64-9.5.0\plugins\org.glassfish.tyrus.spi_1.13.1.jar;C:\Users\W I N D O W S\.katalon\packages\Katalon_Studio_Windows_64-9.5.0\Katalon_Studio_Windows_64-9.5.0\plugins\javassist_3.28.0.GA.jar;C:\Users\W I N D O W S\.katalon\packages\Katalon_Studio_Windows_64-9.5.0\Katalon_Studio_Windows_64-9.5.0\plugins\graphql-java_17.5.0.jar;C:\Users\W I N D O W S\.katalon\packages\Katalon_Studio_Windows_64-9.5.0\Katalon_Studio_Windows_64-9.5.0\plugins\org.glassfish.jaxb.runtime_2.3.6.jar;C:\Users\W I N D O W S\.katalon\packages\Katalon_Studio_Windows_64-9.5.0\Katalon_Studio_Windows_64-9.5.0\plugins\org.glassfish.jaxb.txw2_2.3.6.jar;C:\Users\W I N D O W S\.katalon\packages\Katalon_Studio_Windows_64-9.5.0\Katalon_Studio_Windows_64-9.5.0\plugins\org.dom4j_2.1.4.jar;C:\Users\W I N D O W S\.katalon\packages\Katalon_Studio_Windows_64-9.5.0\Katalon_Studio_Windows_64-9.5.0\plugins\com.kms.katalon.groovy-extended_1.0.0.202405290758.jar;C:\Users\W I N D O W S\.katalon\packages\Katalon_Studio_Windows_64-9.5.0\Katalon_Studio_Windows_64-9.5.0\plugins\com.sun.activation.javax.activation_1.2.0.jar;C:\Users\W I N D O W S\.katalon\packages\Katalon_Studio_Windows_64-9.5.0\Katalon_Studio_Windows_64-9.5.0\plugins\jakarta.xml.bind-api_2.3.3.jar;C:\Users\W I N D O W S\.katalon\packages\Katalon_Studio_Windows_64-9.5.0\Katalon_Studio_Windows_64-9.5.0\plugins\com.sun.xml.bind.jaxb-impl_2.3.6.jar;C:\Users\W I N D O W S\.katalon\packages\Katalon_Studio_Windows_64-9.5.0\Katalon_Studio_Windows_64-9.5.0\plugins\org.eclipse.jface_3.29.0.v20230214-1401.jar;C:\Users\W I N D O W S\.katalon\packages\Katalon_Studio_Windows_64-9.5.0\Katalon_Studio_Windows_64-9.5.0\plugins\com.kms.katalon.logging_1.0.0.202405290758.jar;C:\Users\W I N D O W S\.katalon\packages\Katalon_Studio_Windows_64-9.5.0\Katalon_Studio_Windows_64-9.5.0\plugins\json_20240303.0.0.jar;C:\Users\W I N D O W S\.katalon\packages\Katalon_Studio_Windows_64-9.5.0\Katalon_Studio_Windows_64-9.5.0\plugins\assertj-core_3.25.3.jar;C:\Users\W I N D O W S\.katalon\packages\Katalon_Studio_Windows_64-9.5.0\Katalon_Studio_Windows_64-9.5.0\plugins\org.apache.commons.logging_1.2.0.v20180409-1502.jar;C:\Users\W I N D O W S\.katalon\packages\Katalon_Studio_Windows_64-9.5.0\Katalon_Studio_Windows_64-9.5.0\plugins\org.hamcrest.core_1.3.0.v20180420-1519.jar;C:\Users\W I N D O W S\.katalon\packages\Katalon_Studio_Windows_64-9.5.0\Katalon_Studio_Windows_64-9.5.0\plugins\org.beanshell.bsh_2.0.0.0b4.jar;C:\Users\W I N D O W S\.katalon\packages\Katalon_Studio_Windows_64-9.5.0\Katalon_Studio_Windows_64-9.5.0\plugins\org.apache.ant.launcher_1.9.6.jar;C:\Users\W I N D O W S\.katalon\packages\Katalon_Studio_Windows_64-9.5.0\Katalon_Studio_Windows_64-9.5.0\plugins\com.kms.katalon.core.appium_1.0.0.202405290758.jar;C:\Users\W I N D O W S\.katalon\packages\Katalon_Studio_Windows_64-9.5.0\Katalon_Studio_Windows_64-9.5.0\plugins\com.kms.katalon.api_1.0.0.202405290758.jar;C:\Users\W I N D O W S\.katalon\packages\Katalon_Studio_Windows_64-9.5.0\Katalon_Studio_Windows_64-9.5.0\plugins\org.eclipse.equinox.common_3.17.100.v20230202-1341.jar;C:\Users\W I N D O W S\.katalon\packages\Katalon_Studio_Windows_64-9.5.0\Katalon_Studio_Windows_64-9.5.0\plugins\com.kms.katalon.testcloud.core_1.0.0.202405290758.jar;C:\Users\W I N D O W S\.katalon\packages\Katalon_Studio_Windows_64-9.5.0\Katalon_Studio_Windows_64-9.5.0\plugins\org.eclipse.e4.core.di.annotations_1.7.200.v20220613-1008.jar;C:\Users\W I N D O W S\.katalon\packages\Katalon_Studio_Windows_64-9.5.0\Katalon_Studio_Windows_64-9.5.0\plugins\org.eclipse.swt_3.123.0.v20230220-1431.jar;C:\Users\W I N D O W S\.katalon\packages\Katalon_Studio_Windows_64-9.5.0\Katalon_Studio_Windows_64-9.5.0\plugins\com.kms.katalon.configuration.core_1.0.0.202405290758.jar;C:\Users\W I N D O W S\.katalon\packages\Katalon_Studio_Windows_64-9.5.0\Katalon_Studio_Windows_64-9.5.0\plugins\org.semver4j_5.3.0.jar;C:\Users\W I N D O W S\.katalon\packages\Katalon_Studio_Windows_64-9.5.0\Katalon_Studio_Windows_64-9.5.0\plugins\com.kms.katalon.core.webui_1.0.0.202405290758.jar;C:\Users\W I N D O W S\.katalon\packages\Katalon_Studio_Windows_64-9.5.0\Katalon_Studio_Windows_64-9.5.0\plugins\org.eclipse.e4.core.contexts_1.11.0.v20220716-0839.jar;C:\Users\W I N D O W S\.katalon\packages\Katalon_Studio_Windows_64-9.5.0\Katalon_Studio_Windows_64-9.5.0\plugins\org.eclipse.e4.core.services_2.3.400.v20220915-1347.jar;C:\Users\W I N D O W S\.katalon\packages\Katalon_Studio_Windows_64-9.5.0\Katalon_Studio_Windows_64-9.5.0\plugins\com.kms.katalon.core.mobile_1.0.0.202405290758.jar;C:\Users\W I N D O W S\.katalon\packages\Katalon_Studio_Windows_64-9.5.0\Katalon_Studio_Windows_64-9.5.0\plugins\org.apache.commons.commons-validator_1.7.0.jar;C:\Users\W I N D O W S\.katalon\packages\Katalon_Studio_Windows_64-9.5.0\Katalon_Studio_Windows_64-9.5.0\plugins\com.kms.katalon.core.cucumber_1.0.0.202405290758.jar;C:\Users\W I N D O W S\.katalon\packages\Katalon_Studio_Windows_64-9.5.0\Katalon_Studio_Windows_64-9.5.0\plugins\io.cucumber.core_3.0.3.jar;C:\Users\W I N D O W S\.katalon\packages\Katalon_Studio_Windows_64-9.5.0\Katalon_Studio_Windows_64-9.5.0\plugins\io.cucumber.datatable_1.1.15.jar;C:\Users\W I N D O W S\.katalon\packages\Katalon_Studio_Windows_64-9.5.0\Katalon_Studio_Windows_64-9.5.0\plugins\io.cucumber.datatable-dependencies_1.1.15.jar;C:\Users\W I N D O W S\.katalon\packages\Katalon_Studio_Windows_64-9.5.0\Katalon_Studio_Windows_64-9.5.0\plugins\io.cucumber.expressions_5.0.19.jar;C:\Users\W I N D O W S\.katalon\packages\Katalon_Studio_Windows_64-9.5.0\Katalon_Studio_Windows_64-9.5.0\plugins\io.cucumber.gherkin_5.0.0.jar;C:\Users\W I N D O W S\.katalon\packages\Katalon_Studio_Windows_64-9.5.0\Katalon_Studio_Windows_64-9.5.0\plugins\io.cucumber.html_0.2.7.jar;C:\Users\W I N D O W S\.katalon\packages\Katalon_Studio_Windows_64-9.5.0\Katalon_Studio_Windows_64-9.5.0\plugins\io.cucumber.java_3.0.3.jar;C:\Users\W I N D O W S\.katalon\packages\Katalon_Studio_Windows_64-9.5.0\Katalon_Studio_Windows_64-9.5.0\plugins\io.cucumber.tag-expressions_1.1.1.jar;C:\Users\W I N D O W S\.katalon\packages\Katalon_Studio_Windows_64-9.5.0\Katalon_Studio_Windows_64-9.5.0\plugins\io.cucumber.junit_3.0.3.jar;C:\Users\W I N D O W S\.katalon\packages\Katalon_Studio_Windows_64-9.5.0\Katalon_Studio_Windows_64-9.5.0\plugins\com.kms.katalon.core.webservice_1.0.0.202405290758.jar;C:\Users\W I N D O W S\.katalon\packages\Katalon_Studio_Windows_64-9.5.0\Katalon_Studio_Windows_64-9.5.0\plugins\wsdl4j_1.6.2.jar;C:\Users\W I N D O W S\.katalon\packages\Katalon_Studio_Windows_64-9.5.0\Katalon_Studio_Windows_64-9.5.0\plugins\com.google.oauth-client.google-oauth-client_1.22.0.jar;C:\Users\W I N D O W S\.katalon\packages\Katalon_Studio_Windows_64-9.5.0\Katalon_Studio_Windows_64-9.5.0\plugins\com.google.http-client.google-http-client_1.22.0.jar;C:\Users\W I N D O W S\.katalon\packages\Katalon_Studio_Windows_64-9.5.0\Katalon_Studio_Windows_64-9.5.0\plugins\ca.juliusdavies.not-yet-commons-ssl_0.3.11.jar;C:\Users\W I N D O W S\.katalon\packages\Katalon_Studio_Windows_64-9.5.0\Katalon_Studio_Windows_64-9.5.0\plugins\com.kms.katalon.preferences_1.0.0.202405290758.jar;C:\Users\W I N D O W S\.katalon\packages\Katalon_Studio_Windows_64-9.5.0\Katalon_Studio_Windows_64-9.5.0\plugins\org.apache.xmlbeans_3.1.0.jar;C:\Users\W I N D O W S\.katalon\packages\Katalon_Studio_Windows_64-9.5.0\Katalon_Studio_Windows_64-9.5.0\plugins\com.kms.katalon.entity_1.0.0.202405290758.jar;C:\Users\W I N D O W S\.katalon\packages\Katalon_Studio_Windows_64-9.5.0\Katalon_Studio_Windows_64-9.5.0\plugins\org.antlr.antlr4-runtime_4.9.2.jar;C:\Users\W I N D O W S\.katalon\packages\Katalon_Studio_Windows_64-9.5.0\Katalon_Studio_Windows_64-9.5.0\plugins\com.networknt.json-schema-validator_1.0.66.jar;C:\Users\W I N D O W S\.katalon\packages\Katalon_Studio_Windows_64-9.5.0\Katalon_Studio_Windows_64-9.5.0\plugins\jakarta.xml.ws-api_2.3.3.jar;C:\Users\W I N D O W S\.katalon\packages\Katalon_Studio_Windows_64-9.5.0\Katalon_Studio_Windows_64-9.5.0\plugins\javax.xml.soap-api_1.4.0.jar;C:\Users\W I N D O W S\.katalon\packages\Katalon_Studio_Windows_64-9.5.0\Katalon_Studio_Windows_64-9.5.0\plugins\com.kms.katalon.core.windows_1.0.0.202405290758.jar;C:\Users\W I N D O W S\.katalon\packages\Katalon_Studio_Windows_64-9.5.0\Katalon_Studio_Windows_64-9.5.0\plugins\com.kms.katalon.core.testng_1.0.0.202405290758.jar;C:\Users\W I N D O W S\.katalon\packages\Katalon_Studio_Windows_64-9.5.0\Katalon_Studio_Windows_64-9.5.0\configuration\org.eclipse.osgi\32\0\.cp\resources\basic-report\katalon-studio-report-plugin.jar;C:\Users\W I N D O W S\.katalon\packages\Katalon_Studio_Windows_64-9.5.0\Katalon_Studio_Windows_64-9.5.0\plugins\org.codehaus.groovy_3.0.17.v202303311542-e2303\lib\groovy-3.0.17-indy.jar;C:\Users\W I N D O W S\.katalon\packages\Katalon_Studio_Windows_64-9.5.0\Katalon_Studio_Windows_64-9.5.0\plugins\org.codehaus.groovy_3.0.17.v202303311542-e2303\lib\ivy-2.5.1.jar --main groovy.ui.GroovyMain --encoding UTF-8 --indy C:\Users\W I N D O W S\Katalon Studio\coba_1\Libs\TempTestCase1744344896425.groovy

Host: Intel(R) Core(TM) i5-5200U CPU @ 2.20GHz, 4 cores, 3G,  Windows 10 , 64 bit Build 19041 (10.0.19041.5678)
Time: Fri Apr 11 11:15:26 2025 SE Asia Standard Time elapsed time: 28.428493 seconds (0d 0h 0m 28s)

---------------  T H R E A D  ---------------

Current thread (0x00000200db041780):  JavaThread "C2 CompilerThread0" daemon [_thread_in_native, id=12532, stack(0x0000008690500000,0x0000008690600000)]


Current CompileTask:
C2:  28428 5615       4       java.lang.invoke.MethodType::makeImpl (109 bytes)

Stack: [0x0000008690500000,0x0000008690600000]
Native frames: (J=compiled Java code, j=interpreted, Vv=VM code, C=native code)
V  [jvm.dll+0x67754a]
V  [jvm.dll+0x834304]
V  [jvm.dll+0x835aae]
V  [jvm.dll+0x836113]
V  [jvm.dll+0x24696f]
V  [jvm.dll+0xac0ac]
V  [jvm.dll+0xac67c]
V  [jvm.dll+0x364e37]
V  [jvm.dll+0x1bcc02]
V  [jvm.dll+0x219799]
V  [jvm.dll+0x218a61]
V  [jvm.dll+0x1a4d8d]
V  [jvm.dll+0x2284da]
V  [jvm.dll+0x226615]
V  [jvm.dll+0x7ea90b]
V  [jvm.dll+0x7e4e7a]
V  [jvm.dll+0x676395]
C  [ucrtbase.dll+0x21bb2]
C  [KERNEL32.DLL+0x17374]
C  [ntdll.dll+0x4cc91]


---------------  P R O C E S S  ---------------

Threads class SMR info:
_java_thread_list=0x00000200dd99db50, length=20, elements={
0x00000200bd65a650, 0x00000200d4aadef0, 0x00000200d4ab14a0, 0x00000200d4ab1f60,
0x00000200d4ab2820, 0x00000200d4ab3880, 0x00000200db0403f0, 0x00000200db041780,
0x00000200d4abdd50, 0x00000200d4abe260, 0x00000200db349030, 0x00000200dba43a70,
0x00000200dc797110, 0x00000200db3fe940, 0x00000200dbd22c70, 0x00000200db61dd00,
0x00000200db982820, 0x00000200dbdf00e0, 0x00000200dbdf0a80, 0x00000200dbdf05b0
}

Java Threads: ( => current thread )
  0x00000200bd65a650 JavaThread "main" [_thread_in_native, id=13776, stack(0x000000868f800000,0x000000868f900000)]
  0x00000200d4aadef0 JavaThread "Reference Handler" daemon [_thread_blocked, id=5236, stack(0x000000868ff00000,0x0000008690000000)]
  0x00000200d4ab14a0 JavaThread "Finalizer" daemon [_thread_blocked, id=4280, stack(0x0000008690000000,0x0000008690100000)]
  0x00000200d4ab1f60 JavaThread "Signal Dispatcher" daemon [_thread_blocked, id=10492, stack(0x0000008690100000,0x0000008690200000)]
  0x00000200d4ab2820 JavaThread "Attach Listener" daemon [_thread_blocked, id=14588, stack(0x0000008690200000,0x0000008690300000)]
  0x00000200d4ab3880 JavaThread "Service Thread" daemon [_thread_blocked, id=13572, stack(0x0000008690300000,0x0000008690400000)]
  0x00000200db0403f0 JavaThread "Monitor Deflation Thread" daemon [_thread_blocked, id=3244, stack(0x0000008690400000,0x0000008690500000)]
=>0x00000200db041780 JavaThread "C2 CompilerThread0" daemon [_thread_in_native, id=12532, stack(0x0000008690500000,0x0000008690600000)]
  0x00000200d4abdd50 JavaThread "C1 CompilerThread0" daemon [_thread_blocked, id=1172, stack(0x0000008690600000,0x0000008690700000)]
  0x00000200d4abe260 JavaThread "Sweeper thread" daemon [_thread_blocked, id=10916, stack(0x0000008690700000,0x0000008690800000)]
  0x00000200db349030 JavaThread "Common-Cleaner" daemon [_thread_blocked, id=10228, stack(0x0000008690800000,0x0000008690900000)]
  0x00000200dba43a70 JavaThread "Notification Thread" daemon [_thread_blocked, id=6556, stack(0x0000008690a00000,0x0000008690b00000)]
  0x00000200dc797110 JavaThread "Exec Default Executor" daemon [_thread_in_native, id=13644, stack(0x0000008690e00000,0x0000008690f00000)]
  0x00000200db3fe940 JavaThread "UrlChecker-2" daemon [_thread_blocked, id=9256, stack(0x0000008690f00000,0x0000008691000000)]
  0x00000200dbd22c70 JavaThread "Exec Stream Pumper" daemon [_thread_in_native, id=4192, stack(0x0000008691100000,0x0000008691200000)]
  0x00000200db61dd00 JavaThread "Exec Stream Pumper" daemon [_thread_in_native, id=14092, stack(0x0000008691200000,0x0000008691300000)]
  0x00000200db982820 JavaThread "ForkJoinPool.commonPool-worker-1" daemon [_thread_blocked, id=10740, stack(0x0000008691400000,0x0000008691500000)]
  0x00000200dbdf00e0 JavaThread "ForkJoinPool.commonPool-worker-2" daemon [_thread_blocked, id=1780, stack(0x0000008691500000,0x0000008691600000)]
  0x00000200dbdf0a80 JavaThread "OkHttp ConnectionPool" daemon [_thread_blocked, id=4444, stack(0x0000008691600000,0x0000008691700000)]
  0x00000200dbdf05b0 JavaThread "Okio Watchdog" daemon [_thread_blocked, id=4988, stack(0x0000008691700000,0x0000008691800000)]

Other Threads:
  0x00000200d4aab380 VMThread "VM Thread" [stack: 0x000000868fe00000,0x000000868ff00000] [id=13192]
  0x00000200bd65c080 WatcherThread [stack: 0x0000008690b00000,0x0000008690c00000] [id=1872]
  0x00000200bd6c44a0 GCTaskThread "GC Thread#0" [stack: 0x000000868f900000,0x000000868fa00000] [id=8612]
  0x00000200db8a9380 GCTaskThread "GC Thread#1" [stack: 0x0000008690900000,0x0000008690a00000] [id=7192]
  0x00000200dbd76310 GCTaskThread "GC Thread#2" [stack: 0x0000008690c00000,0x0000008690d00000] [id=14564]
  0x00000200dbbc4ad0 GCTaskThread "GC Thread#3" [stack: 0x0000008690d00000,0x0000008690e00000] [id=3800]
  0x00000200bd6cd1d0 ConcurrentGCThread "G1 Main Marker" [stack: 0x000000868fa00000,0x000000868fb00000] [id=6704]
  0x00000200bd6ce2d0 ConcurrentGCThread "G1 Conc#0" [stack: 0x000000868fb00000,0x000000868fc00000] [id=10112]
  0x00000200d4904380 ConcurrentGCThread "G1 Refine#0" [stack: 0x000000868fc00000,0x000000868fd00000] [id=13980]
  0x00000200d4905490 ConcurrentGCThread "G1 Service" [stack: 0x000000868fd00000,0x000000868fe00000] [id=10200]

Threads with active compile tasks:
C2 CompilerThread0    28483 5615       4       java.lang.invoke.MethodType::makeImpl (109 bytes)

VM state: not at safepoint (normal execution)

VM Mutex/Monitor currently owned by a thread: None

Heap address: 0x0000000080000000, size: 2048 MB, Compressed Oops mode: 32-bit

CDS archive(s) not mapped
Compressed class space mapped at: 0x0000000100000000-0x0000000140000000, reserved size: 1073741824
Narrow klass base: 0x0000000000000000, Narrow klass shift: 3, Narrow klass range: 0x140000000

GC Precious Log:
 CPUs: 4 total, 4 available
 Memory: 4018M
 Large Page Support: Disabled
 NUMA Support: Disabled
 Compressed Oops: Enabled (32-bit)
 Heap Region Size: 1M
 Heap Min Capacity: 8M
 Heap Initial Capacity: 64M
 Heap Max Capacity: 2G
 Pre-touch: Disabled
 Parallel Workers: 4
 Concurrent Workers: 1
 Concurrent Refinement Workers: 4
 Periodic GC: Disabled

Heap:
 garbage-first heap   total 95232K, used 51416K [0x0000000080000000, 0x0000000100000000)
  region size 1024K, 20 young (20480K), 5 survivors (5120K)
 Metaspace       used 44571K, committed 45120K, reserved 1114112K
  class space    used 4935K, committed 5184K, reserved 1048576K

Heap Regions: E=young(eden), S=young(survivor), O=old, HS=humongous(starts), HC=humongous(continues), CS=collection set, F=free, OA=open archive, CA=closed archive, TAMS=top-at-mark-start (previous, next)
|   0|0x0000000080000000, 0x0000000080100000, 0x0000000080100000|100%|HS|  |TAMS 0x0000000080100000, 0x0000000080000000| Complete 
|   1|0x0000000080100000, 0x0000000080200000, 0x0000000080200000|100%|HS|  |TAMS 0x0000000080200000, 0x0000000080100000| Complete 
|   2|0x0000000080200000, 0x0000000080300000, 0x0000000080300000|100%| O|  |TAMS 0x0000000080300000, 0x0000000080200000| Untracked 
|   3|0x0000000080300000, 0x0000000080400000, 0x0000000080400000|100%| O|  |TAMS 0x0000000080400000, 0x0000000080300000| Untracked 
|   4|0x0000000080400000, 0x0000000080500000, 0x0000000080500000|100%| O|  |TAMS 0x0000000080500000, 0x0000000080400000| Untracked 
|   5|0x0000000080500000, 0x0000000080600000, 0x0000000080600000|100%| O|  |TAMS 0x0000000080600000, 0x0000000080500000| Untracked 
|   6|0x0000000080600000, 0x0000000080700000, 0x0000000080700000|100%| O|  |TAMS 0x0000000080700000, 0x0000000080600000| Untracked 
|   7|0x0000000080700000, 0x0000000080800000, 0x0000000080800000|100%| O|  |TAMS 0x0000000080800000, 0x0000000080700000| Untracked 
|   8|0x0000000080800000, 0x0000000080900000, 0x0000000080900000|100%| O|  |TAMS 0x0000000080900000, 0x0000000080800000| Untracked 
|   9|0x0000000080900000, 0x0000000080a00000, 0x0000000080a00000|100%|HS|  |TAMS 0x0000000080a00000, 0x0000000080900000| Complete 
|  10|0x0000000080a00000, 0x0000000080b00000, 0x0000000080b00000|100%| O|  |TAMS 0x0000000080b00000, 0x0000000080a00000| Untracked 
|  11|0x0000000080b00000, 0x0000000080c00000, 0x0000000080c00000|100%| O|  |TAMS 0x0000000080c00000, 0x0000000080b00000| Untracked 
|  12|0x0000000080c00000, 0x0000000080d00000, 0x0000000080d00000|100%| O|  |TAMS 0x0000000080d00000, 0x0000000080c00000| Untracked 
|  13|0x0000000080d00000, 0x0000000080e00000, 0x0000000080e00000|100%| O|  |TAMS 0x0000000080e00000, 0x0000000080d00000| Untracked 
|  14|0x0000000080e00000, 0x0000000080f00000, 0x0000000080f00000|100%| O|  |TAMS 0x0000000080f00000, 0x0000000080e00000| Untracked 
|  15|0x0000000080f00000, 0x0000000081000000, 0x0000000081000000|100%| O|  |TAMS 0x0000000081000000, 0x0000000080f00000| Untracked 
|  16|0x0000000081000000, 0x0000000081100000, 0x0000000081100000|100%| O|  |TAMS 0x0000000081100000, 0x0000000081000000| Untracked 
|  17|0x0000000081100000, 0x0000000081200000, 0x0000000081200000|100%| O|  |TAMS 0x0000000081200000, 0x0000000081100000| Untracked 
|  18|0x0000000081200000, 0x0000000081300000, 0x0000000081300000|100%| O|  |TAMS 0x0000000081300000, 0x0000000081200000| Untracked 
|  19|0x0000000081300000, 0x0000000081400000, 0x0000000081400000|100%| O|  |TAMS 0x0000000081400000, 0x0000000081300000| Untracked 
|  20|0x0000000081400000, 0x0000000081500000, 0x0000000081500000|100%| O|  |TAMS 0x0000000081500000, 0x0000000081400000| Untracked 
|  21|0x0000000081500000, 0x0000000081600000, 0x0000000081600000|100%| O|  |TAMS 0x0000000081600000, 0x0000000081500000| Untracked 
|  22|0x0000000081600000, 0x0000000081700000, 0x0000000081700000|100%| O|  |TAMS 0x0000000081700000, 0x0000000081600000| Untracked 
|  23|0x0000000081700000, 0x0000000081800000, 0x0000000081800000|100%| O|  |TAMS 0x0000000081800000, 0x0000000081700000| Untracked 
|  24|0x0000000081800000, 0x0000000081900000, 0x0000000081900000|100%| O|  |TAMS 0x0000000081853600, 0x0000000081800000| Untracked 
|  25|0x0000000081900000, 0x0000000081a00000, 0x0000000081a00000|100%| O|  |TAMS 0x0000000081900000, 0x0000000081900000| Untracked 
|  26|0x0000000081a00000, 0x0000000081b00000, 0x0000000081b00000|100%| O|  |TAMS 0x0000000081a00000, 0x0000000081a00000| Untracked 
|  27|0x0000000081b00000, 0x0000000081c00000, 0x0000000081c00000|100%| O|  |TAMS 0x0000000081c00000, 0x0000000081b00000| Untracked 
|  28|0x0000000081c00000, 0x0000000081d00000, 0x0000000081d00000|100%| O|  |TAMS 0x0000000081d00000, 0x0000000081c00000| Untracked 
|  29|0x0000000081d00000, 0x0000000081e00000, 0x0000000081e00000|100%| O|  |TAMS 0x0000000081e00000, 0x0000000081d00000| Untracked 
|  30|0x0000000081e00000, 0x0000000081f00000, 0x0000000081f00000|100%| O|  |TAMS 0x0000000081e00000, 0x0000000081e00000| Untracked 
|  31|0x0000000081f00000, 0x0000000081fb6000, 0x0000000082000000| 71%| O|  |TAMS 0x0000000081f00000, 0x0000000081f00000| Untracked 
|  32|0x0000000082000000, 0x0000000082000000, 0x0000000082100000|  0%| F|  |TAMS 0x0000000082000000, 0x0000000082000000| Untracked 
|  33|0x0000000082100000, 0x0000000082100000, 0x0000000082200000|  0%| F|  |TAMS 0x0000000082100000, 0x0000000082100000| Untracked 
|  34|0x0000000082200000, 0x0000000082200000, 0x0000000082300000|  0%| F|  |TAMS 0x0000000082200000, 0x0000000082200000| Untracked 
|  35|0x0000000082300000, 0x0000000082300000, 0x0000000082400000|  0%| F|  |TAMS 0x0000000082300000, 0x0000000082300000| Untracked 
|  36|0x0000000082400000, 0x0000000082400000, 0x0000000082500000|  0%| F|  |TAMS 0x0000000082400000, 0x0000000082400000| Untracked 
|  37|0x0000000082500000, 0x0000000082500000, 0x0000000082600000|  0%| F|  |TAMS 0x0000000082500000, 0x0000000082500000| Untracked 
|  38|0x0000000082600000, 0x0000000082600000, 0x0000000082700000|  0%| F|  |TAMS 0x0000000082600000, 0x0000000082600000| Untracked 
|  39|0x0000000082700000, 0x0000000082700000, 0x0000000082800000|  0%| F|  |TAMS 0x0000000082700000, 0x0000000082700000| Untracked 
|  40|0x0000000082800000, 0x0000000082800000, 0x0000000082900000|  0%| F|  |TAMS 0x0000000082800000, 0x0000000082800000| Untracked 
|  41|0x0000000082900000, 0x0000000082900000, 0x0000000082a00000|  0%| F|  |TAMS 0x0000000082900000, 0x0000000082900000| Untracked 
|  42|0x0000000082a00000, 0x0000000082a00000, 0x0000000082b00000|  0%| F|  |TAMS 0x0000000082a00000, 0x0000000082a00000| Untracked 
|  43|0x0000000082b00000, 0x0000000082b00000, 0x0000000082c00000|  0%| F|  |TAMS 0x0000000082b00000, 0x0000000082b00000| Untracked 
|  44|0x0000000082c00000, 0x0000000082c00000, 0x0000000082d00000|  0%| F|  |TAMS 0x0000000082c00000, 0x0000000082c00000| Untracked 
|  45|0x0000000082d00000, 0x0000000082d00000, 0x0000000082e00000|  0%| F|  |TAMS 0x0000000082d00000, 0x0000000082d00000| Untracked 
|  46|0x0000000082e00000, 0x0000000082e00000, 0x0000000082f00000|  0%| F|  |TAMS 0x0000000082e00000, 0x0000000082e00000| Untracked 
|  47|0x0000000082f00000, 0x0000000082f00000, 0x0000000083000000|  0%| F|  |TAMS 0x0000000082f00000, 0x0000000082f00000| Untracked 
|  48|0x0000000083000000, 0x0000000083080000, 0x0000000083100000| 50%| S|CS|TAMS 0x0000000083000000, 0x0000000083000000| Complete 
|  49|0x0000000083100000, 0x0000000083200000, 0x0000000083200000|100%| S|CS|TAMS 0x0000000083100000, 0x0000000083100000| Complete 
|  50|0x0000000083200000, 0x0000000083300000, 0x0000000083300000|100%| S|CS|TAMS 0x0000000083200000, 0x0000000083200000| Complete 
|  51|0x0000000083300000, 0x0000000083400000, 0x0000000083400000|100%| S|CS|TAMS 0x0000000083300000, 0x0000000083300000| Complete 
|  52|0x0000000083400000, 0x0000000083500000, 0x0000000083500000|100%| S|CS|TAMS 0x0000000083400000, 0x0000000083400000| Complete 
|  53|0x0000000083500000, 0x0000000083500000, 0x0000000083600000|  0%| F|  |TAMS 0x0000000083500000, 0x0000000083500000| Untracked 
|  54|0x0000000083600000, 0x0000000083600000, 0x0000000083700000|  0%| F|  |TAMS 0x0000000083600000, 0x0000000083600000| Untracked 
|  55|0x0000000083700000, 0x0000000083700000, 0x0000000083800000|  0%| F|  |TAMS 0x0000000083700000, 0x0000000083700000| Untracked 
|  56|0x0000000083800000, 0x0000000083800000, 0x0000000083900000|  0%| F|  |TAMS 0x0000000083800000, 0x0000000083800000| Untracked 
|  57|0x0000000083900000, 0x0000000083900000, 0x0000000083a00000|  0%| F|  |TAMS 0x0000000083900000, 0x0000000083900000| Untracked 
|  58|0x0000000083a00000, 0x0000000083a00000, 0x0000000083b00000|  0%| F|  |TAMS 0x0000000083a00000, 0x0000000083a00000| Untracked 
|  59|0x0000000083b00000, 0x0000000083b00000, 0x0000000083c00000|  0%| F|  |TAMS 0x0000000083b00000, 0x0000000083b00000| Untracked 
|  60|0x0000000083c00000, 0x0000000083c00000, 0x0000000083d00000|  0%| F|  |TAMS 0x0000000083c00000, 0x0000000083c00000| Untracked 
|  61|0x0000000083d00000, 0x0000000083d00000, 0x0000000083e00000|  0%| F|  |TAMS 0x0000000083d00000, 0x0000000083d00000| Untracked 
|  62|0x0000000083e00000, 0x0000000083e00000, 0x0000000083f00000|  0%| F|  |TAMS 0x0000000083e00000, 0x0000000083e00000| Untracked 
|  63|0x0000000083f00000, 0x0000000083f00000, 0x0000000084000000|  0%| F|  |TAMS 0x0000000083f00000, 0x0000000083f00000| Untracked 
|  64|0x0000000084000000, 0x0000000084000000, 0x0000000084100000|  0%| F|  |TAMS 0x0000000084000000, 0x0000000084000000| Untracked 
|  65|0x0000000084100000, 0x0000000084100000, 0x0000000084200000|  0%| F|  |TAMS 0x0000000084100000, 0x0000000084100000| Untracked 
|  66|0x0000000084200000, 0x0000000084200000, 0x0000000084300000|  0%| F|  |TAMS 0x0000000084200000, 0x0000000084200000| Untracked 
|  67|0x0000000084300000, 0x0000000084300000, 0x0000000084400000|  0%| F|  |TAMS 0x0000000084300000, 0x0000000084300000| Untracked 
|  68|0x0000000084400000, 0x0000000084400000, 0x0000000084500000|  0%| F|  |TAMS 0x0000000084400000, 0x0000000084400000| Untracked 
|  69|0x0000000084500000, 0x0000000084500000, 0x0000000084600000|  0%| F|  |TAMS 0x0000000084500000, 0x0000000084500000| Untracked 
|  70|0x0000000084600000, 0x0000000084600000, 0x0000000084700000|  0%| F|  |TAMS 0x0000000084600000, 0x0000000084600000| Untracked 
|  71|0x0000000084700000, 0x0000000084700000, 0x0000000084800000|  0%| F|  |TAMS 0x0000000084700000, 0x0000000084700000| Untracked 
|  72|0x0000000084800000, 0x0000000084800000, 0x0000000084900000|  0%| F|  |TAMS 0x0000000084800000, 0x0000000084800000| Untracked 
|  73|0x0000000084900000, 0x0000000084900000, 0x0000000084a00000|  0%| F|  |TAMS 0x0000000084900000, 0x0000000084900000| Untracked 
|  74|0x0000000084a00000, 0x0000000084a00000, 0x0000000084b00000|  0%| F|  |TAMS 0x0000000084a00000, 0x0000000084a00000| Untracked 
|  75|0x0000000084b00000, 0x0000000084b00000, 0x0000000084c00000|  0%| F|  |TAMS 0x0000000084b00000, 0x0000000084b00000| Untracked 
|  76|0x0000000084c00000, 0x0000000084c00000, 0x0000000084d00000|  0%| F|  |TAMS 0x0000000084c00000, 0x0000000084c00000| Untracked 
|  77|0x0000000084d00000, 0x0000000084d00000, 0x0000000084e00000|  0%| F|  |TAMS 0x0000000084d00000, 0x0000000084d00000| Untracked 
|  78|0x0000000084e00000, 0x0000000084e00800, 0x0000000084f00000|  0%| E|  |TAMS 0x0000000084e00000, 0x0000000084e00000| Complete 
|  79|0x0000000084f00000, 0x0000000085000000, 0x0000000085000000|100%| E|CS|TAMS 0x0000000084f00000, 0x0000000084f00000| Complete 
|  80|0x0000000085000000, 0x0000000085100000, 0x0000000085100000|100%| E|CS|TAMS 0x0000000085000000, 0x0000000085000000| Complete 
|  81|0x0000000085100000, 0x0000000085200000, 0x0000000085200000|100%| E|CS|TAMS 0x0000000085100000, 0x0000000085100000| Complete 
|  82|0x0000000085200000, 0x0000000085300000, 0x0000000085300000|100%| E|CS|TAMS 0x0000000085200000, 0x0000000085200000| Complete 
|  83|0x0000000085300000, 0x0000000085400000, 0x0000000085400000|100%| E|CS|TAMS 0x0000000085300000, 0x0000000085300000| Complete 
|  84|0x0000000085400000, 0x0000000085500000, 0x0000000085500000|100%| E|CS|TAMS 0x0000000085400000, 0x0000000085400000| Complete 
|  85|0x0000000085500000, 0x0000000085600000, 0x0000000085600000|100%| E|CS|TAMS 0x0000000085500000, 0x0000000085500000| Complete 
|  86|0x0000000085600000, 0x0000000085700000, 0x0000000085700000|100%| E|CS|TAMS 0x0000000085600000, 0x0000000085600000| Complete 
|  87|0x0000000085700000, 0x0000000085800000, 0x0000000085800000|100%| E|CS|TAMS 0x0000000085700000, 0x0000000085700000| Complete 
|  88|0x0000000085800000, 0x0000000085900000, 0x0000000085900000|100%| E|CS|TAMS 0x0000000085800000, 0x0000000085800000| Complete 
|  89|0x0000000085900000, 0x0000000085a00000, 0x0000000085a00000|100%| E|CS|TAMS 0x0000000085900000, 0x0000000085900000| Complete 
|  90|0x0000000085a00000, 0x0000000085b00000, 0x0000000085b00000|100%| E|CS|TAMS 0x0000000085a00000, 0x0000000085a00000| Complete 
|  91|0x0000000085b00000, 0x0000000085c00000, 0x0000000085c00000|100%| E|CS|TAMS 0x0000000085b00000, 0x0000000085b00000| Complete 
|  92|0x0000000085c00000, 0x0000000085d00000, 0x0000000085d00000|100%| E|CS|TAMS 0x0000000085c00000, 0x0000000085c00000| Complete 

Card table byte_map: [0x00000200d00c0000,0x00000200d04c0000] _byte_map_base: 0x00000200cfcc0000

Marking Bits (Prev, Next): (CMBitMap*) 0x00000200bd6c48c0, (CMBitMap*) 0x00000200bd6c4900
 Prev Bits: [0x00000200d08c0000, 0x00000200d28c0000)
 Next Bits: [0x00000200d28c0000, 0x00000200d48c0000)

Polling page: 0x00000200bcdd0000

Metaspace:

Usage:
  Non-class:     38.71 MB used.
      Class:      4.82 MB used.
       Both:     43.53 MB used.

Virtual space:
  Non-class space:       64.00 MB reserved,      39.00 MB ( 61%) committed,  1 nodes.
      Class space:        1.00 GB reserved,       5.06 MB ( <1%) committed,  1 nodes.
             Both:        1.06 GB reserved,      44.06 MB (  4%) committed. 

Chunk freelists:
   Non-Class:  8.61 MB
       Class:  10.79 MB
        Both:  19.40 MB

MaxMetaspaceSize: unlimited
CompressedClassSpaceSize: 1.00 GB
Initial GC threshold: 21.00 MB
Current GC threshold: 58.69 MB
CDS: off
MetaspaceReclaimPolicy: balanced
 - commit_granule_bytes: 65536.
 - commit_granule_words: 8192.
 - virtual_space_node_default_size: 8388608.
 - enlarge_chunks_in_place: 1.
 - new_chunks_are_fully_committed: 0.
 - uncommit_free_chunks: 1.
 - use_allocation_guard: 0.
 - handle_deallocations: 1.


Internal statistics:

num_allocs_failed_limit: 6.
num_arena_births: 662.
num_arena_deaths: 0.
num_vsnodes_births: 2.
num_vsnodes_deaths: 0.
num_space_committed: 705.
num_space_uncommitted: 0.
num_chunks_returned_to_freelist: 6.
num_chunks_taken_from_freelist: 1760.
num_chunk_merges: 6.
num_chunk_splits: 1190.
num_chunks_enlarged: 810.
num_inconsistent_stats: 0.

CodeHeap 'non-profiled nmethods': size=120000Kb used=2090Kb max_used=2360Kb free=117910Kb
 bounds [0x00000200c8790000, 0x00000200c8a00000, 0x00000200cfcc0000]
CodeHeap 'profiled nmethods': size=120000Kb used=8086Kb max_used=8970Kb free=111913Kb
 bounds [0x00000200c0cc0000, 0x00000200c1590000, 0x00000200c81f0000]
CodeHeap 'non-nmethods': size=5760Kb used=2313Kb max_used=2367Kb free=3446Kb
 bounds [0x00000200c81f0000, 0x00000200c8460000, 0x00000200c8790000]
 total_blobs=5547 nmethods=4717 adapters=742
 compilation: enabled
              stopped_count=0, restarted_count=0
 full_count=0

Compilation events (20 events):
Event: 28.295 Thread 0x00000200d4abdd50 5617       3       java.lang.invoke.LambdaForm$MH/0x00000001000c1c00::invoke (25 bytes)
Event: 28.295 Thread 0x00000200d4abdd50 nmethod 5617 0x00000200c0f21190 code [0x00000200c0f21360, 0x00000200c0f21858]
Event: 28.295 Thread 0x00000200d4abdd50 5618       3       java.lang.invoke.DirectMethodHandle$Holder::invokeSpecial (15 bytes)
Event: 28.296 Thread 0x00000200d4abdd50 nmethod 5618 0x00000200c0f20990 code [0x00000200c0f20b60, 0x00000200c0f21098]
Event: 28.296 Thread 0x00000200d4abdd50 5619       3       java.lang.StackStreamFactory$AbstractStackWalker::hasNext (13 bytes)
Event: 28.297 Thread 0x00000200d4abdd50 nmethod 5619 0x00000200c0d07390 code [0x00000200c0d07540, 0x00000200c0d076e8]
Event: 28.297 Thread 0x00000200d4abdd50 5620       3       java.lang.StackStreamFactory$FrameBuffer::get (58 bytes)
Event: 28.298 Thread 0x00000200d4abdd50 nmethod 5620 0x00000200c0ed9390 code [0x00000200c0ed9600, 0x00000200c0ed9fa8]
Event: 28.298 Thread 0x00000200d4abdd50 5621       3       java.lang.StackStreamFactory$AbstractStackWalker::skipReflectionFrames (32 bytes)
Event: 28.298 Thread 0x00000200d4abdd50 nmethod 5621 0x00000200c0ed8c10 code [0x00000200c0ed8de0, 0x00000200c0ed91f8]
Event: 28.298 Thread 0x00000200d4abdd50 5622       3       java.lang.StackStreamFactory::isReflectionFrame (48 bytes)
Event: 28.299 Thread 0x00000200d4abdd50 nmethod 5622 0x00000200c0ed8210 code [0x00000200c0ed8400, 0x00000200c0ed8858]
Event: 28.299 Thread 0x00000200d4abdd50 5623       3       java.util.Formatter::ensureOpen (16 bytes)
Event: 28.299 Thread 0x00000200d4abdd50 nmethod 5623 0x00000200c1030690 code [0x00000200c1030840, 0x00000200c1030a08]
Event: 28.300 Thread 0x00000200d4abdd50 5624       3       java.lang.invoke.BoundMethodHandle::speciesData_LLLL (13 bytes)
Event: 28.301 Thread 0x00000200d4abdd50 nmethod 5624 0x00000200c1030210 code [0x00000200c10303c0, 0x00000200c10305c8]
Event: 28.302 Thread 0x00000200db041780 nmethod 5611 0x00000200c894ba90 code [0x00000200c894bc40, 0x00000200c894c518]
Event: 28.302 Thread 0x00000200db041780 5616       4       java.lang.invoke.MethodType::hashCode (53 bytes)
Event: 28.307 Thread 0x00000200db041780 nmethod 5616 0x00000200c894b590 code [0x00000200c894b720, 0x00000200c894b8d8]
Event: 28.307 Thread 0x00000200db041780 5615       4       java.lang.invoke.MethodType::makeImpl (109 bytes)

GC Heap History (20 events):
Event: 10.639 GC heap before
{Heap before GC invocations=10 (full 0):
 garbage-first heap   total 65536K, used 49033K [0x0000000080000000, 0x0000000100000000)
  region size 1024K, 28 young (28672K), 2 survivors (2048K)
 Metaspace       used 24918K, committed 25216K, reserved 1114112K
  class space    used 2601K, committed 2752K, reserved 1048576K
}
Event: 10.651 GC heap after
{Heap after GC invocations=11 (full 0):
 garbage-first heap   total 78848K, used 24468K [0x0000000080000000, 0x0000000100000000)
  region size 1024K, 4 young (4096K), 4 survivors (4096K)
 Metaspace       used 24918K, committed 25216K, reserved 1114112K
  class space    used 2601K, committed 2752K, reserved 1048576K
}
Event: 12.345 GC heap before
{Heap before GC invocations=11 (full 0):
 garbage-first heap   total 78848K, used 53140K [0x0000000080000000, 0x0000000100000000)
  region size 1024K, 32 young (32768K), 4 survivors (4096K)
 Metaspace       used 31263K, committed 31616K, reserved 1114112K
  class space    used 3318K, committed 3520K, reserved 1048576K
}
Event: 12.361 GC heap after
{Heap after GC invocations=12 (full 0):
 garbage-first heap   total 78848K, used 27269K [0x0000000080000000, 0x0000000100000000)
  region size 1024K, 3 young (3072K), 3 survivors (3072K)
 Metaspace       used 31263K, committed 31616K, reserved 1114112K
  class space    used 3318K, committed 3520K, reserved 1048576K
}
Event: 12.772 GC heap before
{Heap before GC invocations=12 (full 0):
 garbage-first heap   total 78848K, used 59013K [0x0000000080000000, 0x0000000100000000)
  region size 1024K, 32 young (32768K), 3 survivors (3072K)
 Metaspace       used 32701K, committed 33024K, reserved 1114112K
  class space    used 3441K, committed 3584K, reserved 1048576K
}
Event: 12.781 GC heap after
{Heap after GC invocations=13 (full 0):
 garbage-first heap   total 78848K, used 28189K [0x0000000080000000, 0x0000000100000000)
  region size 1024K, 1 young (1024K), 1 survivors (1024K)
 Metaspace       used 32701K, committed 33024K, reserved 1114112K
  class space    used 3441K, committed 3584K, reserved 1048576K
}
Event: 12.995 GC heap before
{Heap before GC invocations=13 (full 0):
 garbage-first heap   total 78848K, used 60957K [0x0000000080000000, 0x0000000100000000)
  region size 1024K, 33 young (33792K), 1 survivors (1024K)
 Metaspace       used 32816K, committed 33216K, reserved 1114112K
  class space    used 3450K, committed 3648K, reserved 1048576K
}
Event: 12.998 GC heap after
{Heap after GC invocations=14 (full 0):
 garbage-first heap   total 78848K, used 28394K [0x0000000080000000, 0x0000000100000000)
  region size 1024K, 1 young (1024K), 1 survivors (1024K)
 Metaspace       used 32816K, committed 33216K, reserved 1114112K
  class space    used 3450K, committed 3648K, reserved 1048576K
}
Event: 13.839 GC heap before
{Heap before GC invocations=14 (full 0):
 garbage-first heap   total 78848K, used 63210K [0x0000000080000000, 0x0000000100000000)
  region size 1024K, 35 young (35840K), 1 survivors (1024K)
 Metaspace       used 34758K, committed 35136K, reserved 1114112K
  class space    used 3677K, committed 3840K, reserved 1048576K
}
Event: 13.847 GC heap after
{Heap after GC invocations=15 (full 0):
 garbage-first heap   total 78848K, used 29372K [0x0000000080000000, 0x0000000100000000)
  region size 1024K, 2 young (2048K), 2 survivors (2048K)
 Metaspace       used 34758K, committed 35136K, reserved 1114112K
  class space    used 3677K, committed 3840K, reserved 1048576K
}
Event: 15.193 GC heap before
{Heap before GC invocations=15 (full 0):
 garbage-first heap   total 78848K, used 64188K [0x0000000080000000, 0x0000000100000000)
  region size 1024K, 36 young (36864K), 2 survivors (2048K)
 Metaspace       used 35115K, committed 35520K, reserved 1114112K
  class space    used 3704K, committed 3904K, reserved 1048576K
}
Event: 15.202 GC heap after
{Heap after GC invocations=16 (full 0):
 garbage-first heap   total 78848K, used 30076K [0x0000000080000000, 0x0000000100000000)
  region size 1024K, 3 young (3072K), 3 survivors (3072K)
 Metaspace       used 35115K, committed 35520K, reserved 1114112K
  class space    used 3704K, committed 3904K, reserved 1048576K
}
Event: 15.613 GC heap before
{Heap before GC invocations=16 (full 0):
 garbage-first heap   total 78848K, used 64892K [0x0000000080000000, 0x0000000100000000)
  region size 1024K, 37 young (37888K), 3 survivors (3072K)
 Metaspace       used 35207K, committed 35584K, reserved 1114112K
  class space    used 3710K, committed 3904K, reserved 1048576K
}
Event: 15.623 GC heap after
{Heap after GC invocations=17 (full 0):
 garbage-first heap   total 78848K, used 30967K [0x0000000080000000, 0x0000000100000000)
  region size 1024K, 3 young (3072K), 3 survivors (3072K)
 Metaspace       used 35207K, committed 35584K, reserved 1114112K
  class space    used 3710K, committed 3904K, reserved 1048576K
}
Event: 15.907 GC heap before
{Heap before GC invocations=17 (full 0):
 garbage-first heap   total 78848K, used 56567K [0x0000000080000000, 0x0000000100000000)
  region size 1024K, 29 young (29696K), 3 survivors (3072K)
 Metaspace       used 35551K, committed 35968K, reserved 1114112K
  class space    used 3742K, committed 3968K, reserved 1048576K
}
Event: 15.921 GC heap after
{Heap after GC invocations=18 (full 0):
 garbage-first heap   total 95232K, used 32690K [0x0000000080000000, 0x0000000100000000)
  region size 1024K, 5 young (5120K), 5 survivors (5120K)
 Metaspace       used 35551K, committed 35968K, reserved 1114112K
  class space    used 3742K, committed 3968K, reserved 1048576K
}
Event: 18.458 GC heap before
{Heap before GC invocations=19 (full 0):
 garbage-first heap   total 95232K, used 77746K [0x0000000080000000, 0x0000000100000000)
  region size 1024K, 49 young (50176K), 5 survivors (5120K)
 Metaspace       used 39514K, committed 40064K, reserved 1114112K
  class space    used 4286K, committed 4544K, reserved 1048576K
}
Event: 18.474 GC heap after
{Heap after GC invocations=20 (full 0):
 garbage-first heap   total 95232K, used 35076K [0x0000000080000000, 0x0000000100000000)
  region size 1024K, 6 young (6144K), 6 survivors (6144K)
 Metaspace       used 39514K, committed 40064K, reserved 1114112K
  class space    used 4286K, committed 4544K, reserved 1048576K
}
Event: 25.379 GC heap before
{Heap before GC invocations=20 (full 0):
 garbage-first heap   total 95232K, used 76036K [0x0000000080000000, 0x0000000100000000)
  region size 1024K, 46 young (47104K), 6 survivors (6144K)
 Metaspace       used 44319K, committed 44800K, reserved 1114112K
  class space    used 4911K, committed 5120K, reserved 1048576K
}
Event: 25.401 GC heap after
{Heap after GC invocations=21 (full 0):
 garbage-first heap   total 95232K, used 37080K [0x0000000080000000, 0x0000000100000000)
  region size 1024K, 5 young (5120K), 5 survivors (5120K)
 Metaspace       used 44319K, committed 44800K, reserved 1114112K
  class space    used 4911K, committed 5120K, reserved 1048576K
}

Dll operation events (7 events):
Event: 0.071 Loaded shared library C:\Users\W I N D O W S\.katalon\packages\Katalon_Studio_Windows_64-9.5.0\Katalon_Studio_Windows_64-9.5.0\jre\bin\java.dll
Event: 1.039 Loaded shared library C:\Users\W I N D O W S\.katalon\packages\Katalon_Studio_Windows_64-9.5.0\Katalon_Studio_Windows_64-9.5.0\jre\bin\net.dll
Event: 1.046 Loaded shared library C:\Users\W I N D O W S\.katalon\packages\Katalon_Studio_Windows_64-9.5.0\Katalon_Studio_Windows_64-9.5.0\jre\bin\nio.dll
Event: 1.162 Loaded shared library C:\Users\W I N D O W S\.katalon\packages\Katalon_Studio_Windows_64-9.5.0\Katalon_Studio_Windows_64-9.5.0\jre\bin\zip.dll
Event: 2.688 Loaded shared library C:\Users\W I N D O W S\.katalon\packages\Katalon_Studio_Windows_64-9.5.0\Katalon_Studio_Windows_64-9.5.0\jre\bin\verify.dll
Event: 3.328 Loaded shared library C:\Users\W I N D O W S\.katalon\packages\Katalon_Studio_Windows_64-9.5.0\Katalon_Studio_Windows_64-9.5.0\jre\bin\jimage.dll
Event: 18.361 Loaded shared library C:\Users\W I N D O W S\.katalon\packages\Katalon_Studio_Windows_64-9.5.0\Katalon_Studio_Windows_64-9.5.0\jre\bin\sunmscapi.dll

Deoptimization events (20 events):
Event: 19.897 Thread 0x00000200bd65a650 DEOPT PACKING pc=0x00000200c12d6af5 sp=0x000000868f8f8340
Event: 19.897 Thread 0x00000200bd65a650 DEOPT UNPACKING pc=0x00000200c8247143 sp=0x000000868f8f77c8 mode 0
Event: 24.907 Thread 0x00000200bd65a650 DEOPT PACKING pc=0x00000200c1532a20 sp=0x000000868f8fa340
Event: 24.907 Thread 0x00000200bd65a650 DEOPT UNPACKING pc=0x00000200c8247143 sp=0x000000868f8f97f0 mode 0
Event: 24.908 Thread 0x00000200bd65a650 DEOPT PACKING pc=0x00000200c1037a02 sp=0x000000868f8fa310
Event: 24.908 Thread 0x00000200bd65a650 DEOPT UNPACKING pc=0x00000200c8247143 sp=0x000000868f8f97b0 mode 0
Event: 24.918 Thread 0x00000200bd65a650 DEOPT PACKING pc=0x00000200c12d6af5 sp=0x000000868f8f8b00
Event: 24.918 Thread 0x00000200bd65a650 DEOPT UNPACKING pc=0x00000200c8247143 sp=0x000000868f8f7f88 mode 0
Event: 24.940 Thread 0x00000200bd65a650 DEOPT PACKING pc=0x00000200c14e09ca sp=0x000000868f8fa440
Event: 24.940 Thread 0x00000200bd65a650 DEOPT UNPACKING pc=0x00000200c8247143 sp=0x000000868f8f98e8 mode 0
Event: 24.945 Thread 0x00000200bd65a650 DEOPT PACKING pc=0x00000200c1037a02 sp=0x000000868f8fa310
Event: 24.945 Thread 0x00000200bd65a650 DEOPT UNPACKING pc=0x00000200c8247143 sp=0x000000868f8f97b0 mode 0
Event: 25.115 Thread 0x00000200bd65a650 Uncommon trap: trap_request=0xffffff45 fr.pc=0x00000200c89c759c relative=0x000000000000009c
Event: 25.115 Thread 0x00000200bd65a650 Uncommon trap: reason=unstable_if action=reinterpret pc=0x00000200c89c759c method=java.lang.CharacterDataLatin1.digit(II)I @ 7 c2
Event: 25.115 Thread 0x00000200bd65a650 DEOPT PACKING pc=0x00000200c89c759c sp=0x000000868f8f8820
Event: 25.115 Thread 0x00000200bd65a650 DEOPT UNPACKING pc=0x00000200c82469a3 sp=0x000000868f8f87a0 mode 2
Event: 25.339 Thread 0x00000200bd65a650 DEOPT PACKING pc=0x00000200c11f6965 sp=0x000000868f8f6790
Event: 25.339 Thread 0x00000200bd65a650 DEOPT UNPACKING pc=0x00000200c8247143 sp=0x000000868f8f5c18 mode 0
Event: 25.661 Thread 0x00000200bd65a650 DEOPT PACKING pc=0x00000200c0df98c3 sp=0x000000868f8f8440
Event: 25.661 Thread 0x00000200bd65a650 DEOPT UNPACKING pc=0x00000200c8247143 sp=0x000000868f8f7960 mode 0

Classes unloaded (0 events):
No events

Classes redefined (0 events):
No events

Internal exceptions (20 events):
Event: 25.349 Thread 0x00000200bd65a650 Exception <a 'java/lang/ClassNotFoundException'{0x0000000083668140}: groovy/util/NodeListBeanInfo> (0x0000000083668140) 
thrown [s\src\hotspot\share\classfile\systemDictionary.cpp, line 256]
Event: 25.370 Thread 0x00000200bd65a650 Exception <a 'java/lang/ClassNotFoundException'{0x00000000835e5a10}: groovy/util/NodeListCustomizer> (0x00000000835e5a10) 
thrown [s\src\hotspot\share\classfile\systemDictionary.cpp, line 256]
Event: 25.464 Thread 0x00000200bd65a650 Exception <a 'java/lang/ClassNotFoundException'{0x0000000085b83b60}: Script1BeanInfo> (0x0000000085b83b60) 
thrown [s\src\hotspot\share\classfile\systemDictionary.cpp, line 256]
Event: 25.475 Thread 0x00000200bd65a650 Exception <a 'java/lang/ClassNotFoundException'{0x0000000085bc7c00}: Script1Customizer> (0x0000000085bc7c00) 
thrown [s\src\hotspot\share\classfile\systemDictionary.cpp, line 256]
Event: 25.504 Thread 0x00000200bd65a650 Exception <a 'java/lang/ClassNotFoundException'{0x0000000085aa9ba8}: Script2BeanInfo> (0x0000000085aa9ba8) 
thrown [s\src\hotspot\share\classfile\systemDictionary.cpp, line 256]
Event: 25.520 Thread 0x00000200bd65a650 Exception <a 'java/lang/ClassNotFoundException'{0x0000000085aedc48}: Script2Customizer> (0x0000000085aedc48) 
thrown [s\src\hotspot\share\classfile\systemDictionary.cpp, line 256]
Event: 25.557 Thread 0x00000200bd65a650 Exception <a 'java/lang/ClassNotFoundException'{0x00000000859cf090}: Script3BeanInfo> (0x00000000859cf090) 
thrown [s\src\hotspot\share\classfile\systemDictionary.cpp, line 256]
Event: 25.569 Thread 0x00000200bd65a650 Exception <a 'java/lang/ClassNotFoundException'{0x00000000858135e8}: Script3Customizer> (0x00000000858135e8) 
thrown [s\src\hotspot\share\classfile\systemDictionary.cpp, line 256]
Event: 25.602 Thread 0x00000200bd65a650 Exception <a 'java/lang/ClassNotFoundException'{0x00000000858f4868}: Script4BeanInfo> (0x00000000858f4868) 
thrown [s\src\hotspot\share\classfile\systemDictionary.cpp, line 256]
Event: 25.614 Thread 0x00000200bd65a650 Exception <a 'java/lang/ClassNotFoundException'{0x0000000085738da0}: Script4Customizer> (0x0000000085738da0) 
thrown [s\src\hotspot\share\classfile\systemDictionary.cpp, line 256]
Event: 25.646 Thread 0x00000200bd65a650 Exception <a 'java/lang/ClassNotFoundException'{0x000000008561a9f0}: Script5BeanInfo> (0x000000008561a9f0) 
thrown [s\src\hotspot\share\classfile\systemDictionary.cpp, line 256]
Event: 25.658 Thread 0x00000200bd65a650 Exception <a 'java/lang/ClassNotFoundException'{0x000000008565ea90}: Script5Customizer> (0x000000008565ea90) 
thrown [s\src\hotspot\share\classfile\systemDictionary.cpp, line 256]
Event: 25.696 Thread 0x00000200bd65a650 Exception <a 'java/lang/ClassNotFoundException'{0x000000008553f9e0}: Script6BeanInfo> (0x000000008553f9e0) 
thrown [s\src\hotspot\share\classfile\systemDictionary.cpp, line 256]
Event: 25.728 Thread 0x00000200bd65a650 Exception <a 'java/lang/ClassNotFoundException'{0x0000000085583d40}: Script6Customizer> (0x0000000085583d40) 
thrown [s\src\hotspot\share\classfile\systemDictionary.cpp, line 256]
Event: 25.770 Thread 0x00000200bd65a650 Exception <a 'java/lang/ClassNotFoundException'{0x00000000854649a8}: Script7BeanInfo> (0x00000000854649a8) 
thrown [s\src\hotspot\share\classfile\systemDictionary.cpp, line 256]
Event: 25.782 Thread 0x00000200bd65a650 Exception <a 'java/lang/ClassNotFoundException'{0x00000000854a8c88}: Script7Customizer> (0x00000000854a8c88) 
thrown [s\src\hotspot\share\classfile\systemDictionary.cpp, line 256]
Event: 25.814 Thread 0x00000200bd65a650 Exception <a 'java/lang/ClassNotFoundException'{0x000000008538b2c0}: Script8BeanInfo> (0x000000008538b2c0) 
thrown [s\src\hotspot\share\classfile\systemDictionary.cpp, line 256]
Event: 25.824 Thread 0x00000200bd65a650 Exception <a 'java/lang/ClassNotFoundException'{0x00000000853cf360}: Script8Customizer> (0x00000000853cf360) 
thrown [s\src\hotspot\share\classfile\systemDictionary.cpp, line 256]
Event: 25.871 Thread 0x00000200bd65a650 Exception <a 'java/lang/ClassNotFoundException'{0x00000000851fca70}: com/kms/katalon/core/webui/keyword/builtin/NavigateToUrlKeywordBeanInfo> (0x00000000851fca70) 
thrown [s\src\hotspot\share\classfile\systemDictionary.cpp, line 256]
Event: 25.880 Thread 0x00000200bd65a650 Exception <a 'java/lang/ClassNotFoundException'{0x0000000085037f58}: com/kms/katalon/core/webui/keyword/builtin/NavigateToUrlKeywordCustomizer> (0x0000000085037f58) 
thrown [s\src\hotspot\share\classfile\systemDictionary.cpp, line 256]

VM Operations (20 events):
Event: 19.165 Executing VM operation: HandshakeAllThreads done
Event: 19.167 Executing VM operation: HandshakeAllThreads
Event: 19.167 Executing VM operation: HandshakeAllThreads done
Event: 19.171 Executing VM operation: HandshakeAllThreads
Event: 19.171 Executing VM operation: HandshakeAllThreads done
Event: 20.183 Executing VM operation: Cleanup
Event: 20.183 Executing VM operation: Cleanup done
Event: 24.200 Executing VM operation: Cleanup
Event: 24.200 Executing VM operation: Cleanup done
Event: 24.564 Executing VM operation: HandshakeAllThreads
Event: 24.564 Executing VM operation: HandshakeAllThreads done
Event: 25.321 Executing VM operation: HandshakeAllThreads
Event: 25.321 Executing VM operation: HandshakeAllThreads done
Event: 25.321 Executing VM operation: Cleanup
Event: 25.327 Executing VM operation: Cleanup done
Event: 25.379 Executing VM operation: G1CollectForAllocation
Event: 25.401 Executing VM operation: G1CollectForAllocation done
Event: 26.401 Executing VM operation: Cleanup
Event: 26.401 Executing VM operation: Cleanup done
Event: 28.402 Executing VM operation: Cleanup

Events (20 events):
Event: 19.795 loading class jdk/internal/icu/impl/Trie2$1 done
Event: 19.795 loading class jdk/internal/icu/impl/Trie2$UTrie2Header
Event: 19.795 loading class jdk/internal/icu/impl/Trie2$UTrie2Header done
Event: 19.852 loading class java/net/ProtocolException
Event: 19.852 loading class java/net/ProtocolException done
Event: 19.853 loading class java/net/HttpRetryException
Event: 19.854 loading class java/net/HttpRetryException done
Event: 19.885 loading class java/net/UnknownServiceException
Event: 19.885 loading class java/net/UnknownServiceException done
Event: 19.909 Thread 0x00000200dbdf0a80 Thread added: 0x00000200dbdf0a80
Event: 19.923 Thread 0x00000200dbdf05b0 Thread added: 0x00000200dbdf05b0
Event: 24.187 Thread 0x00000200dee0f570 Thread exited: 0x00000200dee0f570
Event: 24.508 loading class java/util/UUID$Holder
Event: 24.509 loading class java/util/UUID$Holder done
Event: 24.890 loading class java/lang/StackTraceElement$HashedModules
Event: 24.890 loading class java/lang/StackTraceElement$HashedModules done
Event: 25.104 loading class javax/xml/parsers/ParserConfigurationException
Event: 25.105 loading class javax/xml/parsers/ParserConfigurationException done
Event: 25.896 loading class sun/net/www/protocol/https/Handler
Event: 25.897 loading class sun/net/www/protocol/https/Handler done


Dynamic libraries:
0x00007ff707360000 - 0x00007ff70736e000 	C:\Users\W I N D O W S\.katalon\packages\Katalon_Studio_Windows_64-9.5.0\Katalon_Studio_Windows_64-9.5.0\jre\bin\javaw.exe
0x00007ffae2390000 - 0x00007ffae2588000 	C:\Windows\SYSTEM32\ntdll.dll
0x00007ffae2280000 - 0x00007ffae2342000 	C:\Windows\System32\KERNEL32.DLL
0x00007ffadfb80000 - 0x00007ffadfe76000 	C:\Windows\System32\KERNELBASE.dll
0x00007ffae0140000 - 0x00007ffae0240000 	C:\Windows\System32\ucrtbase.dll
0x00007ffacc0d0000 - 0x00007ffacc0e7000 	C:\Users\W I N D O W S\.katalon\packages\Katalon_Studio_Windows_64-9.5.0\Katalon_Studio_Windows_64-9.5.0\jre\bin\jli.dll
0x00007ffae1060000 - 0x00007ffae11fd000 	C:\Windows\System32\USER32.dll
0x00007ffae02d0000 - 0x00007ffae02f2000 	C:\Windows\System32\win32u.dll
0x00007ffae03b0000 - 0x00007ffae03db000 	C:\Windows\System32\GDI32.dll
0x00007ffadff50000 - 0x00007ffae006a000 	C:\Windows\System32\gdi32full.dll
0x00007ffae0070000 - 0x00007ffae010d000 	C:\Windows\System32\msvcp_win.dll
0x00007fface6c0000 - 0x00007fface95a000 	C:\Windows\WinSxS\amd64_microsoft.windows.common-controls_6595b64144ccf1df_6.0.19041.4355_none_60b8b9eb71f62e16\COMCTL32.dll
0x00007ffae0da0000 - 0x00007ffae0e3e000 	C:\Windows\System32\msvcrt.dll
0x00007ffacbc40000 - 0x00007ffacbc59000 	C:\Users\W I N D O W S\.katalon\packages\Katalon_Studio_Windows_64-9.5.0\Katalon_Studio_Windows_64-9.5.0\jre\bin\VCRUNTIME140.dll
0x00007ffae0d70000 - 0x00007ffae0d9f000 	C:\Windows\System32\IMM32.DLL
0x00007ffad8320000 - 0x00007ffad832c000 	C:\Users\W I N D O W S\.katalon\packages\Katalon_Studio_Windows_64-9.5.0\Katalon_Studio_Windows_64-9.5.0\jre\bin\vcruntime140_1.dll
0x00007ffacae10000 - 0x00007ffacaea1000 	C:\Users\W I N D O W S\.katalon\packages\Katalon_Studio_Windows_64-9.5.0\Katalon_Studio_Windows_64-9.5.0\jre\bin\msvcp140.dll
0x00007ffa82880000 - 0x00007ffa834c8000 	C:\Users\W I N D O W S\.katalon\packages\Katalon_Studio_Windows_64-9.5.0\Katalon_Studio_Windows_64-9.5.0\jre\bin\server\jvm.dll
0x00007ffae1950000 - 0x00007ffae19ff000 	C:\Windows\System32\ADVAPI32.dll
0x00007ffae2170000 - 0x00007ffae220f000 	C:\Windows\System32\sechost.dll
0x00007ffae0910000 - 0x00007ffae0a33000 	C:\Windows\System32\RPCRT4.dll
0x00007ffae0110000 - 0x00007ffae0137000 	C:\Windows\System32\bcrypt.dll
0x00007ffadbaf0000 - 0x00007ffadbaf9000 	C:\Windows\SYSTEM32\WSOCK32.dll
0x00007ffae2210000 - 0x00007ffae227b000 	C:\Windows\System32\WS2_32.dll
0x00007ffacc750000 - 0x00007ffacc777000 	C:\Windows\SYSTEM32\WINMM.dll
0x00007ffad78f0000 - 0x00007ffad78fa000 	C:\Windows\SYSTEM32\VERSION.dll
0x00007ffadd8a0000 - 0x00007ffadd8b2000 	C:\Windows\SYSTEM32\kernel.appcore.dll
0x00007ffadb870000 - 0x00007ffadb87a000 	C:\Users\W I N D O W S\.katalon\packages\Katalon_Studio_Windows_64-9.5.0\Katalon_Studio_Windows_64-9.5.0\jre\bin\jimage.dll
0x00007ffac4690000 - 0x00007ffac4874000 	C:\Windows\SYSTEM32\DBGHELP.DLL
0x00007ffac1b10000 - 0x00007ffac1b44000 	C:\Windows\SYSTEM32\dbgcore.DLL
0x00007ffae0240000 - 0x00007ffae02c2000 	C:\Windows\System32\bcryptPrimitives.dll
0x00007ffacd2e0000 - 0x00007ffacd305000 	C:\Users\W I N D O W S\.katalon\packages\Katalon_Studio_Windows_64-9.5.0\Katalon_Studio_Windows_64-9.5.0\jre\bin\java.dll
0x00007ffacf5d0000 - 0x00007ffacf5e8000 	C:\Users\W I N D O W S\.katalon\packages\Katalon_Studio_Windows_64-9.5.0\Katalon_Studio_Windows_64-9.5.0\jre\bin\zip.dll
0x00007ffae1a00000 - 0x00007ffae216f000 	C:\Windows\System32\SHELL32.dll
0x00007ffaddaa0000 - 0x00007ffade243000 	C:\Windows\SYSTEM32\windows.storage.dll
0x00007ffae05b0000 - 0x00007ffae0905000 	C:\Windows\System32\combase.dll
0x00007ffadf450000 - 0x00007ffadf47b000 	C:\Windows\SYSTEM32\Wldp.dll
0x00007ffae04d0000 - 0x00007ffae059d000 	C:\Windows\System32\OLEAUT32.dll
0x00007ffae0ca0000 - 0x00007ffae0d4d000 	C:\Windows\System32\SHCORE.dll
0x00007ffae03e0000 - 0x00007ffae0435000 	C:\Windows\System32\shlwapi.dll
0x00007ffadf950000 - 0x00007ffadf975000 	C:\Windows\SYSTEM32\profapi.dll
0x00007ffacea30000 - 0x00007ffacea49000 	C:\Users\W I N D O W S\.katalon\packages\Katalon_Studio_Windows_64-9.5.0\Katalon_Studio_Windows_64-9.5.0\jre\bin\net.dll
0x00007ffad7390000 - 0x00007ffad749a000 	C:\Windows\SYSTEM32\WINHTTP.dll
0x00007ffadf1b0000 - 0x00007ffadf21c000 	C:\Windows\system32\mswsock.dll
0x00007fface970000 - 0x00007fface985000 	C:\Users\W I N D O W S\.katalon\packages\Katalon_Studio_Windows_64-9.5.0\Katalon_Studio_Windows_64-9.5.0\jre\bin\nio.dll
0x00007ffad8330000 - 0x00007ffad8340000 	C:\Users\W I N D O W S\.katalon\packages\Katalon_Studio_Windows_64-9.5.0\Katalon_Studio_Windows_64-9.5.0\jre\bin\verify.dll
0x00007ffadee90000 - 0x00007ffadef5a000 	C:\Windows\SYSTEM32\DNSAPI.dll
0x00007ffadee40000 - 0x00007ffadee7b000 	C:\Windows\SYSTEM32\IPHLPAPI.DLL
0x00007ffae0e40000 - 0x00007ffae0e48000 	C:\Windows\System32\NSI.dll
0x0000000054240000 - 0x0000000054266000 	C:\Program Files\Bonjour\mdnsNSP.dll
0x00007ffad8310000 - 0x00007ffad831a000 	C:\Windows\System32\rasadhlp.dll
0x00007ffac8130000 - 0x00007ffac81b0000 	C:\Windows\System32\fwpuclnt.dll
0x00007ffad7900000 - 0x00007ffad790e000 	C:\Users\W I N D O W S\.katalon\packages\Katalon_Studio_Windows_64-9.5.0\Katalon_Studio_Windows_64-9.5.0\jre\bin\sunmscapi.dll
0x00007ffadfa20000 - 0x00007ffadfb7d000 	C:\Windows\System32\CRYPT32.dll
0x00007ffadf4c0000 - 0x00007ffadf4e7000 	C:\Windows\SYSTEM32\ncrypt.dll
0x00007ffadf480000 - 0x00007ffadf4bb000 	C:\Windows\SYSTEM32\NTASN1.dll
0x00007ffadf3b0000 - 0x00007ffadf3c8000 	C:\Windows\SYSTEM32\CRYPTSP.dll
0x00007ffadea60000 - 0x00007ffadea98000 	C:\Windows\system32\rsaenh.dll
0x00007ffadf8d0000 - 0x00007ffadf8fe000 	C:\Windows\SYSTEM32\USERENV.dll
0x00007ffadf3a0000 - 0x00007ffadf3ac000 	C:\Windows\SYSTEM32\CRYPTBASE.dll
0x00007ffad6700000 - 0x00007ffad6717000 	C:\Windows\SYSTEM32\dhcpcsvc6.DLL
0x00007ffad7320000 - 0x00007ffad733d000 	C:\Windows\SYSTEM32\dhcpcsvc.DLL

dbghelp: loaded successfully - version: 4.0.5 - missing functions: none
symbol engine: initialized successfully - sym options: 0x614 - pdb path: .;C:\Users\W I N D O W S\.katalon\packages\Katalon_Studio_Windows_64-9.5.0\Katalon_Studio_Windows_64-9.5.0\jre\bin;C:\Windows\SYSTEM32;C:\Windows\WinSxS\amd64_microsoft.windows.common-controls_6595b64144ccf1df_6.0.19041.4355_none_60b8b9eb71f62e16;C:\Users\W I N D O W S\.katalon\packages\Katalon_Studio_Windows_64-9.5.0\Katalon_Studio_Windows_64-9.5.0\jre\bin\server;C:\Program Files\Bonjour

VM Arguments:
jvm_args: -Dgroovy.home=C:\Users\W I N D O W S/.groovy -Djava.system.class.loader=groovy.lang.GroovyClassLoader -Xmx2048m -Dfile.encoding=UTF-8 -XX:+ShowCodeDetailsInExceptionMessages 
java_command: org.codehaus.groovy.tools.GroovyStarter --classpath C:\Users\W I N D O W S\Katalon Studio\coba_1\bin\keyword;C:\Users\W I N D O W S\Katalon Studio\coba_1\Keywords;C:\Users\W I N D O W S\Katalon Studio\coba_1\bin\listener;C:\Users\W I N D O W S\Katalon Studio\coba_1\Test Listeners;C:\Users\W I N D O W S\Katalon Studio\coba_1\bin\lib;C:\Users\W I N D O W S\Katalon Studio\coba_1\Libs;C:\Users\W I N D O W S\Katalon Studio\coba_1\bin\groovy;C:\Users\W I N D O W S\Katalon Studio\coba_1\Include\scripts\groovy;C:\Users\W I N D O W S\.katalon\packages\Katalon_Studio_Windows_64-9.5.0\Katalon_Studio_Windows_64-9.5.0\plugins\com.kms.katalon.core_1.0.0.202405290758.jar;C:\Users\W I N D O W S\.katalon\packages\Katalon_Studio_Windows_64-9.5.0\Katalon_Studio_Windows_64-9.5.0\configuration\resources\lib\aalto-xml-1.0.0.jar;C:\Users\W I N D O W S\.katalon\packages\Katalon_Studio_Windows_64-9.5.0\Katalon_Studio_Windows_64-9.5.0\configuration\resources\lib\aspectjweaver-1.9.1.jar;C:\Users\W I N D O W S\.katalon\packages\Katalon_Studio_Windows_64-9.5.0\Katalon_Studio_Windows_64-9.5.0\configuration\resources\lib\bcpkix-jdk15on-1.64.jar;C:\Users\W I N D O W S\.katalon\packages\Katalon_Studio_Windows_64-9.5.0\Katalon_Studio_Windows_64-9.5.0\configuration\resources\lib\bcprov-jdk15on-1.64.jar;C:\Users\W I N D O W S\.katalon\packages\Katalon_Studio_Windows_64-9.5.0\Katalon_Studio_Windows_64-9.5.0\configuration\resources\lib\browsermob-core-2.1.5.jar;C:\Users\W I N D O W S\.katalon\packages\Katalon_Studio_Windows_64-9.5.0\Katalon_Studio_Windows_64-9.5.0\configuration\resources\lib\byte-buddy-1.14.3.jar;C:\Users\W I N D O W S\.katalon\packages\Katalon_Studio_Windows_64-9.5.0\Katalon_Studio_Windows_64-9.5.0\configuration\resources\lib\byte-buddy-agent-1.14.3.jar;C:\Users\W I N D O W S\.katalon\packages\Katalon_Studio_Windows_64-9.5.0\Katalon_Studio_Windows_64-9.5.0\configuration\resources\lib\cglib-3.2.10.jar;C:\Users\W I N D O W S\.katalon\packages\Katalon_Studio_Windows_64-9.5
java_class_path (initial): C:\Users\W I N D O W S\Katalon Studio\coba_1\bin\keyword;C:\Users\W I N D O W S\Katalon Studio\coba_1\bin\listener;C:\Users\W I N D O W S\Katalon Studio\coba_1\bin\lib;C:\Users\W I N D O W S\Katalon Studio\coba_1\bin\groovy;C:\Users\W I N D O W S\Katalon Studio\coba_1\bin;C:\Users\W I N D O W S\.katalon\packages\Katalon_Studio_Windows_64-9.5.0\Katalon_Studio_Windows_64-9.5.0\plugins\com.kms.katalon.core_1.0.0.202405290758.jar;C:\Users\W I N D O W S\.katalon\packages\Katalon_Studio_Windows_64-9.5.0\Katalon_Studio_Windows_64-9.5.0\configuration\resources\lib\aalto-xml-1.0.0.jar;C:\Users\W I N D O W S\.katalon\packages\Katalon_Studio_Windows_64-9.5.0\Katalon_Studio_Windows_64-9.5.0\configuration\resources\lib\aspectjweaver-1.9.1.jar;C:\Users\W I N D O W S\.katalon\packages\Katalon_Studio_Windows_64-9.5.0\Katalon_Studio_Windows_64-9.5.0\configuration\resources\lib\bcpkix-jdk15on-1.64.jar;C:\Users\W I N D O W S\.katalon\packages\Katalon_Studio_Windows_64-9.5.0\Katalon_Studio_Windows_64-9.5.0\configuration\resources\lib\bcprov-jdk15on-1.64.jar;C:\Users\W I N D O W S\.katalon\packages\Katalon_Studio_Windows_64-9.5.0\Katalon_Studio_Windows_64-9.5.0\configuration\resources\lib\browsermob-core-2.1.5.jar;C:\Users\W I N D O W S\.katalon\packages\Katalon_Studio_Windows_64-9.5.0\Katalon_Studio_Windows_64-9.5.0\configuration\resources\lib\byte-buddy-1.14.3.jar;C:\Users\W I N D O W S\.katalon\packages\Katalon_Studio_Windows_64-9.5.0\Katalon_Studio_Windows_64-9.5.0\configuration\resources\lib\byte-buddy-agent-1.14.3.jar;C:\Users\W I N D O W S\.katalon\packages\Katalon_Studio_Windows_64-9.5.0\Katalon_Studio_Windows_64-9.5.0\configuration\resources\lib\cglib-3.2.10.jar;C:\Users\W I N D O W S\.katalon\packages\Katalon_Studio_Windows_64-9.5.0\Katalon_Studio_Windows_64-9.5.0\configuration\resources\lib\commons-codec-1.10.jar;C:\Users\W I N D O W S\.katalon\packages\Katalon_Studio_Windows_64-9.5.0\Katalon_Studio_Windows_64-9.5.0\configuration\resources\lib\com
Launcher Type: SUN_STANDARD

[Global flags]
     intx CICompilerCount                          = 3                                         {product} {ergonomic}
     uint ConcGCThreads                            = 1                                         {product} {ergonomic}
     uint G1ConcRefinementThreads                  = 4                                         {product} {ergonomic}
   size_t G1HeapRegionSize                         = 1048576                                   {product} {ergonomic}
    uintx GCDrainStackTargetSize                   = 64                                        {product} {ergonomic}
   size_t InitialHeapSize                          = 67108864                                  {product} {ergonomic}
   size_t MarkStackSize                            = 4194304                                   {product} {ergonomic}
   size_t MaxHeapSize                              = 2147483648                                {product} {command line}
   size_t MaxNewSize                               = 1287651328                                {product} {ergonomic}
   size_t MinHeapDeltaBytes                        = 1048576                                   {product} {ergonomic}
   size_t MinHeapSize                              = 8388608                                   {product} {ergonomic}
    uintx NonNMethodCodeHeapSize                   = 5832780                                {pd product} {ergonomic}
    uintx NonProfiledCodeHeapSize                  = 122912730                              {pd product} {ergonomic}
    uintx ProfiledCodeHeapSize                     = 122912730                              {pd product} {ergonomic}
    uintx ReservedCodeCacheSize                    = 251658240                              {pd product} {ergonomic}
     bool SegmentedCodeCache                       = true                                      {product} {ergonomic}
     bool ShowCodeDetailsInExceptionMessages       = true                                   {manageable} {command line}
   size_t SoftMaxHeapSize                          = 2147483648                             {manageable} {ergonomic}
     bool UseCompressedClassPointers               = true                           {product lp64_product} {ergonomic}
     bool UseCompressedOops                        = true                           {product lp64_product} {ergonomic}
     bool UseG1GC                                  = true                                      {product} {ergonomic}
     bool UseLargePagesIndividualAllocation        = false                                  {pd product} {ergonomic}

Logging:
Log output configuration:
 #0: stdout all=warning uptime,level,tags
 #1: stderr all=off uptime,level,tags

Environment Variables:
PATH=C:/Users/W I N D O W S/.katalon/packages/Katalon_Studio_Windows_64-9.5.0/Katalon_Studio_Windows_64-9.5.0/jre/bin/server;C:/Users/W I N D O W S/.katalon/packages/Katalon_Studio_Windows_64-9.5.0/Katalon_Studio_Windows_64-9.5.0/jre/bin;C:\Program Files\Eclipse Adoptium\jdk-17.0.3.7-hotspot\bin;C:\Program Files (x86)\Intel\iCLS Client\;C:\Program Files\Intel\iCLS Client\;C:\Program Files (x86)\Common Files\Oracle\Java\javapath;C:\Windows\system32;C:\Windows;C:\Windows\System32\Wbem;C:\Windows\System32\WindowsPowerShell\v1.0\;C:\Windows\System32\OpenSSH\;C:\Program Files (x86)\Intel\Intel(R) Management Engine Components\DAL;C:\Program Files\Intel\Intel(R) Management Engine Components\DAL;C:\Program Files (x86)\Intel\Intel(R) Management Engine Components\IPT;C:\Program Files\Intel\Intel(R) Management Engine Components\IPT;D:\flutter\flutter\flutter_windows_2.10.5-stable\flutter\bin;C:\Program Files\Git\cmd;C:\xampp\php;C:\ProgramData\ComposerSetup\bin;D:\chromedriver-win64;C:\Users\W I N D O W S\AppData\Local\Programs\Python\Python312\Scripts\;C:\Users\W I N D O W S\AppData\Local\Programs\Python\Python312\;C:\Users\W I N D O W S\AppData\Local\Programs\Python\Launcher\;C:\Users\W I N D O W S\AppData\Local\Microsoft\WindowsApps;C:\Users\W I N D O W S\AppData\Local\GitHubDesktop\bin;C:\Users\W I N D O W S\AppData\Roaming\Composer\vendor\bin;C:\Users\W I N D O W S\AppData\Local\Programs\Microsoft VS Code\bin;D:\flutter\flutter\flutter_windows_2.10.5-stable\flutter\bin;;C:\Users\W I N D O W S\.katalon\packages\Katalon_Studio_Windows_64-9.5.0\Katalon_Studio_Windows_64-9.5.0;
USERNAME=W I N D O W S
OS=Windows_NT
PROCESSOR_IDENTIFIER=Intel64 Family 6 Model 61 Stepping 4, GenuineIntel
TMP=C:\Users\WINDOW~1\AppData\Local\Temp
TEMP=C:\Users\WINDOW~1\AppData\Local\Temp



---------------  S Y S T E M  ---------------

OS:
 Windows 10 , 64 bit Build 19041 (10.0.19041.5678)
OS uptime: 0 days 3:05 hours

CPU: total 4 (initial active 4) (2 cores per cpu, 2 threads per core) family 6 model 61 stepping 4 microcode 0x2d, cx8, cmov, fxsr, ht, mmx, 3dnowpref, sse, sse2, sse3, ssse3, sse4.1, sse4.2, popcnt, lzcnt, tsc, tscinvbit, avx, avx2, aes, erms, clmul, bmi1, bmi2, adx, fma, vzeroupper, clflush

Memory: 4k page, system-wide physical 4018M (210M free)
TotalPageFile size 9870M (AvailPageFile size 4M)
current process WorkingSet (physical memory assigned to process): 185M, peak: 236M
current process commit charge ("private bytes"): 244M, peak: 269M

vm_info: OpenJDK 64-Bit Server VM (17.0.7+7) for windows-amd64 JRE (17.0.7+7), built on Apr 18 2023 22:10:42 by "temurin" with MS VC++ 16.7 (VS2019)

END.
