#
# There is insufficient memory for the Java Runtime Environment to continue.
# Native memory allocation (malloc) failed to allocate 967616 bytes. Error detail: Chunk::new
# Possible reasons:
#   The system is out of physical RAM or swap space
#   This process is running with CompressedOops enabled, and the Java Heap may be blocking the growth of the native heap
# Possible solutions:
#   Reduce memory load on the system
#   Increase physical memory or swap space
#   Check if swap backing store is full
#   Decrease Java heap size (-Xmx/-Xms)
#   Decrease number of Java threads
#   Decrease Java thread stack sizes (-Xss)
#   Set larger code cache with -XX:ReservedCodeCacheSize=
#   JVM is running with Unscaled Compressed Oops mode in which the Java heap is
#     placed in the first 4GB address space. The Java Heap base address is the
#     maximum limit for the native heap growth. Please use -XX:HeapBaseMinAddress
#     to set the Java Heap base and to place the Java Heap above 4GB virtual address.
# This output file may be truncated or incomplete.
#
#  Out of Memory Error (arena.cpp:191), pid=14968, tid=11088
#
# JRE version: OpenJDK Runtime Environment Temurin-17.0.14+7 (17.0.14+7) (build 17.0.14+7)
# Java VM: OpenJDK 64-Bit Server VM Temurin-17.0.14+7 (17.0.14+7, mixed mode, tiered, compressed oops, compressed class ptrs, g1 gc, windows-amd64)
# No core dump will be written. Minidumps are not enabled by default on client versions of Windows
#

---------------  S U M M A R Y ------------

Command Line: -Dgroovy.home=C:\Users\W I N D O W S/.groovy -Djava.system.class.loader=groovy.lang.GroovyClassLoader -Xmx2048m -Dfile.encoding=UTF-8 -XX:+ShowCodeDetailsInExceptionMessages org.codehaus.groovy.tools.GroovyStarter --classpath C:\Users\W I N D O W S\Katalon Studio\coba_1\bin\keyword;C:\Users\W I N D O W S\Katalon Studio\coba_1\Keywords;C:\Users\W I N D O W S\Katalon Studio\coba_1\bin\listener;C:\Users\W I N D O W S\Katalon Studio\coba_1\Test Listeners;C:\Users\W I N D O W S\Katalon Studio\coba_1\bin\lib;C:\Users\W I N D O W S\Katalon Studio\coba_1\Libs;C:\Users\W I N D O W S\Katalon Studio\coba_1\bin\groovy;C:\Users\W I N D O W S\Katalon Studio\coba_1\Include\scripts\groovy;C:\Users\W I N D O W S\.katalon\packages\KS-10.1.1\plugins\com.kms.katalon.core_1.0.0.202503120557.jar;C:\Users\W I N D O W S\.katalon\packages\KS-10.1.1\configuration\resources\lib\aalto-xml-1.0.0.jar;C:\Users\W I N D O W S\.katalon\packages\KS-10.1.1\configuration\resources\lib\aspectjweaver-1.9.1.jar;C:\Users\W I N D O W S\.katalon\packages\KS-10.1.1\configuration\resources\lib\aws-2.20.3-fat.jar;C:\Users\W I N D O W S\.katalon\packages\KS-10.1.1\configuration\resources\lib\bcpkix-jdk15on-1.64.jar;C:\Users\W I N D O W S\.katalon\packages\KS-10.1.1\configuration\resources\lib\bcprov-jdk15on-1.64.jar;C:\Users\W I N D O W S\.katalon\packages\KS-10.1.1\configuration\resources\lib\browsermob-core-2.1.5.jar;C:\Users\W I N D O W S\.katalon\packages\KS-10.1.1\configuration\resources\lib\byte-buddy-1.14.3.jar;C:\Users\W I N D O W S\.katalon\packages\KS-10.1.1\configuration\resources\lib\byte-buddy-agent-1.14.3.jar;C:\Users\W I N D O W S\.katalon\packages\KS-10.1.1\configuration\resources\lib\cglib-3.2.10.jar;C:\Users\W I N D O W S\.katalon\packages\KS-10.1.1\configuration\resources\lib\commons-codec-1.10.jar;C:\Users\W I N D O W S\.katalon\packages\KS-10.1.1\configuration\resources\lib\commons-collections4-4.1.jar;C:\Users\W I N D O W S\.katalon\packages\KS-10.1.1\configuration\resources\lib\commons-validator-1.6.jar;C:\Users\W I N D O W S\.katalon\packages\KS-10.1.1\configuration\resources\lib\curvesapi-1.04.jar;C:\Users\W I N D O W S\.katalon\packages\KS-10.1.1\configuration\resources\lib\dnsjava-3.6.2.jar;C:\Users\W I N D O W S\.katalon\packages\KS-10.1.1\configuration\resources\lib\groovy-3.0.17.jar;C:\Users\W I N D O W S\.katalon\packages\KS-10.1.1\configuration\resources\lib\jackson-coreutils-2.0.jar;C:\Users\W I N D O W S\.katalon\packages\KS-10.1.1\configuration\resources\lib\jackson-coreutils-equivalence-1.0.jar;C:\Users\W I N D O W S\.katalon\packages\KS-10.1.1\configuration\resources\lib\java-client-9.2.3.jar;C:\Users\W I N D O W S\.katalon\packages\KS-10.1.1\configuration\resources\lib\javax.servlet-api_3.1.0.jar;C:\Users\W I N D O W S\.katalon\packages\KS-10.1.1\configuration\resources\lib\jna-5.12.1.jar;C:\Users\W I N D O W S\.katalon\packages\KS-10.1.1\configuration\resources\lib\jna-platform-5.12.1.jar;C:\Users\W I N D O W S\.katalon\packages\KS-10.1.1\configuration\resources\lib\json-schema-core-1.2.14.jar;C:\Users\W I N D O W S\.katalon\packages\KS-10.1.1\configuration\resources\lib\json-schema-validator-2.2.14.jar;C:\Users\W I N D O W S\.katalon\packages\KS-10.1.1\configuration\resources\lib\jzlib-1.1.3.jar;C:\Users\W I N D O W S\.katalon\packages\KS-10.1.1\configuration\resources\lib\kat-server.jar;C:\Users\W I N D O W S\.katalon\packages\KS-10.1.1\configuration\resources\lib\littleproxy-1.1.0-beta-bmp-17.jar;C:\Users\W I N D O W S\.katalon\packages\KS-10.1.1\configuration\resources\lib\log4j-1.2-api-2.17.1.jar;C:\Users\W I N D O W S\.katalon\packages\KS-10.1.1\configuration\resources\lib\log4j-api-2.17.1.jar;C:\Users\W I N D O W S\.katalon\packages\KS-10.1.1\configuration\resources\lib\log4j-core-2.17.1.jar;C:\Users\W I N D O W S\.katalon\packages\KS-10.1.1\configuration\resources\lib\mitm-2.1.5.jar;C:\Users\W I N D O W S\.katalon\packages\KS-10.1.1\configuration\resources\lib\mockito-core-5.2.0.jar;C:\Users\W I N D O W S\.katalon\packages\KS-10.1.1\configuration\resources\lib\mockito-inline-5.2.0.jar;C:\Users\W I N D O W S\.katalon\packages\KS-10.1.1\configuration\resources\lib\netty-all-4.1.109.Final.jar;C:\Users\W I N D O W S\.katalon\packages\KS-10.1.1\configuration\resources\lib\objenesis-3.3.jar;C:\Users\W I N D O W S\.katalon\packages\KS-10.1.1\configuration\resources\lib\poi-3.17.jar;C:\Users\W I N D O W S\.katalon\packages\KS-10.1.1\configuration\resources\lib\poi-ooxml-3.17.jar;C:\Users\W I N D O W S\.katalon\packages\KS-10.1.1\configuration\resources\lib\poi-ooxml-schemas-3.17.jar;C:\Users\W I N D O W S\.katalon\packages\KS-10.1.1\configuration\resources\lib\proxy-vole-1.1.5-jar-with-dependencies.jar;C:\Users\W I N D O W S\.katalon\packages\KS-10.1.1\configuration\resources\lib\repackaged-sikuli-api-1.0.2-standalone.jar;C:\Users\W I N D O W S\.katalon\packages\KS-10.1.1\configuration\resources\lib\selenium-server-4.22.0.jar;C:\Users\W I N D O W S\.katalon\packages\KS-10.1.1\configuration\resources\lib\selenium-shutterbug-1.1.jar;C:\Users\W I N D O W S\.katalon\packages\KS-10.1.1\configuration\resources\lib\slf4j-api-1.7.25.jar;C:\Users\W I N D O W S\.katalon\packages\KS-10.1.1\configuration\resources\lib\soap-builder-1.0.0.jar;C:\Users\W I N D O W S\.katalon\packages\KS-10.1.1\configuration\resources\lib\soap-common-1.0.0.jar;C:\Users\W I N D O W S\.katalon\packages\KS-10.1.1\configuration\resources\lib\soap-legacy-1.0.0.jar;C:\Users\W I N D O W S\.katalon\packages\KS-10.1.1\configuration\resources\lib\spring-context-5.3.19.jar;C:\Users\W I N D O W S\.katalon\packages\KS-10.1.1\configuration\resources\lib\stax2-api-4.0.0.jar;C:\Users\W I N D O W S\.katalon\packages\KS-10.1.1\configuration\resources\lib\su.jar;C:\Users\W I N D O W S\.katalon\packages\KS-10.1.1\configuration\resources\lib\swagger-parser-1.0.67-fat.jar;C:\Users\W I N D O W S\.katalon\packages\KS-10.1.1\configuration\resources\lib\testng-7.8.0.jar;C:\Users\W I N D O W S\.katalon\packages\KS-10.1.1\configuration\resources\lib\uri-template-0.1.jar;C:\Users\W I N D O W S\.katalon\packages\KS-10.1.1\configuration\resources\lib\wadl.jar;C:\Users\W I N D O W S\.katalon\packages\KS-10.1.1\configuration\resources\lib\xmlbeans-3.1.0.jar;C:\Users\W I N D O W S\.katalon\packages\KS-10.1.1\plugins\net.sf.supercsv.super-csv_2.1.0.jar;C:\Users\W I N D O W S\.katalon\packages\KS-10.1.1\plugins\org.apache.commons.commons-io_2.15.1.jar;C:\Users\W I N D O W S\.katalon\packages\KS-10.1.1\plugins\org.apache.commons.lang_2.6.0.jar;C:\Users\W I N D O W S\.katalon\packages\KS-10.1.1\plugins\com.google.gson_2.10.1.v20230109-0753.jar;C:\Users\W I N D O W S\.katalon\packages\KS-10.1.1\plugins\org.jsoup_1.14.3.jar;C:\Users\W I N D O W S\.katalon\packages\KS-10.1.1\plugins\org.apache.commons.dbutils_1.6.0.jar;C:\Users\W I N D O W S\.katalon\packages\KS-10.1.1\plugins\com.oracle.jdbc.ojdbc7_12.1.0.2.jar;C:\Users\W I N D O W S\.katalon\packages\KS-10.1.1\plugins\org.postgresql.jdbc_42.7.3.jar;c:\Users\W I N D O W S\.katalon\packages\KS-10.1.1\plugins\org.eclipse.osgi_3.18.300.v20230220-1352.jar;C:\Users\W I N D O W S\.katalon\packages\KS-10.1.1\plugins\com.kms.katalon.constant_1.0.0.202503120557.jar;C:\Users\W I N D O W S\.katalon\packages\KS-10.1.1\plugins\org.eclipse.persistence.eclipselink_2.7.11.jar;C:\Users\W I N D O W S\.katalon\packages\KS-10.1.1\plugins\com.kms.katalon.selenium-standalone_1.0.0.202503120557.jar;C:\Users\W I N D O W S\.katalon\packages\KS-10.1.1\plugins\atu.testrecorder.screen-recorder_2.1.0.jar;C:\Users\W I N D O W S\.katalon\packages\KS-10.1.1\plugins\com.google.guava_32.0.0.jre.jar;C:\Users\W I N D O W S\.katalon\packages\KS-10.1.1\plugins\com.kms.katalon.util_1.0.0.202503120557.jar;C:\Users\W I N D O W S\.katalon\packages\KS-10.1.1\plugins\org.apache.httpcomponents.httpclient_4.5.14.v20221207-1049.jar;C:\Users\W I N D O W S\.katalon\packages\KS-10.1.1\plugins\org.apache.httpcomponents.httpcore_4.4.16.v20221207-1049.jar;C:\Users\W I N D O W S\.katalon\packages\KS-10.1.1\plugins\org.apache.httpcomponents.httpmime_4.5.13.jar;C:\Users\W I N D O W S\.katalon\packages\KS-10.1.1\plugins\org.apache.commons.lang3_3.14.0.jar;C:\Users\W I N D O W S\.katalon\packages\KS-10.1.1\plugins\org.greenrobot.eventbus_3.1.1.jar;C:\Users\W I N D O W S\.katalon\packages\KS-10.1.1\plugins\net.bytebuddy.byte-buddy_1.14.15.jar;C:\Users\W I N D O W S\.katalon\packages\KS-10.1.1\plugins\org.junit_4.13.2.v20211018-1956.jar;C:\Users\W I N D O W S\.katalon\packages\KS-10.1.1\plugins\com.fasterxml.jackson.core.jackson-databind_2.17.2.jar;C:\Users\W I N D O W S\.katalon\packages\KS-10.1.1\plugins\com.fasterxml.jackson.core.jackson-core_2.17.2.jar;C:\Users\W I N D O W S\.katalon\packages\KS-10.1.1\plugins\com.fasterxml.jackson.core.jackson-annotations_2.17.2.jar;C:\Users\W I N D O W S\.katalon\packages\KS-10.1.1\plugins\ch.qos.logback.classic_1.2.13.jar;C:\Users\W I N D O W S\.katalon\packages\KS-10.1.1\plugins\ch.qos.logback.core_1.2.13.jar;C:\Users\W I N D O W S\.katalon\packages\KS-10.1.1\plugins\slf4j.api_1.7.36.jar;C:\Users\W I N D O W S\.katalon\packages\KS-10.1.1\plugins\org.fusesource.jansi_1.17.1.jar;C:\Users\W I N D O W S\.katalon\packages\KS-10.1.1\plugins\com.kms.katalon.netlightbody_1.0.0.202503120557.jar;C:\Users\W I N D O W S\.katalon\packages\KS-10.1.1\plugins\com.kms.katalon.poi_1.0.0.202503120557.jar;C:\Users\W I N D O W S\.katalon\packages\KS-10.1.1\plugins\org.apache.commons.commons-text_1.10.0.jar;C:\Users\W I N D O W S\.katalon\packages\KS-10.1.1\plugins\com.kms.katalon.proxyvole_1.0.0.202503120557.jar;C:\Users\W I N D O W S\.katalon\packages\KS-10.1.1\plugins\com.microsoft.sqlserver.mssql-jdbc_6.2.2.jre8.jar;C:\Users\W I N D O W S\.katalon\packages\KS-10.1.1\plugins\com.github.kklisura.cdt.java-client_2.1.0.jar;C:\Users\W I N D O W S\.katalon\packages\KS-10.1.1\plugins\javax.websocket-api_1.1.0.jar;C:\Users\W I N D O W S\.katalon\packages\KS-10.1.1\plugins\org.glassfish.tyrus.container-grizzly-client_1.13.1.jar;C:\Users\W I N D O W S\.katalon\packages\KS-10.1.1\plugins\org.glassfish.grizzly.http-server_2.3.25.jar;C:\Users\W I N D O W S\.katalon\packages\KS-10.1.1\plugins\org.glassfish.grizzly.framework_2.3.25.jar;C:\Users\W I N D O W S\.katalon\packages\KS-10.1.1\plugins\org.glassfish.grizzly.http_2.3.25.jar;C:\Users\W I N D O W S\.katalon\packages\KS-10.1.1\plugins\org.glassfish.tyrus.client_1.13.1.jar;C:\Users\W I N D O W S\.katalon\packages\KS-10.1.1\plugins\org.glassfish.tyrus.core_1.13.1.jar;C:\Users\W I N D O W S\.katalon\packages\KS-10.1.1\plugins\org.glassfish.tyrus.spi_1.13.1.jar;C:\Users\W I N D O W S\.katalon\packages\KS-10.1.1\plugins\javassist_3.28.0.GA.jar;C:\Users\W I N D O W S\.katalon\packages\KS-10.1.1\plugins\graphql-java_22.3.0.jar;C:\Users\W I N D O W S\.katalon\packages\KS-10.1.1\plugins\org.glassfish.jaxb.runtime_2.3.6.jar;C:\Users\W I N D O W S\.katalon\packages\KS-10.1.1\plugins\org.glassfish.jaxb.txw2_2.3.6.jar;C:\Users\W I N D O W S\.katalon\packages\KS-10.1.1\plugins\org.dom4j_2.1.4.jar;C:\Users\W I N D O W S\.katalon\packages\KS-10.1.1\plugins\com.kms.katalon.groovy-extended_1.0.0.202503120557.jar;C:\Users\W I N D O W S\.katalon\packages\KS-10.1.1\plugins\com.sun.activation.javax.activation_1.2.0.jar;C:\Users\W I N D O W S\.katalon\packages\KS-10.1.1\plugins\jakarta.xml.bind-api_2.3.3.jar;C:\Users\W I N D O W S\.katalon\packages\KS-10.1.1\plugins\com.sun.xml.bind.jaxb-impl_2.3.6.jar;C:\Users\W I N D O W S\.katalon\packages\KS-10.1.1\plugins\org.eclipse.jface_3.29.0.v20230214-1401.jar;C:\Users\W I N D O W S\.katalon\packages\KS-10.1.1\plugins\com.kms.katalon.logging_1.0.0.202503120557.jar;C:\Users\W I N D O W S\.katalon\packages\KS-10.1.1\plugins\json_20240303.0.0.jar;C:\Users\W I N D O W S\.katalon\packages\KS-10.1.1\plugins\assertj-core_3.25.3.jar;C:\Users\W I N D O W S\.katalon\packages\KS-10.1.1\plugins\com.networknt.json-schema-validator_1.0.66.jar;C:\Users\W I N D O W S\.katalon\packages\KS-10.1.1\plugins\com.kms.katalon.network.apache_1.0.0.202503120557.jar;C:\Users\W I N D O W S\.katalon\packages\KS-10.1.1\plugins\java-dataloader_3.3.0.jar;C:\Users\W I N D O W S\.katalon\packages\KS-10.1.1\plugins\org.apache.commons.logging_1.2.0.v20180409-1502.jar;C:\Users\W I N D O W S\.katalon\packages\KS-10.1.1\plugins\org.hamcrest.core_1.3.0.v20180420-1519.jar;C:\Users\W I N D O W S\.katalon\packages\KS-10.1.1\plugins\org.beanshell.bsh_2.0.0.0b4.jar;C:\Users\W I N D O W S\.katalon\packages\KS-10.1.1\plugins\org.apache.ant.launcher_1.9.6.jar;C:\Users\W I N D O W S\.katalon\packages\KS-10.1.1\plugins\com.kms.katalon.core.appium_1.0.0.202503120557.jar;C:\Users\W I N D O W S\.katalon\packages\KS-10.1.1\plugins\com.kms.katalon.api_1.0.0.202503120557.jar;C:\Users\W I N D O W S\.katalon\packages\KS-10.1.1\plugins\org.eclipse.equinox.common_3.17.100.v20230202-1341.jar;C:\Users\W I N D O W S\.katalon\packages\KS-10.1.1\plugins\com.kms.katalon.platform.core_1.0.0.202503120557.jar;C:\Users\W I N D O W S\.katalon\packages\KS-10.1.1\plugins\com.kms.katalon.common_1.0.0.202503120557.jar;C:\Users\W I N D O W S\.katalon\packages\KS-10.1.1\plugins\com.kms.katalon.session.core_1.0.0.202503120557.jar;C:\Users\W I N D O W S\.katalon\packages\KS-10.1.1\plugins\org.eclipse.e4.core.contexts_1.11.0.v20220716-0839.jar;C:\Users\W I N D O W S\.katalon\packages\KS-10.1.1\plugins\javax.inject_1.0.0.v20220405-0441.jar;C:\Users\W I N D O W S\.katalon\packages\KS-10.1.1\plugins\org.eclipse.e4.core.di_1.8.300.v20220817-1539.jar;C:\Users\W I N D O W S\.katalon\packages\KS-10.1.1\plugins\com.kms.katalon.network.core_1.0.0.202503120557.jar;C:\Users\W I N D O W S\.katalon\packages\KS-10.1.1\plugins\com.kms.katalon.execution.core_1.0.0.202503120557.jar;C:\Users\W I N D O W S\.katalon\packages\KS-10.1.1\plugins\org.eclipse.equinox.registry_3.11.200.v20220817-1601.jar;C:\Users\W I N D O W S\.katalon\packages\KS-10.1.1\plugins\dev.failsafe_3.3.2.jar;C:\Users\W I N D O W S\.katalon\packages\KS-10.1.1\plugins\com.fasterxml.jackson.datatype.jackson-datatype-jsr310_2.17.2.jar;C:\Users\W I N D O W S\.katalon\packages\KS-10.1.1\plugins\org.eclipse.e4.core.di.annotations_1.7.200.v20220613-1008.jar;C:\Users\W I N D O W S\.katalon\packages\KS-10.1.1\plugins\com.kms.katalon.core.webui_1.0.0.202503120557.jar;C:\Users\W I N D O W S\.katalon\packages\KS-10.1.1\plugins\org.eclipse.e4.core.services_2.3.400.v20220915-1347.jar;C:\Users\W I N D O W S\.katalon\packages\KS-10.1.1\plugins\com.kms.katalon.core.mobile_1.0.0.202503120557.jar;C:\Users\W I N D O W S\.katalon\packages\KS-10.1.1\plugins\org.apache.commons.commons-validator_1.7.0.jar;C:\Users\W I N D O W S\.katalon\packages\KS-10.1.1\plugins\com.kms.katalon.core.cucumber_1.0.0.202503120557.jar;C:\Users\W I N D O W S\.katalon\packages\KS-10.1.1\plugins\io.cucumber.core_3.0.3.jar;C:\Users\W I N D O W S\.katalon\packages\KS-10.1.1\plugins\io.cucumber.datatable_1.1.15.jar;C:\Users\W I N D O W S\.katalon\packages\KS-10.1.1\plugins\io.cucumber.datatable-dependencies_1.1.15.jar;C:\Users\W I N D O W S\.katalon\packages\KS-10.1.1\plugins\io.cucumber.expressions_5.0.19.jar;C:\Users\W I N D O W S\.katalon\packages\KS-10.1.1\plugins\io.cucumber.gherkin_5.0.0.jar;C:\Users\W I N D O W S\.katalon\packages\KS-10.1.1\plugins\io.cucumber.html_0.2.7.jar;C:\Users\W I N D O W S\.katalon\packages\KS-10.1.1\plugins\io.cucumber.java_3.0.3.jar;C:\Users\W I N D O W S\.katalon\packages\KS-10.1.1\plugins\io.cucumber.tag-expressions_1.1.1.jar;C:\Users\W I N D O W S\.katalon\packages\KS-10.1.1\plugins\io.cucumber.junit_3.0.3.jar;C:\Users\W I N D O W S\.katalon\packages\KS-10.1.1\plugins\com.kms.katalon.core.webservice_1.0.0.202503120557.jar;C:\Users\W I N D O W S\.katalon\packages\KS-10.1.1\plugins\wsdl4j_1.6.2.jar;C:\Users\W I N D O W S\.katalon\packages\KS-10.1.1\plugins\com.google.oauth-client.google-oauth-client_1.22.0.jar;C:\Users\W I N D O W S\.katalon\packages\KS-10.1.1\plugins\com.google.http-client.google-http-client_1.22.0.jar;C:\Users\W I N D O W S\.katalon\packages\KS-10.1.1\plugins\com.kms.katalon.preferences_1.0.0.202503120557.jar;C:\Users\W I N D O W S\.katalon\packages\KS-10.1.1\plugins\org.apache.xmlbeans_3.1.0.jar;C:\Users\W I N D O W S\.katalon\packages\KS-10.1.1\plugins\com.kms.katalon.entity_1.0.0.202503120557.jar;C:\Users\W I N D O W S\.katalon\packages\KS-10.1.1\plugins\jakarta.xml.ws-api_2.3.3.jar;C:\Users\W I N D O W S\.katalon\packages\KS-10.1.1\plugins\javax.xml.soap-api_1.4.0.jar;C:\Users\W I N D O W S\.katalon\packages\KS-10.1.1\plugins\com.atlassian.oai.swagger-request-validator-core_2.38.0.jar;C:\Users\W I N D O W S\.katalon\packages\KS-10.1.1\plugins\io.swagger.compat-spec-parser_1.0.67.jar;C:\Users\W I N D O W S\.katalon\packages\KS-10.1.1\plugins\io.swagger.core.v3.swagger-annotations_2.2.14.jar;C:\Users\W I N D O W S\.katalon\packages\KS-10.1.1\plugins\io.swagger.core.v3.swagger-core_2.2.14.jar;C:\Users\W I N D O W S\.katalon\packages\KS-10.1.1\plugins\io.swagger.core.v3.swagger-models_2.2.14.jar;C:\Users\W I N D O W S\.katalon\packages\KS-10.1.1\plugins\io.swagger.parser.v3.swagger-parser-core_2.1.16.jar;C:\Users\W I N D O W S\.katalon\packages\KS-10.1.1\plugins\io.swagger.parser.v3.swagger-parser-v2-converter_2.1.16.jar;C:\Users\W I N D O W S\.katalon\packages\KS-10.1.1\plugins\com.github.java-json-tools.btf_1.3.0.jar;C:\Users\W I N D O W S\.katalon\packages\KS-10.1.1\plugins\com.fasterxml.jackson.dataformat.jackson-dataformat-yaml_2.17.1.jar;C:\Users\W I N D O W S\.katalon\packages\KS-10.1.1\plugins\org.yaml.snakeyaml_2.2.0.jar;C:\Users\W I N D O W S\.katalon\packages\KS-10.1.1\plugins\com.github.java-json-tools.msg-simple_1.2.0.jar;C:\Users\W I N D O W S\.katalon\packages\KS-10.1.1\plugins\jackson-core-asl_1.9.13.jar;C:\Users\W I N D O W S\.katalon\packages\KS-10.1.1\plugins\joda-time_2.10.5.jar;C:\Users\W I N D O W S\.katalon\packages\KS-10.1.1\plugins\javax.mail-api_1.6.2.jar;C:\Users\W I N D O W S\.katalon\packages\KS-10.1.1\plugins\com.googlecode.libphonenumber_8.11.1.jar;C:\Users\W I N D O W S\.katalon\packages\KS-10.1.1\plugins\com.google.guava.failureaccess_1.0.1.jar;C:\Users\W I N D O W S\.katalon\packages\KS-10.1.1\plugins\io.swagger.parser.v3.swagger-parser_2.1.16.jar;C:\Users\W I N D O W S\.katalon\packages\KS-10.1.1\plugins\io.swagger.parser.v3.swagger-parser-v3_2.1.16.jar;C:\Users\W I N D O W S\.katalon\packages\KS-10.1.1\plugins\io.swagger.parser_1.0.67.jar;C:\Users\W I N D O W S\.katalon\packages\KS-10.1.1\plugins\com.narupley.not-going-to-be-commons-ssl_0.3.20.jar;C:\Users\W I N D O W S\.katalon\packages\KS-10.1.1\plugins\com.kms.katalon.core.windows_1.0.0.202503120557.jar;C:\Users\W I N D O W S\.katalon\packages\KS-10.1.1\plugins\com.sun.jna_5.13.0.jar;C:\Users\W I N D O W S\.katalon\packages\KS-10.1.1\plugins\com.sun.jna.platform_5.13.0.jar;C:\Users\W I N D O W S\.katalon\packages\KS-10.1.1\plugins\com.kms.katalon.core.testng_1.0.0.202503120557.jar;C:\Users\W I N D O W S\.katalon\packages\KS-10.1.1\configuration\org.eclipse.osgi\33\0\.cp\resources\basic-report\katalon-studio-report-plugin.jar;C:\Users\W I N D O W S\.katalon\packages\KS-10.1.1\plugins\org.codehaus.groovy_3.0.17.v202303311542-e2303\lib\groovy-3.0.17-indy.jar;C:\Users\W I N D O W S\.katalon\packages\KS-10.1.1\plugins\org.codehaus.groovy_3.0.17.v202303311542-e2303\lib\ivy-2.5.1.jar --main groovy.ui.GroovyMain --encoding UTF-8 --indy C:\Users\W I N D O W S\Katalon Studio\coba_1\Libs\TempTestSuite1744273955123.groovy

Host: Intel(R) Core(TM) i5-5200U CPU @ 2.20GHz, 4 cores, 3G,  Windows 10 , 64 bit Build 19041 (10.0.19041.5438)
Time: Thu Apr 10 15:32:42 2025 SE Asia Standard Time elapsed time: 6.951805 seconds (0d 0h 0m 6s)

---------------  T H R E A D  ---------------

Current thread (0x00000205383b5e80):  JavaThread "C2 CompilerThread1" daemon [_thread_in_native, id=11088, stack(0x000000273dd00000,0x000000273de00000)]


Current CompileTask:
C2:   6951 3572       4       java.lang.invoke.MethodType::makeImpl (109 bytes)

Stack: [0x000000273dd00000,0x000000273de00000]
Native frames: (J=compiled Java code, j=interpreted, Vv=VM code, C=native code)
V  [jvm.dll+0x682eb9]
V  [jvm.dll+0x8399c8]
V  [jvm.dll+0x83b473]
V  [jvm.dll+0x83bae3]
V  [jvm.dll+0x24715f]
V  [jvm.dll+0xace44]
V  [jvm.dll+0xad4dc]
V  [jvm.dll+0x2ac98f]
V  [jvm.dll+0x588f69]
V  [jvm.dll+0x220fb2]
V  [jvm.dll+0x2213af]
V  [jvm.dll+0x21a3b0]
V  [jvm.dll+0x21748b]
V  [jvm.dll+0x1a3150]
V  [jvm.dll+0x22799c]
V  [jvm.dll+0x225afb]
V  [jvm.dll+0x7ef128]
V  [jvm.dll+0x7e948c]
V  [jvm.dll+0x681d97]
C  [ucrtbase.dll+0x21bb2]
C  [KERNEL32.DLL+0x17374]
C  [ntdll.dll+0x4cc91]


---------------  P R O C E S S  ---------------

Threads class SMR info:
_java_thread_list=0x00000205325880b0, length=13, elements={
0x0000020516c5f950, 0x00000205322b4620, 0x00000205322b5e00, 0x00000205322d4020,
0x00000205322d48f0, 0x00000205322d92c0, 0x00000205322d9c80, 0x00000205322daa20,
0x0000020532336600, 0x00000205323532b0, 0x0000020532580af0, 0x00000205371e2540,
0x00000205383b5e80
}

Java Threads: ( => current thread )
  0x0000020516c5f950 JavaThread "main" [_thread_in_native, id=15348, stack(0x000000273cb00000,0x000000273cc00000)]
  0x00000205322b4620 JavaThread "Reference Handler" daemon [_thread_blocked, id=9884, stack(0x000000273d200000,0x000000273d300000)]
  0x00000205322b5e00 JavaThread "Finalizer" daemon [_thread_blocked, id=4648, stack(0x000000273d300000,0x000000273d400000)]
  0x00000205322d4020 JavaThread "Signal Dispatcher" daemon [_thread_blocked, id=12080, stack(0x000000273d400000,0x000000273d500000)]
  0x00000205322d48f0 JavaThread "Attach Listener" daemon [_thread_blocked, id=9240, stack(0x000000273d500000,0x000000273d600000)]
  0x00000205322d92c0 JavaThread "Service Thread" daemon [_thread_blocked, id=9860, stack(0x000000273d600000,0x000000273d700000)]
  0x00000205322d9c80 JavaThread "Monitor Deflation Thread" daemon [_thread_blocked, id=8264, stack(0x000000273d700000,0x000000273d800000)]
  0x00000205322daa20 JavaThread "C2 CompilerThread0" daemon [_thread_in_native, id=11388, stack(0x000000273d800000,0x000000273d900000)]
  0x0000020532336600 JavaThread "C1 CompilerThread0" daemon [_thread_blocked, id=15268, stack(0x000000273d900000,0x000000273da00000)]
  0x00000205323532b0 JavaThread "Sweeper thread" daemon [_thread_blocked, id=6560, stack(0x000000273da00000,0x000000273db00000)]
  0x0000020532580af0 JavaThread "Common-Cleaner" daemon [_thread_blocked, id=9212, stack(0x000000273db00000,0x000000273dc00000)]
  0x00000205371e2540 JavaThread "Notification Thread" daemon [_thread_blocked, id=2224, stack(0x000000273de00000,0x000000273df00000)]
=>0x00000205383b5e80 JavaThread "C2 CompilerThread1" daemon [_thread_in_native, id=11088, stack(0x000000273dd00000,0x000000273de00000)]

Other Threads:
  0x000002053204d380 VMThread "VM Thread" [stack: 0x000000273d100000,0x000000273d200000] [id=1336]
  0x0000020516c60710 WatcherThread [stack: 0x000000273df00000,0x000000273e000000] [id=14444]
  0x0000020516cc6bd0 GCTaskThread "GC Thread#0" [stack: 0x000000273cc00000,0x000000273cd00000] [id=9988]
  0x00000205329f3100 GCTaskThread "GC Thread#1" [stack: 0x000000273dc00000,0x000000273dd00000] [id=13464]
  0x000002053732c840 GCTaskThread "GC Thread#2" [stack: 0x000000273e000000,0x000000273e100000] [id=7908]
  0x0000020537cd5080 GCTaskThread "GC Thread#3" [stack: 0x000000273e100000,0x000000273e200000] [id=3972]
  0x0000020516cd8a30 ConcurrentGCThread "G1 Main Marker" [stack: 0x000000273cd00000,0x000000273ce00000] [id=9856]
  0x0000020516cd9c30 ConcurrentGCThread "G1 Conc#0" [stack: 0x000000273ce00000,0x000000273cf00000] [id=244]
  0x0000020531ea8200 ConcurrentGCThread "G1 Refine#0" [stack: 0x000000273cf00000,0x000000273d000000] [id=10740]
  0x0000020531ea9410 ConcurrentGCThread "G1 Service" [stack: 0x000000273d000000,0x000000273d100000] [id=10428]

Threads with active compile tasks:
C2 CompilerThread0     6984 3594       4       groovyjarjarantlr4.v4.runtime.atn.ATNConfigSet::add (356 bytes)
C2 CompilerThread1     6984 3572       4       java.lang.invoke.MethodType::makeImpl (109 bytes)

VM state: not at safepoint (normal execution)

VM Mutex/Monitor currently owned by a thread: None

Heap address: 0x0000000080000000, size: 2048 MB, Compressed Oops mode: 32-bit

CDS archive(s) not mapped
Compressed class space mapped at: 0x0000000100000000-0x0000000140000000, reserved size: 1073741824
Narrow klass base: 0x0000000000000000, Narrow klass shift: 3, Narrow klass range: 0x140000000

GC Precious Log:
 CPUs: 4 total, 4 available
 Memory: 4018M
 Large Page Support: Disabled
 NUMA Support: Disabled
 Compressed Oops: Enabled (32-bit)
 Heap Region Size: 1M
 Heap Min Capacity: 8M
 Heap Initial Capacity: 64M
 Heap Max Capacity: 2G
 Pre-touch: Disabled
 Parallel Workers: 4
 Concurrent Workers: 1
 Concurrent Refinement Workers: 4
 Periodic GC: Disabled

Heap:
 garbage-first heap   total 78848K, used 45749K [0x0000000080000000, 0x0000000100000000)
  region size 1024K, 22 young (22528K), 4 survivors (4096K)
 Metaspace       used 28764K, committed 29184K, reserved 1114112K
  class space    used 3005K, committed 3200K, reserved 1048576K

Heap Regions: E=young(eden), S=young(survivor), O=old, HS=humongous(starts), HC=humongous(continues), CS=collection set, F=free, OA=open archive, CA=closed archive, TAMS=top-at-mark-start (previous, next)
|   0|0x0000000080000000, 0x0000000080100000, 0x0000000080100000|100%|HS|  |TAMS 0x0000000080100000, 0x0000000080000000| Complete 
|   1|0x0000000080100000, 0x0000000080200000, 0x0000000080200000|100%|HS|  |TAMS 0x0000000080200000, 0x0000000080100000| Complete 
|   2|0x0000000080200000, 0x0000000080300000, 0x0000000080300000|100%|HC|  |TAMS 0x0000000080300000, 0x0000000080200000| Complete 
|   3|0x0000000080300000, 0x0000000080400000, 0x0000000080400000|100%|HC|  |TAMS 0x0000000080400000, 0x0000000080300000| Complete 
|   4|0x0000000080400000, 0x0000000080500000, 0x0000000080500000|100%| O|  |TAMS 0x0000000080500000, 0x0000000080400000| Untracked 
|   5|0x0000000080500000, 0x0000000080600000, 0x0000000080600000|100%| O|  |TAMS 0x0000000080600000, 0x0000000080500000| Untracked 
|   6|0x0000000080600000, 0x0000000080700000, 0x0000000080700000|100%| O|  |TAMS 0x0000000080700000, 0x0000000080600000| Untracked 
|   7|0x0000000080700000, 0x0000000080800000, 0x0000000080800000|100%| O|  |TAMS 0x0000000080800000, 0x0000000080700000| Untracked 
|   8|0x0000000080800000, 0x0000000080900000, 0x0000000080900000|100%| O|  |TAMS 0x0000000080900000, 0x0000000080800000| Untracked 
|   9|0x0000000080900000, 0x0000000080a00000, 0x0000000080a00000|100%| O|  |TAMS 0x0000000080a00000, 0x0000000080900000| Untracked 
|  10|0x0000000080a00000, 0x0000000080b00000, 0x0000000080b00000|100%| O|  |TAMS 0x0000000080b00000, 0x0000000080a00000| Untracked 
|  11|0x0000000080b00000, 0x0000000080c00000, 0x0000000080c00000|100%|HS|  |TAMS 0x0000000080c00000, 0x0000000080b00000| Complete 
|  12|0x0000000080c00000, 0x0000000080d00000, 0x0000000080d00000|100%| O|  |TAMS 0x0000000080d00000, 0x0000000080c00000| Untracked 
|  13|0x0000000080d00000, 0x0000000080e00000, 0x0000000080e00000|100%| O|  |TAMS 0x0000000080e00000, 0x0000000080d00000| Untracked 
|  14|0x0000000080e00000, 0x0000000080f00000, 0x0000000080f00000|100%| O|  |TAMS 0x0000000080f00000, 0x0000000080e00000| Untracked 
|  15|0x0000000080f00000, 0x0000000081000000, 0x0000000081000000|100%| O|  |TAMS 0x0000000081000000, 0x0000000080f00000| Untracked 
|  16|0x0000000081000000, 0x0000000081100000, 0x0000000081100000|100%| O|  |TAMS 0x0000000081100000, 0x0000000081000000| Untracked 
|  17|0x0000000081100000, 0x0000000081200000, 0x0000000081200000|100%| O|  |TAMS 0x0000000081200000, 0x0000000081100000| Untracked 
|  18|0x0000000081200000, 0x0000000081300000, 0x0000000081300000|100%| O|  |TAMS 0x0000000081300000, 0x0000000081200000| Untracked 
|  19|0x0000000081300000, 0x0000000081400000, 0x0000000081400000|100%| O|  |TAMS 0x0000000081400000, 0x0000000081300000| Untracked 
|  20|0x0000000081400000, 0x0000000081500000, 0x0000000081500000|100%| O|  |TAMS 0x0000000081500000, 0x0000000081400000| Untracked 
|  21|0x0000000081500000, 0x0000000081600000, 0x0000000081600000|100%| O|  |TAMS 0x0000000081600000, 0x0000000081500000| Untracked 
|  22|0x0000000081600000, 0x0000000081700000, 0x0000000081700000|100%| O|  |TAMS 0x0000000081600000, 0x0000000081600000| Untracked 
|  23|0x0000000081700000, 0x0000000081800000, 0x0000000081800000|100%| O|  |TAMS 0x0000000081700000, 0x0000000081700000| Untracked 
|  24|0x0000000081800000, 0x0000000081855400, 0x0000000081900000| 33%| O|  |TAMS 0x0000000081800000, 0x0000000081800000| Untracked 
|  25|0x0000000081900000, 0x0000000081900000, 0x0000000081a00000|  0%| F|  |TAMS 0x0000000081900000, 0x0000000081900000| Untracked 
|  26|0x0000000081a00000, 0x0000000081a00000, 0x0000000081b00000|  0%| F|  |TAMS 0x0000000081a00000, 0x0000000081a00000| Untracked 
|  27|0x0000000081b00000, 0x0000000081b00000, 0x0000000081c00000|  0%| F|  |TAMS 0x0000000081b00000, 0x0000000081b00000| Untracked 
|  28|0x0000000081c00000, 0x0000000081c00000, 0x0000000081d00000|  0%| F|  |TAMS 0x0000000081c00000, 0x0000000081c00000| Untracked 
|  29|0x0000000081d00000, 0x0000000081d00000, 0x0000000081e00000|  0%| F|  |TAMS 0x0000000081d00000, 0x0000000081d00000| Untracked 
|  30|0x0000000081e00000, 0x0000000081e00000, 0x0000000081f00000|  0%| F|  |TAMS 0x0000000081e00000, 0x0000000081e00000| Untracked 
|  31|0x0000000081f00000, 0x0000000081f00000, 0x0000000082000000|  0%| F|  |TAMS 0x0000000081f00000, 0x0000000081f00000| Untracked 
|  32|0x0000000082000000, 0x0000000082000000, 0x0000000082100000|  0%| F|  |TAMS 0x0000000082000000, 0x0000000082000000| Untracked 
|  33|0x0000000082100000, 0x0000000082100000, 0x0000000082200000|  0%| F|  |TAMS 0x0000000082100000, 0x0000000082100000| Untracked 
|  34|0x0000000082200000, 0x0000000082200000, 0x0000000082300000|  0%| F|  |TAMS 0x0000000082200000, 0x0000000082200000| Untracked 
|  35|0x0000000082300000, 0x0000000082300000, 0x0000000082400000|  0%| F|  |TAMS 0x0000000082300000, 0x0000000082300000| Untracked 
|  36|0x0000000082400000, 0x0000000082400000, 0x0000000082500000|  0%| F|  |TAMS 0x0000000082400000, 0x0000000082400000| Untracked 
|  37|0x0000000082500000, 0x0000000082558050, 0x0000000082600000| 34%| S|CS|TAMS 0x0000000082500000, 0x0000000082500000| Complete 
|  38|0x0000000082600000, 0x0000000082600000, 0x0000000082700000|  0%| F|  |TAMS 0x0000000082600000, 0x0000000082600000| Untracked 
|  39|0x0000000082700000, 0x0000000082800000, 0x0000000082800000|100%| S|CS|TAMS 0x0000000082700000, 0x0000000082700000| Complete 
|  40|0x0000000082800000, 0x0000000082900000, 0x0000000082900000|100%| S|CS|TAMS 0x0000000082800000, 0x0000000082800000| Complete 
|  41|0x0000000082900000, 0x0000000082900000, 0x0000000082a00000|  0%| F|  |TAMS 0x0000000082900000, 0x0000000082900000| Untracked 
|  42|0x0000000082a00000, 0x0000000082b00000, 0x0000000082b00000|100%| S|CS|TAMS 0x0000000082a00000, 0x0000000082a00000| Complete 
|  43|0x0000000082b00000, 0x0000000082b00000, 0x0000000082c00000|  0%| F|  |TAMS 0x0000000082b00000, 0x0000000082b00000| Untracked 
|  44|0x0000000082c00000, 0x0000000082c00000, 0x0000000082d00000|  0%| F|  |TAMS 0x0000000082c00000, 0x0000000082c00000| Untracked 
|  45|0x0000000082d00000, 0x0000000082d00000, 0x0000000082e00000|  0%| F|  |TAMS 0x0000000082d00000, 0x0000000082d00000| Untracked 
|  46|0x0000000082e00000, 0x0000000082e00000, 0x0000000082f00000|  0%| F|  |TAMS 0x0000000082e00000, 0x0000000082e00000| Untracked 
|  47|0x0000000082f00000, 0x0000000082f00000, 0x0000000083000000|  0%| F|  |TAMS 0x0000000082f00000, 0x0000000082f00000| Untracked 
|  48|0x0000000083000000, 0x0000000083000000, 0x0000000083100000|  0%| F|  |TAMS 0x0000000083000000, 0x0000000083000000| Untracked 
|  49|0x0000000083100000, 0x0000000083100000, 0x0000000083200000|  0%| F|  |TAMS 0x0000000083100000, 0x0000000083100000| Untracked 
|  50|0x0000000083200000, 0x0000000083200000, 0x0000000083300000|  0%| F|  |TAMS 0x0000000083200000, 0x0000000083200000| Untracked 
|  51|0x0000000083300000, 0x0000000083300000, 0x0000000083400000|  0%| F|  |TAMS 0x0000000083300000, 0x0000000083300000| Untracked 
|  52|0x0000000083400000, 0x0000000083400000, 0x0000000083500000|  0%| F|  |TAMS 0x0000000083400000, 0x0000000083400000| Untracked 
|  53|0x0000000083500000, 0x0000000083500000, 0x0000000083600000|  0%| F|  |TAMS 0x0000000083500000, 0x0000000083500000| Untracked 
|  54|0x0000000083600000, 0x0000000083600000, 0x0000000083700000|  0%| F|  |TAMS 0x0000000083600000, 0x0000000083600000| Untracked 
|  55|0x0000000083700000, 0x0000000083700000, 0x0000000083800000|  0%| F|  |TAMS 0x0000000083700000, 0x0000000083700000| Untracked 
|  56|0x0000000083800000, 0x0000000083800000, 0x0000000083900000|  0%| F|  |TAMS 0x0000000083800000, 0x0000000083800000| Untracked 
|  57|0x0000000083900000, 0x0000000083900000, 0x0000000083a00000|  0%| F|  |TAMS 0x0000000083900000, 0x0000000083900000| Untracked 
|  58|0x0000000083a00000, 0x0000000083a00000, 0x0000000083b00000|  0%| F|  |TAMS 0x0000000083a00000, 0x0000000083a00000| Untracked 
|  59|0x0000000083b00000, 0x0000000083c00000, 0x0000000083c00000|100%| E|  |TAMS 0x0000000083b00000, 0x0000000083b00000| Complete 
|  60|0x0000000083c00000, 0x0000000083d00000, 0x0000000083d00000|100%| E|CS|TAMS 0x0000000083c00000, 0x0000000083c00000| Complete 
|  61|0x0000000083d00000, 0x0000000083e00000, 0x0000000083e00000|100%| E|CS|TAMS 0x0000000083d00000, 0x0000000083d00000| Complete 
|  62|0x0000000083e00000, 0x0000000083f00000, 0x0000000083f00000|100%| E|CS|TAMS 0x0000000083e00000, 0x0000000083e00000| Complete 
|  63|0x0000000083f00000, 0x0000000084000000, 0x0000000084000000|100%| E|CS|TAMS 0x0000000083f00000, 0x0000000083f00000| Complete 
|  64|0x0000000084000000, 0x0000000084100000, 0x0000000084100000|100%| E|CS|TAMS 0x0000000084000000, 0x0000000084000000| Complete 
|  65|0x0000000084100000, 0x0000000084200000, 0x0000000084200000|100%| E|CS|TAMS 0x0000000084100000, 0x0000000084100000| Complete 
|  66|0x0000000084200000, 0x0000000084300000, 0x0000000084300000|100%| E|CS|TAMS 0x0000000084200000, 0x0000000084200000| Complete 
|  67|0x0000000084300000, 0x0000000084400000, 0x0000000084400000|100%| E|CS|TAMS 0x0000000084300000, 0x0000000084300000| Complete 
|  68|0x0000000084400000, 0x0000000084500000, 0x0000000084500000|100%| E|CS|TAMS 0x0000000084400000, 0x0000000084400000| Complete 
|  69|0x0000000084500000, 0x0000000084600000, 0x0000000084600000|100%| E|CS|TAMS 0x0000000084500000, 0x0000000084500000| Complete 
|  70|0x0000000084600000, 0x0000000084700000, 0x0000000084700000|100%| E|CS|TAMS 0x0000000084600000, 0x0000000084600000| Complete 
|  71|0x0000000084700000, 0x0000000084800000, 0x0000000084800000|100%| E|CS|TAMS 0x0000000084700000, 0x0000000084700000| Complete 
|  72|0x0000000084800000, 0x0000000084900000, 0x0000000084900000|100%| E|CS|TAMS 0x0000000084800000, 0x0000000084800000| Complete 
|  73|0x0000000084900000, 0x0000000084a00000, 0x0000000084a00000|100%| E|CS|TAMS 0x0000000084900000, 0x0000000084900000| Complete 
|  74|0x0000000084a00000, 0x0000000084b00000, 0x0000000084b00000|100%| E|CS|TAMS 0x0000000084a00000, 0x0000000084a00000| Complete 
|  75|0x0000000084b00000, 0x0000000084c00000, 0x0000000084c00000|100%| E|CS|TAMS 0x0000000084b00000, 0x0000000084b00000| Complete 
|  76|0x0000000084c00000, 0x0000000084d00000, 0x0000000084d00000|100%| E|CS|TAMS 0x0000000084c00000, 0x0000000084c00000| Complete 

Card table byte_map: [0x000002052b400000,0x000002052b800000] _byte_map_base: 0x000002052b000000

Marking Bits (Prev, Next): (CMBitMap*) 0x0000020516cc8140, (CMBitMap*) 0x0000020516cc8100
 Prev Bits: [0x000002052dc00000, 0x000002052fc00000)
 Next Bits: [0x000002052bc00000, 0x000002052dc00000)

Polling page: 0x0000020516ce0000

Metaspace:

Usage:
  Non-class:     25.17 MB used.
      Class:      2.94 MB used.
       Both:     28.11 MB used.

Virtual space:
  Non-class space:       64.00 MB reserved,      25.38 MB ( 40%) committed,  1 nodes.
      Class space:        1.00 GB reserved,       3.12 MB ( <1%) committed,  1 nodes.
             Both:        1.06 GB reserved,      28.50 MB (  3%) committed. 

Chunk freelists:
   Non-Class:  5.84 MB
       Class:  12.86 MB
        Both:  18.70 MB

MaxMetaspaceSize: unlimited
CompressedClassSpaceSize: 1.00 GB
Initial GC threshold: 21.00 MB
Current GC threshold: 35.12 MB
CDS: off
MetaspaceReclaimPolicy: balanced
 - commit_granule_bytes: 65536.
 - commit_granule_words: 8192.
 - virtual_space_node_default_size: 8388608.
 - enlarge_chunks_in_place: 1.
 - new_chunks_are_fully_committed: 0.
 - uncommit_free_chunks: 1.
 - use_allocation_guard: 0.
 - handle_deallocations: 1.


Internal statistics:

num_allocs_failed_limit: 3.
num_arena_births: 356.
num_arena_deaths: 0.
num_vsnodes_births: 2.
num_vsnodes_deaths: 0.
num_space_committed: 456.
num_space_uncommitted: 0.
num_chunks_returned_to_freelist: 3.
num_chunks_taken_from_freelist: 961.
num_chunk_merges: 3.
num_chunk_splits: 643.
num_chunks_enlarged: 446.
num_inconsistent_stats: 0.

CodeHeap 'non-profiled nmethods': size=120000Kb used=1849Kb max_used=1849Kb free=118150Kb
 bounds [0x00000205234a0000, 0x0000020523710000, 0x000002052a9d0000]
CodeHeap 'profiled nmethods': size=120000Kb used=6706Kb max_used=6706Kb free=113293Kb
 bounds [0x000002051b9d0000, 0x000002051c060000, 0x0000020522f00000]
CodeHeap 'non-nmethods': size=5760Kb used=1563Kb max_used=1592Kb free=4196Kb
 bounds [0x0000020522f00000, 0x0000020523170000, 0x00000205234a0000]
 total_blobs=4232 nmethods=3616 adapters=528
 compilation: enabled
              stopped_count=0, restarted_count=0
 full_count=0

Compilation events (20 events):
Event: 6.890 Thread 0x0000020532336600 3615       3       java.lang.String::regionMatches (150 bytes)
Event: 6.891 Thread 0x0000020532336600 nmethod 3615 0x000002051c055810 code [0x000002051c055a60, 0x000002051c056228]
Event: 6.895 Thread 0x0000020532336600 3616       1       java.util.Spliterators$EmptySpliterator::characteristics (4 bytes)
Event: 6.895 Thread 0x0000020532336600 nmethod 3616 0x0000020523669690 code [0x0000020523669820, 0x00000205236698f8]
Event: 6.895 Thread 0x0000020532336600 3617       3       jdk.internal.loader.BuiltinClassLoader$2::run (5 bytes)
Event: 6.895 Thread 0x0000020532336600 nmethod 3617 0x000002051c056510 code [0x000002051c0566c0, 0x000002051c056808]
Event: 6.897 Thread 0x0000020532336600 3618       3       java.lang.Character::isJavaIdentifierPart (9 bytes)
Event: 6.897 Thread 0x0000020532336600 nmethod 3618 0x000002051c056890 code [0x000002051c056a40, 0x000002051c056c38]
Event: 6.897 Thread 0x0000020532336600 3619       3       java.lang.CharacterDataLatin1::isJavaIdentifierPart (20 bytes)
Event: 6.897 Thread 0x0000020532336600 nmethod 3619 0x000002051c056d10 code [0x000002051c056ec0, 0x000002051c0570d8]
Event: 6.915 Thread 0x0000020532336600 3620       1       java.util.concurrent.CopyOnWriteArrayList::setArray (6 bytes)
Event: 6.915 Thread 0x0000020532336600 nmethod 3620 0x0000020523669990 code [0x0000020523669b20, 0x0000020523669c38]
Event: 6.931 Thread 0x0000020532336600 3621       3       org.codehaus.groovy.util.FastArray::add (71 bytes)
Event: 6.932 Thread 0x0000020532336600 nmethod 3621 0x000002051c057210 code [0x000002051c0573e0, 0x000002051c0578e8]
Event: 6.936 Thread 0x0000020532336600 3622       3       java.util.concurrent.ConcurrentHashMap::remove (8 bytes)
Event: 6.937 Thread 0x0000020532336600 nmethod 3622 0x000002051c057a90 code [0x000002051c057c40, 0x000002051c057d88]
Event: 6.939 Thread 0x0000020532336600 3623       3       jdk.internal.loader.BuiltinClassLoader::findResourceOnClassPath (41 bytes)
Event: 6.940 Thread 0x0000020532336600 nmethod 3623 0x000002051c057e10 code [0x000002051c058040, 0x000002051c0588d8]
Event: 6.940 Thread 0x00000205322daa20 nmethod 3590% 0x0000020523669c90 code [0x0000020523669f40, 0x000002052366c880]
Event: 6.941 Thread 0x00000205322daa20 3594       4       groovyjarjarantlr4.v4.runtime.atn.ATNConfigSet::add (356 bytes)

GC Heap History (20 events):
Event: 0.921 GC heap before
{Heap before GC invocations=0 (full 0):
 garbage-first heap   total 65536K, used 16384K [0x0000000080000000, 0x0000000100000000)
  region size 1024K, 13 young (13312K), 0 survivors (0K)
 Metaspace       used 4877K, committed 4992K, reserved 1114112K
  class space    used 389K, committed 448K, reserved 1048576K
}
Event: 0.927 GC heap after
{Heap after GC invocations=1 (full 0):
 garbage-first heap   total 65536K, used 13301K [0x0000000080000000, 0x0000000100000000)
  region size 1024K, 2 young (2048K), 2 survivors (2048K)
 Metaspace       used 4877K, committed 4992K, reserved 1114112K
  class space    used 389K, committed 448K, reserved 1048576K
}
Event: 1.274 GC heap before
{Heap before GC invocations=1 (full 0):
 garbage-first heap   total 65536K, used 21493K [0x0000000080000000, 0x0000000100000000)
  region size 1024K, 10 young (10240K), 2 survivors (2048K)
 Metaspace       used 6799K, committed 6976K, reserved 1114112K
  class space    used 525K, committed 640K, reserved 1048576K
}
Event: 1.280 GC heap after
{Heap after GC invocations=2 (full 0):
 garbage-first heap   total 65536K, used 17803K [0x0000000080000000, 0x0000000100000000)
  region size 1024K, 2 young (2048K), 2 survivors (2048K)
 Metaspace       used 6799K, committed 6976K, reserved 1114112K
  class space    used 525K, committed 640K, reserved 1048576K
}
Event: 1.837 GC heap before
{Heap before GC invocations=2 (full 0):
 garbage-first heap   total 65536K, used 29067K [0x0000000080000000, 0x0000000100000000)
  region size 1024K, 14 young (14336K), 2 survivors (2048K)
 Metaspace       used 8464K, committed 8640K, reserved 1114112K
  class space    used 686K, committed 768K, reserved 1048576K
}
Event: 1.841 GC heap after
{Heap after GC invocations=3 (full 0):
 garbage-first heap   total 65536K, used 19047K [0x0000000080000000, 0x0000000100000000)
  region size 1024K, 1 young (1024K), 1 survivors (1024K)
 Metaspace       used 8464K, committed 8640K, reserved 1114112K
  class space    used 686K, committed 768K, reserved 1048576K
}
Event: 2.737 GC heap before
{Heap before GC invocations=3 (full 0):
 garbage-first heap   total 65536K, used 35431K [0x0000000080000000, 0x0000000100000000)
  region size 1024K, 17 young (17408K), 1 survivors (1024K)
 Metaspace       used 14406K, committed 14592K, reserved 1114112K
  class space    used 1314K, committed 1408K, reserved 1048576K
}
Event: 2.744 GC heap after
{Heap after GC invocations=4 (full 0):
 garbage-first heap   total 65536K, used 20821K [0x0000000080000000, 0x0000000100000000)
  region size 1024K, 3 young (3072K), 3 survivors (3072K)
 Metaspace       used 14406K, committed 14592K, reserved 1114112K
  class space    used 1314K, committed 1408K, reserved 1048576K
}
Event: 3.239 GC heap before
{Heap before GC invocations=4 (full 0):
 garbage-first heap   total 65536K, used 38229K [0x0000000080000000, 0x0000000100000000)
  region size 1024K, 21 young (21504K), 3 survivors (3072K)
 Metaspace       used 16804K, committed 16960K, reserved 1114112K
  class space    used 1564K, committed 1664K, reserved 1048576K
}
Event: 3.254 GC heap after
{Heap after GC invocations=5 (full 0):
 garbage-first heap   total 65536K, used 23556K [0x0000000080000000, 0x0000000100000000)
  region size 1024K, 3 young (3072K), 3 survivors (3072K)
 Metaspace       used 16804K, committed 16960K, reserved 1114112K
  class space    used 1564K, committed 1664K, reserved 1048576K
}
Event: 3.856 GC heap before
{Heap before GC invocations=5 (full 0):
 garbage-first heap   total 65536K, used 41988K [0x0000000080000000, 0x0000000100000000)
  region size 1024K, 21 young (21504K), 3 survivors (3072K)
 Metaspace       used 19275K, committed 19456K, reserved 1114112K
  class space    used 1841K, committed 1920K, reserved 1048576K
}
Event: 3.864 GC heap after
{Heap after GC invocations=6 (full 0):
 garbage-first heap   total 65536K, used 24372K [0x0000000080000000, 0x0000000100000000)
  region size 1024K, 2 young (2048K), 2 survivors (2048K)
 Metaspace       used 19275K, committed 19456K, reserved 1114112K
  class space    used 1841K, committed 1920K, reserved 1048576K
}
Event: 4.339 GC heap before
{Heap before GC invocations=6 (full 0):
 garbage-first heap   total 65536K, used 35636K [0x0000000080000000, 0x0000000100000000)
  region size 1024K, 15 young (15360K), 2 survivors (2048K)
 Metaspace       used 21269K, committed 21504K, reserved 1114112K
  class space    used 2187K, committed 2304K, reserved 1048576K
}
Event: 4.345 GC heap after
{Heap after GC invocations=7 (full 0):
 garbage-first heap   total 65536K, used 25197K [0x0000000080000000, 0x0000000100000000)
  region size 1024K, 1 young (1024K), 1 survivors (1024K)
 Metaspace       used 21269K, committed 21504K, reserved 1114112K
  class space    used 2187K, committed 2304K, reserved 1048576K
}
Event: 4.875 GC heap before
{Heap before GC invocations=8 (full 0):
 garbage-first heap   total 65536K, used 47725K [0x0000000080000000, 0x0000000100000000)
  region size 1024K, 23 young (23552K), 1 survivors (1024K)
 Metaspace       used 22337K, committed 22528K, reserved 1114112K
  class space    used 2336K, committed 2432K, reserved 1048576K
}
Event: 4.882 GC heap after
{Heap after GC invocations=9 (full 0):
 garbage-first heap   total 65536K, used 26058K [0x0000000080000000, 0x0000000100000000)
  region size 1024K, 2 young (2048K), 2 survivors (2048K)
 Metaspace       used 22337K, committed 22528K, reserved 1114112K
  class space    used 2336K, committed 2432K, reserved 1048576K
}
Event: 4.999 GC heap before
{Heap before GC invocations=9 (full 0):
 garbage-first heap   total 65536K, used 48586K [0x0000000080000000, 0x0000000100000000)
  region size 1024K, 24 young (24576K), 2 survivors (2048K)
 Metaspace       used 22389K, committed 22656K, reserved 1114112K
  class space    used 2340K, committed 2432K, reserved 1048576K
}
Event: 5.005 GC heap after
{Heap after GC invocations=10 (full 0):
 garbage-first heap   total 78848K, used 26079K [0x0000000080000000, 0x0000000100000000)
  region size 1024K, 2 young (2048K), 2 survivors (2048K)
 Metaspace       used 22389K, committed 22656K, reserved 1114112K
  class space    used 2340K, committed 2432K, reserved 1048576K
}
Event: 6.149 GC heap before
{Heap before GC invocations=10 (full 0):
 garbage-first heap   total 78848K, used 60895K [0x0000000080000000, 0x0000000100000000)
  region size 1024K, 36 young (36864K), 2 survivors (2048K)
 Metaspace       used 25203K, committed 25536K, reserved 1114112K
  class space    used 2638K, committed 2752K, reserved 1048576K
}
Event: 6.160 GC heap after
{Heap after GC invocations=11 (full 0):
 garbage-first heap   total 78848K, used 28341K [0x0000000080000000, 0x0000000100000000)
  region size 1024K, 4 young (4096K), 4 survivors (4096K)
 Metaspace       used 25203K, committed 25536K, reserved 1114112K
  class space    used 2638K, committed 2752K, reserved 1048576K
}

Dll operation events (6 events):
Event: 0.050 Loaded shared library C:\Users\W I N D O W S\.katalon\packages\KS-10.1.1\jre\bin\java.dll
Event: 0.677 Loaded shared library C:\Users\W I N D O W S\.katalon\packages\KS-10.1.1\jre\bin\net.dll
Event: 0.681 Loaded shared library C:\Users\W I N D O W S\.katalon\packages\KS-10.1.1\jre\bin\nio.dll
Event: 0.699 Loaded shared library C:\Users\W I N D O W S\.katalon\packages\KS-10.1.1\jre\bin\zip.dll
Event: 1.466 Loaded shared library C:\Users\W I N D O W S\.katalon\packages\KS-10.1.1\jre\bin\verify.dll
Event: 1.955 Loaded shared library C:\Users\W I N D O W S\.katalon\packages\KS-10.1.1\jre\bin\jimage.dll

Deoptimization events (20 events):
Event: 6.802 Thread 0x0000020516c5f950 DEOPT PACKING pc=0x0000020523505e20 sp=0x000000273cbfd2d0
Event: 6.802 Thread 0x0000020516c5f950 DEOPT UNPACKING pc=0x0000020522f569a3 sp=0x000000273cbfd2a8 mode 2
Event: 6.819 Thread 0x0000020516c5f950 Uncommon trap: trap_request=0xffffffde fr.pc=0x00000205234b6424 relative=0x00000000000001a4
Event: 6.819 Thread 0x0000020516c5f950 Uncommon trap: reason=class_check action=maybe_recompile pc=0x00000205234b6424 method=java.lang.String.equals(Ljava/lang/Object;)Z @ 8 c2
Event: 6.819 Thread 0x0000020516c5f950 DEOPT PACKING pc=0x00000205234b6424 sp=0x000000273cbfd7d0
Event: 6.819 Thread 0x0000020516c5f950 DEOPT UNPACKING pc=0x0000020522f569a3 sp=0x000000273cbfd778 mode 2
Event: 6.819 Thread 0x0000020516c5f950 Uncommon trap: trap_request=0xffffffde fr.pc=0x00000205234b6424 relative=0x00000000000001a4
Event: 6.819 Thread 0x0000020516c5f950 Uncommon trap: reason=class_check action=maybe_recompile pc=0x00000205234b6424 method=java.lang.String.equals(Ljava/lang/Object;)Z @ 8 c2
Event: 6.819 Thread 0x0000020516c5f950 DEOPT PACKING pc=0x00000205234b6424 sp=0x000000273cbfd740
Event: 6.819 Thread 0x0000020516c5f950 DEOPT UNPACKING pc=0x0000020522f569a3 sp=0x000000273cbfd6e8 mode 2
Event: 6.832 Thread 0x0000020516c5f950 Uncommon trap: trap_request=0xffffffde fr.pc=0x00000205234b6424 relative=0x00000000000001a4
Event: 6.832 Thread 0x0000020516c5f950 Uncommon trap: reason=class_check action=maybe_recompile pc=0x00000205234b6424 method=java.lang.String.equals(Ljava/lang/Object;)Z @ 8 c2
Event: 6.832 Thread 0x0000020516c5f950 DEOPT PACKING pc=0x00000205234b6424 sp=0x000000273cbfd790
Event: 6.832 Thread 0x0000020516c5f950 DEOPT UNPACKING pc=0x0000020522f569a3 sp=0x000000273cbfd738 mode 2
Event: 6.859 Thread 0x0000020516c5f950 Uncommon trap: trap_request=0xffffff45 fr.pc=0x00000205235337ac relative=0x00000000000002ec
Event: 6.859 Thread 0x0000020516c5f950 Uncommon trap: reason=unstable_if action=reinterpret pc=0x00000205235337ac method=java.io.WinNTFileSystem.prefixLength(Ljava/lang/String;)I @ 42 c2
Event: 6.859 Thread 0x0000020516c5f950 DEOPT PACKING pc=0x00000205235337ac sp=0x000000273cbfcf20
Event: 6.859 Thread 0x0000020516c5f950 DEOPT UNPACKING pc=0x0000020522f569a3 sp=0x000000273cbfce98 mode 2
Event: 6.920 Thread 0x0000020516c5f950 DEOPT PACKING pc=0x000002051c051d67 sp=0x000000273cbf76f0
Event: 6.920 Thread 0x0000020516c5f950 DEOPT UNPACKING pc=0x0000020522f57143 sp=0x000000273cbf6b78 mode 0

Classes loaded (20 events):
Event: 6.881 Loading class java/util/concurrent/locks/AbstractQueuedSynchronizer$ConditionObject
Event: 6.881 Loading class java/util/concurrent/locks/Condition
Event: 6.881 Loading class java/util/concurrent/locks/Condition done
Event: 6.881 Loading class java/util/concurrent/locks/AbstractQueuedSynchronizer$ConditionObject done
Event: 6.881 Loading class java/util/concurrent/LinkedBlockingQueue$Node
Event: 6.881 Loading class java/util/concurrent/LinkedBlockingQueue$Node done
Event: 6.886 Loading class java/lang/InheritableThreadLocal
Event: 6.886 Loading class java/lang/InheritableThreadLocal done
Event: 6.919 Loading class java/util/logging/Formatter
Event: 6.919 Loading class java/util/logging/Formatter done
Event: 6.920 Loading class java/util/logging/XMLFormatter
Event: 6.921 Loading class java/util/logging/XMLFormatter done
Event: 6.922 Loading class java/util/logging/FileHandler
Event: 6.923 Loading class java/util/logging/StreamHandler
Event: 6.923 Loading class java/util/logging/StreamHandler done
Event: 6.923 Loading class java/util/logging/FileHandler done
Event: 6.924 Loading class java/util/logging/SocketHandler
Event: 6.924 Loading class java/util/logging/SocketHandler done
Event: 6.926 Loading class java/util/logging/LogRecord
Event: 6.927 Loading class java/util/logging/LogRecord done

Classes unloaded (0 events):
No events

Classes redefined (0 events):
No events

Internal exceptions (20 events):
Event: 6.088 Thread 0x0000020516c5f950 Exception <a 'java/lang/ClassNotFoundException'{0x0000000082cfa1a8}: com/kms/katalon/core/webui/contribution/WebUiDriverCleanerCustomizer> (0x0000000082cfa1a8) 
thrown [s\src\hotspot\share\classfile\systemDictionary.cpp, line 256]
Event: 6.113 Thread 0x0000020516c5f950 Exception <a 'java/lang/ClassNotFoundException'{0x0000000082b67e18}: com/kms/katalon/core/mobile/contribution/MobileDriverCleanerBeanInfo> (0x0000000082b67e18) 
thrown [s\src\hotspot\share\classfile\systemDictionary.cpp, line 256]
Event: 6.120 Thread 0x0000020516c5f950 Exception <a 'java/lang/ClassNotFoundException'{0x0000000082b86d38}: com/kms/katalon/core/mobile/contribution/MobileDriverCleanerCustomizer> (0x0000000082b86d38) 
thrown [s\src\hotspot\share\classfile\systemDictionary.cpp, line 256]
Event: 6.134 Thread 0x0000020516c5f950 Exception <a 'java/lang/ClassNotFoundException'{0x0000000082bc7988}: com/kms/katalon/core/cucumber/keyword/internal/CucumberDriverCleanerBeanInfo> (0x0000000082bc7988) 
thrown [s\src\hotspot\share\classfile\systemDictionary.cpp, line 256]
Event: 6.141 Thread 0x0000020516c5f950 Exception <a 'java/lang/ClassNotFoundException'{0x0000000082be75f8}: com/kms/katalon/core/cucumber/keyword/internal/CucumberDriverCleanerCustomizer> (0x0000000082be75f8) 
thrown [s\src\hotspot\share\classfile\systemDictionary.cpp, line 256]
Event: 6.169 Thread 0x0000020516c5f950 Exception <a 'java/lang/ClassNotFoundException'{0x0000000084c29370}: com/kms/katalon/core/windows/keyword/contribution/WindowsDriverCleanerBeanInfo> (0x0000000084c29370) 
thrown [s\src\hotspot\share\classfile\systemDictionary.cpp, line 256]
Event: 6.173 Thread 0x0000020516c5f950 Exception <a 'java/lang/ClassNotFoundException'{0x0000000084c49548}: com/kms/katalon/core/windows/keyword/contribution/WindowsDriverCleanerCustomizer> (0x0000000084c49548) 
thrown [s\src\hotspot\share\classfile\systemDictionary.cpp, line 256]
Event: 6.187 Thread 0x0000020516c5f950 Exception <a 'java/lang/ClassNotFoundException'{0x0000000084c89fe8}: com/kms/katalon/core/testng/keyword/internal/TestNGDriverCleanerBeanInfo> (0x0000000084c89fe8) 
thrown [s\src\hotspot\share\classfile\systemDictionary.cpp, line 256]
Event: 6.193 Thread 0x0000020516c5f950 Exception <a 'java/lang/ClassNotFoundException'{0x0000000084ca9528}: com/kms/katalon/core/testng/keyword/internal/TestNGDriverCleanerCustomizer> (0x0000000084ca9528) 
thrown [s\src\hotspot\share\classfile\systemDictionary.cpp, line 256]
Event: 6.282 Thread 0x0000020516c5f950 Implicit null exception at 0x000002052354b78c to 0x000002052354b8ae
Event: 6.372 Thread 0x0000020516c5f950 Exception <a 'java/lang/ClassNotFoundException'{0x00000000849c0250}: com/kms/katalon/core/configuration/RunConfigurationBeanInfo> (0x00000000849c0250) 
thrown [s\src\hotspot\share\classfile\systemDictionary.cpp, line 256]
Event: 6.377 Thread 0x0000020516c5f950 Exception <a 'java/lang/ClassNotFoundException'{0x00000000849ddd60}: com/kms/katalon/core/configuration/RunConfigurationCustomizer> (0x00000000849ddd60) 
thrown [s\src\hotspot\share\classfile\systemDictionary.cpp, line 256]
Event: 6.710 Thread 0x0000020516c5f950 Exception <a 'java/lang/ClassNotFoundException'{0x0000000084006da0}: com/kms/katalon/core/main/TestCaseMainBeanInfo> (0x0000000084006da0) 
thrown [s\src\hotspot\share\classfile\systemDictionary.cpp, line 256]
Event: 6.715 Thread 0x0000020516c5f950 Exception <a 'java/lang/ClassNotFoundException'{0x00000000840233b0}: com/kms/katalon/core/main/TestCaseMainCustomizer> (0x00000000840233b0) 
thrown [s\src\hotspot\share\classfile\systemDictionary.cpp, line 256]
Event: 6.719 Thread 0x0000020516c5f950 Exception <a 'java/lang/NoSuchMethodError'{0x000000008403a800}: 'void java.lang.invoke.DirectMethodHandle$Holder.invokeStaticInit(java.lang.Object)'> (0x000000008403a800) 
thrown [s\src\hotspot\share\interpreter\linkResolver.cpp, line 759]
Event: 6.739 Thread 0x0000020516c5f950 Exception <a 'java/lang/NoSuchMethodError'{0x000000008409aae0}: 'java.lang.Object java.lang.invoke.DirectMethodHandle$Holder.newInvokeSpecial(java.lang.Object, java.lang.Object, int, java.lang.Object)'> (0x000000008409aae0) 
thrown [s\src\hotspot\share\interpreter\linkResolver.cpp, line 759]
Event: 6.739 Thread 0x0000020516c5f950 Exception <a 'java/lang/NoSuchMethodError'{0x000000008409e3f8}: 'java.lang.Object java.lang.invoke.Invokers$Holder.linkToTargetMethod(java.lang.Object, int, java.lang.Object, java.lang.Object)'> (0x000000008409e3f8) 
thrown [s\src\hotspot\share\interpreter\linkResolver.cpp, line 759]
Event: 6.776 Thread 0x0000020516c5f950 Exception <a 'java/lang/NoSuchMethodError'{0x0000000083f5bdb8}: 'java.lang.Object java.lang.invoke.DirectMethodHandle$Holder.newInvokeSpecial(java.lang.Object, java.lang.Object, int)'> (0x0000000083f5bdb8) 
thrown [s\src\hotspot\share\interpreter\linkResolver.cpp, line 759]
Event: 6.780 Thread 0x0000020516c5f950 Exception <a 'java/lang/IncompatibleClassChangeError'{0x0000000083f5fcc8}: Found class java.lang.Object, but interface was expected> (0x0000000083f5fcc8) 
thrown [s\src\hotspot\share\interpreter\linkResolver.cpp, line 826]
Event: 6.941 Thread 0x0000020516c5f950 Exception <a 'java/lang/ClassNotFoundException'{0x0000000083cd49f0}: CustomKeywordsBeanInfo> (0x0000000083cd49f0) 
thrown [s\src\hotspot\share\classfile\systemDictionary.cpp, line 256]

VM Operations (20 events):
Event: 6.149 Executing VM operation: G1CollectForAllocation
Event: 6.160 Executing VM operation: G1CollectForAllocation done
Event: 6.218 Executing VM operation: HandshakeAllThreads
Event: 6.218 Executing VM operation: HandshakeAllThreads done
Event: 6.224 Executing VM operation: HandshakeAllThreads
Event: 6.224 Executing VM operation: HandshakeAllThreads done
Event: 6.275 Executing VM operation: HandshakeAllThreads
Event: 6.275 Executing VM operation: HandshakeAllThreads done
Event: 6.294 Executing VM operation: HandshakeAllThreads
Event: 6.294 Executing VM operation: HandshakeAllThreads done
Event: 6.295 Executing VM operation: HandshakeAllThreads
Event: 6.295 Executing VM operation: HandshakeAllThreads done
Event: 6.648 Executing VM operation: HandshakeAllThreads
Event: 6.648 Executing VM operation: HandshakeAllThreads done
Event: 6.676 Executing VM operation: HandshakeAllThreads
Event: 6.676 Executing VM operation: HandshakeAllThreads done
Event: 6.782 Executing VM operation: HandshakeAllThreads
Event: 6.782 Executing VM operation: HandshakeAllThreads done
Event: 6.889 Executing VM operation: HandshakeAllThreads
Event: 6.889 Executing VM operation: HandshakeAllThreads done

Memory protections (0 events):
No events

Nmethod flushes (0 events):
No events

Events (17 events):
Event: 0.281 Thread 0x0000020516c5f950 Thread added: 0x0000020516c5f950
Event: 0.305 Thread 0x0000020516c5f950 Thread added: 0x00000205322b4620
Event: 0.307 Thread 0x0000020516c5f950 Thread added: 0x00000205322b5e00
Event: 0.350 Thread 0x0000020516c5f950 Thread added: 0x00000205322d4020
Event: 0.350 Thread 0x0000020516c5f950 Thread added: 0x00000205322d48f0
Event: 0.350 Thread 0x0000020516c5f950 Thread added: 0x00000205322d92c0
Event: 0.350 Thread 0x0000020516c5f950 Thread added: 0x00000205322d9c80
Event: 0.350 Thread 0x0000020516c5f950 Thread added: 0x00000205322daa20
Event: 0.355 Thread 0x0000020516c5f950 Thread added: 0x0000020532336600
Event: 0.358 Thread 0x0000020516c5f950 Thread added: 0x00000205323532b0
Event: 0.658 Thread 0x0000020516c5f950 Thread added: 0x0000020532580af0
Event: 1.059 Thread 0x0000020532336600 Thread added: 0x0000020532c2c8c0
Event: 1.100 Thread 0x0000020516c5f950 Thread added: 0x00000205371e2540
Event: 2.781 Thread 0x0000020532c2c8c0 Thread exited: 0x0000020532c2c8c0
Event: 2.991 Thread 0x00000205322daa20 Thread added: 0x0000020537ce3d40
Event: 4.392 Thread 0x0000020537ce3d40 Thread exited: 0x0000020537ce3d40
Event: 4.533 Thread 0x0000020532336600 Thread added: 0x00000205383b5e80


Dynamic libraries:
0x00007ff6ea940000 - 0x00007ff6ea94e000 	C:\Users\W I N D O W S\.katalon\packages\KS-10.1.1\jre\bin\javaw.exe
0x00007ffdf32f0000 - 0x00007ffdf34e8000 	C:\Windows\SYSTEM32\ntdll.dll
0x00007ffdf1b70000 - 0x00007ffdf1c32000 	C:\Windows\System32\KERNEL32.DLL
0x00007ffdf0e50000 - 0x00007ffdf114f000 	C:\Windows\System32\KERNELBASE.dll
0x00007ffdf0c70000 - 0x00007ffdf0d70000 	C:\Windows\System32\ucrtbase.dll
0x00007ffde8570000 - 0x00007ffde8587000 	C:\Users\W I N D O W S\.katalon\packages\KS-10.1.1\jre\bin\jli.dll
0x00007ffdf30d0000 - 0x00007ffdf326d000 	C:\Windows\System32\USER32.dll
0x00007ffdf0ae0000 - 0x00007ffdf0b02000 	C:\Windows\System32\win32u.dll
0x00007ffdf3270000 - 0x00007ffdf329b000 	C:\Windows\System32\GDI32.dll
0x00007ffdf1180000 - 0x00007ffdf129a000 	C:\Windows\System32\gdi32full.dll
0x00007ffdf0a40000 - 0x00007ffdf0add000 	C:\Windows\System32\msvcp_win.dll
0x00007ffde8550000 - 0x00007ffde856e000 	C:\Users\W I N D O W S\.katalon\packages\KS-10.1.1\jre\bin\VCRUNTIME140.dll
0x00007ffdde5e0000 - 0x00007ffdde87a000 	C:\Windows\WinSxS\amd64_microsoft.windows.common-controls_6595b64144ccf1df_6.0.19041.4355_none_60b8b9eb71f62e16\COMCTL32.dll
0x00007ffdf24d0000 - 0x00007ffdf256e000 	C:\Windows\System32\msvcrt.dll
0x00007ffdf1310000 - 0x00007ffdf133f000 	C:\Windows\System32\IMM32.DLL
0x00007ffde8540000 - 0x00007ffde854c000 	C:\Users\W I N D O W S\.katalon\packages\KS-10.1.1\jre\bin\vcruntime140_1.dll
0x00007ffdd8580000 - 0x00007ffdd860d000 	C:\Users\W I N D O W S\.katalon\packages\KS-10.1.1\jre\bin\msvcp140.dll
0x00007ffd978e0000 - 0x00007ffd9854b000 	C:\Users\W I N D O W S\.katalon\packages\KS-10.1.1\jre\bin\server\jvm.dll
0x00007ffdf1c40000 - 0x00007ffdf1cef000 	C:\Windows\System32\ADVAPI32.dll
0x00007ffdf1d70000 - 0x00007ffdf1e0f000 	C:\Windows\System32\sechost.dll
0x00007ffdf18f0000 - 0x00007ffdf1a13000 	C:\Windows\System32\RPCRT4.dll
0x00007ffdf1150000 - 0x00007ffdf1177000 	C:\Windows\System32\bcrypt.dll
0x00007ffdf2460000 - 0x00007ffdf24cb000 	C:\Windows\System32\WS2_32.dll
0x00007ffdeff20000 - 0x00007ffdeff6b000 	C:\Windows\SYSTEM32\POWRPROF.dll
0x00007ffde8180000 - 0x00007ffde818a000 	C:\Windows\SYSTEM32\VERSION.dll
0x00007ffdde930000 - 0x00007ffdde957000 	C:\Windows\SYSTEM32\WINMM.dll
0x00007ffdefd90000 - 0x00007ffdefda2000 	C:\Windows\SYSTEM32\UMPDC.dll
0x00007ffdee810000 - 0x00007ffdee822000 	C:\Windows\SYSTEM32\kernel.appcore.dll
0x00007ffdec5c0000 - 0x00007ffdec5ca000 	C:\Users\W I N D O W S\.katalon\packages\KS-10.1.1\jre\bin\jimage.dll
0x00007ffdda1b0000 - 0x00007ffdda394000 	C:\Windows\SYSTEM32\DBGHELP.DLL
0x00007ffdd6b60000 - 0x00007ffdd6b94000 	C:\Windows\SYSTEM32\dbgcore.DLL
0x00007ffdf0d70000 - 0x00007ffdf0df2000 	C:\Windows\System32\bcryptPrimitives.dll
0x00007ffdea650000 - 0x00007ffdea675000 	C:\Users\W I N D O W S\.katalon\packages\KS-10.1.1\jre\bin\java.dll
0x00007ffdead40000 - 0x00007ffdead58000 	C:\Users\W I N D O W S\.katalon\packages\KS-10.1.1\jre\bin\zip.dll
0x00007ffdf2960000 - 0x00007ffdf30cd000 	C:\Windows\System32\SHELL32.dll
0x00007ffdeea10000 - 0x00007ffdef1b4000 	C:\Windows\SYSTEM32\windows.storage.dll
0x00007ffdf2600000 - 0x00007ffdf2955000 	C:\Windows\System32\combase.dll
0x00007ffdf03c0000 - 0x00007ffdf03eb000 	C:\Windows\SYSTEM32\Wldp.dll
0x00007ffdf1550000 - 0x00007ffdf161d000 	C:\Windows\System32\OLEAUT32.dll
0x00007ffdf2290000 - 0x00007ffdf233d000 	C:\Windows\System32\SHCORE.dll
0x00007ffdf25a0000 - 0x00007ffdf25f5000 	C:\Windows\System32\shlwapi.dll
0x00007ffdf08c0000 - 0x00007ffdf08e5000 	C:\Windows\SYSTEM32\profapi.dll
0x00007ffdeab70000 - 0x00007ffdeab89000 	C:\Users\W I N D O W S\.katalon\packages\KS-10.1.1\jre\bin\net.dll
0x00007ffde5940000 - 0x00007ffde5a4a000 	C:\Windows\SYSTEM32\WINHTTP.dll
0x00007ffdf0120000 - 0x00007ffdf018c000 	C:\Windows\system32\mswsock.dll
0x00007ffdeab20000 - 0x00007ffdeab36000 	C:\Users\W I N D O W S\.katalon\packages\KS-10.1.1\jre\bin\nio.dll
0x00007ffdeabb0000 - 0x00007ffdeabc0000 	C:\Users\W I N D O W S\.katalon\packages\KS-10.1.1\jre\bin\verify.dll

dbghelp: loaded successfully - version: 4.0.5 - missing functions: none
symbol engine: initialized successfully - sym options: 0x614 - pdb path: .;C:\Users\W I N D O W S\.katalon\packages\KS-10.1.1\jre\bin;C:\Windows\SYSTEM32;C:\Windows\WinSxS\amd64_microsoft.windows.common-controls_6595b64144ccf1df_6.0.19041.4355_none_60b8b9eb71f62e16;C:\Users\W I N D O W S\.katalon\packages\KS-10.1.1\jre\bin\server

VM Arguments:
jvm_args: -Dgroovy.home=C:\Users\W I N D O W S/.groovy -Djava.system.class.loader=groovy.lang.GroovyClassLoader -Xmx2048m -Dfile.encoding=UTF-8 -XX:+ShowCodeDetailsInExceptionMessages 
java_command: org.codehaus.groovy.tools.GroovyStarter --classpath C:\Users\W I N D O W S\Katalon Studio\coba_1\bin\keyword;C:\Users\W I N D O W S\Katalon Studio\coba_1\Keywords;C:\Users\W I N D O W S\Katalon Studio\coba_1\bin\listener;C:\Users\W I N D O W S\Katalon Studio\coba_1\Test Listeners;C:\Users\W I N D O W S\Katalon Studio\coba_1\bin\lib;C:\Users\W I N D O W S\Katalon Studio\coba_1\Libs;C:\Users\W I N D O W S\Katalon Studio\coba_1\bin\groovy;C:\Users\W I N D O W S\Katalon Studio\coba_1\Include\scripts\groovy;C:\Users\W I N D O W S\.katalon\packages\KS-10.1.1\plugins\com.kms.katalon.core_1.0.0.202503120557.jar;C:\Users\W I N D O W S\.katalon\packages\KS-10.1.1\configuration\resources\lib\aalto-xml-1.0.0.jar;C:\Users\W I N D O W S\.katalon\packages\KS-10.1.1\configuration\resources\lib\aspectjweaver-1.9.1.jar;C:\Users\W I N D O W S\.katalon\packages\KS-10.1.1\configuration\resources\lib\aws-2.20.3-fat.jar;C:\Users\W I N D O W S\.katalon\packages\KS-10.1.1\configuration\resources\lib\bcpkix-jdk15on-1.64.jar;C:\Users\W I N D O W S\.katalon\packages\KS-10.1.1\configuration\resources\lib\bcprov-jdk15on-1.64.jar;C:\Users\W I N D O W S\.katalon\packages\KS-10.1.1\configuration\resources\lib\browsermob-core-2.1.5.jar;C:\Users\W I N D O W S\.katalon\packages\KS-10.1.1\configuration\resources\lib\byte-buddy-1.14.3.jar;C:\Users\W I N D O W S\.katalon\packages\KS-10.1.1\configuration\resources\lib\byte-buddy-agent-1.14.3.jar;C:\Users\W I N D O W S\.katalon\packages\KS-10.1.1\configuration\resources\lib\cglib-3.2.10.jar;C:\Users\W I N D O W S\.katalon\packages\KS-10.1.1\configuration\resources\lib\commons-codec-1.10.jar;C:\Users\W I N D O W S\.katalon\packages\KS-10.1.1\configuration\resources\lib\commons-collections4-4.1.jar;C:\Users\W I N D O W S\.katalon\packages\KS-10.1.1\configuration\resources\lib\commons-validator-1.6.jar;C:\Users\W I N D O W S\.katalon\packages\KS-10.1.1\configuration\resources\lib\curvesapi-1.04.jar;C:\Users\W I N D O W S\.katalon\packages\KS-1
java_class_path (initial): C:\Users\W I N D O W S\Katalon Studio\coba_1\bin\keyword;C:\Users\W I N D O W S\Katalon Studio\coba_1\bin\listener;C:\Users\W I N D O W S\Katalon Studio\coba_1\bin\lib;C:\Users\W I N D O W S\Katalon Studio\coba_1\bin\groovy;C:\Users\W I N D O W S\Katalon Studio\coba_1\bin;C:\Users\W I N D O W S\.katalon\packages\KS-10.1.1\plugins\com.kms.katalon.core_1.0.0.202503120557.jar;C:\Users\W I N D O W S\.katalon\packages\KS-10.1.1\configuration\resources\lib\aalto-xml-1.0.0.jar;C:\Users\W I N D O W S\.katalon\packages\KS-10.1.1\configuration\resources\lib\aspectjweaver-1.9.1.jar;C:\Users\W I N D O W S\.katalon\packages\KS-10.1.1\configuration\resources\lib\aws-2.20.3-fat.jar;C:\Users\W I N D O W S\.katalon\packages\KS-10.1.1\configuration\resources\lib\bcpkix-jdk15on-1.64.jar;C:\Users\W I N D O W S\.katalon\packages\KS-10.1.1\configuration\resources\lib\bcprov-jdk15on-1.64.jar;C:\Users\W I N D O W S\.katalon\packages\KS-10.1.1\configuration\resources\lib\browsermob-core-2.1.5.jar;C:\Users\W I N D O W S\.katalon\packages\KS-10.1.1\configuration\resources\lib\byte-buddy-1.14.3.jar;C:\Users\W I N D O W S\.katalon\packages\KS-10.1.1\configuration\resources\lib\byte-buddy-agent-1.14.3.jar;C:\Users\W I N D O W S\.katalon\packages\KS-10.1.1\configuration\resources\lib\cglib-3.2.10.jar;C:\Users\W I N D O W S\.katalon\packages\KS-10.1.1\configuration\resources\lib\commons-codec-1.10.jar;C:\Users\W I N D O W S\.katalon\packages\KS-10.1.1\configuration\resources\lib\commons-collections4-4.1.jar;C:\Users\W I N D O W S\.katalon\packages\KS-10.1.1\configuration\resources\lib\commons-validator-1.6.jar;C:\Users\W I N D O W S\.katalon\packages\KS-10.1.1\configuration\resources\lib\curvesapi-1.04.jar;C:\Users\W I N D O W S\.katalon\packages\KS-10.1.1\configuration\resources\lib\dnsjava-3.6.2.jar;C:\Users\W I N D O W S\.katalon\packages\KS-10.1.1\configuration\resources\lib\groovy-3.0.17.jar;C:\Users\W I N D O W S\.katalon\packages\KS-10.1.1\configuration\resource
Launcher Type: SUN_STANDARD

[Global flags]
     intx CICompilerCount                          = 3                                         {product} {ergonomic}
     uint ConcGCThreads                            = 1                                         {product} {ergonomic}
     uint G1ConcRefinementThreads                  = 4                                         {product} {ergonomic}
   size_t G1HeapRegionSize                         = 1048576                                   {product} {ergonomic}
    uintx GCDrainStackTargetSize                   = 64                                        {product} {ergonomic}
   size_t InitialHeapSize                          = 67108864                                  {product} {ergonomic}
   size_t MarkStackSize                            = 4194304                                   {product} {ergonomic}
   size_t MaxHeapSize                              = 2147483648                                {product} {command line}
   size_t MaxNewSize                               = 1287651328                                {product} {ergonomic}
   size_t MinHeapDeltaBytes                        = 1048576                                   {product} {ergonomic}
   size_t MinHeapSize                              = 8388608                                   {product} {ergonomic}
    uintx NonNMethodCodeHeapSize                   = 5832780                                {pd product} {ergonomic}
    uintx NonProfiledCodeHeapSize                  = 122912730                              {pd product} {ergonomic}
    uintx ProfiledCodeHeapSize                     = 122912730                              {pd product} {ergonomic}
    uintx ReservedCodeCacheSize                    = 251658240                              {pd product} {ergonomic}
     bool SegmentedCodeCache                       = true                                      {product} {ergonomic}
     bool ShowCodeDetailsInExceptionMessages       = true                                   {manageable} {command line}
   size_t SoftMaxHeapSize                          = 2147483648                             {manageable} {ergonomic}
     bool UseCompressedClassPointers               = true                           {product lp64_product} {ergonomic}
     bool UseCompressedOops                        = true                           {product lp64_product} {ergonomic}
     bool UseG1GC                                  = true                                      {product} {ergonomic}
     bool UseLargePagesIndividualAllocation        = false                                  {pd product} {ergonomic}

Logging:
Log output configuration:
 #0: stdout all=warning uptime,level,tags
 #1: stderr all=off uptime,level,tags

Environment Variables:
PATH=C:/Users/W I N D O W S/.katalon/packages/KS-10.1.1/jre/bin/server;C:/Users/W I N D O W S/.katalon/packages/KS-10.1.1/jre/bin;C:\Program Files\Eclipse Adoptium\jdk-17.0.3.7-hotspot\bin;C:\Program Files (x86)\Intel\iCLS Client\;C:\Program Files\Intel\iCLS Client\;C:\Program Files (x86)\Common Files\Oracle\Java\javapath;C:\Windows\system32;C:\Windows;C:\Windows\System32\Wbem;C:\Windows\System32\WindowsPowerShell\v1.0\;C:\Windows\System32\OpenSSH\;C:\Program Files (x86)\Intel\Intel(R) Management Engine Components\DAL;C:\Program Files\Intel\Intel(R) Management Engine Components\DAL;C:\Program Files (x86)\Intel\Intel(R) Management Engine Components\IPT;C:\Program Files\Intel\Intel(R) Management Engine Components\IPT;D:\flutter\flutter\flutter_windows_2.10.5-stable\flutter\bin;C:\Program Files\Git\cmd;C:\xampp\php;C:\ProgramData\ComposerSetup\bin;D:\chromedriver-win64;C:\Users\W I N D O W S\AppData\Local\Programs\Python\Python312\Scripts\;C:\Users\W I N D O W S\AppData\Local\Programs\Python\Python312\;C:\Users\W I N D O W S\AppData\Local\Programs\Python\Launcher\;C:\Users\W I N D O W S\AppData\Local\Microsoft\WindowsApps;C:\Users\W I N D O W S\AppData\Local\GitHubDesktop\bin;C:\Users\W I N D O W S\AppData\Roaming\Composer\vendor\bin;C:\Users\W I N D O W S\AppData\Local\Programs\Microsoft VS Code\bin;D:\flutter\flutter\flutter_windows_2.10.5-stable\flutter\bin;;C:\Users\W I N D O W S\.katalon\packages\KS-10.1.1;
USERNAME=W I N D O W S
OS=Windows_NT
PROCESSOR_IDENTIFIER=Intel64 Family 6 Model 61 Stepping 4, GenuineIntel
TMP=C:\Users\WINDOW~1\AppData\Local\Temp
TEMP=C:\Users\WINDOW~1\AppData\Local\Temp



Periodic native trim disabled


---------------  S Y S T E M  ---------------

OS:
 Windows 10 , 64 bit Build 19041 (10.0.19041.5438)
OS uptime: 0 days 6:39 hours

CPU: total 4 (initial active 4) (2 cores per cpu, 2 threads per core) family 6 model 61 stepping 4 microcode 0x2d, cx8, cmov, fxsr, ht, mmx, 3dnowpref, sse, sse2, sse3, ssse3, sse4.1, sse4.2, popcnt, lzcnt, tsc, tscinvbit, avx, avx2, aes, erms, clmul, bmi1, bmi2, adx, fma, vzeroupper, clflush
Processor Information for all 4 processors :
  Max Mhz: 2201, Current Mhz: 2201, Mhz Limit: 2201

Memory: 4k page, system-wide physical 4018M (639M free)
TotalPageFile size 10275M (AvailPageFile size 5M)
current process WorkingSet (physical memory assigned to process): 174M, peak: 174M
current process commit charge ("private bytes"): 219M, peak: 220M

vm_info: OpenJDK 64-Bit Server VM (17.0.14+7) for windows-amd64 JRE (17.0.14+7), built on Jan 21 2025 23:40:15 by "admin" with MS VC++ 17.7 (VS2022)

END.
