#
# There is insufficient memory for the Java Runtime Environment to continue.
# Native memory allocation (malloc) failed to allocate 1831472 bytes. Error detail: Chunk::new
# Possible reasons:
#   The system is out of physical RAM or swap space
#   This process is running with CompressedOops enabled, and the Java Heap may be blocking the growth of the native heap
# Possible solutions:
#   Reduce memory load on the system
#   Increase physical memory or swap space
#   Check if swap backing store is full
#   Decrease Java heap size (-Xmx/-Xms)
#   Decrease number of Java threads
#   Decrease Java thread stack sizes (-Xss)
#   Set larger code cache with -XX:ReservedCodeCacheSize=
#   JVM is running with Unscaled Compressed Oops mode in which the Java heap is
#     placed in the first 4GB address space. The Java Heap base address is the
#     maximum limit for the native heap growth. Please use -XX:HeapBaseMinAddress
#     to set the Java Heap base and to place the Java Heap above 4GB virtual address.
# This output file may be truncated or incomplete.
#
#  Out of Memory Error (arena.cpp:191), pid=9620, tid=14176
#
# JRE version: OpenJDK Runtime Environment Temurin-17.0.14+7 (17.0.14+7) (build 17.0.14+7)
# Java VM: OpenJDK 64-Bit Server VM Temurin-17.0.14+7 (17.0.14+7, mixed mode, tiered, compressed oops, compressed class ptrs, g1 gc, windows-amd64)
# No core dump will be written. Minidumps are not enabled by default on client versions of Windows
#

---------------  S U M M A R Y ------------

Command Line: -Dgroovy.home=C:\Users\W I N D O W S/.groovy -Djava.system.class.loader=groovy.lang.GroovyClassLoader -Xmx2048m -Dfile.encoding=UTF-8 -XX:+ShowCodeDetailsInExceptionMessages org.codehaus.groovy.tools.GroovyStarter --classpath C:\Users\W I N D O W S\Katalon Studio\coba_1\bin\keyword;C:\Users\W I N D O W S\Katalon Studio\coba_1\Keywords;C:\Users\W I N D O W S\Katalon Studio\coba_1\bin\listener;C:\Users\W I N D O W S\Katalon Studio\coba_1\Test Listeners;C:\Users\W I N D O W S\Katalon Studio\coba_1\bin\lib;C:\Users\W I N D O W S\Katalon Studio\coba_1\Libs;C:\Users\W I N D O W S\Katalon Studio\coba_1\bin\groovy;C:\Users\W I N D O W S\Katalon Studio\coba_1\Include\scripts\groovy;C:\Users\W I N D O W S\.katalon\packages\KS-10.1.1\plugins\com.kms.katalon.core_1.0.0.202503120557.jar;C:\Users\W I N D O W S\.katalon\packages\KS-10.1.1\configuration\resources\lib\aalto-xml-1.0.0.jar;C:\Users\W I N D O W S\.katalon\packages\KS-10.1.1\configuration\resources\lib\aspectjweaver-1.9.1.jar;C:\Users\W I N D O W S\.katalon\packages\KS-10.1.1\configuration\resources\lib\aws-2.20.3-fat.jar;C:\Users\W I N D O W S\.katalon\packages\KS-10.1.1\configuration\resources\lib\bcpkix-jdk15on-1.64.jar;C:\Users\W I N D O W S\.katalon\packages\KS-10.1.1\configuration\resources\lib\bcprov-jdk15on-1.64.jar;C:\Users\W I N D O W S\.katalon\packages\KS-10.1.1\configuration\resources\lib\browsermob-core-2.1.5.jar;C:\Users\W I N D O W S\.katalon\packages\KS-10.1.1\configuration\resources\lib\byte-buddy-1.14.3.jar;C:\Users\W I N D O W S\.katalon\packages\KS-10.1.1\configuration\resources\lib\byte-buddy-agent-1.14.3.jar;C:\Users\W I N D O W S\.katalon\packages\KS-10.1.1\configuration\resources\lib\cglib-3.2.10.jar;C:\Users\W I N D O W S\.katalon\packages\KS-10.1.1\configuration\resources\lib\commons-codec-1.10.jar;C:\Users\W I N D O W S\.katalon\packages\KS-10.1.1\configuration\resources\lib\commons-collections4-4.1.jar;C:\Users\W I N D O W S\.katalon\packages\KS-10.1.1\configuration\resources\lib\commons-validator-1.6.jar;C:\Users\W I N D O W S\.katalon\packages\KS-10.1.1\configuration\resources\lib\curvesapi-1.04.jar;C:\Users\W I N D O W S\.katalon\packages\KS-10.1.1\configuration\resources\lib\dnsjava-3.6.2.jar;C:\Users\W I N D O W S\.katalon\packages\KS-10.1.1\configuration\resources\lib\groovy-3.0.17.jar;C:\Users\W I N D O W S\.katalon\packages\KS-10.1.1\configuration\resources\lib\jackson-coreutils-2.0.jar;C:\Users\W I N D O W S\.katalon\packages\KS-10.1.1\configuration\resources\lib\jackson-coreutils-equivalence-1.0.jar;C:\Users\W I N D O W S\.katalon\packages\KS-10.1.1\configuration\resources\lib\java-client-9.2.3.jar;C:\Users\W I N D O W S\.katalon\packages\KS-10.1.1\configuration\resources\lib\javax.servlet-api_3.1.0.jar;C:\Users\W I N D O W S\.katalon\packages\KS-10.1.1\configuration\resources\lib\jna-5.12.1.jar;C:\Users\W I N D O W S\.katalon\packages\KS-10.1.1\configuration\resources\lib\jna-platform-5.12.1.jar;C:\Users\W I N D O W S\.katalon\packages\KS-10.1.1\configuration\resources\lib\json-schema-core-1.2.14.jar;C:\Users\W I N D O W S\.katalon\packages\KS-10.1.1\configuration\resources\lib\json-schema-validator-2.2.14.jar;C:\Users\W I N D O W S\.katalon\packages\KS-10.1.1\configuration\resources\lib\jzlib-1.1.3.jar;C:\Users\W I N D O W S\.katalon\packages\KS-10.1.1\configuration\resources\lib\kat-server.jar;C:\Users\W I N D O W S\.katalon\packages\KS-10.1.1\configuration\resources\lib\littleproxy-1.1.0-beta-bmp-17.jar;C:\Users\W I N D O W S\.katalon\packages\KS-10.1.1\configuration\resources\lib\log4j-1.2-api-2.17.1.jar;C:\Users\W I N D O W S\.katalon\packages\KS-10.1.1\configuration\resources\lib\log4j-api-2.17.1.jar;C:\Users\W I N D O W S\.katalon\packages\KS-10.1.1\configuration\resources\lib\log4j-core-2.17.1.jar;C:\Users\W I N D O W S\.katalon\packages\KS-10.1.1\configuration\resources\lib\mitm-2.1.5.jar;C:\Users\W I N D O W S\.katalon\packages\KS-10.1.1\configuration\resources\lib\mockito-core-5.2.0.jar;C:\Users\W I N D O W S\.katalon\packages\KS-10.1.1\configuration\resources\lib\mockito-inline-5.2.0.jar;C:\Users\W I N D O W S\.katalon\packages\KS-10.1.1\configuration\resources\lib\netty-all-4.1.109.Final.jar;C:\Users\W I N D O W S\.katalon\packages\KS-10.1.1\configuration\resources\lib\objenesis-3.3.jar;C:\Users\W I N D O W S\.katalon\packages\KS-10.1.1\configuration\resources\lib\poi-3.17.jar;C:\Users\W I N D O W S\.katalon\packages\KS-10.1.1\configuration\resources\lib\poi-ooxml-3.17.jar;C:\Users\W I N D O W S\.katalon\packages\KS-10.1.1\configuration\resources\lib\poi-ooxml-schemas-3.17.jar;C:\Users\W I N D O W S\.katalon\packages\KS-10.1.1\configuration\resources\lib\proxy-vole-1.1.5-jar-with-dependencies.jar;C:\Users\W I N D O W S\.katalon\packages\KS-10.1.1\configuration\resources\lib\repackaged-sikuli-api-1.0.2-standalone.jar;C:\Users\W I N D O W S\.katalon\packages\KS-10.1.1\configuration\resources\lib\selenium-server-4.22.0.jar;C:\Users\W I N D O W S\.katalon\packages\KS-10.1.1\configuration\resources\lib\selenium-shutterbug-1.1.jar;C:\Users\W I N D O W S\.katalon\packages\KS-10.1.1\configuration\resources\lib\slf4j-api-1.7.25.jar;C:\Users\W I N D O W S\.katalon\packages\KS-10.1.1\configuration\resources\lib\soap-builder-1.0.0.jar;C:\Users\W I N D O W S\.katalon\packages\KS-10.1.1\configuration\resources\lib\soap-common-1.0.0.jar;C:\Users\W I N D O W S\.katalon\packages\KS-10.1.1\configuration\resources\lib\soap-legacy-1.0.0.jar;C:\Users\W I N D O W S\.katalon\packages\KS-10.1.1\configuration\resources\lib\spring-context-5.3.19.jar;C:\Users\W I N D O W S\.katalon\packages\KS-10.1.1\configuration\resources\lib\stax2-api-4.0.0.jar;C:\Users\W I N D O W S\.katalon\packages\KS-10.1.1\configuration\resources\lib\su.jar;C:\Users\W I N D O W S\.katalon\packages\KS-10.1.1\configuration\resources\lib\swagger-parser-1.0.67-fat.jar;C:\Users\W I N D O W S\.katalon\packages\KS-10.1.1\configuration\resources\lib\testng-7.8.0.jar;C:\Users\W I N D O W S\.katalon\packages\KS-10.1.1\configuration\resources\lib\uri-template-0.1.jar;C:\Users\W I N D O W S\.katalon\packages\KS-10.1.1\configuration\resources\lib\wadl.jar;C:\Users\W I N D O W S\.katalon\packages\KS-10.1.1\configuration\resources\lib\xmlbeans-3.1.0.jar;C:\Users\W I N D O W S\.katalon\packages\KS-10.1.1\plugins\net.sf.supercsv.super-csv_2.1.0.jar;C:\Users\W I N D O W S\.katalon\packages\KS-10.1.1\plugins\org.apache.commons.commons-io_2.15.1.jar;C:\Users\W I N D O W S\.katalon\packages\KS-10.1.1\plugins\org.apache.commons.lang_2.6.0.jar;C:\Users\W I N D O W S\.katalon\packages\KS-10.1.1\plugins\com.google.gson_2.10.1.v20230109-0753.jar;C:\Users\W I N D O W S\.katalon\packages\KS-10.1.1\plugins\org.jsoup_1.14.3.jar;C:\Users\W I N D O W S\.katalon\packages\KS-10.1.1\plugins\org.apache.commons.dbutils_1.6.0.jar;C:\Users\W I N D O W S\.katalon\packages\KS-10.1.1\plugins\com.oracle.jdbc.ojdbc7_12.1.0.2.jar;C:\Users\W I N D O W S\.katalon\packages\KS-10.1.1\plugins\org.postgresql.jdbc_42.7.3.jar;c:\Users\W I N D O W S\.katalon\packages\KS-10.1.1\plugins\org.eclipse.osgi_3.18.300.v20230220-1352.jar;C:\Users\W I N D O W S\.katalon\packages\KS-10.1.1\plugins\com.kms.katalon.constant_1.0.0.202503120557.jar;C:\Users\W I N D O W S\.katalon\packages\KS-10.1.1\plugins\org.eclipse.persistence.eclipselink_2.7.11.jar;C:\Users\W I N D O W S\.katalon\packages\KS-10.1.1\plugins\com.kms.katalon.selenium-standalone_1.0.0.202503120557.jar;C:\Users\W I N D O W S\.katalon\packages\KS-10.1.1\plugins\atu.testrecorder.screen-recorder_2.1.0.jar;C:\Users\W I N D O W S\.katalon\packages\KS-10.1.1\plugins\com.google.guava_32.0.0.jre.jar;C:\Users\W I N D O W S\.katalon\packages\KS-10.1.1\plugins\com.kms.katalon.util_1.0.0.202503120557.jar;C:\Users\W I N D O W S\.katalon\packages\KS-10.1.1\plugins\org.apache.httpcomponents.httpclient_4.5.14.v20221207-1049.jar;C:\Users\W I N D O W S\.katalon\packages\KS-10.1.1\plugins\org.apache.httpcomponents.httpcore_4.4.16.v20221207-1049.jar;C:\Users\W I N D O W S\.katalon\packages\KS-10.1.1\plugins\org.apache.httpcomponents.httpmime_4.5.13.jar;C:\Users\W I N D O W S\.katalon\packages\KS-10.1.1\plugins\org.apache.commons.lang3_3.14.0.jar;C:\Users\W I N D O W S\.katalon\packages\KS-10.1.1\plugins\org.greenrobot.eventbus_3.1.1.jar;C:\Users\W I N D O W S\.katalon\packages\KS-10.1.1\plugins\net.bytebuddy.byte-buddy_1.14.15.jar;C:\Users\W I N D O W S\.katalon\packages\KS-10.1.1\plugins\org.junit_4.13.2.v20211018-1956.jar;C:\Users\W I N D O W S\.katalon\packages\KS-10.1.1\plugins\com.fasterxml.jackson.core.jackson-databind_2.17.2.jar;C:\Users\W I N D O W S\.katalon\packages\KS-10.1.1\plugins\com.fasterxml.jackson.core.jackson-core_2.17.2.jar;C:\Users\W I N D O W S\.katalon\packages\KS-10.1.1\plugins\com.fasterxml.jackson.core.jackson-annotations_2.17.2.jar;C:\Users\W I N D O W S\.katalon\packages\KS-10.1.1\plugins\ch.qos.logback.classic_1.2.13.jar;C:\Users\W I N D O W S\.katalon\packages\KS-10.1.1\plugins\ch.qos.logback.core_1.2.13.jar;C:\Users\W I N D O W S\.katalon\packages\KS-10.1.1\plugins\slf4j.api_1.7.36.jar;C:\Users\W I N D O W S\.katalon\packages\KS-10.1.1\plugins\org.fusesource.jansi_1.17.1.jar;C:\Users\W I N D O W S\.katalon\packages\KS-10.1.1\plugins\com.kms.katalon.netlightbody_1.0.0.202503120557.jar;C:\Users\W I N D O W S\.katalon\packages\KS-10.1.1\plugins\com.kms.katalon.poi_1.0.0.202503120557.jar;C:\Users\W I N D O W S\.katalon\packages\KS-10.1.1\plugins\org.apache.commons.commons-text_1.10.0.jar;C:\Users\W I N D O W S\.katalon\packages\KS-10.1.1\plugins\com.kms.katalon.proxyvole_1.0.0.202503120557.jar;C:\Users\W I N D O W S\.katalon\packages\KS-10.1.1\plugins\com.microsoft.sqlserver.mssql-jdbc_6.2.2.jre8.jar;C:\Users\W I N D O W S\.katalon\packages\KS-10.1.1\plugins\com.github.kklisura.cdt.java-client_2.1.0.jar;C:\Users\W I N D O W S\.katalon\packages\KS-10.1.1\plugins\javax.websocket-api_1.1.0.jar;C:\Users\W I N D O W S\.katalon\packages\KS-10.1.1\plugins\org.glassfish.tyrus.container-grizzly-client_1.13.1.jar;C:\Users\W I N D O W S\.katalon\packages\KS-10.1.1\plugins\org.glassfish.grizzly.http-server_2.3.25.jar;C:\Users\W I N D O W S\.katalon\packages\KS-10.1.1\plugins\org.glassfish.grizzly.framework_2.3.25.jar;C:\Users\W I N D O W S\.katalon\packages\KS-10.1.1\plugins\org.glassfish.grizzly.http_2.3.25.jar;C:\Users\W I N D O W S\.katalon\packages\KS-10.1.1\plugins\org.glassfish.tyrus.client_1.13.1.jar;C:\Users\W I N D O W S\.katalon\packages\KS-10.1.1\plugins\org.glassfish.tyrus.core_1.13.1.jar;C:\Users\W I N D O W S\.katalon\packages\KS-10.1.1\plugins\org.glassfish.tyrus.spi_1.13.1.jar;C:\Users\W I N D O W S\.katalon\packages\KS-10.1.1\plugins\javassist_3.28.0.GA.jar;C:\Users\W I N D O W S\.katalon\packages\KS-10.1.1\plugins\graphql-java_22.3.0.jar;C:\Users\W I N D O W S\.katalon\packages\KS-10.1.1\plugins\org.glassfish.jaxb.runtime_2.3.6.jar;C:\Users\W I N D O W S\.katalon\packages\KS-10.1.1\plugins\org.glassfish.jaxb.txw2_2.3.6.jar;C:\Users\W I N D O W S\.katalon\packages\KS-10.1.1\plugins\org.dom4j_2.1.4.jar;C:\Users\W I N D O W S\.katalon\packages\KS-10.1.1\plugins\com.kms.katalon.groovy-extended_1.0.0.202503120557.jar;C:\Users\W I N D O W S\.katalon\packages\KS-10.1.1\plugins\com.sun.activation.javax.activation_1.2.0.jar;C:\Users\W I N D O W S\.katalon\packages\KS-10.1.1\plugins\jakarta.xml.bind-api_2.3.3.jar;C:\Users\W I N D O W S\.katalon\packages\KS-10.1.1\plugins\com.sun.xml.bind.jaxb-impl_2.3.6.jar;C:\Users\W I N D O W S\.katalon\packages\KS-10.1.1\plugins\org.eclipse.jface_3.29.0.v20230214-1401.jar;C:\Users\W I N D O W S\.katalon\packages\KS-10.1.1\plugins\com.kms.katalon.logging_1.0.0.202503120557.jar;C:\Users\W I N D O W S\.katalon\packages\KS-10.1.1\plugins\json_20240303.0.0.jar;C:\Users\W I N D O W S\.katalon\packages\KS-10.1.1\plugins\assertj-core_3.25.3.jar;C:\Users\W I N D O W S\.katalon\packages\KS-10.1.1\plugins\com.networknt.json-schema-validator_1.0.66.jar;C:\Users\W I N D O W S\.katalon\packages\KS-10.1.1\plugins\com.kms.katalon.network.apache_1.0.0.202503120557.jar;C:\Users\W I N D O W S\.katalon\packages\KS-10.1.1\plugins\java-dataloader_3.3.0.jar;C:\Users\W I N D O W S\.katalon\packages\KS-10.1.1\plugins\org.apache.commons.logging_1.2.0.v20180409-1502.jar;C:\Users\W I N D O W S\.katalon\packages\KS-10.1.1\plugins\org.hamcrest.core_1.3.0.v20180420-1519.jar;C:\Users\W I N D O W S\.katalon\packages\KS-10.1.1\plugins\org.beanshell.bsh_2.0.0.0b4.jar;C:\Users\W I N D O W S\.katalon\packages\KS-10.1.1\plugins\org.apache.ant.launcher_1.9.6.jar;C:\Users\W I N D O W S\.katalon\packages\KS-10.1.1\plugins\com.kms.katalon.core.appium_1.0.0.202503120557.jar;C:\Users\W I N D O W S\.katalon\packages\KS-10.1.1\plugins\com.kms.katalon.api_1.0.0.202503120557.jar;C:\Users\W I N D O W S\.katalon\packages\KS-10.1.1\plugins\org.eclipse.equinox.common_3.17.100.v20230202-1341.jar;C:\Users\W I N D O W S\.katalon\packages\KS-10.1.1\plugins\com.kms.katalon.platform.core_1.0.0.202503120557.jar;C:\Users\W I N D O W S\.katalon\packages\KS-10.1.1\plugins\com.kms.katalon.common_1.0.0.202503120557.jar;C:\Users\W I N D O W S\.katalon\packages\KS-10.1.1\plugins\com.kms.katalon.session.core_1.0.0.202503120557.jar;C:\Users\W I N D O W S\.katalon\packages\KS-10.1.1\plugins\org.eclipse.e4.core.contexts_1.11.0.v20220716-0839.jar;C:\Users\W I N D O W S\.katalon\packages\KS-10.1.1\plugins\javax.inject_1.0.0.v20220405-0441.jar;C:\Users\W I N D O W S\.katalon\packages\KS-10.1.1\plugins\org.eclipse.e4.core.di_1.8.300.v20220817-1539.jar;C:\Users\W I N D O W S\.katalon\packages\KS-10.1.1\plugins\com.kms.katalon.network.core_1.0.0.202503120557.jar;C:\Users\W I N D O W S\.katalon\packages\KS-10.1.1\plugins\com.kms.katalon.execution.core_1.0.0.202503120557.jar;C:\Users\W I N D O W S\.katalon\packages\KS-10.1.1\plugins\org.eclipse.equinox.registry_3.11.200.v20220817-1601.jar;C:\Users\W I N D O W S\.katalon\packages\KS-10.1.1\plugins\dev.failsafe_3.3.2.jar;C:\Users\W I N D O W S\.katalon\packages\KS-10.1.1\plugins\com.fasterxml.jackson.datatype.jackson-datatype-jsr310_2.17.2.jar;C:\Users\W I N D O W S\.katalon\packages\KS-10.1.1\plugins\org.eclipse.e4.core.di.annotations_1.7.200.v20220613-1008.jar;C:\Users\W I N D O W S\.katalon\packages\KS-10.1.1\plugins\com.kms.katalon.core.webui_1.0.0.202503120557.jar;C:\Users\W I N D O W S\.katalon\packages\KS-10.1.1\plugins\org.eclipse.e4.core.services_2.3.400.v20220915-1347.jar;C:\Users\W I N D O W S\.katalon\packages\KS-10.1.1\plugins\com.kms.katalon.core.mobile_1.0.0.202503120557.jar;C:\Users\W I N D O W S\.katalon\packages\KS-10.1.1\plugins\org.apache.commons.commons-validator_1.7.0.jar;C:\Users\W I N D O W S\.katalon\packages\KS-10.1.1\plugins\com.kms.katalon.core.cucumber_1.0.0.202503120557.jar;C:\Users\W I N D O W S\.katalon\packages\KS-10.1.1\plugins\io.cucumber.core_3.0.3.jar;C:\Users\W I N D O W S\.katalon\packages\KS-10.1.1\plugins\io.cucumber.datatable_1.1.15.jar;C:\Users\W I N D O W S\.katalon\packages\KS-10.1.1\plugins\io.cucumber.datatable-dependencies_1.1.15.jar;C:\Users\W I N D O W S\.katalon\packages\KS-10.1.1\plugins\io.cucumber.expressions_5.0.19.jar;C:\Users\W I N D O W S\.katalon\packages\KS-10.1.1\plugins\io.cucumber.gherkin_5.0.0.jar;C:\Users\W I N D O W S\.katalon\packages\KS-10.1.1\plugins\io.cucumber.html_0.2.7.jar;C:\Users\W I N D O W S\.katalon\packages\KS-10.1.1\plugins\io.cucumber.java_3.0.3.jar;C:\Users\W I N D O W S\.katalon\packages\KS-10.1.1\plugins\io.cucumber.tag-expressions_1.1.1.jar;C:\Users\W I N D O W S\.katalon\packages\KS-10.1.1\plugins\io.cucumber.junit_3.0.3.jar;C:\Users\W I N D O W S\.katalon\packages\KS-10.1.1\plugins\com.kms.katalon.core.webservice_1.0.0.202503120557.jar;C:\Users\W I N D O W S\.katalon\packages\KS-10.1.1\plugins\wsdl4j_1.6.2.jar;C:\Users\W I N D O W S\.katalon\packages\KS-10.1.1\plugins\com.google.oauth-client.google-oauth-client_1.22.0.jar;C:\Users\W I N D O W S\.katalon\packages\KS-10.1.1\plugins\com.google.http-client.google-http-client_1.22.0.jar;C:\Users\W I N D O W S\.katalon\packages\KS-10.1.1\plugins\com.kms.katalon.preferences_1.0.0.202503120557.jar;C:\Users\W I N D O W S\.katalon\packages\KS-10.1.1\plugins\org.apache.xmlbeans_3.1.0.jar;C:\Users\W I N D O W S\.katalon\packages\KS-10.1.1\plugins\com.kms.katalon.entity_1.0.0.202503120557.jar;C:\Users\W I N D O W S\.katalon\packages\KS-10.1.1\plugins\jakarta.xml.ws-api_2.3.3.jar;C:\Users\W I N D O W S\.katalon\packages\KS-10.1.1\plugins\javax.xml.soap-api_1.4.0.jar;C:\Users\W I N D O W S\.katalon\packages\KS-10.1.1\plugins\com.atlassian.oai.swagger-request-validator-core_2.38.0.jar;C:\Users\W I N D O W S\.katalon\packages\KS-10.1.1\plugins\io.swagger.compat-spec-parser_1.0.67.jar;C:\Users\W I N D O W S\.katalon\packages\KS-10.1.1\plugins\io.swagger.core.v3.swagger-annotations_2.2.14.jar;C:\Users\W I N D O W S\.katalon\packages\KS-10.1.1\plugins\io.swagger.core.v3.swagger-core_2.2.14.jar;C:\Users\W I N D O W S\.katalon\packages\KS-10.1.1\plugins\io.swagger.core.v3.swagger-models_2.2.14.jar;C:\Users\W I N D O W S\.katalon\packages\KS-10.1.1\plugins\io.swagger.parser.v3.swagger-parser-core_2.1.16.jar;C:\Users\W I N D O W S\.katalon\packages\KS-10.1.1\plugins\io.swagger.parser.v3.swagger-parser-v2-converter_2.1.16.jar;C:\Users\W I N D O W S\.katalon\packages\KS-10.1.1\plugins\com.github.java-json-tools.btf_1.3.0.jar;C:\Users\W I N D O W S\.katalon\packages\KS-10.1.1\plugins\com.fasterxml.jackson.dataformat.jackson-dataformat-yaml_2.17.1.jar;C:\Users\W I N D O W S\.katalon\packages\KS-10.1.1\plugins\org.yaml.snakeyaml_2.2.0.jar;C:\Users\W I N D O W S\.katalon\packages\KS-10.1.1\plugins\com.github.java-json-tools.msg-simple_1.2.0.jar;C:\Users\W I N D O W S\.katalon\packages\KS-10.1.1\plugins\jackson-core-asl_1.9.13.jar;C:\Users\W I N D O W S\.katalon\packages\KS-10.1.1\plugins\joda-time_2.10.5.jar;C:\Users\W I N D O W S\.katalon\packages\KS-10.1.1\plugins\javax.mail-api_1.6.2.jar;C:\Users\W I N D O W S\.katalon\packages\KS-10.1.1\plugins\com.googlecode.libphonenumber_8.11.1.jar;C:\Users\W I N D O W S\.katalon\packages\KS-10.1.1\plugins\com.google.guava.failureaccess_1.0.1.jar;C:\Users\W I N D O W S\.katalon\packages\KS-10.1.1\plugins\io.swagger.parser.v3.swagger-parser_2.1.16.jar;C:\Users\W I N D O W S\.katalon\packages\KS-10.1.1\plugins\io.swagger.parser.v3.swagger-parser-v3_2.1.16.jar;C:\Users\W I N D O W S\.katalon\packages\KS-10.1.1\plugins\io.swagger.parser_1.0.67.jar;C:\Users\W I N D O W S\.katalon\packages\KS-10.1.1\plugins\com.narupley.not-going-to-be-commons-ssl_0.3.20.jar;C:\Users\W I N D O W S\.katalon\packages\KS-10.1.1\plugins\com.kms.katalon.core.windows_1.0.0.202503120557.jar;C:\Users\W I N D O W S\.katalon\packages\KS-10.1.1\plugins\com.sun.jna_5.13.0.jar;C:\Users\W I N D O W S\.katalon\packages\KS-10.1.1\plugins\com.sun.jna.platform_5.13.0.jar;C:\Users\W I N D O W S\.katalon\packages\KS-10.1.1\plugins\com.kms.katalon.core.testng_1.0.0.202503120557.jar;C:\Users\W I N D O W S\.katalon\packages\KS-10.1.1\configuration\org.eclipse.osgi\33\0\.cp\resources\basic-report\katalon-studio-report-plugin.jar;C:\Users\W I N D O W S\.katalon\packages\KS-10.1.1\plugins\org.codehaus.groovy_3.0.17.v202303311542-e2303\lib\groovy-3.0.17-indy.jar;C:\Users\W I N D O W S\.katalon\packages\KS-10.1.1\plugins\org.codehaus.groovy_3.0.17.v202303311542-e2303\lib\ivy-2.5.1.jar --main groovy.ui.GroovyMain --encoding UTF-8 --indy C:\Users\W I N D O W S\Katalon Studio\coba_1\Libs\TempTestSuite1744266194441.groovy

Host: Intel(R) Core(TM) i5-5200U CPU @ 2.20GHz, 4 cores, 3G,  Windows 10 , 64 bit Build 19041 (10.0.19041.5438)
Time: Thu Apr 10 13:23:53 2025 SE Asia Standard Time elapsed time: 38.566779 seconds (0d 0h 0m 38s)

---------------  T H R E A D  ---------------

Current thread (0x0000028eda57be80):  JavaThread "C2 CompilerThread0" daemon [_thread_in_native, id=14176, stack(0x0000009bad100000,0x0000009bad200000)]


Current CompileTask:
C2:  38566 4936   !   4       jdk.internal.loader.URLClassPath$JarLoader::getResource (354 bytes)

Stack: [0x0000009bad100000,0x0000009bad200000]
Native frames: (J=compiled Java code, j=interpreted, Vv=VM code, C=native code)
V  [jvm.dll+0x682eb9]
V  [jvm.dll+0x8399c8]
V  [jvm.dll+0x83b473]
V  [jvm.dll+0x83bae3]
V  [jvm.dll+0x24715f]
V  [jvm.dll+0xace44]
V  [jvm.dll+0xad4dc]
V  [jvm.dll+0x365b5e]
V  [jvm.dll+0x1baa69]
V  [jvm.dll+0x2182a7]
V  [jvm.dll+0x21758f]
V  [jvm.dll+0x1a3150]
V  [jvm.dll+0x22799c]
V  [jvm.dll+0x225afb]
V  [jvm.dll+0x7ef128]
V  [jvm.dll+0x7e948c]
V  [jvm.dll+0x681d97]
C  [ucrtbase.dll+0x21bb2]
C  [KERNEL32.DLL+0x17374]
C  [ntdll.dll+0x4cc91]


---------------  P R O C E S S  ---------------

Threads class SMR info:
_java_thread_list=0x0000028ee0d851b0, length=20, elements={
0x0000028ebef3f670, 0x0000028eda554620, 0x0000028eda555f40, 0x0000028eda30e9e0,
0x0000028eda30fb40, 0x0000028eda310500, 0x0000028eda311e00, 0x0000028eda57be80,
0x0000028eda57ef40, 0x0000028eda580cd0, 0x0000028eda84c220, 0x0000028edfa2b0a0,
0x0000028ee0644b20, 0x0000028ee0390c90, 0x0000028ee2c04350, 0x0000028ee0897910,
0x0000028ee2503110, 0x0000028ee10ca620, 0x0000028ee10c91e0, 0x0000028ee10c87c0
}

Java Threads: ( => current thread )
  0x0000028ebef3f670 JavaThread "main" [_thread_in_vm, id=12904, stack(0x0000009bac300000,0x0000009bac400000)]
  0x0000028eda554620 JavaThread "Reference Handler" daemon [_thread_blocked, id=13884, stack(0x0000009baca00000,0x0000009bacb00000)]
  0x0000028eda555f40 JavaThread "Finalizer" daemon [_thread_blocked, id=5352, stack(0x0000009bacb00000,0x0000009bacc00000)]
  0x0000028eda30e9e0 JavaThread "Signal Dispatcher" daemon [_thread_blocked, id=12512, stack(0x0000009bacd00000,0x0000009bace00000)]
  0x0000028eda30fb40 JavaThread "Attach Listener" daemon [_thread_blocked, id=10940, stack(0x0000009bace00000,0x0000009bacf00000)]
  0x0000028eda310500 JavaThread "Service Thread" daemon [_thread_blocked, id=11932, stack(0x0000009bacf00000,0x0000009bad000000)]
  0x0000028eda311e00 JavaThread "Monitor Deflation Thread" daemon [_thread_blocked, id=8604, stack(0x0000009bad000000,0x0000009bad100000)]
=>0x0000028eda57be80 JavaThread "C2 CompilerThread0" daemon [_thread_in_native, id=14176, stack(0x0000009bad100000,0x0000009bad200000)]
  0x0000028eda57ef40 JavaThread "C1 CompilerThread0" daemon [_thread_blocked, id=8128, stack(0x0000009bad200000,0x0000009bad300000)]
  0x0000028eda580cd0 JavaThread "Sweeper thread" daemon [_thread_blocked, id=7720, stack(0x0000009bad300000,0x0000009bad400000)]
  0x0000028eda84c220 JavaThread "Common-Cleaner" daemon [_thread_blocked, id=10400, stack(0x0000009bad400000,0x0000009bad500000)]
  0x0000028edfa2b0a0 JavaThread "Notification Thread" daemon [_thread_blocked, id=11860, stack(0x0000009bad600000,0x0000009bad700000)]
  0x0000028ee0644b20 JavaThread "ForkJoinPool.commonPool-worker-1" daemon [_thread_blocked, id=10932, stack(0x0000009badb00000,0x0000009badc00000)]
  0x0000028ee0390c90 JavaThread "HttpClient-1-SelectorManager" daemon [_thread_in_native, id=11456, stack(0x0000009badc00000,0x0000009badd00000)]
  0x0000028ee2c04350 JavaThread "Driver Service Executor" daemon [_thread_blocked, id=5248, stack(0x0000009bade00000,0x0000009badf00000)]
  0x0000028ee0897910 JavaThread "Driver Service Executor" daemon [_thread_blocked, id=13592, stack(0x0000009badf00000,0x0000009bae000000)]
  0x0000028ee2503110 JavaThread "UrlChecker-2" daemon [_thread_blocked, id=11776, stack(0x0000009bae000000,0x0000009bae100000)]
  0x0000028ee10ca620 JavaThread "JdkHttpClient-0-0" daemon [_thread_blocked, id=11288, stack(0x0000009bae200000,0x0000009bae300000)]
  0x0000028ee10c91e0 JavaThread "JdkHttpClient-0-1" daemon [_thread_blocked, id=11584, stack(0x0000009bae300000,0x0000009bae400000)]
  0x0000028ee10c87c0 JavaThread "JdkHttpClient-0-2" daemon [_thread_blocked, id=8664, stack(0x0000009bae400000,0x0000009bae500000)]

Other Threads:
  0x0000028eda2fd380 VMThread "VM Thread" [stack: 0x0000009bac900000,0x0000009baca00000] [id=11188]
  0x0000028edfa2b580 WatcherThread [stack: 0x0000009bad700000,0x0000009bad800000] [id=5108]
  0x0000028ebefa6900 GCTaskThread "GC Thread#0" [stack: 0x0000009bac400000,0x0000009bac500000] [id=13908]
  0x0000028edf184810 GCTaskThread "GC Thread#1" [stack: 0x0000009bad500000,0x0000009bad600000] [id=12000]
  0x0000028edfd43840 GCTaskThread "GC Thread#2" [stack: 0x0000009bad900000,0x0000009bada00000] [id=14204]
  0x0000028ee0166030 GCTaskThread "GC Thread#3" [stack: 0x0000009bada00000,0x0000009badb00000] [id=1508]
  0x0000028ebefb8760 ConcurrentGCThread "G1 Main Marker" [stack: 0x0000009bac500000,0x0000009bac600000] [id=14300]
  0x0000028ebefb9080 ConcurrentGCThread "G1 Conc#0" [stack: 0x0000009bac600000,0x0000009bac700000] [id=14248]
  0x0000028eda157e90 ConcurrentGCThread "G1 Refine#0" [stack: 0x0000009bac700000,0x0000009bac800000] [id=7088]
  0x0000028eda1587c0 ConcurrentGCThread "G1 Service" [stack: 0x0000009bac800000,0x0000009bac900000] [id=3716]

Threads with active compile tasks:
C2 CompilerThread0    38604 4936   !   4       jdk.internal.loader.URLClassPath$JarLoader::getResource (354 bytes)

VM state: not at safepoint (normal execution)

VM Mutex/Monitor currently owned by a thread: None

Heap address: 0x0000000080000000, size: 2048 MB, Compressed Oops mode: 32-bit

CDS archive(s) not mapped
Compressed class space mapped at: 0x0000000100000000-0x0000000140000000, reserved size: 1073741824
Narrow klass base: 0x0000000000000000, Narrow klass shift: 3, Narrow klass range: 0x140000000

GC Precious Log:
 CPUs: 4 total, 4 available
 Memory: 4018M
 Large Page Support: Disabled
 NUMA Support: Disabled
 Compressed Oops: Enabled (32-bit)
 Heap Region Size: 1M
 Heap Min Capacity: 8M
 Heap Initial Capacity: 64M
 Heap Max Capacity: 2G
 Pre-touch: Disabled
 Parallel Workers: 4
 Concurrent Workers: 1
 Concurrent Refinement Workers: 4
 Periodic GC: Disabled

Heap:
 garbage-first heap   total 97280K, used 56349K [0x0000000080000000, 0x0000000100000000)
  region size 1024K, 24 young (24576K), 5 survivors (5120K)
 Metaspace       used 43721K, committed 44288K, reserved 1114112K
  class space    used 4774K, committed 5056K, reserved 1048576K

Heap Regions: E=young(eden), S=young(survivor), O=old, HS=humongous(starts), HC=humongous(continues), CS=collection set, F=free, OA=open archive, CA=closed archive, TAMS=top-at-mark-start (previous, next)
|   0|0x0000000080000000, 0x0000000080100000, 0x0000000080100000|100%|HS|  |TAMS 0x0000000080100000, 0x0000000080000000| Complete 
|   1|0x0000000080100000, 0x0000000080200000, 0x0000000080200000|100%|HS|  |TAMS 0x0000000080200000, 0x0000000080100000| Complete 
|   2|0x0000000080200000, 0x0000000080300000, 0x0000000080300000|100%|HC|  |TAMS 0x0000000080300000, 0x0000000080200000| Complete 
|   3|0x0000000080300000, 0x0000000080400000, 0x0000000080400000|100%|HC|  |TAMS 0x0000000080400000, 0x0000000080300000| Complete 
|   4|0x0000000080400000, 0x0000000080500000, 0x0000000080500000|100%| O|  |TAMS 0x0000000080500000, 0x0000000080400000| Untracked 
|   5|0x0000000080500000, 0x0000000080600000, 0x0000000080600000|100%| O|  |TAMS 0x0000000080600000, 0x0000000080500000| Untracked 
|   6|0x0000000080600000, 0x0000000080700000, 0x0000000080700000|100%| O|  |TAMS 0x0000000080700000, 0x0000000080600000| Untracked 
|   7|0x0000000080700000, 0x0000000080800000, 0x0000000080800000|100%| O|  |TAMS 0x0000000080800000, 0x0000000080700000| Untracked 
|   8|0x0000000080800000, 0x0000000080900000, 0x0000000080900000|100%| O|  |TAMS 0x0000000080900000, 0x0000000080800000| Untracked 
|   9|0x0000000080900000, 0x0000000080a00000, 0x0000000080a00000|100%| O|  |TAMS 0x0000000080a00000, 0x0000000080900000| Untracked 
|  10|0x0000000080a00000, 0x0000000080b00000, 0x0000000080b00000|100%| O|  |TAMS 0x0000000080b00000, 0x0000000080a00000| Untracked 
|  11|0x0000000080b00000, 0x0000000080c00000, 0x0000000080c00000|100%|HS|  |TAMS 0x0000000080c00000, 0x0000000080b00000| Complete 
|  12|0x0000000080c00000, 0x0000000080d00000, 0x0000000080d00000|100%| O|  |TAMS 0x0000000080d00000, 0x0000000080c00000| Untracked 
|  13|0x0000000080d00000, 0x0000000080e00000, 0x0000000080e00000|100%| O|  |TAMS 0x0000000080e00000, 0x0000000080d00000| Untracked 
|  14|0x0000000080e00000, 0x0000000080f00000, 0x0000000080f00000|100%| O|  |TAMS 0x0000000080f00000, 0x0000000080e00000| Untracked 
|  15|0x0000000080f00000, 0x0000000081000000, 0x0000000081000000|100%| O|  |TAMS 0x0000000081000000, 0x0000000080f00000| Untracked 
|  16|0x0000000081000000, 0x0000000081100000, 0x0000000081100000|100%| O|  |TAMS 0x0000000081100000, 0x0000000081000000| Untracked 
|  17|0x0000000081100000, 0x0000000081200000, 0x0000000081200000|100%| O|  |TAMS 0x0000000081200000, 0x0000000081100000| Untracked 
|  18|0x0000000081200000, 0x0000000081300000, 0x0000000081300000|100%| O|  |TAMS 0x0000000081300000, 0x0000000081200000| Untracked 
|  19|0x0000000081300000, 0x0000000081400000, 0x0000000081400000|100%| O|  |TAMS 0x0000000081400000, 0x0000000081300000| Untracked 
|  20|0x0000000081400000, 0x0000000081500000, 0x0000000081500000|100%| O|  |TAMS 0x0000000081500000, 0x0000000081400000| Untracked 
|  21|0x0000000081500000, 0x0000000081600000, 0x0000000081600000|100%| O|  |TAMS 0x0000000081600000, 0x0000000081500000| Untracked 
|  22|0x0000000081600000, 0x0000000081700000, 0x0000000081700000|100%| O|  |TAMS 0x0000000081700000, 0x0000000081600000| Untracked 
|  23|0x0000000081700000, 0x0000000081800000, 0x0000000081800000|100%| O|  |TAMS 0x0000000081800000, 0x0000000081700000| Untracked 
|  24|0x0000000081800000, 0x0000000081900000, 0x0000000081900000|100%| O|  |TAMS 0x0000000081800000, 0x0000000081800000| Untracked 
|  25|0x0000000081900000, 0x0000000081a00000, 0x0000000081a00000|100%| O|  |TAMS 0x0000000081900000, 0x0000000081900000| Untracked 
|  26|0x0000000081a00000, 0x0000000081b00000, 0x0000000081b00000|100%| O|  |TAMS 0x0000000081a00000, 0x0000000081a00000| Untracked 
|  27|0x0000000081b00000, 0x0000000081c00000, 0x0000000081c00000|100%| O|  |TAMS 0x0000000081c00000, 0x0000000081b00000| Untracked 
|  28|0x0000000081c00000, 0x0000000081d00000, 0x0000000081d00000|100%| O|  |TAMS 0x0000000081d00000, 0x0000000081c00000| Untracked 
|  29|0x0000000081d00000, 0x0000000081e00000, 0x0000000081e00000|100%| O|  |TAMS 0x0000000081e00000, 0x0000000081d00000| Untracked 
|  30|0x0000000081e00000, 0x0000000081f00000, 0x0000000081f00000|100%| O|  |TAMS 0x0000000081f00000, 0x0000000081e00000| Untracked 
|  31|0x0000000081f00000, 0x0000000082000000, 0x0000000082000000|100%| O|  |TAMS 0x0000000081ff4a00, 0x0000000081f00000| Untracked 
|  32|0x0000000082000000, 0x0000000082100000, 0x0000000082100000|100%| O|  |TAMS 0x0000000082000000, 0x0000000082000000| Untracked 
|  33|0x0000000082100000, 0x00000000821ab800, 0x0000000082200000| 66%| O|  |TAMS 0x0000000082100000, 0x0000000082100000| Untracked 
|  34|0x0000000082200000, 0x0000000082200000, 0x0000000082300000|  0%| F|  |TAMS 0x0000000082200000, 0x0000000082200000| Untracked 
|  35|0x0000000082300000, 0x0000000082300000, 0x0000000082400000|  0%| F|  |TAMS 0x0000000082300000, 0x0000000082300000| Untracked 
|  36|0x0000000082400000, 0x0000000082400000, 0x0000000082500000|  0%| F|  |TAMS 0x0000000082400000, 0x0000000082400000| Untracked 
|  37|0x0000000082500000, 0x0000000082500000, 0x0000000082600000|  0%| F|  |TAMS 0x0000000082500000, 0x0000000082500000| Untracked 
|  38|0x0000000082600000, 0x0000000082600000, 0x0000000082700000|  0%| F|  |TAMS 0x0000000082600000, 0x0000000082600000| Untracked 
|  39|0x0000000082700000, 0x0000000082700000, 0x0000000082800000|  0%| F|  |TAMS 0x0000000082700000, 0x0000000082700000| Untracked 
|  40|0x0000000082800000, 0x0000000082800000, 0x0000000082900000|  0%| F|  |TAMS 0x0000000082800000, 0x0000000082800000| Untracked 
|  41|0x0000000082900000, 0x0000000082900000, 0x0000000082a00000|  0%| F|  |TAMS 0x0000000082900000, 0x0000000082900000| Untracked 
|  42|0x0000000082a00000, 0x0000000082a00000, 0x0000000082b00000|  0%| F|  |TAMS 0x0000000082a00000, 0x0000000082a00000| Untracked 
|  43|0x0000000082b00000, 0x0000000082b00000, 0x0000000082c00000|  0%| F|  |TAMS 0x0000000082b00000, 0x0000000082b00000| Untracked 
|  44|0x0000000082c00000, 0x0000000082c00000, 0x0000000082d00000|  0%| F|  |TAMS 0x0000000082c00000, 0x0000000082c00000| Untracked 
|  45|0x0000000082d00000, 0x0000000082d00000, 0x0000000082e00000|  0%| F|  |TAMS 0x0000000082d00000, 0x0000000082d00000| Untracked 
|  46|0x0000000082e00000, 0x0000000082e00000, 0x0000000082f00000|  0%| F|  |TAMS 0x0000000082e00000, 0x0000000082e00000| Untracked 
|  47|0x0000000082f00000, 0x0000000082f00000, 0x0000000083000000|  0%| F|  |TAMS 0x0000000082f00000, 0x0000000082f00000| Untracked 
|  48|0x0000000083000000, 0x0000000083000000, 0x0000000083100000|  0%| F|  |TAMS 0x0000000083000000, 0x0000000083000000| Untracked 
|  49|0x0000000083100000, 0x0000000083100000, 0x0000000083200000|  0%| F|  |TAMS 0x0000000083100000, 0x0000000083100000| Untracked 
|  50|0x0000000083200000, 0x0000000083200000, 0x0000000083300000|  0%| F|  |TAMS 0x0000000083200000, 0x0000000083200000| Untracked 
|  51|0x0000000083300000, 0x000000008335bd18, 0x0000000083400000| 35%| S|CS|TAMS 0x0000000083300000, 0x0000000083300000| Complete 
|  52|0x0000000083400000, 0x0000000083500000, 0x0000000083500000|100%| S|CS|TAMS 0x0000000083400000, 0x0000000083400000| Complete 
|  53|0x0000000083500000, 0x0000000083600000, 0x0000000083600000|100%| S|CS|TAMS 0x0000000083500000, 0x0000000083500000| Complete 
|  54|0x0000000083600000, 0x0000000083700000, 0x0000000083700000|100%| S|CS|TAMS 0x0000000083600000, 0x0000000083600000| Complete 
|  55|0x0000000083700000, 0x0000000083800000, 0x0000000083800000|100%| S|CS|TAMS 0x0000000083700000, 0x0000000083700000| Complete 
|  56|0x0000000083800000, 0x0000000083800000, 0x0000000083900000|  0%| F|  |TAMS 0x0000000083800000, 0x0000000083800000| Untracked 
|  57|0x0000000083900000, 0x0000000083900000, 0x0000000083a00000|  0%| F|  |TAMS 0x0000000083900000, 0x0000000083900000| Untracked 
|  58|0x0000000083a00000, 0x0000000083a00000, 0x0000000083b00000|  0%| F|  |TAMS 0x0000000083a00000, 0x0000000083a00000| Untracked 
|  59|0x0000000083b00000, 0x0000000083b00000, 0x0000000083c00000|  0%| F|  |TAMS 0x0000000083b00000, 0x0000000083b00000| Untracked 
|  60|0x0000000083c00000, 0x0000000083c00000, 0x0000000083d00000|  0%| F|  |TAMS 0x0000000083c00000, 0x0000000083c00000| Untracked 
|  61|0x0000000083d00000, 0x0000000083d00000, 0x0000000083e00000|  0%| F|  |TAMS 0x0000000083d00000, 0x0000000083d00000| Untracked 
|  62|0x0000000083e00000, 0x0000000083e00000, 0x0000000083f00000|  0%| F|  |TAMS 0x0000000083e00000, 0x0000000083e00000| Untracked 
|  63|0x0000000083f00000, 0x0000000083f00000, 0x0000000084000000|  0%| F|  |TAMS 0x0000000083f00000, 0x0000000083f00000| Untracked 
|  64|0x0000000084000000, 0x0000000084000000, 0x0000000084100000|  0%| F|  |TAMS 0x0000000084000000, 0x0000000084000000| Untracked 
|  65|0x0000000084100000, 0x0000000084100000, 0x0000000084200000|  0%| F|  |TAMS 0x0000000084100000, 0x0000000084100000| Untracked 
|  66|0x0000000084200000, 0x0000000084200000, 0x0000000084300000|  0%| F|  |TAMS 0x0000000084200000, 0x0000000084200000| Untracked 
|  67|0x0000000084300000, 0x0000000084300000, 0x0000000084400000|  0%| F|  |TAMS 0x0000000084300000, 0x0000000084300000| Untracked 
|  68|0x0000000084400000, 0x0000000084400000, 0x0000000084500000|  0%| F|  |TAMS 0x0000000084400000, 0x0000000084400000| Untracked 
|  69|0x0000000084500000, 0x0000000084500000, 0x0000000084600000|  0%| F|  |TAMS 0x0000000084500000, 0x0000000084500000| Untracked 
|  70|0x0000000084600000, 0x0000000084600000, 0x0000000084700000|  0%| F|  |TAMS 0x0000000084600000, 0x0000000084600000| Untracked 
|  71|0x0000000084700000, 0x0000000084700000, 0x0000000084800000|  0%| F|  |TAMS 0x0000000084700000, 0x0000000084700000| Untracked 
|  72|0x0000000084800000, 0x0000000084800000, 0x0000000084900000|  0%| F|  |TAMS 0x0000000084800000, 0x0000000084800000| Untracked 
|  73|0x0000000084900000, 0x0000000084900000, 0x0000000084a00000|  0%| F|  |TAMS 0x0000000084900000, 0x0000000084900000| Untracked 
|  74|0x0000000084a00000, 0x0000000084a00000, 0x0000000084b00000|  0%| F|  |TAMS 0x0000000084a00000, 0x0000000084a00000| Untracked 
|  75|0x0000000084b00000, 0x0000000084b00000, 0x0000000084c00000|  0%| F|  |TAMS 0x0000000084b00000, 0x0000000084b00000| Untracked 
|  76|0x0000000084c00000, 0x0000000084d00000, 0x0000000084d00000|100%| E|  |TAMS 0x0000000084c00000, 0x0000000084c00000| Complete 
|  77|0x0000000084d00000, 0x0000000084e00000, 0x0000000084e00000|100%| E|CS|TAMS 0x0000000084d00000, 0x0000000084d00000| Complete 
|  78|0x0000000084e00000, 0x0000000084f00000, 0x0000000084f00000|100%| E|CS|TAMS 0x0000000084e00000, 0x0000000084e00000| Complete 
|  79|0x0000000084f00000, 0x0000000085000000, 0x0000000085000000|100%| E|CS|TAMS 0x0000000084f00000, 0x0000000084f00000| Complete 
|  80|0x0000000085000000, 0x0000000085100000, 0x0000000085100000|100%| E|CS|TAMS 0x0000000085000000, 0x0000000085000000| Complete 
|  81|0x0000000085100000, 0x0000000085200000, 0x0000000085200000|100%| E|CS|TAMS 0x0000000085100000, 0x0000000085100000| Complete 
|  82|0x0000000085200000, 0x0000000085300000, 0x0000000085300000|100%| E|CS|TAMS 0x0000000085200000, 0x0000000085200000| Complete 
|  83|0x0000000085300000, 0x0000000085400000, 0x0000000085400000|100%| E|CS|TAMS 0x0000000085300000, 0x0000000085300000| Complete 
|  84|0x0000000085400000, 0x0000000085500000, 0x0000000085500000|100%| E|CS|TAMS 0x0000000085400000, 0x0000000085400000| Complete 
|  85|0x0000000085500000, 0x0000000085600000, 0x0000000085600000|100%| E|CS|TAMS 0x0000000085500000, 0x0000000085500000| Complete 
|  86|0x0000000085600000, 0x0000000085700000, 0x0000000085700000|100%| E|CS|TAMS 0x0000000085600000, 0x0000000085600000| Complete 
|  87|0x0000000085700000, 0x0000000085800000, 0x0000000085800000|100%| E|CS|TAMS 0x0000000085700000, 0x0000000085700000| Complete 
|  88|0x0000000085800000, 0x0000000085900000, 0x0000000085900000|100%| E|CS|TAMS 0x0000000085800000, 0x0000000085800000| Complete 
|  89|0x0000000085900000, 0x0000000085a00000, 0x0000000085a00000|100%| E|CS|TAMS 0x0000000085900000, 0x0000000085900000| Complete 
|  90|0x0000000085a00000, 0x0000000085b00000, 0x0000000085b00000|100%| E|CS|TAMS 0x0000000085a00000, 0x0000000085a00000| Complete 
|  91|0x0000000085b00000, 0x0000000085c00000, 0x0000000085c00000|100%| E|CS|TAMS 0x0000000085b00000, 0x0000000085b00000| Complete 
|  92|0x0000000085c00000, 0x0000000085d00000, 0x0000000085d00000|100%| E|CS|TAMS 0x0000000085c00000, 0x0000000085c00000| Complete 
|  93|0x0000000085d00000, 0x0000000085e00000, 0x0000000085e00000|100%| E|  |TAMS 0x0000000085d00000, 0x0000000085d00000| Complete 
|  94|0x0000000085e00000, 0x0000000085f00000, 0x0000000085f00000|100%| E|CS|TAMS 0x0000000085e00000, 0x0000000085e00000| Complete 

Card table byte_map: [0x0000028ed36b0000,0x0000028ed3ab0000] _byte_map_base: 0x0000028ed32b0000

Marking Bits (Prev, Next): (CMBitMap*) 0x0000028ebefa7e30, (CMBitMap*) 0x0000028ebefa7e70
 Prev Bits: [0x0000028ed3eb0000, 0x0000028ed5eb0000)
 Next Bits: [0x0000028ed5eb0000, 0x0000028ed7eb0000)

Polling page: 0x0000028ebefc0000

Metaspace:

Usage:
  Non-class:     38.05 MB used.
      Class:      4.66 MB used.
       Both:     42.71 MB used.

Virtual space:
  Non-class space:       64.00 MB reserved,      38.31 MB ( 60%) committed,  1 nodes.
      Class space:        1.00 GB reserved,       4.94 MB ( <1%) committed,  1 nodes.
             Both:        1.06 GB reserved,      43.25 MB (  4%) committed. 

Chunk freelists:
   Non-Class:  9.38 MB
       Class:  10.92 MB
        Both:  20.30 MB

MaxMetaspaceSize: unlimited
CompressedClassSpaceSize: 1.00 GB
Initial GC threshold: 21.00 MB
Current GC threshold: 59.00 MB
CDS: off
MetaspaceReclaimPolicy: balanced
 - commit_granule_bytes: 65536.
 - commit_granule_words: 8192.
 - virtual_space_node_default_size: 8388608.
 - enlarge_chunks_in_place: 1.
 - new_chunks_are_fully_committed: 0.
 - uncommit_free_chunks: 1.
 - use_allocation_guard: 0.
 - handle_deallocations: 1.


Internal statistics:

num_allocs_failed_limit: 6.
num_arena_births: 650.
num_arena_deaths: 0.
num_vsnodes_births: 2.
num_vsnodes_deaths: 0.
num_space_committed: 692.
num_space_uncommitted: 0.
num_chunks_returned_to_freelist: 6.
num_chunks_taken_from_freelist: 1678.
num_chunk_merges: 6.
num_chunk_splits: 1124.
num_chunks_enlarged: 761.
num_inconsistent_stats: 0.

CodeHeap 'non-profiled nmethods': size=120000Kb used=2380Kb max_used=2585Kb free=117619Kb
 bounds [0x0000028ecb760000, 0x0000028ecba10000, 0x0000028ed2c90000]
CodeHeap 'profiled nmethods': size=120000Kb used=7908Kb max_used=8554Kb free=112091Kb
 bounds [0x0000028ec3c90000, 0x0000028ec44f0000, 0x0000028ecb1c0000]
CodeHeap 'non-nmethods': size=5760Kb used=2320Kb max_used=2348Kb free=3439Kb
 bounds [0x0000028ecb1c0000, 0x0000028ecb430000, 0x0000028ecb760000]
 total_blobs=5138 nmethods=4303 adapters=747
 compilation: enabled
              stopped_count=0, restarted_count=0
 full_count=0

Compilation events (20 events):
Event: 38.531 Thread 0x0000028eda57ef40 5132       2       java.util.ArrayDeque::<init> (14 bytes)
Event: 38.531 Thread 0x0000028eda57ef40 nmethod 5132 0x0000028ec42b4d10 code [0x0000028ec42b4ea0, 0x0000028ec42b5098]
Event: 38.531 Thread 0x0000028eda57ef40 5137       1       org.codehaus.groovy.control.SourceUnit::getName (5 bytes)
Event: 38.531 Thread 0x0000028eda57ef40 nmethod 5137 0x0000028ecb7ad790 code [0x0000028ecb7ad920, 0x0000028ecb7ad9f8]
Event: 38.532 Thread 0x0000028eda57ef40 5138       2       org.codehaus.groovy.ast.MethodNode::isAbstract (17 bytes)
Event: 38.533 Thread 0x0000028eda57ef40 nmethod 5138 0x0000028ec42b4810 code [0x0000028ec42b49a0, 0x0000028ec42b4ab8]
Event: 38.543 Thread 0x0000028eda57ef40 5139       2       java.net.URI$Parser::checkChar (14 bytes)
Event: 38.543 Thread 0x0000028eda57ef40 nmethod 5139 0x0000028ec3d14610 code [0x0000028ec3d147a0, 0x0000028ec3d148e8]
Event: 38.544 Thread 0x0000028eda57ef40 5140       2       org.codehaus.groovy.control.CompilerConfiguration::getScriptExtensions (38 bytes)
Event: 38.545 Thread 0x0000028eda57ef40 nmethod 5140 0x0000028ec3d13e10 code [0x0000028ec3d13fe0, 0x0000028ec3d14398]
Event: 38.553 Thread 0x0000028eda57ef40 5142   !   2       groovy.lang.GroovyClassLoader$1::lambda$loadGroovySource$0 (64 bytes)
Event: 38.554 Thread 0x0000028eda57ef40 nmethod 5142 0x0000028ec3d13710 code [0x0000028ec3d13900, 0x0000028ec3d13c08]
Event: 38.554 Thread 0x0000028eda57ef40 5141       2       groovy.lang.GroovyClassLoader$1$$Lambda$173/0x000000010025b3a0::run (12 bytes)
Event: 38.554 Thread 0x0000028eda57ef40 nmethod 5141 0x0000028ec3d13390 code [0x0000028ec3d13520, 0x0000028ec3d13648]
Event: 38.554 Thread 0x0000028eda57ef40 5143       2       groovy.lang.GroovyClassLoader::isFile (22 bytes)
Event: 38.555 Thread 0x0000028eda57ef40 nmethod 5143 0x0000028ec3d12f90 code [0x0000028ec3d13120, 0x0000028ec3d13268]
Event: 38.558 Thread 0x0000028eda57ef40 5144       2       org.codehaus.groovy.ast.ModuleNode::hasPackageName (23 bytes)
Event: 38.558 Thread 0x0000028eda57ef40 nmethod 5144 0x0000028ec3d12c10 code [0x0000028ec3d12da0, 0x0000028ec3d12ee8]
Event: 38.558 Thread 0x0000028eda57ef40 5145       2       org.codehaus.groovy.control.ResolveVisitor::resolveOrFail (9 bytes)
Event: 38.559 Thread 0x0000028eda57ef40 nmethod 5145 0x0000028ec3d12890 code [0x0000028ec3d12a20, 0x0000028ec3d12b48]

GC Heap History (20 events):
Event: 4.113 GC heap before
{Heap before GC invocations=8 (full 0):
 garbage-first heap   total 65536K, used 47136K [0x0000000080000000, 0x0000000100000000)
  region size 1024K, 23 young (23552K), 1 survivors (1024K)
 Metaspace       used 22355K, committed 22592K, reserved 1114112K
  class space    used 2337K, committed 2432K, reserved 1048576K
}
Event: 4.119 GC heap after
{Heap after GC invocations=9 (full 0):
 garbage-first heap   total 65536K, used 25392K [0x0000000080000000, 0x0000000100000000)
  region size 1024K, 2 young (2048K), 2 survivors (2048K)
 Metaspace       used 22355K, committed 22592K, reserved 1114112K
  class space    used 2337K, committed 2432K, reserved 1048576K
}
Event: 4.229 GC heap before
{Heap before GC invocations=9 (full 0):
 garbage-first heap   total 65536K, used 47920K [0x0000000080000000, 0x0000000100000000)
  region size 1024K, 24 young (24576K), 2 survivors (2048K)
 Metaspace       used 22409K, committed 22656K, reserved 1114112K
  class space    used 2341K, committed 2432K, reserved 1048576K
}
Event: 4.235 GC heap after
{Heap after GC invocations=10 (full 0):
 garbage-first heap   total 65536K, used 25536K [0x0000000080000000, 0x0000000100000000)
  region size 1024K, 2 young (2048K), 2 survivors (2048K)
 Metaspace       used 22409K, committed 22656K, reserved 1114112K
  class space    used 2341K, committed 2432K, reserved 1048576K
}
Event: 4.829 GC heap before
{Heap before GC invocations=10 (full 0):
 garbage-first heap   total 65536K, used 49088K [0x0000000080000000, 0x0000000100000000)
  region size 1024K, 26 young (26624K), 2 survivors (2048K)
 Metaspace       used 24102K, committed 24320K, reserved 1114112K
  class space    used 2510K, committed 2624K, reserved 1048576K
}
Event: 4.837 GC heap after
{Heap after GC invocations=11 (full 0):
 garbage-first heap   total 80896K, used 26947K [0x0000000080000000, 0x0000000100000000)
  region size 1024K, 3 young (3072K), 3 survivors (3072K)
 Metaspace       used 24102K, committed 24320K, reserved 1114112K
  class space    used 2510K, committed 2624K, reserved 1048576K
}
Event: 6.201 GC heap before
{Heap before GC invocations=11 (full 0):
 garbage-first heap   total 80896K, used 64835K [0x0000000080000000, 0x0000000100000000)
  region size 1024K, 40 young (40960K), 3 survivors (3072K)
 Metaspace       used 29337K, committed 29760K, reserved 1114112K
  class space    used 3072K, committed 3264K, reserved 1048576K
}
Event: 6.217 GC heap after
{Heap after GC invocations=12 (full 0):
 garbage-first heap   total 80896K, used 29614K [0x0000000080000000, 0x0000000100000000)
  region size 1024K, 5 young (5120K), 5 survivors (5120K)
 Metaspace       used 29337K, committed 29760K, reserved 1114112K
  class space    used 3072K, committed 3264K, reserved 1048576K
}
Event: 6.452 GC heap before
{Heap before GC invocations=12 (full 0):
 garbage-first heap   total 80896K, used 63406K [0x0000000080000000, 0x0000000100000000)
  region size 1024K, 36 young (36864K), 5 survivors (5120K)
 Metaspace       used 30472K, committed 30848K, reserved 1114112K
  class space    used 3147K, committed 3328K, reserved 1048576K
}
Event: 6.462 GC heap after
{Heap after GC invocations=13 (full 0):
 garbage-first heap   total 80896K, used 30547K [0x0000000080000000, 0x0000000100000000)
  region size 1024K, 1 young (1024K), 1 survivors (1024K)
 Metaspace       used 30472K, committed 30848K, reserved 1114112K
  class space    used 3147K, committed 3328K, reserved 1048576K
}
Event: 6.797 GC heap before
{Heap before GC invocations=13 (full 0):
 garbage-first heap   total 80896K, used 64339K [0x0000000080000000, 0x0000000100000000)
  region size 1024K, 34 young (34816K), 1 survivors (1024K)
 Metaspace       used 31656K, committed 32064K, reserved 1114112K
  class space    used 3282K, committed 3456K, reserved 1048576K
}
Event: 6.802 GC heap after
{Heap after GC invocations=14 (full 0):
 garbage-first heap   total 80896K, used 30956K [0x0000000080000000, 0x0000000100000000)
  region size 1024K, 2 young (2048K), 2 survivors (2048K)
 Metaspace       used 31656K, committed 32064K, reserved 1114112K
  class space    used 3282K, committed 3456K, reserved 1048576K
}
Event: 7.675 GC heap before
{Heap before GC invocations=14 (full 0):
 garbage-first heap   total 80896K, used 64748K [0x0000000080000000, 0x0000000100000000)
  region size 1024K, 35 young (35840K), 2 survivors (2048K)
 Metaspace       used 34148K, committed 34624K, reserved 1114112K
  class space    used 3549K, committed 3776K, reserved 1048576K
}
Event: 7.682 GC heap after
{Heap after GC invocations=15 (full 0):
 garbage-first heap   total 97280K, used 32342K [0x0000000080000000, 0x0000000100000000)
  region size 1024K, 3 young (3072K), 3 survivors (3072K)
 Metaspace       used 34148K, committed 34624K, reserved 1114112K
  class space    used 3549K, committed 3776K, reserved 1048576K
}
Event: 8.167 GC heap before
{Heap before GC invocations=15 (full 0):
 garbage-first heap   total 97280K, used 79446K [0x0000000080000000, 0x0000000100000000)
  region size 1024K, 49 young (50176K), 3 survivors (3072K)
 Metaspace       used 34431K, committed 34880K, reserved 1114112K
  class space    used 3568K, committed 3776K, reserved 1048576K
}
Event: 8.178 GC heap after
{Heap after GC invocations=16 (full 0):
 garbage-first heap   total 97280K, used 34424K [0x0000000080000000, 0x0000000100000000)
  region size 1024K, 5 young (5120K), 5 survivors (5120K)
 Metaspace       used 34431K, committed 34880K, reserved 1114112K
  class space    used 3568K, committed 3776K, reserved 1048576K
}
Event: 8.559 GC heap before
{Heap before GC invocations=16 (full 0):
 garbage-first heap   total 97280K, used 46712K [0x0000000080000000, 0x0000000100000000)
  region size 1024K, 18 young (18432K), 5 survivors (5120K)
 Metaspace       used 35570K, committed 35968K, reserved 1114112K
  class space    used 3719K, committed 3904K, reserved 1048576K
}
Event: 8.572 GC heap after
{Heap after GC invocations=17 (full 0):
 garbage-first heap   total 97280K, used 36033K [0x0000000080000000, 0x0000000100000000)
  region size 1024K, 4 young (4096K), 4 survivors (4096K)
 Metaspace       used 35570K, committed 35968K, reserved 1114112K
  class space    used 3719K, committed 3904K, reserved 1048576K
}
Event: 10.029 GC heap before
{Heap before GC invocations=18 (full 0):
 garbage-first heap   total 97280K, used 71873K [0x0000000080000000, 0x0000000100000000)
  region size 1024K, 39 young (39936K), 4 survivors (4096K)
 Metaspace       used 42221K, committed 42752K, reserved 1114112K
  class space    used 4599K, committed 4864K, reserved 1048576K
}
Event: 10.042 GC heap after
{Heap after GC invocations=19 (full 0):
 garbage-first heap   total 97280K, used 38941K [0x0000000080000000, 0x0000000100000000)
  region size 1024K, 5 young (5120K), 5 survivors (5120K)
 Metaspace       used 42221K, committed 42752K, reserved 1114112K
  class space    used 4599K, committed 4864K, reserved 1048576K
}

Dll operation events (8 events):
Event: 0.013 Loaded shared library C:\Users\W I N D O W S\.katalon\packages\KS-10.1.1\jre\bin\java.dll
Event: 0.362 Loaded shared library C:\Users\W I N D O W S\.katalon\packages\KS-10.1.1\jre\bin\net.dll
Event: 0.365 Loaded shared library C:\Users\W I N D O W S\.katalon\packages\KS-10.1.1\jre\bin\nio.dll
Event: 0.380 Loaded shared library C:\Users\W I N D O W S\.katalon\packages\KS-10.1.1\jre\bin\zip.dll
Event: 1.091 Loaded shared library C:\Users\W I N D O W S\.katalon\packages\KS-10.1.1\jre\bin\verify.dll
Event: 1.530 Loaded shared library C:\Users\W I N D O W S\.katalon\packages\KS-10.1.1\jre\bin\jimage.dll
Event: 6.971 Loaded shared library C:\Users\W I N D O W S\.katalon\packages\KS-10.1.1\jre\bin\extnet.dll
Event: 9.423 Loaded shared library C:\Users\W I N D O W S\.katalon\packages\KS-10.1.1\jre\bin\sunmscapi.dll

Deoptimization events (20 events):
Event: 38.124 Thread 0x0000028ebef3f670 Uncommon trap: trap_request=0xffffff45 fr.pc=0x0000028ecb99b5bc relative=0x000000000000011c
Event: 38.124 Thread 0x0000028ebef3f670 Uncommon trap: reason=unstable_if action=reinterpret pc=0x0000028ecb99b5bc method=java.lang.AbstractStringBuilder.appendChars(Ljava/lang/String;II)V @ 4 c2
Event: 38.124 Thread 0x0000028ebef3f670 DEOPT PACKING pc=0x0000028ecb99b5bc sp=0x0000009bac3fd0a0
Event: 38.124 Thread 0x0000028ebef3f670 DEOPT UNPACKING pc=0x0000028ecb2169a3 sp=0x0000009bac3fd030 mode 2
Event: 38.210 Thread 0x0000028ebef3f670 Uncommon trap: trap_request=0xffffff66 fr.pc=0x0000028ecb9ba714 relative=0x00000000000040d4
Event: 38.211 Thread 0x0000028ebef3f670 Uncommon trap: reason=speculate_class_check action=maybe_recompile pc=0x0000028ecb9ba714 method=groovyjarjarantlr4.v4.runtime.atn.LexerATNSimulator.getReachableConfigSet(Lgroovyjarjarantlr4/v4/runtime/CharStream;Lgroovyjarjarantlr4/v4/runtime/atn/ATNConfi
Event: 38.211 Thread 0x0000028ebef3f670 DEOPT PACKING pc=0x0000028ecb9ba714 sp=0x0000009bac3fc840
Event: 38.211 Thread 0x0000028ebef3f670 DEOPT UNPACKING pc=0x0000028ecb2169a3 sp=0x0000009bac3fc868 mode 2
Event: 38.211 Thread 0x0000028ebef3f670 Uncommon trap: trap_request=0xffffff66 fr.pc=0x0000028ecb9ba714 relative=0x00000000000040d4
Event: 38.211 Thread 0x0000028ebef3f670 Uncommon trap: reason=speculate_class_check action=maybe_recompile pc=0x0000028ecb9ba714 method=groovyjarjarantlr4.v4.runtime.atn.LexerATNSimulator.getReachableConfigSet(Lgroovyjarjarantlr4/v4/runtime/CharStream;Lgroovyjarjarantlr4/v4/runtime/atn/ATNConfi
Event: 38.211 Thread 0x0000028ebef3f670 DEOPT PACKING pc=0x0000028ecb9ba714 sp=0x0000009bac3fc840
Event: 38.211 Thread 0x0000028ebef3f670 DEOPT UNPACKING pc=0x0000028ecb2169a3 sp=0x0000009bac3fc868 mode 2
Event: 38.211 Thread 0x0000028ebef3f670 Uncommon trap: trap_request=0xffffff66 fr.pc=0x0000028ecb9ba714 relative=0x00000000000040d4
Event: 38.211 Thread 0x0000028ebef3f670 Uncommon trap: reason=speculate_class_check action=maybe_recompile pc=0x0000028ecb9ba714 method=groovyjarjarantlr4.v4.runtime.atn.LexerATNSimulator.getReachableConfigSet(Lgroovyjarjarantlr4/v4/runtime/CharStream;Lgroovyjarjarantlr4/v4/runtime/atn/ATNConfi
Event: 38.211 Thread 0x0000028ebef3f670 DEOPT PACKING pc=0x0000028ecb9ba714 sp=0x0000009bac3fc840
Event: 38.211 Thread 0x0000028ebef3f670 DEOPT UNPACKING pc=0x0000028ecb2169a3 sp=0x0000009bac3fc868 mode 2
Event: 38.211 Thread 0x0000028ebef3f670 Uncommon trap: trap_request=0xffffff66 fr.pc=0x0000028ecb9ba714 relative=0x00000000000040d4
Event: 38.211 Thread 0x0000028ebef3f670 Uncommon trap: reason=speculate_class_check action=maybe_recompile pc=0x0000028ecb9ba714 method=groovyjarjarantlr4.v4.runtime.atn.LexerATNSimulator.getReachableConfigSet(Lgroovyjarjarantlr4/v4/runtime/CharStream;Lgroovyjarjarantlr4/v4/runtime/atn/ATNConfi
Event: 38.211 Thread 0x0000028ebef3f670 DEOPT PACKING pc=0x0000028ecb9ba714 sp=0x0000009bac3fc840
Event: 38.211 Thread 0x0000028ebef3f670 DEOPT UNPACKING pc=0x0000028ecb2169a3 sp=0x0000009bac3fc868 mode 2

Classes loaded (20 events):
Event: 38.016 Loading class sun/net/ConnectionResetException
Event: 38.016 Loading class sun/net/ConnectionResetException done
Event: 38.019 Loading class java/util/concurrent/CompletionException
Event: 38.019 Loading class java/util/concurrent/CompletionException done
Event: 38.036 Loading class java/net/InetAddress$CachedLocalHost
Event: 38.036 Loading class java/net/InetAddress$CachedLocalHost done
Event: 38.037 Loading class java/util/TreeMap$EntrySpliterator
Event: 38.037 Loading class java/util/TreeMap$EntrySpliterator done
Event: 38.038 Loading class java/util/stream/SortedOps$SizedRefSortingSink
Event: 38.039 Loading class java/util/stream/SortedOps$SizedRefSortingSink done
Event: 38.068 Loading class sun/misc/SharedSecrets
Event: 38.068 Loading class sun/misc/SharedSecrets done
Event: 38.068 Loading class java/lang/Throwable$WrappedPrintWriter
Event: 38.068 Loading class java/lang/Throwable$PrintStreamOrWriter
Event: 38.068 Loading class java/lang/Throwable$PrintStreamOrWriter done
Event: 38.068 Loading class java/lang/Throwable$WrappedPrintWriter done
Event: 38.070 Loading class java/util/concurrent/ConcurrentHashMap$EntrySpliterator
Event: 38.070 Loading class java/util/concurrent/ConcurrentHashMap$EntrySpliterator done
Event: 38.402 Loading class java/lang/Object$judul_kategori
Event: 38.402 Loading class java/lang/Object$judul_kategori done

Classes unloaded (0 events):
No events

Classes redefined (0 events):
No events

Internal exceptions (20 events):
Event: 9.887 Thread 0x0000028ee2503110 Exception <a 'java/net/ConnectException'{0x0000000083a0d200}: Connection refused: getsockopt> (0x0000000083a0d200) 
thrown [s\src\hotspot\share\prims\jni.cpp, line 535]
Event: 9.887 Thread 0x0000028ee2503110 Exception <a 'java/net/SocketException'{0x0000000083a0d538}: Socket is not connected: shutdown> (0x0000000083a0d538) 
thrown [s\src\hotspot\share\prims\jni.cpp, line 535]
Event: 9.945 Thread 0x0000028ebef3f670 Exception <a 'java/lang/NoSuchMethodError'{0x0000000083a7f8f0}: 'double java.lang.invoke.DirectMethodHandle$Holder.invokeVirtual(java.lang.Object, java.lang.Object)'> (0x0000000083a7f8f0) 
thrown [s\src\hotspot\share\interpreter\linkResolver.cpp, line 759]
Event: 9.947 Thread 0x0000028ebef3f670 Exception <a 'java/lang/NoSuchMethodError'{0x0000000083a86330}: 'float java.lang.invoke.DirectMethodHandle$Holder.invokeVirtual(java.lang.Object, java.lang.Object)'> (0x0000000083a86330) 
thrown [s\src\hotspot\share\interpreter\linkResolver.cpp, line 759]
Event: 9.948 Thread 0x0000028ebef3f670 Exception <a 'java/lang/NoSuchMethodError'{0x0000000083a8f778}: 'long java.lang.invoke.DirectMethodHandle$Holder.invokeVirtual(java.lang.Object, java.lang.Object)'> (0x0000000083a8f778) 
thrown [s\src\hotspot\share\interpreter\linkResolver.cpp, line 759]
Event: 9.989 Thread 0x0000028ebef3f670 Exception <a 'java/lang/NoSuchMethodError'{0x00000000839cf6a0}: 'java.lang.Object java.lang.invoke.DirectMethodHandle$Holder.newInvokeSpecial(java.lang.Object, java.lang.Object, int, int)'> (0x00000000839cf6a0) 
thrown [s\src\hotspot\share\interpreter\linkResolver.cpp, line 759]
Event: 9.989 Thread 0x0000028ebef3f670 Exception <a 'java/lang/NoSuchMethodError'{0x00000000839d3928}: 'java.lang.Object java.lang.invoke.DirectMethodHandle$Holder.invokeSpecial(java.lang.Object, java.lang.Object, java.lang.Object, int, int)'> (0x00000000839d3928) 
thrown [s\src\hotspot\share\interpreter\linkResolver.cpp, line 759]
Event: 9.991 Thread 0x0000028ebef3f670 Exception <a 'java/lang/NoSuchMethodError'{0x00000000839df300}: 'void java.lang.invoke.DirectMethodHandle$Holder.invokeStatic(java.lang.Object, java.lang.Object, int)'> (0x00000000839df300) 
thrown [s\src\hotspot\share\interpreter\linkResolver.cpp, line 759]
Event: 10.052 Thread 0x0000028ebef3f670 Exception <a 'java/lang/NoSuchMethodError'{0x0000000085e45ea8}: 'void java.lang.invoke.DirectMethodHandle$Holder.invokeStatic(java.lang.Object, java.lang.Object, java.lang.Object, java.lang.Object, java.lang.Object, java.lang.Object, java.lang.Object)'> (0x0000000085e45ea8) 
thrown [s\src\hotspot\share\interpreter\linkResolver.cpp, line 759]
Event: 10.090 Thread 0x0000028ee10ca620 Exception <a 'java/lang/NoSuchMethodError'{0x0000000085c5fa58}: 'java.lang.Object java.lang.invoke.DirectMethodHandle$Holder.invokeSpecial(java.lang.Object, java.lang.Object, java.lang.Object, java.lang.Object, int)'> (0x0000000085c5fa58) 
thrown [s\src\hotspot\share\interpreter\linkResolver.cpp, line 759]
Event: 10.091 Thread 0x0000028ee10ca620 Exception <a 'java/lang/NoSuchMethodError'{0x0000000085c63160}: 'java.lang.Object java.lang.invoke.Invokers$Holder.linkToTargetMethod(java.lang.Object, java.lang.Object, int, java.lang.Object)'> (0x0000000085c63160) 
thrown [s\src\hotspot\share\interpreter\linkResolver.cpp, line 759]
Event: 10.153 Thread 0x0000028ee10ca620 Exception <a 'java/lang/NoSuchMethodError'{0x0000000085a3a370}: 'int java.lang.invoke.DirectMethodHandle$Holder.invokeSpecialIFC(java.lang.Object, java.lang.Object, java.lang.Object, java.lang.Object, java.lang.Object)'> (0x0000000085a3a370) 
thrown [s\src\hotspot\share\interpreter\linkResolver.cpp, line 759]
Event: 38.016 Thread 0x0000028ee0390c90 Exception <a 'sun/net/ConnectionResetException'{0x0000000085dd4eb8}: Connection reset> (0x0000000085dd4eb8) 
thrown [s\src\hotspot\share\prims\jni.cpp, line 535]
Event: 38.068 Thread 0x0000028ebef3f670 Exception <a 'java/lang/ClassNotFoundException'{0x000000008580ffd8}: sun/misc/SharedSecrets> (0x000000008580ffd8) 
thrown [s\src\hotspot\share\classfile\systemDictionary.cpp, line 256]
Event: 38.080 Thread 0x0000028ebef3f670 Exception <a 'java/lang/ClassNotFoundException'{0x00000000858772c8}: com/kms/katalon/core/model/FailureHandlingBeanInfo> (0x00000000858772c8) 
thrown [s\src\hotspot\share\classfile\systemDictionary.cpp, line 256]
Event: 38.085 Thread 0x0000028ebef3f670 Exception <a 'java/lang/ClassNotFoundException'{0x00000000858a2170}: com/kms/katalon/core/model/FailureHandlingCustomizer> (0x00000000858a2170) 
thrown [s\src\hotspot\share\classfile\systemDictionary.cpp, line 256]
Event: 38.435 Thread 0x0000028ebef3f670 Exception <a 'java/lang/ClassNotFoundException'{0x00000000850fb528}: Script1744182730801BeanInfo> (0x00000000850fb528) 
thrown [s\src\hotspot\share\classfile\systemDictionary.cpp, line 256]
Event: 38.443 Thread 0x0000028ebef3f670 Exception <a 'java/lang/ClassNotFoundException'{0x0000000084f37090}: Script1744182730801Customizer> (0x0000000084f37090) 
thrown [s\src\hotspot\share\classfile\systemDictionary.cpp, line 256]
Event: 38.472 Thread 0x0000028ebef3f670 Exception <a 'java/lang/ClassNotFoundException'{0x0000000084fe4960}: com/kms/katalon/core/testobject/ObjectRepositoryBeanInfo> (0x0000000084fe4960) 
thrown [s\src\hotspot\share\classfile\systemDictionary.cpp, line 256]
Event: 38.479 Thread 0x0000028ebef3f670 Exception <a 'java/lang/ClassNotFoundException'{0x0000000084e10600}: com/kms/katalon/core/testobject/ObjectRepositoryCustomizer> (0x0000000084e10600) 
thrown [s\src\hotspot\share\classfile\systemDictionary.cpp, line 256]

VM Operations (20 events):
Event: 9.675 Executing VM operation: Cleanup
Event: 9.675 Executing VM operation: Cleanup done
Event: 9.718 Executing VM operation: HandshakeAllThreads
Event: 9.718 Executing VM operation: HandshakeAllThreads done
Event: 9.740 Executing VM operation: HandshakeAllThreads
Event: 9.740 Executing VM operation: HandshakeAllThreads done
Event: 9.921 Executing VM operation: HandshakeAllThreads
Event: 9.921 Executing VM operation: HandshakeAllThreads done
Event: 9.922 Executing VM operation: HandshakeAllThreads
Event: 9.922 Executing VM operation: HandshakeAllThreads done
Event: 9.924 Executing VM operation: HandshakeAllThreads
Event: 9.924 Executing VM operation: HandshakeAllThreads done
Event: 10.029 Executing VM operation: G1CollectForAllocation
Event: 10.042 Executing VM operation: G1CollectForAllocation done
Event: 11.051 Executing VM operation: Cleanup
Event: 11.051 Executing VM operation: Cleanup done
Event: 38.328 Executing VM operation: Cleanup
Event: 38.328 Executing VM operation: Cleanup done
Event: 38.520 Executing VM operation: HandshakeAllThreads
Event: 38.520 Executing VM operation: HandshakeAllThreads done

Memory protections (0 events):
No events

Nmethod flushes (20 events):
Event: 8.480 Thread 0x0000028eda580cd0 flushing  nmethod 0x0000028ec43c8690
Event: 8.480 Thread 0x0000028eda580cd0 flushing  nmethod 0x0000028ec43c8e90
Event: 8.481 Thread 0x0000028eda580cd0 flushing  nmethod 0x0000028ec43dd790
Event: 8.481 Thread 0x0000028eda580cd0 flushing  nmethod 0x0000028ec43e0990
Event: 8.481 Thread 0x0000028eda580cd0 flushing  nmethod 0x0000028ec43e4410
Event: 8.481 Thread 0x0000028eda580cd0 flushing  nmethod 0x0000028ec43e5a10
Event: 8.481 Thread 0x0000028eda580cd0 flushing  nmethod 0x0000028ec43f1590
Event: 8.481 Thread 0x0000028eda580cd0 flushing  nmethod 0x0000028ec43fbc10
Event: 8.481 Thread 0x0000028eda580cd0 flushing  nmethod 0x0000028ec4401810
Event: 8.481 Thread 0x0000028eda580cd0 flushing  nmethod 0x0000028ec440c690
Event: 8.481 Thread 0x0000028eda580cd0 flushing  nmethod 0x0000028ec440f590
Event: 8.481 Thread 0x0000028eda580cd0 flushing  nmethod 0x0000028ec4416510
Event: 8.481 Thread 0x0000028eda580cd0 flushing  nmethod 0x0000028ec442a090
Event: 8.481 Thread 0x0000028eda580cd0 flushing  nmethod 0x0000028ec442ad10
Event: 8.481 Thread 0x0000028eda580cd0 flushing osr nmethod 0x0000028ec442bb90
Event: 8.481 Thread 0x0000028eda580cd0 flushing  nmethod 0x0000028ec442d290
Event: 8.481 Thread 0x0000028eda580cd0 flushing  nmethod 0x0000028ec4443210
Event: 8.481 Thread 0x0000028eda580cd0 flushing  nmethod 0x0000028ec445aa10
Event: 8.481 Thread 0x0000028eda580cd0 flushing  nmethod 0x0000028ec447d010
Event: 8.481 Thread 0x0000028eda580cd0 flushing  nmethod 0x0000028ec44b1b90

Events (20 events):
Event: 0.145 Thread 0x0000028ebef3f670 Thread added: 0x0000028eda311e00
Event: 0.145 Thread 0x0000028ebef3f670 Thread added: 0x0000028eda57be80
Event: 0.145 Thread 0x0000028ebef3f670 Thread added: 0x0000028eda57ef40
Event: 0.145 Thread 0x0000028ebef3f670 Thread added: 0x0000028eda580cd0
Event: 0.345 Thread 0x0000028ebef3f670 Thread added: 0x0000028eda84c220
Event: 0.742 Thread 0x0000028ebef3f670 Thread added: 0x0000028edfa2b0a0
Event: 0.755 Thread 0x0000028eda57ef40 Thread added: 0x0000028edf75aad0
Event: 9.331 Thread 0x0000028ebef3f670 Thread added: 0x0000028ee0644b20
Event: 9.774 Thread 0x0000028ebef3f670 Thread added: 0x0000028ee0390c90
Event: 9.845 Thread 0x0000028ebef3f670 Thread added: 0x0000028edfccf020
Event: 9.849 Thread 0x0000028ebef3f670 Thread added: 0x0000028ee2c04350
Event: 9.850 Thread 0x0000028ebef3f670 Thread added: 0x0000028ee0897910
Event: 9.855 Thread 0x0000028ee2c04350 Thread added: 0x0000028ee2503110
Event: 9.923 Thread 0x0000028edf75aad0 Thread exited: 0x0000028edf75aad0
Event: 9.923 Thread 0x0000028ee2503110 Thread added: 0x0000028ee10cbf70
Event: 10.073 Thread 0x0000028ebef3f670 Thread added: 0x0000028ee10ca620
Event: 10.152 Thread 0x0000028ee0390c90 Thread added: 0x0000028ee10c91e0
Event: 10.153 Thread 0x0000028ee0390c90 Thread added: 0x0000028ee10c87c0
Event: 14.932 Thread 0x0000028ee10cbf70 Thread exited: 0x0000028ee10cbf70
Event: 38.016 Thread 0x0000028edfccf020 Thread exited: 0x0000028edfccf020


Dynamic libraries:
0x00007ff667440000 - 0x00007ff66744e000 	C:\Users\W I N D O W S\.katalon\packages\KS-10.1.1\jre\bin\javaw.exe
0x00007ffdf32f0000 - 0x00007ffdf34e8000 	C:\Windows\SYSTEM32\ntdll.dll
0x00007ffdf1b70000 - 0x00007ffdf1c32000 	C:\Windows\System32\KERNEL32.DLL
0x00007ffdf0e50000 - 0x00007ffdf114f000 	C:\Windows\System32\KERNELBASE.dll
0x00007ffdf0c70000 - 0x00007ffdf0d70000 	C:\Windows\System32\ucrtbase.dll
0x00007ffddcd30000 - 0x00007ffddcd47000 	C:\Users\W I N D O W S\.katalon\packages\KS-10.1.1\jre\bin\jli.dll
0x00007ffdf30d0000 - 0x00007ffdf326d000 	C:\Windows\System32\USER32.dll
0x00007ffdf0ae0000 - 0x00007ffdf0b02000 	C:\Windows\System32\win32u.dll
0x00007ffdf3270000 - 0x00007ffdf329b000 	C:\Windows\System32\GDI32.dll
0x00007ffdf1180000 - 0x00007ffdf129a000 	C:\Windows\System32\gdi32full.dll
0x00007ffdf0a40000 - 0x00007ffdf0add000 	C:\Windows\System32\msvcp_win.dll
0x00007ffddca50000 - 0x00007ffddca6e000 	C:\Users\W I N D O W S\.katalon\packages\KS-10.1.1\jre\bin\VCRUNTIME140.dll
0x00007ffdde5e0000 - 0x00007ffdde87a000 	C:\Windows\WinSxS\amd64_microsoft.windows.common-controls_6595b64144ccf1df_6.0.19041.4355_none_60b8b9eb71f62e16\COMCTL32.dll
0x00007ffdf24d0000 - 0x00007ffdf256e000 	C:\Windows\System32\msvcrt.dll
0x00007ffdf1310000 - 0x00007ffdf133f000 	C:\Windows\System32\IMM32.DLL
0x00007ffdea640000 - 0x00007ffdea64c000 	C:\Users\W I N D O W S\.katalon\packages\KS-10.1.1\jre\bin\vcruntime140_1.dll
0x00007ffdd46c0000 - 0x00007ffdd474d000 	C:\Users\W I N D O W S\.katalon\packages\KS-10.1.1\jre\bin\msvcp140.dll
0x00007ffd999f0000 - 0x00007ffd9a65b000 	C:\Users\W I N D O W S\.katalon\packages\KS-10.1.1\jre\bin\server\jvm.dll
0x00007ffdf1c40000 - 0x00007ffdf1cef000 	C:\Windows\System32\ADVAPI32.dll
0x00007ffdf1d70000 - 0x00007ffdf1e0f000 	C:\Windows\System32\sechost.dll
0x00007ffdf18f0000 - 0x00007ffdf1a13000 	C:\Windows\System32\RPCRT4.dll
0x00007ffdf1150000 - 0x00007ffdf1177000 	C:\Windows\System32\bcrypt.dll
0x00007ffdf2460000 - 0x00007ffdf24cb000 	C:\Windows\System32\WS2_32.dll
0x00007ffdeff20000 - 0x00007ffdeff6b000 	C:\Windows\SYSTEM32\POWRPROF.dll
0x00007ffdde930000 - 0x00007ffdde957000 	C:\Windows\SYSTEM32\WINMM.dll
0x00007ffde8180000 - 0x00007ffde818a000 	C:\Windows\SYSTEM32\VERSION.dll
0x00007ffdefd90000 - 0x00007ffdefda2000 	C:\Windows\SYSTEM32\UMPDC.dll
0x00007ffdee810000 - 0x00007ffdee822000 	C:\Windows\SYSTEM32\kernel.appcore.dll
0x00007ffded090000 - 0x00007ffded09a000 	C:\Users\W I N D O W S\.katalon\packages\KS-10.1.1\jre\bin\jimage.dll
0x00007ffdda1b0000 - 0x00007ffdda394000 	C:\Windows\SYSTEM32\DBGHELP.DLL
0x00007ffdd6b60000 - 0x00007ffdd6b94000 	C:\Windows\SYSTEM32\dbgcore.DLL
0x00007ffdf0d70000 - 0x00007ffdf0df2000 	C:\Windows\System32\bcryptPrimitives.dll
0x00007ffddba90000 - 0x00007ffddbab5000 	C:\Users\W I N D O W S\.katalon\packages\KS-10.1.1\jre\bin\java.dll
0x00007ffdeab20000 - 0x00007ffdeab38000 	C:\Users\W I N D O W S\.katalon\packages\KS-10.1.1\jre\bin\zip.dll
0x00007ffdf2960000 - 0x00007ffdf30cd000 	C:\Windows\System32\SHELL32.dll
0x00007ffdeea10000 - 0x00007ffdef1b4000 	C:\Windows\SYSTEM32\windows.storage.dll
0x00007ffdf2600000 - 0x00007ffdf2955000 	C:\Windows\System32\combase.dll
0x00007ffdf03c0000 - 0x00007ffdf03eb000 	C:\Windows\SYSTEM32\Wldp.dll
0x00007ffdf1550000 - 0x00007ffdf161d000 	C:\Windows\System32\OLEAUT32.dll
0x00007ffdf2290000 - 0x00007ffdf233d000 	C:\Windows\System32\SHCORE.dll
0x00007ffdf25a0000 - 0x00007ffdf25f5000 	C:\Windows\System32\shlwapi.dll
0x00007ffdf08c0000 - 0x00007ffdf08e5000 	C:\Windows\SYSTEM32\profapi.dll
0x00007ffde8e00000 - 0x00007ffde8e19000 	C:\Users\W I N D O W S\.katalon\packages\KS-10.1.1\jre\bin\net.dll
0x00007ffde5940000 - 0x00007ffde5a4a000 	C:\Windows\SYSTEM32\WINHTTP.dll
0x00007ffdf0120000 - 0x00007ffdf018c000 	C:\Windows\system32\mswsock.dll
0x00007ffddcb20000 - 0x00007ffddcb36000 	C:\Users\W I N D O W S\.katalon\packages\KS-10.1.1\jre\bin\nio.dll
0x00007ffdecfb0000 - 0x00007ffdecfc0000 	C:\Users\W I N D O W S\.katalon\packages\KS-10.1.1\jre\bin\verify.dll
0x00007ffde9e10000 - 0x00007ffde9e19000 	C:\Users\W I N D O W S\.katalon\packages\KS-10.1.1\jre\bin\extnet.dll
0x00007ffdefdf0000 - 0x00007ffdefeba000 	C:\Windows\SYSTEM32\DNSAPI.dll
0x00007ffdefdb0000 - 0x00007ffdefdeb000 	C:\Windows\SYSTEM32\IPHLPAPI.DLL
0x00007ffdf32a0000 - 0x00007ffdf32a8000 	C:\Windows\System32\NSI.dll
0x0000000074320000 - 0x0000000074346000 	C:\Program Files\Bonjour\mdnsNSP.dll
0x00007ffddc290000 - 0x00007ffddc29a000 	C:\Windows\System32\rasadhlp.dll
0x00007ffddc3d0000 - 0x00007ffddc450000 	C:\Windows\System32\fwpuclnt.dll
0x00007ffdeaaa0000 - 0x00007ffdeaaae000 	C:\Users\W I N D O W S\.katalon\packages\KS-10.1.1\jre\bin\sunmscapi.dll
0x00007ffdf0b10000 - 0x00007ffdf0c6c000 	C:\Windows\System32\CRYPT32.dll
0x00007ffdf0430000 - 0x00007ffdf0457000 	C:\Windows\SYSTEM32\ncrypt.dll
0x00007ffdf03f0000 - 0x00007ffdf042b000 	C:\Windows\SYSTEM32\NTASN1.dll
0x00007ffdf0320000 - 0x00007ffdf0338000 	C:\Windows\SYSTEM32\CRYPTSP.dll
0x00007ffdef9d0000 - 0x00007ffdefa08000 	C:\Windows\system32\rsaenh.dll
0x00007ffdf0840000 - 0x00007ffdf086e000 	C:\Windows\SYSTEM32\USERENV.dll
0x00007ffdf0310000 - 0x00007ffdf031c000 	C:\Windows\SYSTEM32\CRYPTBASE.dll
0x00007ffde6d90000 - 0x00007ffde6da7000 	C:\Windows\SYSTEM32\dhcpcsvc6.DLL
0x00007ffde7d20000 - 0x00007ffde7d3d000 	C:\Windows\SYSTEM32\dhcpcsvc.DLL
0x00007ffde6160000 - 0x00007ffde6167000 	C:\Windows\system32\wshunix.dll
0x00007ffdc05c0000 - 0x00007ffdc05d7000 	C:\Windows\system32\napinsp.dll
0x00007ffdc05a0000 - 0x00007ffdc05bb000 	C:\Windows\system32\pnrpnsp.dll
0x00007ffdecec0000 - 0x00007ffdeced5000 	C:\Windows\system32\wshbth.dll
0x00007ffdea870000 - 0x00007ffdea88d000 	C:\Windows\system32\NLAapi.dll
0x00007ffdc0580000 - 0x00007ffdc0592000 	C:\Windows\System32\winrnr.dll

dbghelp: loaded successfully - version: 4.0.5 - missing functions: none
symbol engine: initialized successfully - sym options: 0x614 - pdb path: .;C:\Users\W I N D O W S\.katalon\packages\KS-10.1.1\jre\bin;C:\Windows\SYSTEM32;C:\Windows\WinSxS\amd64_microsoft.windows.common-controls_6595b64144ccf1df_6.0.19041.4355_none_60b8b9eb71f62e16;C:\Users\W I N D O W S\.katalon\packages\KS-10.1.1\jre\bin\server;C:\Program Files\Bonjour

VM Arguments:
jvm_args: -Dgroovy.home=C:\Users\W I N D O W S/.groovy -Djava.system.class.loader=groovy.lang.GroovyClassLoader -Xmx2048m -Dfile.encoding=UTF-8 -XX:+ShowCodeDetailsInExceptionMessages 
java_command: org.codehaus.groovy.tools.GroovyStarter --classpath C:\Users\W I N D O W S\Katalon Studio\coba_1\bin\keyword;C:\Users\W I N D O W S\Katalon Studio\coba_1\Keywords;C:\Users\W I N D O W S\Katalon Studio\coba_1\bin\listener;C:\Users\W I N D O W S\Katalon Studio\coba_1\Test Listeners;C:\Users\W I N D O W S\Katalon Studio\coba_1\bin\lib;C:\Users\W I N D O W S\Katalon Studio\coba_1\Libs;C:\Users\W I N D O W S\Katalon Studio\coba_1\bin\groovy;C:\Users\W I N D O W S\Katalon Studio\coba_1\Include\scripts\groovy;C:\Users\W I N D O W S\.katalon\packages\KS-10.1.1\plugins\com.kms.katalon.core_1.0.0.202503120557.jar;C:\Users\W I N D O W S\.katalon\packages\KS-10.1.1\configuration\resources\lib\aalto-xml-1.0.0.jar;C:\Users\W I N D O W S\.katalon\packages\KS-10.1.1\configuration\resources\lib\aspectjweaver-1.9.1.jar;C:\Users\W I N D O W S\.katalon\packages\KS-10.1.1\configuration\resources\lib\aws-2.20.3-fat.jar;C:\Users\W I N D O W S\.katalon\packages\KS-10.1.1\configuration\resources\lib\bcpkix-jdk15on-1.64.jar;C:\Users\W I N D O W S\.katalon\packages\KS-10.1.1\configuration\resources\lib\bcprov-jdk15on-1.64.jar;C:\Users\W I N D O W S\.katalon\packages\KS-10.1.1\configuration\resources\lib\browsermob-core-2.1.5.jar;C:\Users\W I N D O W S\.katalon\packages\KS-10.1.1\configuration\resources\lib\byte-buddy-1.14.3.jar;C:\Users\W I N D O W S\.katalon\packages\KS-10.1.1\configuration\resources\lib\byte-buddy-agent-1.14.3.jar;C:\Users\W I N D O W S\.katalon\packages\KS-10.1.1\configuration\resources\lib\cglib-3.2.10.jar;C:\Users\W I N D O W S\.katalon\packages\KS-10.1.1\configuration\resources\lib\commons-codec-1.10.jar;C:\Users\W I N D O W S\.katalon\packages\KS-10.1.1\configuration\resources\lib\commons-collections4-4.1.jar;C:\Users\W I N D O W S\.katalon\packages\KS-10.1.1\configuration\resources\lib\commons-validator-1.6.jar;C:\Users\W I N D O W S\.katalon\packages\KS-10.1.1\configuration\resources\lib\curvesapi-1.04.jar;C:\Users\W I N D O W S\.katalon\packages\KS-1
java_class_path (initial): C:\Users\W I N D O W S\Katalon Studio\coba_1\bin\keyword;C:\Users\W I N D O W S\Katalon Studio\coba_1\bin\listener;C:\Users\W I N D O W S\Katalon Studio\coba_1\bin\lib;C:\Users\W I N D O W S\Katalon Studio\coba_1\bin\groovy;C:\Users\W I N D O W S\Katalon Studio\coba_1\bin;C:\Users\W I N D O W S\.katalon\packages\KS-10.1.1\plugins\com.kms.katalon.core_1.0.0.202503120557.jar;C:\Users\W I N D O W S\.katalon\packages\KS-10.1.1\configuration\resources\lib\aalto-xml-1.0.0.jar;C:\Users\W I N D O W S\.katalon\packages\KS-10.1.1\configuration\resources\lib\aspectjweaver-1.9.1.jar;C:\Users\W I N D O W S\.katalon\packages\KS-10.1.1\configuration\resources\lib\aws-2.20.3-fat.jar;C:\Users\W I N D O W S\.katalon\packages\KS-10.1.1\configuration\resources\lib\bcpkix-jdk15on-1.64.jar;C:\Users\W I N D O W S\.katalon\packages\KS-10.1.1\configuration\resources\lib\bcprov-jdk15on-1.64.jar;C:\Users\W I N D O W S\.katalon\packages\KS-10.1.1\configuration\resources\lib\browsermob-core-2.1.5.jar;C:\Users\W I N D O W S\.katalon\packages\KS-10.1.1\configuration\resources\lib\byte-buddy-1.14.3.jar;C:\Users\W I N D O W S\.katalon\packages\KS-10.1.1\configuration\resources\lib\byte-buddy-agent-1.14.3.jar;C:\Users\W I N D O W S\.katalon\packages\KS-10.1.1\configuration\resources\lib\cglib-3.2.10.jar;C:\Users\W I N D O W S\.katalon\packages\KS-10.1.1\configuration\resources\lib\commons-codec-1.10.jar;C:\Users\W I N D O W S\.katalon\packages\KS-10.1.1\configuration\resources\lib\commons-collections4-4.1.jar;C:\Users\W I N D O W S\.katalon\packages\KS-10.1.1\configuration\resources\lib\commons-validator-1.6.jar;C:\Users\W I N D O W S\.katalon\packages\KS-10.1.1\configuration\resources\lib\curvesapi-1.04.jar;C:\Users\W I N D O W S\.katalon\packages\KS-10.1.1\configuration\resources\lib\dnsjava-3.6.2.jar;C:\Users\W I N D O W S\.katalon\packages\KS-10.1.1\configuration\resources\lib\groovy-3.0.17.jar;C:\Users\W I N D O W S\.katalon\packages\KS-10.1.1\configuration\resource
Launcher Type: SUN_STANDARD

[Global flags]
     intx CICompilerCount                          = 3                                         {product} {ergonomic}
     uint ConcGCThreads                            = 1                                         {product} {ergonomic}
     uint G1ConcRefinementThreads                  = 4                                         {product} {ergonomic}
   size_t G1HeapRegionSize                         = 1048576                                   {product} {ergonomic}
    uintx GCDrainStackTargetSize                   = 64                                        {product} {ergonomic}
   size_t InitialHeapSize                          = 67108864                                  {product} {ergonomic}
   size_t MarkStackSize                            = 4194304                                   {product} {ergonomic}
   size_t MaxHeapSize                              = 2147483648                                {product} {command line}
   size_t MaxNewSize                               = 1287651328                                {product} {ergonomic}
   size_t MinHeapDeltaBytes                        = 1048576                                   {product} {ergonomic}
   size_t MinHeapSize                              = 8388608                                   {product} {ergonomic}
    uintx NonNMethodCodeHeapSize                   = 5832780                                {pd product} {ergonomic}
    uintx NonProfiledCodeHeapSize                  = 122912730                              {pd product} {ergonomic}
    uintx ProfiledCodeHeapSize                     = 122912730                              {pd product} {ergonomic}
    uintx ReservedCodeCacheSize                    = 251658240                              {pd product} {ergonomic}
     bool SegmentedCodeCache                       = true                                      {product} {ergonomic}
     bool ShowCodeDetailsInExceptionMessages       = true                                   {manageable} {command line}
   size_t SoftMaxHeapSize                          = 2147483648                             {manageable} {ergonomic}
     bool UseCompressedClassPointers               = true                           {product lp64_product} {ergonomic}
     bool UseCompressedOops                        = true                           {product lp64_product} {ergonomic}
     bool UseG1GC                                  = true                                      {product} {ergonomic}
     bool UseLargePagesIndividualAllocation        = false                                  {pd product} {ergonomic}

Logging:
Log output configuration:
 #0: stdout all=warning uptime,level,tags
 #1: stderr all=off uptime,level,tags

Environment Variables:
PATH=C:/Users/W I N D O W S/.katalon/packages/KS-10.1.1/jre/bin/server;C:/Users/W I N D O W S/.katalon/packages/KS-10.1.1/jre/bin;C:\Program Files\Eclipse Adoptium\jdk-17.0.3.7-hotspot\bin;C:\Program Files (x86)\Intel\iCLS Client\;C:\Program Files\Intel\iCLS Client\;C:\Program Files (x86)\Common Files\Oracle\Java\javapath;C:\Windows\system32;C:\Windows;C:\Windows\System32\Wbem;C:\Windows\System32\WindowsPowerShell\v1.0\;C:\Windows\System32\OpenSSH\;C:\Program Files (x86)\Intel\Intel(R) Management Engine Components\DAL;C:\Program Files\Intel\Intel(R) Management Engine Components\DAL;C:\Program Files (x86)\Intel\Intel(R) Management Engine Components\IPT;C:\Program Files\Intel\Intel(R) Management Engine Components\IPT;D:\flutter\flutter\flutter_windows_2.10.5-stable\flutter\bin;C:\Program Files\Git\cmd;C:\xampp\php;C:\ProgramData\ComposerSetup\bin;D:\chromedriver-win64;C:\Users\W I N D O W S\AppData\Local\Programs\Python\Python312\Scripts\;C:\Users\W I N D O W S\AppData\Local\Programs\Python\Python312\;C:\Users\W I N D O W S\AppData\Local\Programs\Python\Launcher\;C:\Users\W I N D O W S\AppData\Local\Microsoft\WindowsApps;C:\Users\W I N D O W S\AppData\Local\GitHubDesktop\bin;C:\Users\W I N D O W S\AppData\Roaming\Composer\vendor\bin;C:\Users\W I N D O W S\AppData\Local\Programs\Microsoft VS Code\bin;D:\flutter\flutter\flutter_windows_2.10.5-stable\flutter\bin;;C:\Users\W I N D O W S\.katalon\packages\KS-10.1.1;
USERNAME=W I N D O W S
OS=Windows_NT
PROCESSOR_IDENTIFIER=Intel64 Family 6 Model 61 Stepping 4, GenuineIntel
TMP=C:\Users\WINDOW~1\AppData\Local\Temp
TEMP=C:\Users\WINDOW~1\AppData\Local\Temp



Periodic native trim disabled


---------------  S Y S T E M  ---------------

OS:
 Windows 10 , 64 bit Build 19041 (10.0.19041.5438)
OS uptime: 0 days 4:31 hours

CPU: total 4 (initial active 4) (2 cores per cpu, 2 threads per core) family 6 model 61 stepping 4 microcode 0x2d, cx8, cmov, fxsr, ht, mmx, 3dnowpref, sse, sse2, sse3, ssse3, sse4.1, sse4.2, popcnt, lzcnt, tsc, tscinvbit, avx, avx2, aes, erms, clmul, bmi1, bmi2, adx, fma, vzeroupper, clflush
Processor Information for all 4 processors :
  Max Mhz: 2201, Current Mhz: 2201, Mhz Limit: 2201

Memory: 4k page, system-wide physical 4018M (321M free)
TotalPageFile size 9547M (AvailPageFile size 4M)
current process WorkingSet (physical memory assigned to process): 241M, peak: 254M
current process commit charge ("private bytes"): 270M, peak: 278M

vm_info: OpenJDK 64-Bit Server VM (17.0.14+7) for windows-amd64 JRE (17.0.14+7), built on Jan 21 2025 23:40:15 by "admin" with MS VC++ 17.7 (VS2022)

END.
