#
# There is insufficient memory for the Java Runtime Environment to continue.
# Native memory allocation (malloc) failed to allocate 1163696 bytes. Error detail: Chunk::new
# Possible reasons:
#   The system is out of physical RAM or swap space
#   This process is running with CompressedOops enabled, and the Java Heap may be blocking the growth of the native heap
# Possible solutions:
#   Reduce memory load on the system
#   Increase physical memory or swap space
#   Check if swap backing store is full
#   Decrease Java heap size (-Xmx/-Xms)
#   Decrease number of Java threads
#   Decrease Java thread stack sizes (-Xss)
#   Set larger code cache with -XX:ReservedCodeCacheSize=
#   JVM is running with Unscaled Compressed Oops mode in which the Java heap is
#     placed in the first 4GB address space. The Java Heap base address is the
#     maximum limit for the native heap growth. Please use -XX:HeapBaseMinAddress
#     to set the Java Heap base and to place the Java Heap above 4GB virtual address.
# This output file may be truncated or incomplete.
#
#  Out of Memory Error (arena.cpp:191), pid=5280, tid=11564
#
# JRE version: OpenJDK Runtime Environment Temurin-17.0.14+7 (17.0.14+7) (build 17.0.14+7)
# Java VM: OpenJDK 64-Bit Server VM Temurin-17.0.14+7 (17.0.14+7, mixed mode, tiered, compressed oops, compressed class ptrs, g1 gc, windows-amd64)
# No core dump will be written. Minidumps are not enabled by default on client versions of Windows
#

---------------  S U M M A R Y ------------

Command Line: -Dgroovy.home=C:\Users\W I N D O W S/.groovy -Djava.system.class.loader=groovy.lang.GroovyClassLoader -Xmx2048m -Dfile.encoding=UTF-8 -XX:+ShowCodeDetailsInExceptionMessages org.codehaus.groovy.tools.GroovyStarter --classpath C:\Users\W I N D O W S\Katalon Studio\coba_1\bin\keyword;C:\Users\W I N D O W S\Katalon Studio\coba_1\Keywords;C:\Users\W I N D O W S\Katalon Studio\coba_1\bin\listener;C:\Users\W I N D O W S\Katalon Studio\coba_1\Test Listeners;C:\Users\W I N D O W S\Katalon Studio\coba_1\bin\lib;C:\Users\W I N D O W S\Katalon Studio\coba_1\Libs;C:\Users\W I N D O W S\Katalon Studio\coba_1\bin\groovy;C:\Users\W I N D O W S\Katalon Studio\coba_1\Include\scripts\groovy;C:\Users\W I N D O W S\.katalon\packages\KS-10.1.1\plugins\com.kms.katalon.core_1.0.0.202503120557.jar;C:\Users\W I N D O W S\.katalon\packages\KS-10.1.1\configuration\resources\lib\aalto-xml-1.0.0.jar;C:\Users\W I N D O W S\.katalon\packages\KS-10.1.1\configuration\resources\lib\aspectjweaver-1.9.1.jar;C:\Users\W I N D O W S\.katalon\packages\KS-10.1.1\configuration\resources\lib\aws-2.20.3-fat.jar;C:\Users\W I N D O W S\.katalon\packages\KS-10.1.1\configuration\resources\lib\bcpkix-jdk15on-1.64.jar;C:\Users\W I N D O W S\.katalon\packages\KS-10.1.1\configuration\resources\lib\bcprov-jdk15on-1.64.jar;C:\Users\W I N D O W S\.katalon\packages\KS-10.1.1\configuration\resources\lib\browsermob-core-2.1.5.jar;C:\Users\W I N D O W S\.katalon\packages\KS-10.1.1\configuration\resources\lib\byte-buddy-1.14.3.jar;C:\Users\W I N D O W S\.katalon\packages\KS-10.1.1\configuration\resources\lib\byte-buddy-agent-1.14.3.jar;C:\Users\W I N D O W S\.katalon\packages\KS-10.1.1\configuration\resources\lib\cglib-3.2.10.jar;C:\Users\W I N D O W S\.katalon\packages\KS-10.1.1\configuration\resources\lib\commons-codec-1.10.jar;C:\Users\W I N D O W S\.katalon\packages\KS-10.1.1\configuration\resources\lib\commons-collections4-4.1.jar;C:\Users\W I N D O W S\.katalon\packages\KS-10.1.1\configuration\resources\lib\commons-validator-1.6.jar;C:\Users\W I N D O W S\.katalon\packages\KS-10.1.1\configuration\resources\lib\curvesapi-1.04.jar;C:\Users\W I N D O W S\.katalon\packages\KS-10.1.1\configuration\resources\lib\dnsjava-3.6.2.jar;C:\Users\W I N D O W S\.katalon\packages\KS-10.1.1\configuration\resources\lib\groovy-3.0.17.jar;C:\Users\W I N D O W S\.katalon\packages\KS-10.1.1\configuration\resources\lib\jackson-coreutils-2.0.jar;C:\Users\W I N D O W S\.katalon\packages\KS-10.1.1\configuration\resources\lib\jackson-coreutils-equivalence-1.0.jar;C:\Users\W I N D O W S\.katalon\packages\KS-10.1.1\configuration\resources\lib\java-client-9.2.3.jar;C:\Users\W I N D O W S\.katalon\packages\KS-10.1.1\configuration\resources\lib\javax.servlet-api_3.1.0.jar;C:\Users\W I N D O W S\.katalon\packages\KS-10.1.1\configuration\resources\lib\jna-5.12.1.jar;C:\Users\W I N D O W S\.katalon\packages\KS-10.1.1\configuration\resources\lib\jna-platform-5.12.1.jar;C:\Users\W I N D O W S\.katalon\packages\KS-10.1.1\configuration\resources\lib\json-schema-core-1.2.14.jar;C:\Users\W I N D O W S\.katalon\packages\KS-10.1.1\configuration\resources\lib\json-schema-validator-2.2.14.jar;C:\Users\W I N D O W S\.katalon\packages\KS-10.1.1\configuration\resources\lib\jzlib-1.1.3.jar;C:\Users\W I N D O W S\.katalon\packages\KS-10.1.1\configuration\resources\lib\kat-server.jar;C:\Users\W I N D O W S\.katalon\packages\KS-10.1.1\configuration\resources\lib\littleproxy-1.1.0-beta-bmp-17.jar;C:\Users\W I N D O W S\.katalon\packages\KS-10.1.1\configuration\resources\lib\log4j-1.2-api-2.17.1.jar;C:\Users\W I N D O W S\.katalon\packages\KS-10.1.1\configuration\resources\lib\log4j-api-2.17.1.jar;C:\Users\W I N D O W S\.katalon\packages\KS-10.1.1\configuration\resources\lib\log4j-core-2.17.1.jar;C:\Users\W I N D O W S\.katalon\packages\KS-10.1.1\configuration\resources\lib\mitm-2.1.5.jar;C:\Users\W I N D O W S\.katalon\packages\KS-10.1.1\configuration\resources\lib\mockito-core-5.2.0.jar;C:\Users\W I N D O W S\.katalon\packages\KS-10.1.1\configuration\resources\lib\mockito-inline-5.2.0.jar;C:\Users\W I N D O W S\.katalon\packages\KS-10.1.1\configuration\resources\lib\netty-all-4.1.109.Final.jar;C:\Users\W I N D O W S\.katalon\packages\KS-10.1.1\configuration\resources\lib\objenesis-3.3.jar;C:\Users\W I N D O W S\.katalon\packages\KS-10.1.1\configuration\resources\lib\poi-3.17.jar;C:\Users\W I N D O W S\.katalon\packages\KS-10.1.1\configuration\resources\lib\poi-ooxml-3.17.jar;C:\Users\W I N D O W S\.katalon\packages\KS-10.1.1\configuration\resources\lib\poi-ooxml-schemas-3.17.jar;C:\Users\W I N D O W S\.katalon\packages\KS-10.1.1\configuration\resources\lib\proxy-vole-1.1.5-jar-with-dependencies.jar;C:\Users\W I N D O W S\.katalon\packages\KS-10.1.1\configuration\resources\lib\repackaged-sikuli-api-1.0.2-standalone.jar;C:\Users\W I N D O W S\.katalon\packages\KS-10.1.1\configuration\resources\lib\selenium-server-4.22.0.jar;C:\Users\W I N D O W S\.katalon\packages\KS-10.1.1\configuration\resources\lib\selenium-shutterbug-1.1.jar;C:\Users\W I N D O W S\.katalon\packages\KS-10.1.1\configuration\resources\lib\slf4j-api-1.7.25.jar;C:\Users\W I N D O W S\.katalon\packages\KS-10.1.1\configuration\resources\lib\soap-builder-1.0.0.jar;C:\Users\W I N D O W S\.katalon\packages\KS-10.1.1\configuration\resources\lib\soap-common-1.0.0.jar;C:\Users\W I N D O W S\.katalon\packages\KS-10.1.1\configuration\resources\lib\soap-legacy-1.0.0.jar;C:\Users\W I N D O W S\.katalon\packages\KS-10.1.1\configuration\resources\lib\spring-context-5.3.19.jar;C:\Users\W I N D O W S\.katalon\packages\KS-10.1.1\configuration\resources\lib\stax2-api-4.0.0.jar;C:\Users\W I N D O W S\.katalon\packages\KS-10.1.1\configuration\resources\lib\su.jar;C:\Users\W I N D O W S\.katalon\packages\KS-10.1.1\configuration\resources\lib\swagger-parser-1.0.67-fat.jar;C:\Users\W I N D O W S\.katalon\packages\KS-10.1.1\configuration\resources\lib\testng-7.8.0.jar;C:\Users\W I N D O W S\.katalon\packages\KS-10.1.1\configuration\resources\lib\uri-template-0.1.jar;C:\Users\W I N D O W S\.katalon\packages\KS-10.1.1\configuration\resources\lib\wadl.jar;C:\Users\W I N D O W S\.katalon\packages\KS-10.1.1\configuration\resources\lib\xmlbeans-3.1.0.jar;C:\Users\W I N D O W S\.katalon\packages\KS-10.1.1\plugins\net.sf.supercsv.super-csv_2.1.0.jar;C:\Users\W I N D O W S\.katalon\packages\KS-10.1.1\plugins\org.apache.commons.commons-io_2.15.1.jar;C:\Users\W I N D O W S\.katalon\packages\KS-10.1.1\plugins\org.apache.commons.lang_2.6.0.jar;C:\Users\W I N D O W S\.katalon\packages\KS-10.1.1\plugins\com.google.gson_2.10.1.v20230109-0753.jar;C:\Users\W I N D O W S\.katalon\packages\KS-10.1.1\plugins\org.jsoup_1.14.3.jar;C:\Users\W I N D O W S\.katalon\packages\KS-10.1.1\plugins\org.apache.commons.dbutils_1.6.0.jar;C:\Users\W I N D O W S\.katalon\packages\KS-10.1.1\plugins\com.oracle.jdbc.ojdbc7_12.1.0.2.jar;C:\Users\W I N D O W S\.katalon\packages\KS-10.1.1\plugins\org.postgresql.jdbc_42.7.3.jar;c:\Users\W I N D O W S\.katalon\packages\KS-10.1.1\plugins\org.eclipse.osgi_3.18.300.v20230220-1352.jar;C:\Users\W I N D O W S\.katalon\packages\KS-10.1.1\plugins\com.kms.katalon.constant_1.0.0.202503120557.jar;C:\Users\W I N D O W S\.katalon\packages\KS-10.1.1\plugins\org.eclipse.persistence.eclipselink_2.7.11.jar;C:\Users\W I N D O W S\.katalon\packages\KS-10.1.1\plugins\com.kms.katalon.selenium-standalone_1.0.0.202503120557.jar;C:\Users\W I N D O W S\.katalon\packages\KS-10.1.1\plugins\atu.testrecorder.screen-recorder_2.1.0.jar;C:\Users\W I N D O W S\.katalon\packages\KS-10.1.1\plugins\com.google.guava_32.0.0.jre.jar;C:\Users\W I N D O W S\.katalon\packages\KS-10.1.1\plugins\com.kms.katalon.util_1.0.0.202503120557.jar;C:\Users\W I N D O W S\.katalon\packages\KS-10.1.1\plugins\org.apache.httpcomponents.httpclient_4.5.14.v20221207-1049.jar;C:\Users\W I N D O W S\.katalon\packages\KS-10.1.1\plugins\org.apache.httpcomponents.httpcore_4.4.16.v20221207-1049.jar;C:\Users\W I N D O W S\.katalon\packages\KS-10.1.1\plugins\org.apache.httpcomponents.httpmime_4.5.13.jar;C:\Users\W I N D O W S\.katalon\packages\KS-10.1.1\plugins\org.apache.commons.lang3_3.14.0.jar;C:\Users\W I N D O W S\.katalon\packages\KS-10.1.1\plugins\org.greenrobot.eventbus_3.1.1.jar;C:\Users\W I N D O W S\.katalon\packages\KS-10.1.1\plugins\net.bytebuddy.byte-buddy_1.14.15.jar;C:\Users\W I N D O W S\.katalon\packages\KS-10.1.1\plugins\org.junit_4.13.2.v20211018-1956.jar;C:\Users\W I N D O W S\.katalon\packages\KS-10.1.1\plugins\com.fasterxml.jackson.core.jackson-databind_2.17.2.jar;C:\Users\W I N D O W S\.katalon\packages\KS-10.1.1\plugins\com.fasterxml.jackson.core.jackson-core_2.17.2.jar;C:\Users\W I N D O W S\.katalon\packages\KS-10.1.1\plugins\com.fasterxml.jackson.core.jackson-annotations_2.17.2.jar;C:\Users\W I N D O W S\.katalon\packages\KS-10.1.1\plugins\ch.qos.logback.classic_1.2.13.jar;C:\Users\W I N D O W S\.katalon\packages\KS-10.1.1\plugins\ch.qos.logback.core_1.2.13.jar;C:\Users\W I N D O W S\.katalon\packages\KS-10.1.1\plugins\slf4j.api_1.7.36.jar;C:\Users\W I N D O W S\.katalon\packages\KS-10.1.1\plugins\org.fusesource.jansi_1.17.1.jar;C:\Users\W I N D O W S\.katalon\packages\KS-10.1.1\plugins\com.kms.katalon.netlightbody_1.0.0.202503120557.jar;C:\Users\W I N D O W S\.katalon\packages\KS-10.1.1\plugins\com.kms.katalon.poi_1.0.0.202503120557.jar;C:\Users\W I N D O W S\.katalon\packages\KS-10.1.1\plugins\org.apache.commons.commons-text_1.10.0.jar;C:\Users\W I N D O W S\.katalon\packages\KS-10.1.1\plugins\com.kms.katalon.proxyvole_1.0.0.202503120557.jar;C:\Users\W I N D O W S\.katalon\packages\KS-10.1.1\plugins\com.microsoft.sqlserver.mssql-jdbc_6.2.2.jre8.jar;C:\Users\W I N D O W S\.katalon\packages\KS-10.1.1\plugins\com.github.kklisura.cdt.java-client_2.1.0.jar;C:\Users\W I N D O W S\.katalon\packages\KS-10.1.1\plugins\javax.websocket-api_1.1.0.jar;C:\Users\W I N D O W S\.katalon\packages\KS-10.1.1\plugins\org.glassfish.tyrus.container-grizzly-client_1.13.1.jar;C:\Users\W I N D O W S\.katalon\packages\KS-10.1.1\plugins\org.glassfish.grizzly.http-server_2.3.25.jar;C:\Users\W I N D O W S\.katalon\packages\KS-10.1.1\plugins\org.glassfish.grizzly.framework_2.3.25.jar;C:\Users\W I N D O W S\.katalon\packages\KS-10.1.1\plugins\org.glassfish.grizzly.http_2.3.25.jar;C:\Users\W I N D O W S\.katalon\packages\KS-10.1.1\plugins\org.glassfish.tyrus.client_1.13.1.jar;C:\Users\W I N D O W S\.katalon\packages\KS-10.1.1\plugins\org.glassfish.tyrus.core_1.13.1.jar;C:\Users\W I N D O W S\.katalon\packages\KS-10.1.1\plugins\org.glassfish.tyrus.spi_1.13.1.jar;C:\Users\W I N D O W S\.katalon\packages\KS-10.1.1\plugins\javassist_3.28.0.GA.jar;C:\Users\W I N D O W S\.katalon\packages\KS-10.1.1\plugins\graphql-java_22.3.0.jar;C:\Users\W I N D O W S\.katalon\packages\KS-10.1.1\plugins\org.glassfish.jaxb.runtime_2.3.6.jar;C:\Users\W I N D O W S\.katalon\packages\KS-10.1.1\plugins\org.glassfish.jaxb.txw2_2.3.6.jar;C:\Users\W I N D O W S\.katalon\packages\KS-10.1.1\plugins\org.dom4j_2.1.4.jar;C:\Users\W I N D O W S\.katalon\packages\KS-10.1.1\plugins\com.kms.katalon.groovy-extended_1.0.0.202503120557.jar;C:\Users\W I N D O W S\.katalon\packages\KS-10.1.1\plugins\com.sun.activation.javax.activation_1.2.0.jar;C:\Users\W I N D O W S\.katalon\packages\KS-10.1.1\plugins\jakarta.xml.bind-api_2.3.3.jar;C:\Users\W I N D O W S\.katalon\packages\KS-10.1.1\plugins\com.sun.xml.bind.jaxb-impl_2.3.6.jar;C:\Users\W I N D O W S\.katalon\packages\KS-10.1.1\plugins\org.eclipse.jface_3.29.0.v20230214-1401.jar;C:\Users\W I N D O W S\.katalon\packages\KS-10.1.1\plugins\com.kms.katalon.logging_1.0.0.202503120557.jar;C:\Users\W I N D O W S\.katalon\packages\KS-10.1.1\plugins\json_20240303.0.0.jar;C:\Users\W I N D O W S\.katalon\packages\KS-10.1.1\plugins\assertj-core_3.25.3.jar;C:\Users\W I N D O W S\.katalon\packages\KS-10.1.1\plugins\com.networknt.json-schema-validator_1.0.66.jar;C:\Users\W I N D O W S\.katalon\packages\KS-10.1.1\plugins\com.kms.katalon.network.apache_1.0.0.202503120557.jar;C:\Users\W I N D O W S\.katalon\packages\KS-10.1.1\plugins\java-dataloader_3.3.0.jar;C:\Users\W I N D O W S\.katalon\packages\KS-10.1.1\plugins\org.apache.commons.logging_1.2.0.v20180409-1502.jar;C:\Users\W I N D O W S\.katalon\packages\KS-10.1.1\plugins\org.hamcrest.core_1.3.0.v20180420-1519.jar;C:\Users\W I N D O W S\.katalon\packages\KS-10.1.1\plugins\org.beanshell.bsh_2.0.0.0b4.jar;C:\Users\W I N D O W S\.katalon\packages\KS-10.1.1\plugins\org.apache.ant.launcher_1.9.6.jar;C:\Users\W I N D O W S\.katalon\packages\KS-10.1.1\plugins\com.kms.katalon.core.appium_1.0.0.202503120557.jar;C:\Users\W I N D O W S\.katalon\packages\KS-10.1.1\plugins\com.kms.katalon.api_1.0.0.202503120557.jar;C:\Users\W I N D O W S\.katalon\packages\KS-10.1.1\plugins\org.eclipse.equinox.common_3.17.100.v20230202-1341.jar;C:\Users\W I N D O W S\.katalon\packages\KS-10.1.1\plugins\com.kms.katalon.platform.core_1.0.0.202503120557.jar;C:\Users\W I N D O W S\.katalon\packages\KS-10.1.1\plugins\com.kms.katalon.common_1.0.0.202503120557.jar;C:\Users\W I N D O W S\.katalon\packages\KS-10.1.1\plugins\com.kms.katalon.session.core_1.0.0.202503120557.jar;C:\Users\W I N D O W S\.katalon\packages\KS-10.1.1\plugins\org.eclipse.e4.core.contexts_1.11.0.v20220716-0839.jar;C:\Users\W I N D O W S\.katalon\packages\KS-10.1.1\plugins\javax.inject_1.0.0.v20220405-0441.jar;C:\Users\W I N D O W S\.katalon\packages\KS-10.1.1\plugins\org.eclipse.e4.core.di_1.8.300.v20220817-1539.jar;C:\Users\W I N D O W S\.katalon\packages\KS-10.1.1\plugins\com.kms.katalon.network.core_1.0.0.202503120557.jar;C:\Users\W I N D O W S\.katalon\packages\KS-10.1.1\plugins\com.kms.katalon.execution.core_1.0.0.202503120557.jar;C:\Users\W I N D O W S\.katalon\packages\KS-10.1.1\plugins\org.eclipse.equinox.registry_3.11.200.v20220817-1601.jar;C:\Users\W I N D O W S\.katalon\packages\KS-10.1.1\plugins\dev.failsafe_3.3.2.jar;C:\Users\W I N D O W S\.katalon\packages\KS-10.1.1\plugins\com.fasterxml.jackson.datatype.jackson-datatype-jsr310_2.17.2.jar;C:\Users\W I N D O W S\.katalon\packages\KS-10.1.1\plugins\org.eclipse.e4.core.di.annotations_1.7.200.v20220613-1008.jar;C:\Users\W I N D O W S\.katalon\packages\KS-10.1.1\plugins\com.kms.katalon.core.webui_1.0.0.202503120557.jar;C:\Users\W I N D O W S\.katalon\packages\KS-10.1.1\plugins\org.eclipse.e4.core.services_2.3.400.v20220915-1347.jar;C:\Users\W I N D O W S\.katalon\packages\KS-10.1.1\plugins\com.kms.katalon.core.mobile_1.0.0.202503120557.jar;C:\Users\W I N D O W S\.katalon\packages\KS-10.1.1\plugins\org.apache.commons.commons-validator_1.7.0.jar;C:\Users\W I N D O W S\.katalon\packages\KS-10.1.1\plugins\com.kms.katalon.core.cucumber_1.0.0.202503120557.jar;C:\Users\W I N D O W S\.katalon\packages\KS-10.1.1\plugins\io.cucumber.core_3.0.3.jar;C:\Users\W I N D O W S\.katalon\packages\KS-10.1.1\plugins\io.cucumber.datatable_1.1.15.jar;C:\Users\W I N D O W S\.katalon\packages\KS-10.1.1\plugins\io.cucumber.datatable-dependencies_1.1.15.jar;C:\Users\W I N D O W S\.katalon\packages\KS-10.1.1\plugins\io.cucumber.expressions_5.0.19.jar;C:\Users\W I N D O W S\.katalon\packages\KS-10.1.1\plugins\io.cucumber.gherkin_5.0.0.jar;C:\Users\W I N D O W S\.katalon\packages\KS-10.1.1\plugins\io.cucumber.html_0.2.7.jar;C:\Users\W I N D O W S\.katalon\packages\KS-10.1.1\plugins\io.cucumber.java_3.0.3.jar;C:\Users\W I N D O W S\.katalon\packages\KS-10.1.1\plugins\io.cucumber.tag-expressions_1.1.1.jar;C:\Users\W I N D O W S\.katalon\packages\KS-10.1.1\plugins\io.cucumber.junit_3.0.3.jar;C:\Users\W I N D O W S\.katalon\packages\KS-10.1.1\plugins\com.kms.katalon.core.webservice_1.0.0.202503120557.jar;C:\Users\W I N D O W S\.katalon\packages\KS-10.1.1\plugins\wsdl4j_1.6.2.jar;C:\Users\W I N D O W S\.katalon\packages\KS-10.1.1\plugins\com.google.oauth-client.google-oauth-client_1.22.0.jar;C:\Users\W I N D O W S\.katalon\packages\KS-10.1.1\plugins\com.google.http-client.google-http-client_1.22.0.jar;C:\Users\W I N D O W S\.katalon\packages\KS-10.1.1\plugins\com.kms.katalon.preferences_1.0.0.202503120557.jar;C:\Users\W I N D O W S\.katalon\packages\KS-10.1.1\plugins\org.apache.xmlbeans_3.1.0.jar;C:\Users\W I N D O W S\.katalon\packages\KS-10.1.1\plugins\com.kms.katalon.entity_1.0.0.202503120557.jar;C:\Users\W I N D O W S\.katalon\packages\KS-10.1.1\plugins\jakarta.xml.ws-api_2.3.3.jar;C:\Users\W I N D O W S\.katalon\packages\KS-10.1.1\plugins\javax.xml.soap-api_1.4.0.jar;C:\Users\W I N D O W S\.katalon\packages\KS-10.1.1\plugins\com.atlassian.oai.swagger-request-validator-core_2.38.0.jar;C:\Users\W I N D O W S\.katalon\packages\KS-10.1.1\plugins\io.swagger.compat-spec-parser_1.0.67.jar;C:\Users\W I N D O W S\.katalon\packages\KS-10.1.1\plugins\io.swagger.core.v3.swagger-annotations_2.2.14.jar;C:\Users\W I N D O W S\.katalon\packages\KS-10.1.1\plugins\io.swagger.core.v3.swagger-core_2.2.14.jar;C:\Users\W I N D O W S\.katalon\packages\KS-10.1.1\plugins\io.swagger.core.v3.swagger-models_2.2.14.jar;C:\Users\W I N D O W S\.katalon\packages\KS-10.1.1\plugins\io.swagger.parser.v3.swagger-parser-core_2.1.16.jar;C:\Users\W I N D O W S\.katalon\packages\KS-10.1.1\plugins\io.swagger.parser.v3.swagger-parser-v2-converter_2.1.16.jar;C:\Users\W I N D O W S\.katalon\packages\KS-10.1.1\plugins\com.github.java-json-tools.btf_1.3.0.jar;C:\Users\W I N D O W S\.katalon\packages\KS-10.1.1\plugins\com.fasterxml.jackson.dataformat.jackson-dataformat-yaml_2.17.1.jar;C:\Users\W I N D O W S\.katalon\packages\KS-10.1.1\plugins\org.yaml.snakeyaml_2.2.0.jar;C:\Users\W I N D O W S\.katalon\packages\KS-10.1.1\plugins\com.github.java-json-tools.msg-simple_1.2.0.jar;C:\Users\W I N D O W S\.katalon\packages\KS-10.1.1\plugins\jackson-core-asl_1.9.13.jar;C:\Users\W I N D O W S\.katalon\packages\KS-10.1.1\plugins\joda-time_2.10.5.jar;C:\Users\W I N D O W S\.katalon\packages\KS-10.1.1\plugins\javax.mail-api_1.6.2.jar;C:\Users\W I N D O W S\.katalon\packages\KS-10.1.1\plugins\com.googlecode.libphonenumber_8.11.1.jar;C:\Users\W I N D O W S\.katalon\packages\KS-10.1.1\plugins\com.google.guava.failureaccess_1.0.1.jar;C:\Users\W I N D O W S\.katalon\packages\KS-10.1.1\plugins\io.swagger.parser.v3.swagger-parser_2.1.16.jar;C:\Users\W I N D O W S\.katalon\packages\KS-10.1.1\plugins\io.swagger.parser.v3.swagger-parser-v3_2.1.16.jar;C:\Users\W I N D O W S\.katalon\packages\KS-10.1.1\plugins\io.swagger.parser_1.0.67.jar;C:\Users\W I N D O W S\.katalon\packages\KS-10.1.1\plugins\com.narupley.not-going-to-be-commons-ssl_0.3.20.jar;C:\Users\W I N D O W S\.katalon\packages\KS-10.1.1\plugins\com.kms.katalon.core.windows_1.0.0.202503120557.jar;C:\Users\W I N D O W S\.katalon\packages\KS-10.1.1\plugins\com.sun.jna_5.13.0.jar;C:\Users\W I N D O W S\.katalon\packages\KS-10.1.1\plugins\com.sun.jna.platform_5.13.0.jar;C:\Users\W I N D O W S\.katalon\packages\KS-10.1.1\plugins\com.kms.katalon.core.testng_1.0.0.202503120557.jar;C:\Users\W I N D O W S\.katalon\packages\KS-10.1.1\configuration\org.eclipse.osgi\33\0\.cp\resources\basic-report\katalon-studio-report-plugin.jar;C:\Users\W I N D O W S\.katalon\packages\KS-10.1.1\plugins\org.codehaus.groovy_3.0.17.v202303311542-e2303\lib\groovy-3.0.17-indy.jar;C:\Users\W I N D O W S\.katalon\packages\KS-10.1.1\plugins\org.codehaus.groovy_3.0.17.v202303311542-e2303\lib\ivy-2.5.1.jar --main groovy.ui.GroovyMain --encoding UTF-8 --indy C:\Users\W I N D O W S\Katalon Studio\coba_1\Libs\TempTestSuite1744266070311.groovy

Host: Intel(R) Core(TM) i5-5200U CPU @ 2.20GHz, 4 cores, 3G,  Windows 10 , 64 bit Build 19041 (10.0.19041.5438)
Time: Thu Apr 10 13:21:53 2025 SE Asia Standard Time elapsed time: 42.713405 seconds (0d 0h 0m 42s)

---------------  T H R E A D  ---------------

Current thread (0x000001bcb40e9de0):  JavaThread "C2 CompilerThread0" daemon [_thread_in_native, id=11564, stack(0x0000005cd9500000,0x0000005cd9600000)]


Current CompileTask:
C2:  42713 5054       4       java.net.URLStreamHandler::parseURL (1201 bytes)

Stack: [0x0000005cd9500000,0x0000005cd9600000]
Native frames: (J=compiled Java code, j=interpreted, Vv=VM code, C=native code)
V  [jvm.dll+0x682eb9]
V  [jvm.dll+0x8399c8]
V  [jvm.dll+0x83b473]
V  [jvm.dll+0x83bae3]
V  [jvm.dll+0x24715f]
V  [jvm.dll+0xace44]
V  [jvm.dll+0xad4dc]
V  [jvm.dll+0x365b0f]
V  [jvm.dll+0x32fd58]
V  [jvm.dll+0x32f1da]
V  [jvm.dll+0x21814f]
V  [jvm.dll+0x21758f]
V  [jvm.dll+0x1a3150]
V  [jvm.dll+0x22799c]
V  [jvm.dll+0x225afb]
V  [jvm.dll+0x7ef128]
V  [jvm.dll+0x7e948c]
V  [jvm.dll+0x681d97]
C  [ucrtbase.dll+0x21bb2]
C  [KERNEL32.DLL+0x17374]
C  [ntdll.dll+0x4cc91]


---------------  P R O C E S S  ---------------

Threads class SMR info:
_java_thread_list=0x000001bcbaadddf0, length=29, elements={
0x000001bc9aa1f670, 0x000001bcb40c4620, 0x000001bcb40c57a0, 0x000001bcb40dff90,
0x000001bcb40e0860, 0x000001bcb40e5230, 0x000001bcb40e5bf0, 0x000001bcb40e9de0,
0x000001bcb40fad40, 0x000001bcb4103b20, 0x000001bcb4397b80, 0x000001bcb92cfcb0,
0x000001bcbb243980, 0x000001bcbb07ea80, 0x000001bcbb07ef90, 0x000001bcbb07f4a0,
0x000001bcbb07f9b0, 0x000001bcbac6f6f0, 0x000001bcbac6d380, 0x000001bcbac6c450,
0x000001bcbac6ce70, 0x000001bcbac6c960, 0x000001bcbac6d890, 0x000001bcbac6dda0,
0x000001bcbac6e2b0, 0x000001bcbac6e7c0, 0x000001bcbac6ecd0, 0x000001bcbac6f1e0,
0x000001bcba725a20
}

Java Threads: ( => current thread )
  0x000001bc9aa1f670 JavaThread "main" [_thread_in_Java, id=11668, stack(0x0000005cd8800000,0x0000005cd8900000)]
  0x000001bcb40c4620 JavaThread "Reference Handler" daemon [_thread_blocked, id=7020, stack(0x0000005cd8f00000,0x0000005cd9000000)]
  0x000001bcb40c57a0 JavaThread "Finalizer" daemon [_thread_blocked, id=13792, stack(0x0000005cd9000000,0x0000005cd9100000)]
  0x000001bcb40dff90 JavaThread "Signal Dispatcher" daemon [_thread_blocked, id=9396, stack(0x0000005cd9100000,0x0000005cd9200000)]
  0x000001bcb40e0860 JavaThread "Attach Listener" daemon [_thread_blocked, id=6932, stack(0x0000005cd9200000,0x0000005cd9300000)]
  0x000001bcb40e5230 JavaThread "Service Thread" daemon [_thread_blocked, id=4596, stack(0x0000005cd9300000,0x0000005cd9400000)]
  0x000001bcb40e5bf0 JavaThread "Monitor Deflation Thread" daemon [_thread_blocked, id=11528, stack(0x0000005cd9400000,0x0000005cd9500000)]
=>0x000001bcb40e9de0 JavaThread "C2 CompilerThread0" daemon [_thread_in_native, id=11564, stack(0x0000005cd9500000,0x0000005cd9600000)]
  0x000001bcb40fad40 JavaThread "C1 CompilerThread0" daemon [_thread_blocked, id=7400, stack(0x0000005cd9600000,0x0000005cd9700000)]
  0x000001bcb4103b20 JavaThread "Sweeper thread" daemon [_thread_blocked, id=4328, stack(0x0000005cd9700000,0x0000005cd9800000)]
  0x000001bcb4397b80 JavaThread "Common-Cleaner" daemon [_thread_blocked, id=13140, stack(0x0000005cd9800000,0x0000005cd9900000)]
  0x000001bcb92cfcb0 JavaThread "Notification Thread" daemon [_thread_blocked, id=2168, stack(0x0000005cd9a00000,0x0000005cd9b00000)]
  0x000001bcbb243980 JavaThread "ForkJoinPool.commonPool-worker-1" daemon [_thread_blocked, id=13164, stack(0x0000005cd9f00000,0x0000005cda000000)]
  0x000001bcbb07ea80 JavaThread "HttpClient-1-SelectorManager" daemon [_thread_in_native, id=10216, stack(0x0000005cda000000,0x0000005cda100000)]
  0x000001bcbb07ef90 JavaThread "External Process Output Forwarder - C:\Users\W I N D O W S\.katalon\packages\KS-10.1.1\configuration\resources\drivers\chromedriver_win32\chromedriver.exe" daemon [_thread_in_native, id=13892, stack(0x0000005cda100000,0x0000005cda200000)]
  0x000001bcbb07f4a0 JavaThread "Driver Service Executor" daemon [_thread_blocked, id=2200, stack(0x0000005cda200000,0x0000005cda300000)]
  0x000001bcbb07f9b0 JavaThread "Driver Service Executor" daemon [_thread_blocked, id=12836, stack(0x0000005cda300000,0x0000005cda400000)]
  0x000001bcbac6f6f0 JavaThread "UrlChecker-2" daemon [_thread_blocked, id=13704, stack(0x0000005cda400000,0x0000005cda500000)]
  0x000001bcbac6d380 JavaThread "JdkHttpClient-0-0" daemon [_thread_blocked, id=964, stack(0x0000005cda700000,0x0000005cda800000)]
  0x000001bcbac6c450 JavaThread "JdkHttpClient-0-1" daemon [_thread_blocked, id=3324, stack(0x0000005cda800000,0x0000005cda900000)]
  0x000001bcbac6ce70 JavaThread "JdkHttpClient-0-2" daemon [_thread_blocked, id=3580, stack(0x0000005cda900000,0x0000005cdaa00000)]
  0x000001bcbac6c960 JavaThread "HttpClient-2-SelectorManager" daemon [_thread_in_native, id=1416, stack(0x0000005cd9c00000,0x0000005cd9d00000)]
  0x000001bcbac6d890 JavaThread "JdkHttpClient-1-0" daemon [_thread_blocked, id=12236, stack(0x0000005cdab00000,0x0000005cdac00000)]
  0x000001bcbac6dda0 JavaThread "JdkHttpClient-1-1" daemon [_thread_blocked, id=7012, stack(0x0000005cdac00000,0x0000005cdad00000)]
  0x000001bcbac6e2b0 JavaThread "JdkHttpClient-1-2" daemon [_thread_blocked, id=6036, stack(0x0000005cdad00000,0x0000005cdae00000)]
  0x000001bcbac6e7c0 JavaThread "HttpClient-3-SelectorManager" daemon [_thread_in_native, id=10724, stack(0x0000005cdae00000,0x0000005cdaf00000)]
  0x000001bcbac6ecd0 JavaThread "JdkHttpClient-2-0" daemon [_thread_blocked, id=11292, stack(0x0000005cdaf00000,0x0000005cdb000000)]
  0x000001bcbac6f1e0 JavaThread "JdkHttpClient-2-1" daemon [_thread_blocked, id=1944, stack(0x0000005cdb000000,0x0000005cdb100000)]
  0x000001bcba725a20 JavaThread "JdkHttpClient-2-2" daemon [_thread_blocked, id=6284, stack(0x0000005cdb100000,0x0000005cdb200000)]

Other Threads:
  0x000001bcb3e6f630 VMThread "VM Thread" [stack: 0x0000005cd8e00000,0x0000005cd8f00000] [id=6644]
  0x000001bcb9349bf0 WatcherThread [stack: 0x0000005cd9b00000,0x0000005cd9c00000] [id=9440]
  0x000001bc9aa86900 GCTaskThread "GC Thread#0" [stack: 0x0000005cd8900000,0x0000005cd8a00000] [id=2352]
  0x000001bcb47229a0 GCTaskThread "GC Thread#1" [stack: 0x0000005cd9900000,0x0000005cd9a00000] [id=13860]
  0x000001bcb4d11820 GCTaskThread "GC Thread#2" [stack: 0x0000005cd9d00000,0x0000005cd9e00000] [id=6156]
  0x000001bcb9ea1800 GCTaskThread "GC Thread#3" [stack: 0x0000005cd9e00000,0x0000005cd9f00000] [id=14184]
  0x000001bc9aa98760 ConcurrentGCThread "G1 Main Marker" [stack: 0x0000005cd8a00000,0x0000005cd8b00000] [id=13784]
  0x000001bc9aa99080 ConcurrentGCThread "G1 Conc#0" [stack: 0x0000005cd8b00000,0x0000005cd8c00000] [id=11672]
  0x000001bcb3ccc640 ConcurrentGCThread "G1 Refine#0" [stack: 0x0000005cd8c00000,0x0000005cd8d00000] [id=3428]
  0x000001bcb3cccf70 ConcurrentGCThread "G1 Service" [stack: 0x0000005cd8d00000,0x0000005cd8e00000] [id=9708]

Threads with active compile tasks:
C2 CompilerThread0    42765 5054       4       java.net.URLStreamHandler::parseURL (1201 bytes)

VM state: not at safepoint (normal execution)

VM Mutex/Monitor currently owned by a thread: None

Heap address: 0x0000000080000000, size: 2048 MB, Compressed Oops mode: 32-bit

CDS archive(s) not mapped
Compressed class space mapped at: 0x0000000100000000-0x0000000140000000, reserved size: 1073741824
Narrow klass base: 0x0000000000000000, Narrow klass shift: 3, Narrow klass range: 0x140000000

GC Precious Log:
 CPUs: 4 total, 4 available
 Memory: 4018M
 Large Page Support: Disabled
 NUMA Support: Disabled
 Compressed Oops: Enabled (32-bit)
 Heap Region Size: 1M
 Heap Min Capacity: 8M
 Heap Initial Capacity: 64M
 Heap Max Capacity: 2G
 Pre-touch: Disabled
 Parallel Workers: 4
 Concurrent Workers: 1
 Concurrent Refinement Workers: 4
 Periodic GC: Disabled

Heap:
 garbage-first heap   total 95232K, used 55959K [0x0000000080000000, 0x0000000100000000)
  region size 1024K, 23 young (23552K), 6 survivors (6144K)
 Metaspace       used 44762K, committed 45312K, reserved 1114112K
  class space    used 4941K, committed 5184K, reserved 1048576K

Heap Regions: E=young(eden), S=young(survivor), O=old, HS=humongous(starts), HC=humongous(continues), CS=collection set, F=free, OA=open archive, CA=closed archive, TAMS=top-at-mark-start (previous, next)
|   0|0x0000000080000000, 0x0000000080100000, 0x0000000080100000|100%|HS|  |TAMS 0x0000000080100000, 0x0000000080000000| Complete 
|   1|0x0000000080100000, 0x0000000080200000, 0x0000000080200000|100%|HS|  |TAMS 0x0000000080200000, 0x0000000080100000| Complete 
|   2|0x0000000080200000, 0x0000000080300000, 0x0000000080300000|100%|HC|  |TAMS 0x0000000080300000, 0x0000000080200000| Complete 
|   3|0x0000000080300000, 0x0000000080400000, 0x0000000080400000|100%|HC|  |TAMS 0x0000000080400000, 0x0000000080300000| Complete 
|   4|0x0000000080400000, 0x0000000080500000, 0x0000000080500000|100%| O|  |TAMS 0x0000000080500000, 0x0000000080400000| Untracked 
|   5|0x0000000080500000, 0x0000000080600000, 0x0000000080600000|100%| O|  |TAMS 0x0000000080600000, 0x0000000080500000| Untracked 
|   6|0x0000000080600000, 0x0000000080700000, 0x0000000080700000|100%| O|  |TAMS 0x0000000080700000, 0x0000000080600000| Untracked 
|   7|0x0000000080700000, 0x0000000080800000, 0x0000000080800000|100%| O|  |TAMS 0x0000000080800000, 0x0000000080700000| Untracked 
|   8|0x0000000080800000, 0x0000000080900000, 0x0000000080900000|100%| O|  |TAMS 0x0000000080900000, 0x0000000080800000| Untracked 
|   9|0x0000000080900000, 0x0000000080a00000, 0x0000000080a00000|100%| O|  |TAMS 0x0000000080a00000, 0x0000000080900000| Untracked 
|  10|0x0000000080a00000, 0x0000000080b00000, 0x0000000080b00000|100%| O|  |TAMS 0x0000000080b00000, 0x0000000080a00000| Untracked 
|  11|0x0000000080b00000, 0x0000000080c00000, 0x0000000080c00000|100%| O|  |TAMS 0x0000000080c00000, 0x0000000080b00000| Untracked 
|  12|0x0000000080c00000, 0x0000000080d00000, 0x0000000080d00000|100%|HS|  |TAMS 0x0000000080d00000, 0x0000000080c00000| Complete 
|  13|0x0000000080d00000, 0x0000000080e00000, 0x0000000080e00000|100%| O|  |TAMS 0x0000000080e00000, 0x0000000080d00000| Untracked 
|  14|0x0000000080e00000, 0x0000000080f00000, 0x0000000080f00000|100%| O|  |TAMS 0x0000000080f00000, 0x0000000080e00000| Untracked 
|  15|0x0000000080f00000, 0x0000000081000000, 0x0000000081000000|100%| O|  |TAMS 0x0000000081000000, 0x0000000080f00000| Untracked 
|  16|0x0000000081000000, 0x0000000081100000, 0x0000000081100000|100%| O|  |TAMS 0x0000000081100000, 0x0000000081000000| Untracked 
|  17|0x0000000081100000, 0x0000000081200000, 0x0000000081200000|100%| O|  |TAMS 0x0000000081200000, 0x0000000081100000| Untracked 
|  18|0x0000000081200000, 0x0000000081300000, 0x0000000081300000|100%| O|  |TAMS 0x0000000081300000, 0x0000000081200000| Untracked 
|  19|0x0000000081300000, 0x0000000081400000, 0x0000000081400000|100%| O|  |TAMS 0x0000000081400000, 0x0000000081300000| Untracked 
|  20|0x0000000081400000, 0x0000000081500000, 0x0000000081500000|100%| O|  |TAMS 0x0000000081500000, 0x0000000081400000| Untracked 
|  21|0x0000000081500000, 0x0000000081600000, 0x0000000081600000|100%| O|  |TAMS 0x0000000081600000, 0x0000000081500000| Untracked 
|  22|0x0000000081600000, 0x0000000081700000, 0x0000000081700000|100%| O|  |TAMS 0x0000000081700000, 0x0000000081600000| Untracked 
|  23|0x0000000081700000, 0x0000000081800000, 0x0000000081800000|100%| O|  |TAMS 0x0000000081800000, 0x0000000081700000| Untracked 
|  24|0x0000000081800000, 0x0000000081900000, 0x0000000081900000|100%| O|  |TAMS 0x0000000081800000, 0x0000000081800000| Untracked 
|  25|0x0000000081900000, 0x0000000081a00000, 0x0000000081a00000|100%| O|  |TAMS 0x0000000081900000, 0x0000000081900000| Untracked 
|  26|0x0000000081a00000, 0x0000000081b00000, 0x0000000081b00000|100%| O|  |TAMS 0x0000000081a00000, 0x0000000081a00000| Untracked 
|  27|0x0000000081b00000, 0x0000000081c00000, 0x0000000081c00000|100%| O|  |TAMS 0x0000000081c00000, 0x0000000081b00000| Untracked 
|  28|0x0000000081c00000, 0x0000000081d00000, 0x0000000081d00000|100%| O|  |TAMS 0x0000000081d00000, 0x0000000081c00000| Untracked 
|  29|0x0000000081d00000, 0x0000000081e00000, 0x0000000081e00000|100%| O|  |TAMS 0x0000000081e00000, 0x0000000081d00000| Untracked 
|  30|0x0000000081e00000, 0x0000000081f00000, 0x0000000081f00000|100%| O|  |TAMS 0x0000000081f00000, 0x0000000081e00000| Untracked 
|  31|0x0000000081f00000, 0x0000000082000000, 0x0000000082000000|100%| O|  |TAMS 0x0000000081fcfc00, 0x0000000081f00000| Untracked 
|  32|0x0000000082000000, 0x00000000820f3000, 0x0000000082100000| 94%| O|  |TAMS 0x0000000082000000, 0x0000000082000000| Untracked 
|  33|0x0000000082100000, 0x0000000082100000, 0x0000000082200000|  0%| F|  |TAMS 0x0000000082100000, 0x0000000082100000| Untracked 
|  34|0x0000000082200000, 0x0000000082200000, 0x0000000082300000|  0%| F|  |TAMS 0x0000000082200000, 0x0000000082200000| Untracked 
|  35|0x0000000082300000, 0x0000000082300000, 0x0000000082400000|  0%| F|  |TAMS 0x0000000082300000, 0x0000000082300000| Untracked 
|  36|0x0000000082400000, 0x0000000082400000, 0x0000000082500000|  0%| F|  |TAMS 0x0000000082400000, 0x0000000082400000| Untracked 
|  37|0x0000000082500000, 0x0000000082500000, 0x0000000082600000|  0%| F|  |TAMS 0x0000000082500000, 0x0000000082500000| Untracked 
|  38|0x0000000082600000, 0x0000000082600000, 0x0000000082700000|  0%| F|  |TAMS 0x0000000082600000, 0x0000000082600000| Untracked 
|  39|0x0000000082700000, 0x0000000082700000, 0x0000000082800000|  0%| F|  |TAMS 0x0000000082700000, 0x0000000082700000| Untracked 
|  40|0x0000000082800000, 0x0000000082800000, 0x0000000082900000|  0%| F|  |TAMS 0x0000000082800000, 0x0000000082800000| Untracked 
|  41|0x0000000082900000, 0x0000000082900000, 0x0000000082a00000|  0%| F|  |TAMS 0x0000000082900000, 0x0000000082900000| Untracked 
|  42|0x0000000082a00000, 0x0000000082a00000, 0x0000000082b00000|  0%| F|  |TAMS 0x0000000082a00000, 0x0000000082a00000| Untracked 
|  43|0x0000000082b00000, 0x0000000082b00000, 0x0000000082c00000|  0%| F|  |TAMS 0x0000000082b00000, 0x0000000082b00000| Untracked 
|  44|0x0000000082c00000, 0x0000000082cb2d70, 0x0000000082d00000| 69%| S|CS|TAMS 0x0000000082c00000, 0x0000000082c00000| Complete 
|  45|0x0000000082d00000, 0x0000000082e00000, 0x0000000082e00000|100%| S|CS|TAMS 0x0000000082d00000, 0x0000000082d00000| Complete 
|  46|0x0000000082e00000, 0x0000000082f00000, 0x0000000082f00000|100%| S|CS|TAMS 0x0000000082e00000, 0x0000000082e00000| Complete 
|  47|0x0000000082f00000, 0x0000000083000000, 0x0000000083000000|100%| S|CS|TAMS 0x0000000082f00000, 0x0000000082f00000| Complete 
|  48|0x0000000083000000, 0x0000000083100000, 0x0000000083100000|100%| S|CS|TAMS 0x0000000083000000, 0x0000000083000000| Complete 
|  49|0x0000000083100000, 0x0000000083200000, 0x0000000083200000|100%| S|CS|TAMS 0x0000000083100000, 0x0000000083100000| Complete 
|  50|0x0000000083200000, 0x0000000083200000, 0x0000000083300000|  0%| F|  |TAMS 0x0000000083200000, 0x0000000083200000| Untracked 
|  51|0x0000000083300000, 0x0000000083300000, 0x0000000083400000|  0%| F|  |TAMS 0x0000000083300000, 0x0000000083300000| Untracked 
|  52|0x0000000083400000, 0x0000000083400000, 0x0000000083500000|  0%| F|  |TAMS 0x0000000083400000, 0x0000000083400000| Untracked 
|  53|0x0000000083500000, 0x0000000083500000, 0x0000000083600000|  0%| F|  |TAMS 0x0000000083500000, 0x0000000083500000| Untracked 
|  54|0x0000000083600000, 0x0000000083600000, 0x0000000083700000|  0%| F|  |TAMS 0x0000000083600000, 0x0000000083600000| Untracked 
|  55|0x0000000083700000, 0x0000000083700000, 0x0000000083800000|  0%| F|  |TAMS 0x0000000083700000, 0x0000000083700000| Untracked 
|  56|0x0000000083800000, 0x0000000083800000, 0x0000000083900000|  0%| F|  |TAMS 0x0000000083800000, 0x0000000083800000| Untracked 
|  57|0x0000000083900000, 0x0000000083900000, 0x0000000083a00000|  0%| F|  |TAMS 0x0000000083900000, 0x0000000083900000| Untracked 
|  58|0x0000000083a00000, 0x0000000083a00000, 0x0000000083b00000|  0%| F|  |TAMS 0x0000000083a00000, 0x0000000083a00000| Untracked 
|  59|0x0000000083b00000, 0x0000000083b00000, 0x0000000083c00000|  0%| F|  |TAMS 0x0000000083b00000, 0x0000000083b00000| Untracked 
|  60|0x0000000083c00000, 0x0000000083c00000, 0x0000000083d00000|  0%| F|  |TAMS 0x0000000083c00000, 0x0000000083c00000| Untracked 
|  61|0x0000000083d00000, 0x0000000083d00000, 0x0000000083e00000|  0%| F|  |TAMS 0x0000000083d00000, 0x0000000083d00000| Untracked 
|  62|0x0000000083e00000, 0x0000000083e00000, 0x0000000083f00000|  0%| F|  |TAMS 0x0000000083e00000, 0x0000000083e00000| Untracked 
|  63|0x0000000083f00000, 0x0000000083f00000, 0x0000000084000000|  0%| F|  |TAMS 0x0000000083f00000, 0x0000000083f00000| Untracked 
|  64|0x0000000084000000, 0x0000000084000000, 0x0000000084100000|  0%| F|  |TAMS 0x0000000084000000, 0x0000000084000000| Untracked 
|  65|0x0000000084100000, 0x0000000084100000, 0x0000000084200000|  0%| F|  |TAMS 0x0000000084100000, 0x0000000084100000| Untracked 
|  66|0x0000000084200000, 0x0000000084200000, 0x0000000084300000|  0%| F|  |TAMS 0x0000000084200000, 0x0000000084200000| Untracked 
|  67|0x0000000084300000, 0x0000000084300000, 0x0000000084400000|  0%| F|  |TAMS 0x0000000084300000, 0x0000000084300000| Untracked 
|  68|0x0000000084400000, 0x0000000084400000, 0x0000000084500000|  0%| F|  |TAMS 0x0000000084400000, 0x0000000084400000| Untracked 
|  69|0x0000000084500000, 0x0000000084500000, 0x0000000084600000|  0%| F|  |TAMS 0x0000000084500000, 0x0000000084500000| Untracked 
|  70|0x0000000084600000, 0x0000000084600000, 0x0000000084700000|  0%| F|  |TAMS 0x0000000084600000, 0x0000000084600000| Untracked 
|  71|0x0000000084700000, 0x0000000084700000, 0x0000000084800000|  0%| F|  |TAMS 0x0000000084700000, 0x0000000084700000| Untracked 
|  72|0x0000000084800000, 0x0000000084800000, 0x0000000084900000|  0%| F|  |TAMS 0x0000000084800000, 0x0000000084800000| Untracked 
|  73|0x0000000084900000, 0x0000000084900000, 0x0000000084a00000|  0%| F|  |TAMS 0x0000000084900000, 0x0000000084900000| Untracked 
|  74|0x0000000084a00000, 0x0000000084a00000, 0x0000000084b00000|  0%| F|  |TAMS 0x0000000084a00000, 0x0000000084a00000| Untracked 
|  75|0x0000000084b00000, 0x0000000084b00000, 0x0000000084c00000|  0%| F|  |TAMS 0x0000000084b00000, 0x0000000084b00000| Untracked 
|  76|0x0000000084c00000, 0x0000000084c80000, 0x0000000084d00000| 50%| E|  |TAMS 0x0000000084c00000, 0x0000000084c00000| Complete 
|  77|0x0000000084d00000, 0x0000000084e00000, 0x0000000084e00000|100%| E|CS|TAMS 0x0000000084d00000, 0x0000000084d00000| Complete 
|  78|0x0000000084e00000, 0x0000000084f00000, 0x0000000084f00000|100%| E|CS|TAMS 0x0000000084e00000, 0x0000000084e00000| Complete 
|  79|0x0000000084f00000, 0x0000000085000000, 0x0000000085000000|100%| E|CS|TAMS 0x0000000084f00000, 0x0000000084f00000| Complete 
|  80|0x0000000085000000, 0x0000000085100000, 0x0000000085100000|100%| E|CS|TAMS 0x0000000085000000, 0x0000000085000000| Complete 
|  81|0x0000000085100000, 0x0000000085200000, 0x0000000085200000|100%| E|CS|TAMS 0x0000000085100000, 0x0000000085100000| Complete 
|  82|0x0000000085200000, 0x0000000085300000, 0x0000000085300000|100%| E|CS|TAMS 0x0000000085200000, 0x0000000085200000| Complete 
|  83|0x0000000085300000, 0x0000000085400000, 0x0000000085400000|100%| E|CS|TAMS 0x0000000085300000, 0x0000000085300000| Complete 
|  84|0x0000000085400000, 0x0000000085500000, 0x0000000085500000|100%| E|CS|TAMS 0x0000000085400000, 0x0000000085400000| Complete 
|  85|0x0000000085500000, 0x0000000085600000, 0x0000000085600000|100%| E|CS|TAMS 0x0000000085500000, 0x0000000085500000| Complete 
|  86|0x0000000085600000, 0x0000000085700000, 0x0000000085700000|100%| E|CS|TAMS 0x0000000085600000, 0x0000000085600000| Complete 
|  87|0x0000000085700000, 0x0000000085800000, 0x0000000085800000|100%| E|CS|TAMS 0x0000000085700000, 0x0000000085700000| Complete 
|  88|0x0000000085800000, 0x0000000085900000, 0x0000000085900000|100%| E|CS|TAMS 0x0000000085800000, 0x0000000085800000| Complete 
|  89|0x0000000085900000, 0x0000000085a00000, 0x0000000085a00000|100%| E|CS|TAMS 0x0000000085900000, 0x0000000085900000| Complete 
|  90|0x0000000085a00000, 0x0000000085b00000, 0x0000000085b00000|100%| E|CS|TAMS 0x0000000085a00000, 0x0000000085a00000| Complete 
|  91|0x0000000085b00000, 0x0000000085c00000, 0x0000000085c00000|100%| E|CS|TAMS 0x0000000085b00000, 0x0000000085b00000| Complete 
|  92|0x0000000085c00000, 0x0000000085d00000, 0x0000000085d00000|100%| E|CS|TAMS 0x0000000085c00000, 0x0000000085c00000| Complete 

Card table byte_map: [0x000001bcad380000,0x000001bcad780000] _byte_map_base: 0x000001bcacf80000

Marking Bits (Prev, Next): (CMBitMap*) 0x000001bc9aa87e30, (CMBitMap*) 0x000001bc9aa87e70
 Prev Bits: [0x000001bcadb80000, 0x000001bcafb80000)
 Next Bits: [0x000001bcafb80000, 0x000001bcb1b80000)

Polling page: 0x000001bc98950000

Metaspace:

Usage:
  Non-class:     38.89 MB used.
      Class:      4.83 MB used.
       Both:     43.71 MB used.

Virtual space:
  Non-class space:       64.00 MB reserved,      39.19 MB ( 61%) committed,  1 nodes.
      Class space:        1.00 GB reserved,       5.06 MB ( <1%) committed,  1 nodes.
             Both:        1.06 GB reserved,      44.25 MB (  4%) committed. 

Chunk freelists:
   Non-Class:  8.73 MB
       Class:  10.81 MB
        Both:  19.55 MB

MaxMetaspaceSize: unlimited
CompressedClassSpaceSize: 1.00 GB
Initial GC threshold: 21.00 MB
Current GC threshold: 59.00 MB
CDS: off
MetaspaceReclaimPolicy: balanced
 - commit_granule_bytes: 65536.
 - commit_granule_words: 8192.
 - virtual_space_node_default_size: 8388608.
 - enlarge_chunks_in_place: 1.
 - new_chunks_are_fully_committed: 0.
 - uncommit_free_chunks: 1.
 - use_allocation_guard: 0.
 - handle_deallocations: 1.


Internal statistics:

num_allocs_failed_limit: 6.
num_arena_births: 658.
num_arena_deaths: 0.
num_vsnodes_births: 2.
num_vsnodes_deaths: 0.
num_space_committed: 708.
num_space_uncommitted: 0.
num_chunks_returned_to_freelist: 6.
num_chunks_taken_from_freelist: 1721.
num_chunk_merges: 6.
num_chunk_splits: 1163.
num_chunks_enlarged: 786.
num_inconsistent_stats: 0.

CodeHeap 'non-profiled nmethods': size=120000Kb used=2188Kb max_used=2557Kb free=117811Kb
 bounds [0x000001bca5a50000, 0x000001bca5cd0000, 0x000001bcacf80000]
CodeHeap 'profiled nmethods': size=120000Kb used=7702Kb max_used=8647Kb free=112297Kb
 bounds [0x000001bc9df80000, 0x000001bc9e800000, 0x000001bca54b0000]
CodeHeap 'non-nmethods': size=5760Kb used=2326Kb max_used=2373Kb free=3434Kb
 bounds [0x000001bca54b0000, 0x000001bca5720000, 0x000001bca5a50000]
 total_blobs=5172 nmethods=4331 adapters=753
 compilation: enabled
              stopped_count=0, restarted_count=0
 full_count=0

Compilation events (20 events):
Event: 42.667 Thread 0x000001bcb40fad40 5156       3       org.codehaus.groovy.runtime.DefaultGroovyMethods::asBoolean (10 bytes)
Event: 42.667 Thread 0x000001bcb40fad40 nmethod 5156 0x000001bc9e37e990 code [0x000001bc9e37eb20, 0x000001bc9e37ec58]
Event: 42.667 Thread 0x000001bcb40fad40 5155       2       java.util.ArrayList$ArrayListSpliterator::estimateSize (11 bytes)
Event: 42.667 Thread 0x000001bcb40fad40 nmethod 5155 0x000001bc9e74c010 code [0x000001bc9e74c1a0, 0x000001bc9e74c2d8]
Event: 42.669 Thread 0x000001bcb40fad40 5158       2       java.lang.Iterable::forEach (39 bytes)
Event: 42.670 Thread 0x000001bcb40fad40 nmethod 5158 0x000001bc9e52a410 code [0x000001bc9e52a600, 0x000001bc9e52a8c8]
Event: 42.670 Thread 0x000001bcb40fad40 5159       2       org.codehaus.groovy.ast.expr.MethodCallExpression::transformExpression (90 bytes)
Event: 42.671 Thread 0x000001bcb40fad40 nmethod 5159 0x000001bc9e529890 code [0x000001bc9e529ac0, 0x000001bc9e52a1b8]
Event: 42.671 Thread 0x000001bcb40fad40 5160       2       org.codehaus.groovy.ast.expr.VariableExpression::transformExpression (2 bytes)
Event: 42.671 Thread 0x000001bcb40fad40 nmethod 5160 0x000001bc9e74e210 code [0x000001bc9e74e3a0, 0x000001bc9e74e4b8]
Event: 42.672 Thread 0x000001bcb40fad40 5161       2       java.util.LinkedHashMap::<init> (12 bytes)
Event: 42.672 Thread 0x000001bcb40fad40 nmethod 5161 0x000001bc9e484990 code [0x000001bc9e484b20, 0x000001bc9e484c48]
Event: 42.672 Thread 0x000001bcb40fad40 5162       2       org.codehaus.groovy.ast.MethodNode::isAbstract (17 bytes)
Event: 42.672 Thread 0x000001bcb40fad40 nmethod 5162 0x000001bc9e380e90 code [0x000001bc9e381020, 0x000001bc9e381138]
Event: 42.685 Thread 0x000001bcb40fad40 5163       2       java.net.URI::toUpper (19 bytes)
Event: 42.685 Thread 0x000001bcb40fad40 nmethod 5163 0x000001bc9e529510 code [0x000001bc9e5296a0, 0x000001bc9e5297d8]
Event: 42.695 Thread 0x000001bcb40fad40 5164       1       org.codehaus.groovy.control.CompilerConfiguration::getOptimizationOptions (5 bytes)
Event: 42.696 Thread 0x000001bcb40fad40 nmethod 5164 0x000001bca5ab9b90 code [0x000001bca5ab9d20, 0x000001bca5ab9df8]
Event: 42.698 Thread 0x000001bcb40fad40 5165       2       java.lang.Boolean::equals (29 bytes)
Event: 42.699 Thread 0x000001bcb40fad40 nmethod 5165 0x000001bc9e529090 code [0x000001bc9e529220, 0x000001bc9e5293f8]

GC Heap History (20 events):
Event: 3.627 GC heap before
{Heap before GC invocations=6 (full 0):
 garbage-first heap   total 65536K, used 34324K [0x0000000080000000, 0x0000000100000000)
  region size 1024K, 14 young (14336K), 2 survivors (2048K)
 Metaspace       used 21291K, committed 21504K, reserved 1114112K
  class space    used 2188K, committed 2304K, reserved 1048576K
}
Event: 3.634 GC heap after
{Heap after GC invocations=7 (full 0):
 garbage-first heap   total 78848K, used 24755K [0x0000000080000000, 0x0000000100000000)
  region size 1024K, 1 young (1024K), 1 survivors (1024K)
 Metaspace       used 21291K, committed 21504K, reserved 1114112K
  class space    used 2188K, committed 2304K, reserved 1048576K
}
Event: 4.180 GC heap before
{Heap before GC invocations=8 (full 0):
 garbage-first heap   total 78848K, used 55475K [0x0000000080000000, 0x0000000100000000)
  region size 1024K, 31 young (31744K), 1 survivors (1024K)
 Metaspace       used 22381K, committed 22592K, reserved 1114112K
  class space    used 2338K, committed 2432K, reserved 1048576K
}
Event: 4.187 GC heap after
{Heap after GC invocations=9 (full 0):
 garbage-first heap   total 78848K, used 25689K [0x0000000080000000, 0x0000000100000000)
  region size 1024K, 2 young (2048K), 2 survivors (2048K)
 Metaspace       used 22381K, committed 22592K, reserved 1114112K
  class space    used 2338K, committed 2432K, reserved 1048576K
}
Event: 4.639 GC heap before
{Heap before GC invocations=9 (full 0):
 garbage-first heap   total 78848K, used 58457K [0x0000000080000000, 0x0000000100000000)
  region size 1024K, 34 young (34816K), 2 survivors (2048K)
 Metaspace       used 23186K, committed 23488K, reserved 1114112K
  class space    used 2410K, committed 2560K, reserved 1048576K
}
Event: 4.645 GC heap after
{Heap after GC invocations=10 (full 0):
 garbage-first heap   total 78848K, used 26741K [0x0000000080000000, 0x0000000100000000)
  region size 1024K, 3 young (3072K), 3 survivors (3072K)
 Metaspace       used 23186K, committed 23488K, reserved 1114112K
  class space    used 2410K, committed 2560K, reserved 1048576K
}
Event: 5.940 GC heap before
{Heap before GC invocations=10 (full 0):
 garbage-first heap   total 78848K, used 60533K [0x0000000080000000, 0x0000000100000000)
  region size 1024K, 36 young (36864K), 3 survivors (3072K)
 Metaspace       used 28685K, committed 28992K, reserved 1114112K
  class space    used 2999K, committed 3136K, reserved 1048576K
}
Event: 5.958 GC heap after
{Heap after GC invocations=11 (full 0):
 garbage-first heap   total 78848K, used 29647K [0x0000000080000000, 0x0000000100000000)
  region size 1024K, 5 young (5120K), 5 survivors (5120K)
 Metaspace       used 28685K, committed 28992K, reserved 1114112K
  class space    used 2999K, committed 3136K, reserved 1048576K
}
Event: 6.373 GC heap before
{Heap before GC invocations=11 (full 0):
 garbage-first heap   total 78848K, used 64463K [0x0000000080000000, 0x0000000100000000)
  region size 1024K, 36 young (36864K), 5 survivors (5120K)
 Metaspace       used 30479K, committed 30912K, reserved 1114112K
  class space    used 3147K, committed 3328K, reserved 1048576K
}
Event: 6.387 GC heap after
{Heap after GC invocations=12 (full 0):
 garbage-first heap   total 78848K, used 30358K [0x0000000080000000, 0x0000000100000000)
  region size 1024K, 1 young (1024K), 1 survivors (1024K)
 Metaspace       used 30479K, committed 30912K, reserved 1114112K
  class space    used 3147K, committed 3328K, reserved 1048576K
}
Event: 6.512 GC heap before
{Heap before GC invocations=12 (full 0):
 garbage-first heap   total 78848K, used 62102K [0x0000000080000000, 0x0000000100000000)
  region size 1024K, 32 young (32768K), 1 survivors (1024K)
 Metaspace       used 30543K, committed 30912K, reserved 1114112K
  class space    used 3153K, committed 3328K, reserved 1048576K
}
Event: 6.516 GC heap after
{Heap after GC invocations=13 (full 0):
 garbage-first heap   total 95232K, used 30527K [0x0000000080000000, 0x0000000100000000)
  region size 1024K, 1 young (1024K), 1 survivors (1024K)
 Metaspace       used 30543K, committed 30912K, reserved 1114112K
  class space    used 3153K, committed 3328K, reserved 1048576K
}
Event: 7.359 GC heap before
{Heap before GC invocations=13 (full 0):
 garbage-first heap   total 95232K, used 77631K [0x0000000080000000, 0x0000000100000000)
  region size 1024K, 47 young (48128K), 1 survivors (1024K)
 Metaspace       used 34153K, committed 34624K, reserved 1114112K
  class space    used 3549K, committed 3776K, reserved 1048576K
}
Event: 7.368 GC heap after
{Heap after GC invocations=14 (full 0):
 garbage-first heap   total 95232K, used 32522K [0x0000000080000000, 0x0000000100000000)
  region size 1024K, 3 young (3072K), 3 survivors (3072K)
 Metaspace       used 34153K, committed 34624K, reserved 1114112K
  class space    used 3549K, committed 3776K, reserved 1048576K
}
Event: 7.776 GC heap before
{Heap before GC invocations=14 (full 0):
 garbage-first heap   total 95232K, used 75530K [0x0000000080000000, 0x0000000100000000)
  region size 1024K, 45 young (46080K), 3 survivors (3072K)
 Metaspace       used 34418K, committed 34880K, reserved 1114112K
  class space    used 3564K, committed 3776K, reserved 1048576K
}
Event: 7.787 GC heap after
{Heap after GC invocations=15 (full 0):
 garbage-first heap   total 95232K, used 33599K [0x0000000080000000, 0x0000000100000000)
  region size 1024K, 4 young (4096K), 4 survivors (4096K)
 Metaspace       used 34418K, committed 34880K, reserved 1114112K
  class space    used 3564K, committed 3776K, reserved 1048576K
}
Event: 8.188 GC heap before
{Heap before GC invocations=15 (full 0):
 garbage-first heap   total 95232K, used 49983K [0x0000000080000000, 0x0000000100000000)
  region size 1024K, 21 young (21504K), 4 survivors (4096K)
 Metaspace       used 35584K, committed 35968K, reserved 1114112K
  class space    used 3721K, committed 3904K, reserved 1048576K
}
Event: 8.204 GC heap after
{Heap after GC invocations=16 (full 0):
 garbage-first heap   total 95232K, used 36129K [0x0000000080000000, 0x0000000100000000)
  region size 1024K, 4 young (4096K), 4 survivors (4096K)
 Metaspace       used 35584K, committed 35968K, reserved 1114112K
  class space    used 3721K, committed 3904K, reserved 1048576K
}
Event: 9.765 GC heap before
{Heap before GC invocations=17 (full 0):
 garbage-first heap   total 95232K, used 76065K [0x0000000080000000, 0x0000000100000000)
  region size 1024K, 43 young (44032K), 4 survivors (4096K)
 Metaspace       used 43193K, committed 43776K, reserved 1114112K
  class space    used 4720K, committed 4992K, reserved 1048576K
}
Event: 9.781 GC heap after
{Heap after GC invocations=18 (full 0):
 garbage-first heap   total 95232K, used 39575K [0x0000000080000000, 0x0000000100000000)
  region size 1024K, 6 young (6144K), 6 survivors (6144K)
 Metaspace       used 43193K, committed 43776K, reserved 1114112K
  class space    used 4720K, committed 4992K, reserved 1048576K
}

Dll operation events (10 events):
Event: 0.017 Loaded shared library C:\Users\W I N D O W S\.katalon\packages\KS-10.1.1\jre\bin\java.dll
Event: 0.424 Loaded shared library C:\Users\W I N D O W S\.katalon\packages\KS-10.1.1\jre\bin\net.dll
Event: 0.426 Loaded shared library C:\Users\W I N D O W S\.katalon\packages\KS-10.1.1\jre\bin\nio.dll
Event: 0.440 Loaded shared library C:\Users\W I N D O W S\.katalon\packages\KS-10.1.1\jre\bin\zip.dll
Event: 1.139 Loaded shared library C:\Users\W I N D O W S\.katalon\packages\KS-10.1.1\jre\bin\verify.dll
Event: 1.574 Loaded shared library C:\Users\W I N D O W S\.katalon\packages\KS-10.1.1\jre\bin\jimage.dll
Event: 6.900 Loaded shared library C:\Users\W I N D O W S\.katalon\packages\KS-10.1.1\jre\bin\extnet.dll
Event: 9.056 Loaded shared library C:\Users\W I N D O W S\.katalon\packages\KS-10.1.1\jre\bin\sunmscapi.dll
Event: 12.430 Loaded shared library C:\Users\W I N D O W S\.katalon\packages\KS-10.1.1\jre\bin\management.dll
Event: 12.438 Loaded shared library C:\Users\W I N D O W S\.katalon\packages\KS-10.1.1\jre\bin\management_ext.dll

Deoptimization events (20 events):
Event: 42.629 Thread 0x000001bc9aa1f670 Uncommon trap: trap_request=0xffffffde fr.pc=0x000001bca5b2e934 relative=0x00000000000002d4
Event: 42.629 Thread 0x000001bc9aa1f670 Uncommon trap: reason=class_check action=maybe_recompile pc=0x000001bca5b2e934 method=java.util.Collections$UnmodifiableMap.get(Ljava/lang/Object;)Ljava/lang/Object; @ 5 c2
Event: 42.629 Thread 0x000001bc9aa1f670 DEOPT PACKING pc=0x000001bca5b2e934 sp=0x0000005cd88fcce0
Event: 42.629 Thread 0x000001bc9aa1f670 DEOPT UNPACKING pc=0x000001bca55069a3 sp=0x0000005cd88fcc98 mode 2
Event: 42.631 Thread 0x000001bc9aa1f670 DEOPT PACKING pc=0x000001bc9e70ca9c sp=0x0000005cd88fc290
Event: 42.631 Thread 0x000001bc9aa1f670 DEOPT UNPACKING pc=0x000001bca5507143 sp=0x0000005cd88fb790 mode 0
Event: 42.633 Thread 0x000001bc9aa1f670 DEOPT PACKING pc=0x000001bc9e70ca9c sp=0x0000005cd88fc290
Event: 42.633 Thread 0x000001bc9aa1f670 DEOPT UNPACKING pc=0x000001bca5507143 sp=0x0000005cd88fb790 mode 0
Event: 42.638 Thread 0x000001bc9aa1f670 DEOPT PACKING pc=0x000001bc9e70ca9c sp=0x0000005cd88fc080
Event: 42.638 Thread 0x000001bc9aa1f670 DEOPT UNPACKING pc=0x000001bca5507143 sp=0x0000005cd88fb580 mode 0
Event: 42.648 Thread 0x000001bc9aa1f670 Uncommon trap: trap_request=0xffffffde fr.pc=0x000001bca5b2e934 relative=0x00000000000002d4
Event: 42.648 Thread 0x000001bc9aa1f670 Uncommon trap: reason=class_check action=maybe_recompile pc=0x000001bca5b2e934 method=java.util.Collections$UnmodifiableMap.get(Ljava/lang/Object;)Ljava/lang/Object; @ 5 c2
Event: 42.648 Thread 0x000001bc9aa1f670 DEOPT PACKING pc=0x000001bca5b2e934 sp=0x0000005cd88fc700
Event: 42.648 Thread 0x000001bc9aa1f670 DEOPT UNPACKING pc=0x000001bca55069a3 sp=0x0000005cd88fc6b8 mode 2
Event: 42.658 Thread 0x000001bc9aa1f670 DEOPT PACKING pc=0x000001bc9e70ca9c sp=0x0000005cd88fbe30
Event: 42.658 Thread 0x000001bc9aa1f670 DEOPT UNPACKING pc=0x000001bca5507143 sp=0x0000005cd88fb330 mode 0
Event: 42.661 Thread 0x000001bc9aa1f670 DEOPT PACKING pc=0x000001bc9e70ca9c sp=0x0000005cd88fbfa0
Event: 42.661 Thread 0x000001bc9aa1f670 DEOPT UNPACKING pc=0x000001bca5507143 sp=0x0000005cd88fb4a0 mode 0
Event: 42.663 Thread 0x000001bc9aa1f670 DEOPT PACKING pc=0x000001bc9e70ca9c sp=0x0000005cd88fbe30
Event: 42.663 Thread 0x000001bc9aa1f670 DEOPT UNPACKING pc=0x000001bca5507143 sp=0x0000005cd88fb330 mode 0

Classes loaded (20 events):
Event: 12.452 Loading class java/util/stream/ReduceOps$2
Event: 12.452 Loading class java/util/stream/ReduceOps$2 done
Event: 12.452 Loading class java/util/stream/ReduceOps$2ReducingSink
Event: 12.452 Loading class java/util/stream/ReduceOps$2ReducingSink done
Event: 12.452 Loading class sun/management/RuntimeImpl
Event: 12.453 Loading class sun/management/RuntimeImpl done
Event: 12.455 Loading class sun/management/Util
Event: 12.455 Loading class sun/management/Util done
Event: 12.455 Loading class java/lang/management/ManagementPermission
Event: 12.455 Loading class java/lang/management/ManagementPermission done
Event: 12.458 Loading class java/nio/StringCharBuffer
Event: 12.459 Loading class java/nio/StringCharBuffer done
Event: 42.482 Loading class java/util/concurrent/ConcurrentHashMap$EntrySpliterator
Event: 42.482 Loading class java/util/concurrent/ConcurrentHashMap$EntrySpliterator done
Event: 42.517 Loading class sun/misc/SharedSecrets
Event: 42.517 Loading class sun/misc/SharedSecrets done
Event: 42.517 Loading class java/lang/Throwable$WrappedPrintWriter
Event: 42.517 Loading class java/lang/Throwable$PrintStreamOrWriter
Event: 42.518 Loading class java/lang/Throwable$PrintStreamOrWriter done
Event: 42.518 Loading class java/lang/Throwable$WrappedPrintWriter done

Classes unloaded (0 events):
No events

Classes redefined (0 events):
No events

Internal exceptions (20 events):
Event: 9.462 Thread 0x000001bcbac6f6f0 Exception <a 'java/net/ConnectException'{0x000000008380be30}: Connection refused: getsockopt> (0x000000008380be30) 
thrown [s\src\hotspot\share\prims\jni.cpp, line 535]
Event: 9.462 Thread 0x000001bcbac6f6f0 Exception <a 'java/net/SocketException'{0x000000008380c168}: Socket is not connected: shutdown> (0x000000008380c168) 
thrown [s\src\hotspot\share\prims\jni.cpp, line 535]
Event: 9.485 Thread 0x000001bcbac6f6f0 Exception <a 'java/net/ConnectException'{0x000000008380d100}: Connection refused: getsockopt> (0x000000008380d100) 
thrown [s\src\hotspot\share\prims\jni.cpp, line 535]
Event: 9.485 Thread 0x000001bcbac6f6f0 Exception <a 'java/net/SocketException'{0x000000008380d438}: Socket is not connected: shutdown> (0x000000008380d438) 
thrown [s\src\hotspot\share\prims\jni.cpp, line 535]
Event: 9.548 Thread 0x000001bc9aa1f670 Exception <a 'java/lang/NoSuchMethodError'{0x0000000083887fa8}: 'double java.lang.invoke.DirectMethodHandle$Holder.invokeVirtual(java.lang.Object, java.lang.Object)'> (0x0000000083887fa8) 
thrown [s\src\hotspot\share\interpreter\linkResolver.cpp, line 759]
Event: 9.549 Thread 0x000001bc9aa1f670 Exception <a 'java/lang/NoSuchMethodError'{0x000000008388e9e8}: 'float java.lang.invoke.DirectMethodHandle$Holder.invokeVirtual(java.lang.Object, java.lang.Object)'> (0x000000008388e9e8) 
thrown [s\src\hotspot\share\interpreter\linkResolver.cpp, line 759]
Event: 9.551 Thread 0x000001bc9aa1f670 Exception <a 'java/lang/NoSuchMethodError'{0x0000000083897c50}: 'long java.lang.invoke.DirectMethodHandle$Holder.invokeVirtual(java.lang.Object, java.lang.Object)'> (0x0000000083897c50) 
thrown [s\src\hotspot\share\interpreter\linkResolver.cpp, line 759]
Event: 9.597 Thread 0x000001bc9aa1f670 Exception <a 'java/lang/NoSuchMethodError'{0x00000000837d8098}: 'java.lang.Object java.lang.invoke.DirectMethodHandle$Holder.newInvokeSpecial(java.lang.Object, java.lang.Object, int, int)'> (0x00000000837d8098) 
thrown [s\src\hotspot\share\interpreter\linkResolver.cpp, line 759]
Event: 9.598 Thread 0x000001bc9aa1f670 Exception <a 'java/lang/NoSuchMethodError'{0x00000000837dc320}: 'java.lang.Object java.lang.invoke.DirectMethodHandle$Holder.invokeSpecial(java.lang.Object, java.lang.Object, java.lang.Object, int, int)'> (0x00000000837dc320) 
thrown [s\src\hotspot\share\interpreter\linkResolver.cpp, line 759]
Event: 9.601 Thread 0x000001bc9aa1f670 Exception <a 'java/lang/NoSuchMethodError'{0x00000000837e7ea8}: 'void java.lang.invoke.DirectMethodHandle$Holder.invokeStatic(java.lang.Object, java.lang.Object, int)'> (0x00000000837e7ea8) 
thrown [s\src\hotspot\share\interpreter\linkResolver.cpp, line 759]
Event: 9.662 Thread 0x000001bc9aa1f670 Exception <a 'java/lang/NoSuchMethodError'{0x000000008354e1d0}: 'void java.lang.invoke.DirectMethodHandle$Holder.invokeStatic(java.lang.Object, java.lang.Object, java.lang.Object, java.lang.Object, java.lang.Object, java.lang.Object, java.lang.Object)'> (0x000000008354e1d0) 
thrown [s\src\hotspot\share\interpreter\linkResolver.cpp, line 759]
Event: 9.709 Thread 0x000001bcbac6d380 Exception <a 'java/lang/NoSuchMethodError'{0x0000000083333578}: 'java.lang.Object java.lang.invoke.DirectMethodHandle$Holder.invokeSpecial(java.lang.Object, java.lang.Object, java.lang.Object, java.lang.Object, int)'> (0x0000000083333578) 
thrown [s\src\hotspot\share\interpreter\linkResolver.cpp, line 759]
Event: 9.709 Thread 0x000001bcbac6d380 Exception <a 'java/lang/NoSuchMethodError'{0x0000000083336c80}: 'java.lang.Object java.lang.invoke.Invokers$Holder.linkToTargetMethod(java.lang.Object, java.lang.Object, int, java.lang.Object)'> (0x0000000083336c80) 
thrown [s\src\hotspot\share\interpreter\linkResolver.cpp, line 759]
Event: 9.786 Thread 0x000001bcbac6d380 Exception <a 'java/lang/NoSuchMethodError'{0x0000000085c0bbd0}: 'int java.lang.invoke.DirectMethodHandle$Holder.invokeSpecialIFC(java.lang.Object, java.lang.Object, java.lang.Object, java.lang.Object, java.lang.Object)'> (0x0000000085c0bbd0) 
thrown [s\src\hotspot\share\interpreter\linkResolver.cpp, line 759]
Event: 11.942 Thread 0x000001bcbac6d380 Exception <a 'java/lang/NoSuchMethodError'{0x0000000085b17048}: 'java.lang.Object java.lang.invoke.DirectMethodHandle$Holder.newInvokeSpecial(java.lang.Object, java.lang.Object, long, java.lang.Object, java.lang.Object, java.lang.Object)'> (0x0000000085b17048) 
thrown [s\src\hotspot\share\interpreter\linkResolver.cpp, line 759]
Event: 11.948 Thread 0x000001bcbac6d380 Exception <a 'java/lang/NoSuchMethodError'{0x0000000085b3c8b0}: 'void java.lang.invoke.DirectMethodHandle$Holder.invokeSpecial(java.lang.Object, java.lang.Object, java.lang.Object, java.lang.Object, java.lang.Object, java.lang.Object, java.lang.Object)'> (0x0000000085b3c8b0) 
thrown [s\src\hotspot\share\interpreter\linkResolver.cpp, line 759]
Event: 11.989 Thread 0x000001bc9aa1f670 Exception <a 'java/lang/NoSuchMethodError'{0x0000000085be82e0}: 'java.lang.Object java.lang.invoke.DirectMethodHandle$Holder.invokeSpecialIFC(java.lang.Object, java.lang.Object, java.lang.Object)'> (0x0000000085be82e0) 
thrown [s\src\hotspot\share\interpreter\linkResolver.cpp, line 759]
Event: 42.517 Thread 0x000001bc9aa1f670 Exception <a 'java/lang/ClassNotFoundException'{0x000000008547fd98}: sun/misc/SharedSecrets> (0x000000008547fd98) 
thrown [s\src\hotspot\share\classfile\systemDictionary.cpp, line 256]
Event: 42.540 Thread 0x000001bc9aa1f670 Exception <a 'java/lang/ClassNotFoundException'{0x000000008534ac30}: com/kms/katalon/core/model/FailureHandlingBeanInfo> (0x000000008534ac30) 
thrown [s\src\hotspot\share\classfile\systemDictionary.cpp, line 256]
Event: 42.551 Thread 0x000001bc9aa1f670 Exception <a 'java/lang/ClassNotFoundException'{0x0000000085375870}: com/kms/katalon/core/model/FailureHandlingCustomizer> (0x0000000085375870) 
thrown [s\src\hotspot\share\classfile\systemDictionary.cpp, line 256]

VM Operations (20 events):
Event: 9.296 Executing VM operation: HandshakeAllThreads
Event: 9.296 Executing VM operation: HandshakeAllThreads done
Event: 9.339 Executing VM operation: HandshakeAllThreads
Event: 9.339 Executing VM operation: HandshakeAllThreads done
Event: 9.339 Executing VM operation: Cleanup
Event: 9.339 Executing VM operation: Cleanup done
Event: 9.522 Executing VM operation: HandshakeAllThreads
Event: 9.522 Executing VM operation: HandshakeAllThreads done
Event: 9.522 Executing VM operation: HandshakeAllThreads
Event: 9.522 Executing VM operation: HandshakeAllThreads done
Event: 9.524 Executing VM operation: HandshakeAllThreads
Event: 9.524 Executing VM operation: HandshakeAllThreads done
Event: 9.765 Executing VM operation: G1CollectForAllocation
Event: 9.781 Executing VM operation: G1CollectForAllocation done
Event: 10.784 Executing VM operation: Cleanup
Event: 10.784 Executing VM operation: Cleanup done
Event: 11.923 Executing VM operation: HandshakeAllThreads
Event: 11.923 Executing VM operation: HandshakeAllThreads done
Event: 12.937 Executing VM operation: Cleanup
Event: 12.937 Executing VM operation: Cleanup done

Memory protections (0 events):
No events

Nmethod flushes (20 events):
Event: 8.913 Thread 0x000001bcb4103b20 flushing  nmethod 0x000001bc9e6c2f90
Event: 8.913 Thread 0x000001bcb4103b20 flushing  nmethod 0x000001bc9e6c9c90
Event: 8.913 Thread 0x000001bcb4103b20 flushing  nmethod 0x000001bc9e6d1990
Event: 8.913 Thread 0x000001bcb4103b20 flushing  nmethod 0x000001bc9e6d2e10
Event: 8.913 Thread 0x000001bcb4103b20 flushing  nmethod 0x000001bc9e6d4310
Event: 8.913 Thread 0x000001bcb4103b20 flushing  nmethod 0x000001bc9e6d8990
Event: 8.913 Thread 0x000001bcb4103b20 flushing  nmethod 0x000001bc9e6eb590
Event: 8.913 Thread 0x000001bcb4103b20 flushing  nmethod 0x000001bc9e6ebb10
Event: 8.913 Thread 0x000001bcb4103b20 flushing  nmethod 0x000001bc9e6f0f90
Event: 8.913 Thread 0x000001bcb4103b20 flushing osr nmethod 0x000001bc9e6f2110
Event: 8.913 Thread 0x000001bcb4103b20 flushing  nmethod 0x000001bc9e6f2a10
Event: 8.913 Thread 0x000001bcb4103b20 flushing  nmethod 0x000001bc9e70d190
Event: 8.913 Thread 0x000001bcb4103b20 flushing  nmethod 0x000001bc9e724010
Event: 8.913 Thread 0x000001bcb4103b20 flushing  nmethod 0x000001bc9e737d90
Event: 8.913 Thread 0x000001bcb4103b20 flushing  nmethod 0x000001bc9e74c010
Event: 8.913 Thread 0x000001bcb4103b20 flushing  nmethod 0x000001bc9e74e210
Event: 8.913 Thread 0x000001bcb4103b20 flushing  nmethod 0x000001bc9e784690
Event: 8.914 Thread 0x000001bcb4103b20 flushing  nmethod 0x000001bc9e7b9190
Event: 8.914 Thread 0x000001bcb4103b20 flushing  nmethod 0x000001bc9e7bb010
Event: 8.914 Thread 0x000001bcb4103b20 flushing  nmethod 0x000001bc9e7bcb90

Events (20 events):
Event: 9.434 Thread 0x000001bc9aa1f670 Thread added: 0x000001bcbb07ef90
Event: 9.438 Thread 0x000001bc9aa1f670 Thread added: 0x000001bcbb07f4a0
Event: 9.438 Thread 0x000001bc9aa1f670 Thread added: 0x000001bcbb07f9b0
Event: 9.447 Thread 0x000001bcbb07f4a0 Thread added: 0x000001bcbac6f6f0
Event: 9.524 Thread 0x000001bcbac6f6f0 Thread added: 0x000001bcbac6bf40
Event: 9.688 Thread 0x000001bc9aa1f670 Thread added: 0x000001bcbac6d380
Event: 9.784 Thread 0x000001bcbb07ea80 Thread added: 0x000001bcbac6c450
Event: 9.785 Thread 0x000001bcbb07ea80 Thread added: 0x000001bcbac6ce70
Event: 11.923 Thread 0x000001bcb93cb920 Thread exited: 0x000001bcb93cb920
Event: 12.125 Thread 0x000001bc9aa1f670 Thread added: 0x000001bcbac6c960
Event: 12.145 Thread 0x000001bcb40fad40 Thread added: 0x000001bcb93cb920
Event: 12.147 Thread 0x000001bc9aa1f670 Thread added: 0x000001bcbac6d890
Event: 12.156 Thread 0x000001bcbac6c960 Thread added: 0x000001bcbac6dda0
Event: 12.157 Thread 0x000001bcbac6c960 Thread added: 0x000001bcbac6e2b0
Event: 12.236 Thread 0x000001bc9aa1f670 Thread added: 0x000001bcbac6e7c0
Event: 12.237 Thread 0x000001bc9aa1f670 Thread added: 0x000001bcbac6ecd0
Event: 12.244 Thread 0x000001bcbac6e7c0 Thread added: 0x000001bcbac6f1e0
Event: 12.268 Thread 0x000001bcbac6e7c0 Thread added: 0x000001bcba725a20
Event: 14.533 Thread 0x000001bcbac6bf40 Thread exited: 0x000001bcbac6bf40
Event: 17.467 Thread 0x000001bcb93cb920 Thread exited: 0x000001bcb93cb920


Dynamic libraries:
0x00007ff667440000 - 0x00007ff66744e000 	C:\Users\W I N D O W S\.katalon\packages\KS-10.1.1\jre\bin\javaw.exe
0x00007ffdf32f0000 - 0x00007ffdf34e8000 	C:\Windows\SYSTEM32\ntdll.dll
0x00007ffdf1b70000 - 0x00007ffdf1c32000 	C:\Windows\System32\KERNEL32.DLL
0x00007ffdf0e50000 - 0x00007ffdf114f000 	C:\Windows\System32\KERNELBASE.dll
0x00007ffdf0c70000 - 0x00007ffdf0d70000 	C:\Windows\System32\ucrtbase.dll
0x00007ffdea650000 - 0x00007ffdea667000 	C:\Users\W I N D O W S\.katalon\packages\KS-10.1.1\jre\bin\jli.dll
0x00007ffdf30d0000 - 0x00007ffdf326d000 	C:\Windows\System32\USER32.dll
0x00007ffdf0ae0000 - 0x00007ffdf0b02000 	C:\Windows\System32\win32u.dll
0x00007ffdf3270000 - 0x00007ffdf329b000 	C:\Windows\System32\GDI32.dll
0x00007ffdf1180000 - 0x00007ffdf129a000 	C:\Windows\System32\gdi32full.dll
0x00007ffdf0a40000 - 0x00007ffdf0add000 	C:\Windows\System32\msvcp_win.dll
0x00007ffddcd60000 - 0x00007ffddcd7e000 	C:\Users\W I N D O W S\.katalon\packages\KS-10.1.1\jre\bin\VCRUNTIME140.dll
0x00007ffdde5e0000 - 0x00007ffdde87a000 	C:\Windows\WinSxS\amd64_microsoft.windows.common-controls_6595b64144ccf1df_6.0.19041.4355_none_60b8b9eb71f62e16\COMCTL32.dll
0x00007ffdf24d0000 - 0x00007ffdf256e000 	C:\Windows\System32\msvcrt.dll
0x00007ffdf1310000 - 0x00007ffdf133f000 	C:\Windows\System32\IMM32.DLL
0x00007ffdeabb0000 - 0x00007ffdeabbc000 	C:\Users\W I N D O W S\.katalon\packages\KS-10.1.1\jre\bin\vcruntime140_1.dll
0x00007ffdd4ab0000 - 0x00007ffdd4b3d000 	C:\Users\W I N D O W S\.katalon\packages\KS-10.1.1\jre\bin\msvcp140.dll
0x00007ffd999f0000 - 0x00007ffd9a65b000 	C:\Users\W I N D O W S\.katalon\packages\KS-10.1.1\jre\bin\server\jvm.dll
0x00007ffdf1c40000 - 0x00007ffdf1cef000 	C:\Windows\System32\ADVAPI32.dll
0x00007ffdf1d70000 - 0x00007ffdf1e0f000 	C:\Windows\System32\sechost.dll
0x00007ffdf18f0000 - 0x00007ffdf1a13000 	C:\Windows\System32\RPCRT4.dll
0x00007ffdf1150000 - 0x00007ffdf1177000 	C:\Windows\System32\bcrypt.dll
0x00007ffdf2460000 - 0x00007ffdf24cb000 	C:\Windows\System32\WS2_32.dll
0x00007ffdeff20000 - 0x00007ffdeff6b000 	C:\Windows\SYSTEM32\POWRPROF.dll
0x00007ffdde930000 - 0x00007ffdde957000 	C:\Windows\SYSTEM32\WINMM.dll
0x00007ffde8180000 - 0x00007ffde818a000 	C:\Windows\SYSTEM32\VERSION.dll
0x00007ffdefd90000 - 0x00007ffdefda2000 	C:\Windows\SYSTEM32\UMPDC.dll
0x00007ffdee810000 - 0x00007ffdee822000 	C:\Windows\SYSTEM32\kernel.appcore.dll
0x00007ffded090000 - 0x00007ffded09a000 	C:\Users\W I N D O W S\.katalon\packages\KS-10.1.1\jre\bin\jimage.dll
0x00007ffdda1b0000 - 0x00007ffdda394000 	C:\Windows\SYSTEM32\DBGHELP.DLL
0x00007ffdd6b60000 - 0x00007ffdd6b94000 	C:\Windows\SYSTEM32\dbgcore.DLL
0x00007ffdf0d70000 - 0x00007ffdf0df2000 	C:\Windows\System32\bcryptPrimitives.dll
0x00007ffddba90000 - 0x00007ffddbab5000 	C:\Users\W I N D O W S\.katalon\packages\KS-10.1.1\jre\bin\java.dll
0x00007ffdeab20000 - 0x00007ffdeab38000 	C:\Users\W I N D O W S\.katalon\packages\KS-10.1.1\jre\bin\zip.dll
0x00007ffdf2960000 - 0x00007ffdf30cd000 	C:\Windows\System32\SHELL32.dll
0x00007ffdeea10000 - 0x00007ffdef1b4000 	C:\Windows\SYSTEM32\windows.storage.dll
0x00007ffdf2600000 - 0x00007ffdf2955000 	C:\Windows\System32\combase.dll
0x00007ffdf03c0000 - 0x00007ffdf03eb000 	C:\Windows\SYSTEM32\Wldp.dll
0x00007ffdf1550000 - 0x00007ffdf161d000 	C:\Windows\System32\OLEAUT32.dll
0x00007ffdf2290000 - 0x00007ffdf233d000 	C:\Windows\System32\SHCORE.dll
0x00007ffdf25a0000 - 0x00007ffdf25f5000 	C:\Windows\System32\shlwapi.dll
0x00007ffdf08c0000 - 0x00007ffdf08e5000 	C:\Windows\SYSTEM32\profapi.dll
0x00007ffde8e00000 - 0x00007ffde8e19000 	C:\Users\W I N D O W S\.katalon\packages\KS-10.1.1\jre\bin\net.dll
0x00007ffde5940000 - 0x00007ffde5a4a000 	C:\Windows\SYSTEM32\WINHTTP.dll
0x00007ffdf0120000 - 0x00007ffdf018c000 	C:\Windows\system32\mswsock.dll
0x00007ffddcb20000 - 0x00007ffddcb36000 	C:\Users\W I N D O W S\.katalon\packages\KS-10.1.1\jre\bin\nio.dll
0x00007ffdecfb0000 - 0x00007ffdecfc0000 	C:\Users\W I N D O W S\.katalon\packages\KS-10.1.1\jre\bin\verify.dll
0x00007ffde9e10000 - 0x00007ffde9e19000 	C:\Users\W I N D O W S\.katalon\packages\KS-10.1.1\jre\bin\extnet.dll
0x00007ffdefdf0000 - 0x00007ffdefeba000 	C:\Windows\SYSTEM32\DNSAPI.dll
0x00007ffdefdb0000 - 0x00007ffdefdeb000 	C:\Windows\SYSTEM32\IPHLPAPI.DLL
0x00007ffdf32a0000 - 0x00007ffdf32a8000 	C:\Windows\System32\NSI.dll
0x0000000074320000 - 0x0000000074346000 	C:\Program Files\Bonjour\mdnsNSP.dll
0x00007ffddc290000 - 0x00007ffddc29a000 	C:\Windows\System32\rasadhlp.dll
0x00007ffddc3d0000 - 0x00007ffddc450000 	C:\Windows\System32\fwpuclnt.dll
0x00007ffdeaaa0000 - 0x00007ffdeaaae000 	C:\Users\W I N D O W S\.katalon\packages\KS-10.1.1\jre\bin\sunmscapi.dll
0x00007ffdf0b10000 - 0x00007ffdf0c6c000 	C:\Windows\System32\CRYPT32.dll
0x00007ffdf0430000 - 0x00007ffdf0457000 	C:\Windows\SYSTEM32\ncrypt.dll
0x00007ffdf03f0000 - 0x00007ffdf042b000 	C:\Windows\SYSTEM32\NTASN1.dll
0x00007ffdf0320000 - 0x00007ffdf0338000 	C:\Windows\SYSTEM32\CRYPTSP.dll
0x00007ffdef9d0000 - 0x00007ffdefa08000 	C:\Windows\system32\rsaenh.dll
0x00007ffdf0840000 - 0x00007ffdf086e000 	C:\Windows\SYSTEM32\USERENV.dll
0x00007ffdf0310000 - 0x00007ffdf031c000 	C:\Windows\SYSTEM32\CRYPTBASE.dll
0x00007ffde6d90000 - 0x00007ffde6da7000 	C:\Windows\SYSTEM32\dhcpcsvc6.DLL
0x00007ffde7d20000 - 0x00007ffde7d3d000 	C:\Windows\SYSTEM32\dhcpcsvc.DLL
0x00007ffde6160000 - 0x00007ffde6167000 	C:\Windows\system32\wshunix.dll
0x00007ffddda50000 - 0x00007ffddda5a000 	C:\Users\W I N D O W S\.katalon\packages\KS-10.1.1\jre\bin\management.dll
0x00007ffddd670000 - 0x00007ffddd67b000 	C:\Users\W I N D O W S\.katalon\packages\KS-10.1.1\jre\bin\management_ext.dll
0x00007ffdf2590000 - 0x00007ffdf2598000 	C:\Windows\System32\PSAPI.DLL

dbghelp: loaded successfully - version: 4.0.5 - missing functions: none
symbol engine: initialized successfully - sym options: 0x614 - pdb path: .;C:\Users\W I N D O W S\.katalon\packages\KS-10.1.1\jre\bin;C:\Windows\SYSTEM32;C:\Windows\WinSxS\amd64_microsoft.windows.common-controls_6595b64144ccf1df_6.0.19041.4355_none_60b8b9eb71f62e16;C:\Users\W I N D O W S\.katalon\packages\KS-10.1.1\jre\bin\server;C:\Program Files\Bonjour

VM Arguments:
jvm_args: -Dgroovy.home=C:\Users\W I N D O W S/.groovy -Djava.system.class.loader=groovy.lang.GroovyClassLoader -Xmx2048m -Dfile.encoding=UTF-8 -XX:+ShowCodeDetailsInExceptionMessages 
java_command: org.codehaus.groovy.tools.GroovyStarter --classpath C:\Users\W I N D O W S\Katalon Studio\coba_1\bin\keyword;C:\Users\W I N D O W S\Katalon Studio\coba_1\Keywords;C:\Users\W I N D O W S\Katalon Studio\coba_1\bin\listener;C:\Users\W I N D O W S\Katalon Studio\coba_1\Test Listeners;C:\Users\W I N D O W S\Katalon Studio\coba_1\bin\lib;C:\Users\W I N D O W S\Katalon Studio\coba_1\Libs;C:\Users\W I N D O W S\Katalon Studio\coba_1\bin\groovy;C:\Users\W I N D O W S\Katalon Studio\coba_1\Include\scripts\groovy;C:\Users\W I N D O W S\.katalon\packages\KS-10.1.1\plugins\com.kms.katalon.core_1.0.0.202503120557.jar;C:\Users\W I N D O W S\.katalon\packages\KS-10.1.1\configuration\resources\lib\aalto-xml-1.0.0.jar;C:\Users\W I N D O W S\.katalon\packages\KS-10.1.1\configuration\resources\lib\aspectjweaver-1.9.1.jar;C:\Users\W I N D O W S\.katalon\packages\KS-10.1.1\configuration\resources\lib\aws-2.20.3-fat.jar;C:\Users\W I N D O W S\.katalon\packages\KS-10.1.1\configuration\resources\lib\bcpkix-jdk15on-1.64.jar;C:\Users\W I N D O W S\.katalon\packages\KS-10.1.1\configuration\resources\lib\bcprov-jdk15on-1.64.jar;C:\Users\W I N D O W S\.katalon\packages\KS-10.1.1\configuration\resources\lib\browsermob-core-2.1.5.jar;C:\Users\W I N D O W S\.katalon\packages\KS-10.1.1\configuration\resources\lib\byte-buddy-1.14.3.jar;C:\Users\W I N D O W S\.katalon\packages\KS-10.1.1\configuration\resources\lib\byte-buddy-agent-1.14.3.jar;C:\Users\W I N D O W S\.katalon\packages\KS-10.1.1\configuration\resources\lib\cglib-3.2.10.jar;C:\Users\W I N D O W S\.katalon\packages\KS-10.1.1\configuration\resources\lib\commons-codec-1.10.jar;C:\Users\W I N D O W S\.katalon\packages\KS-10.1.1\configuration\resources\lib\commons-collections4-4.1.jar;C:\Users\W I N D O W S\.katalon\packages\KS-10.1.1\configuration\resources\lib\commons-validator-1.6.jar;C:\Users\W I N D O W S\.katalon\packages\KS-10.1.1\configuration\resources\lib\curvesapi-1.04.jar;C:\Users\W I N D O W S\.katalon\packages\KS-1
java_class_path (initial): C:\Users\W I N D O W S\Katalon Studio\coba_1\bin\keyword;C:\Users\W I N D O W S\Katalon Studio\coba_1\bin\listener;C:\Users\W I N D O W S\Katalon Studio\coba_1\bin\lib;C:\Users\W I N D O W S\Katalon Studio\coba_1\bin\groovy;C:\Users\W I N D O W S\Katalon Studio\coba_1\bin;C:\Users\W I N D O W S\.katalon\packages\KS-10.1.1\plugins\com.kms.katalon.core_1.0.0.202503120557.jar;C:\Users\W I N D O W S\.katalon\packages\KS-10.1.1\configuration\resources\lib\aalto-xml-1.0.0.jar;C:\Users\W I N D O W S\.katalon\packages\KS-10.1.1\configuration\resources\lib\aspectjweaver-1.9.1.jar;C:\Users\W I N D O W S\.katalon\packages\KS-10.1.1\configuration\resources\lib\aws-2.20.3-fat.jar;C:\Users\W I N D O W S\.katalon\packages\KS-10.1.1\configuration\resources\lib\bcpkix-jdk15on-1.64.jar;C:\Users\W I N D O W S\.katalon\packages\KS-10.1.1\configuration\resources\lib\bcprov-jdk15on-1.64.jar;C:\Users\W I N D O W S\.katalon\packages\KS-10.1.1\configuration\resources\lib\browsermob-core-2.1.5.jar;C:\Users\W I N D O W S\.katalon\packages\KS-10.1.1\configuration\resources\lib\byte-buddy-1.14.3.jar;C:\Users\W I N D O W S\.katalon\packages\KS-10.1.1\configuration\resources\lib\byte-buddy-agent-1.14.3.jar;C:\Users\W I N D O W S\.katalon\packages\KS-10.1.1\configuration\resources\lib\cglib-3.2.10.jar;C:\Users\W I N D O W S\.katalon\packages\KS-10.1.1\configuration\resources\lib\commons-codec-1.10.jar;C:\Users\W I N D O W S\.katalon\packages\KS-10.1.1\configuration\resources\lib\commons-collections4-4.1.jar;C:\Users\W I N D O W S\.katalon\packages\KS-10.1.1\configuration\resources\lib\commons-validator-1.6.jar;C:\Users\W I N D O W S\.katalon\packages\KS-10.1.1\configuration\resources\lib\curvesapi-1.04.jar;C:\Users\W I N D O W S\.katalon\packages\KS-10.1.1\configuration\resources\lib\dnsjava-3.6.2.jar;C:\Users\W I N D O W S\.katalon\packages\KS-10.1.1\configuration\resources\lib\groovy-3.0.17.jar;C:\Users\W I N D O W S\.katalon\packages\KS-10.1.1\configuration\resource
Launcher Type: SUN_STANDARD

[Global flags]
     intx CICompilerCount                          = 3                                         {product} {ergonomic}
     uint ConcGCThreads                            = 1                                         {product} {ergonomic}
     uint G1ConcRefinementThreads                  = 4                                         {product} {ergonomic}
   size_t G1HeapRegionSize                         = 1048576                                   {product} {ergonomic}
    uintx GCDrainStackTargetSize                   = 64                                        {product} {ergonomic}
   size_t InitialHeapSize                          = 67108864                                  {product} {ergonomic}
   size_t MarkStackSize                            = 4194304                                   {product} {ergonomic}
   size_t MaxHeapSize                              = 2147483648                                {product} {command line}
   size_t MaxNewSize                               = 1287651328                                {product} {ergonomic}
   size_t MinHeapDeltaBytes                        = 1048576                                   {product} {ergonomic}
   size_t MinHeapSize                              = 8388608                                   {product} {ergonomic}
    uintx NonNMethodCodeHeapSize                   = 5832780                                {pd product} {ergonomic}
    uintx NonProfiledCodeHeapSize                  = 122912730                              {pd product} {ergonomic}
    uintx ProfiledCodeHeapSize                     = 122912730                              {pd product} {ergonomic}
    uintx ReservedCodeCacheSize                    = 251658240                              {pd product} {ergonomic}
     bool SegmentedCodeCache                       = true                                      {product} {ergonomic}
     bool ShowCodeDetailsInExceptionMessages       = true                                   {manageable} {command line}
   size_t SoftMaxHeapSize                          = 2147483648                             {manageable} {ergonomic}
     bool UseCompressedClassPointers               = true                           {product lp64_product} {ergonomic}
     bool UseCompressedOops                        = true                           {product lp64_product} {ergonomic}
     bool UseG1GC                                  = true                                      {product} {ergonomic}
     bool UseLargePagesIndividualAllocation        = false                                  {pd product} {ergonomic}

Logging:
Log output configuration:
 #0: stdout all=warning uptime,level,tags
 #1: stderr all=off uptime,level,tags

Environment Variables:
PATH=C:/Users/W I N D O W S/.katalon/packages/KS-10.1.1/jre/bin/server;C:/Users/W I N D O W S/.katalon/packages/KS-10.1.1/jre/bin;C:\Program Files\Eclipse Adoptium\jdk-17.0.3.7-hotspot\bin;C:\Program Files (x86)\Intel\iCLS Client\;C:\Program Files\Intel\iCLS Client\;C:\Program Files (x86)\Common Files\Oracle\Java\javapath;C:\Windows\system32;C:\Windows;C:\Windows\System32\Wbem;C:\Windows\System32\WindowsPowerShell\v1.0\;C:\Windows\System32\OpenSSH\;C:\Program Files (x86)\Intel\Intel(R) Management Engine Components\DAL;C:\Program Files\Intel\Intel(R) Management Engine Components\DAL;C:\Program Files (x86)\Intel\Intel(R) Management Engine Components\IPT;C:\Program Files\Intel\Intel(R) Management Engine Components\IPT;D:\flutter\flutter\flutter_windows_2.10.5-stable\flutter\bin;C:\Program Files\Git\cmd;C:\xampp\php;C:\ProgramData\ComposerSetup\bin;D:\chromedriver-win64;C:\Users\W I N D O W S\AppData\Local\Programs\Python\Python312\Scripts\;C:\Users\W I N D O W S\AppData\Local\Programs\Python\Python312\;C:\Users\W I N D O W S\AppData\Local\Programs\Python\Launcher\;C:\Users\W I N D O W S\AppData\Local\Microsoft\WindowsApps;C:\Users\W I N D O W S\AppData\Local\GitHubDesktop\bin;C:\Users\W I N D O W S\AppData\Roaming\Composer\vendor\bin;C:\Users\W I N D O W S\AppData\Local\Programs\Microsoft VS Code\bin;D:\flutter\flutter\flutter_windows_2.10.5-stable\flutter\bin;;C:\Users\W I N D O W S\.katalon\packages\KS-10.1.1;
USERNAME=W I N D O W S
OS=Windows_NT
PROCESSOR_IDENTIFIER=Intel64 Family 6 Model 61 Stepping 4, GenuineIntel
TMP=C:\Users\WINDOW~1\AppData\Local\Temp
TEMP=C:\Users\WINDOW~1\AppData\Local\Temp



Periodic native trim disabled


---------------  S Y S T E M  ---------------

OS:
 Windows 10 , 64 bit Build 19041 (10.0.19041.5438)
OS uptime: 0 days 4:29 hours

CPU: total 4 (initial active 4) (2 cores per cpu, 2 threads per core) family 6 model 61 stepping 4 microcode 0x2d, cx8, cmov, fxsr, ht, mmx, 3dnowpref, sse, sse2, sse3, ssse3, sse4.1, sse4.2, popcnt, lzcnt, tsc, tscinvbit, avx, avx2, aes, erms, clmul, bmi1, bmi2, adx, fma, vzeroupper, clflush
Processor Information for all 4 processors :
  Max Mhz: 2201, Current Mhz: 2201, Mhz Limit: 2201

Memory: 4k page, system-wide physical 4018M (355M free)
TotalPageFile size 9547M (AvailPageFile size 5M)
current process WorkingSet (physical memory assigned to process): 222M, peak: 246M
current process commit charge ("private bytes"): 250M, peak: 276M

vm_info: OpenJDK 64-Bit Server VM (17.0.14+7) for windows-amd64 JRE (17.0.14+7), built on Jan 21 2025 23:40:15 by "admin" with MS VC++ 17.7 (VS2022)

END.
